[0.179s] DEBUG:colcon:Command line arguments: ['/usr/bin/colcon', 'build']
[0.179s] DEBUG:colcon:Parsed command line arguments: Namespace(log_base=None, log_level=None, verb_name='build', build_base='build', install_base='install', merge_install=False, symlink_install=False, test_result_base=None, continue_on_error=False, executor='parallel', parallel_workers=8, event_handlers=None, ignore_user_meta=False, metas=['./colcon.meta'], base_paths=['.'], packages_ignore=None, packages_ignore_regex=None, paths=None, packages_up_to=None, packages_up_to_regex=None, packages_above=None, packages_above_and_dependencies=None, packages_above_depth=None, packages_select_by_dep=None, packages_skip_by_dep=None, packages_skip_up_to=None, packages_select_build_failed=False, packages_skip_build_finished=False, packages_select_test_failures=False, packages_skip_test_passed=False, packages_select=None, packages_skip=None, packages_select_regex=None, packages_skip_regex=None, packages_start=None, packages_end=None, allow_overriding=[], cmake_args=None, cmake_target=None, cmake_target_skip_unavailable=False, cmake_clean_cache=False, cmake_clean_first=False, cmake_force_configure=False, ament_cmake_args=None, catkin_cmake_args=None, catkin_skip_building_tests=False, mixin_files=None, mixin=None, verb_parser=<colcon_mixin.mixin.mixin_argument.MixinArgumentDecorator object at 0x74f76a4a6ea0>, verb_extension=<colcon_core.verb.build.BuildVerb object at 0x74f76a4a5280>, main=<bound method BuildVerb.main of <colcon_core.verb.build.BuildVerb object at 0x74f76a4a5280>>, mixin_verb=('build',))
[0.240s] Level 1:colcon.colcon_core.package_discovery:discover_packages(colcon_meta) check parameters
[0.240s] Level 1:colcon.colcon_core.package_discovery:discover_packages(recursive) check parameters
[0.240s] Level 1:colcon.colcon_core.package_discovery:discover_packages(ignore) check parameters
[0.240s] Level 1:colcon.colcon_core.package_discovery:discover_packages(path) check parameters
[0.240s] Level 1:colcon.colcon_core.package_discovery:discover_packages(colcon_meta) discover
[0.240s] Level 1:colcon.colcon_core.package_discovery:discover_packages(recursive) discover
[0.240s] INFO:colcon.colcon_core.package_discovery:Crawling recursively for packages in '/home/siddharth/sor_ws1'
[0.240s] Level 1:colcon.colcon_core.package_identification:_identify(.) by extensions ['ignore', 'ignore_ament_install']
[0.240s] Level 1:colcon.colcon_core.package_identification:_identify(.) by extension 'ignore'
[0.240s] Level 1:colcon.colcon_core.package_identification:_identify(.) by extension 'ignore_ament_install'
[0.241s] Level 1:colcon.colcon_core.package_identification:_identify(.) by extensions ['colcon_pkg']
[0.241s] Level 1:colcon.colcon_core.package_identification:_identify(.) by extension 'colcon_pkg'
[0.241s] Level 1:colcon.colcon_core.package_identification:_identify(.) by extensions ['colcon_meta']
[0.241s] Level 1:colcon.colcon_core.package_identification:_identify(.) by extension 'colcon_meta'
[0.241s] Level 1:colcon.colcon_core.package_identification:_identify(.) by extensions ['ros']
[0.241s] Level 1:colcon.colcon_core.package_identification:_identify(.) by extension 'ros'
[0.284s] Level 1:colcon.colcon_core.package_identification:_identify(.) by extensions ['cmake', 'python']
[0.284s] Level 1:colcon.colcon_core.package_identification:_identify(.) by extension 'cmake'
[0.284s] Level 1:colcon.colcon_core.package_identification:_identify(.) by extension 'python'
[0.284s] Level 1:colcon.colcon_core.package_identification:_identify(.) by extensions ['python_setup_py']
[0.284s] Level 1:colcon.colcon_core.package_identification:_identify(.) by extension 'python_setup_py'
[0.284s] Level 1:colcon.colcon_core.package_identification:_identify(Session5) by extensions ['ignore', 'ignore_ament_install']
[0.284s] Level 1:colcon.colcon_core.package_identification:_identify(Session5) by extension 'ignore'
[0.284s] Level 1:colcon.colcon_core.package_identification:_identify(Session5) by extension 'ignore_ament_install'
[0.284s] Level 1:colcon.colcon_core.package_identification:_identify(Session5) by extensions ['colcon_pkg']
[0.284s] Level 1:colcon.colcon_core.package_identification:_identify(Session5) by extension 'colcon_pkg'
[0.285s] Level 1:colcon.colcon_core.package_identification:_identify(Session5) by extensions ['colcon_meta']
[0.285s] Level 1:colcon.colcon_core.package_identification:_identify(Session5) by extension 'colcon_meta'
[0.285s] Level 1:colcon.colcon_core.package_identification:_identify(Session5) by extensions ['ros']
[0.285s] Level 1:colcon.colcon_core.package_identification:_identify(Session5) by extension 'ros'
[0.285s] Level 1:colcon.colcon_core.package_identification:_identify(Session5) by extensions ['cmake', 'python']
[0.285s] Level 1:colcon.colcon_core.package_identification:_identify(Session5) by extension 'cmake'
[0.285s] Level 1:colcon.colcon_core.package_identification:_identify(Session5) by extension 'python'
[0.285s] Level 1:colcon.colcon_core.package_identification:_identify(Session5) by extensions ['python_setup_py']
[0.285s] Level 1:colcon.colcon_core.package_identification:_identify(Session5) by extension 'python_setup_py'
[0.285s] Level 1:colcon.colcon_core.package_identification:_identify(Session5/bme_ros2_simple_arm) by extensions ['ignore', 'ignore_ament_install']
[0.285s] Level 1:colcon.colcon_core.package_identification:_identify(Session5/bme_ros2_simple_arm) by extension 'ignore'
[0.286s] Level 1:colcon.colcon_core.package_identification:_identify(Session5/bme_ros2_simple_arm) by extension 'ignore_ament_install'
[0.286s] Level 1:colcon.colcon_core.package_identification:_identify(Session5/bme_ros2_simple_arm) by extensions ['colcon_pkg']
[0.286s] Level 1:colcon.colcon_core.package_identification:_identify(Session5/bme_ros2_simple_arm) by extension 'colcon_pkg'
[0.286s] Level 1:colcon.colcon_core.package_identification:_identify(Session5/bme_ros2_simple_arm) by extensions ['colcon_meta']
[0.286s] Level 1:colcon.colcon_core.package_identification:_identify(Session5/bme_ros2_simple_arm) by extension 'colcon_meta'
[0.286s] Level 1:colcon.colcon_core.package_identification:_identify(Session5/bme_ros2_simple_arm) by extensions ['ros']
[0.286s] Level 1:colcon.colcon_core.package_identification:_identify(Session5/bme_ros2_simple_arm) by extension 'ros'
[0.289s] DEBUG:colcon.colcon_core.package_identification:Package 'Session5/bme_ros2_simple_arm' with type 'ros.ament_cmake' and name 'bme_ros2_simple_arm'
[0.289s] Level 1:colcon.colcon_core.package_identification:_identify(Session5/bme_ros2_simple_arm_moveit_config) by extensions ['ignore', 'ignore_ament_install']
[0.290s] Level 1:colcon.colcon_core.package_identification:_identify(Session5/bme_ros2_simple_arm_moveit_config) by extension 'ignore'
[0.290s] Level 1:colcon.colcon_core.package_identification:_identify(Session5/bme_ros2_simple_arm_moveit_config) by extension 'ignore_ament_install'
[0.290s] Level 1:colcon.colcon_core.package_identification:_identify(Session5/bme_ros2_simple_arm_moveit_config) by extensions ['colcon_pkg']
[0.290s] Level 1:colcon.colcon_core.package_identification:_identify(Session5/bme_ros2_simple_arm_moveit_config) by extension 'colcon_pkg'
[0.290s] Level 1:colcon.colcon_core.package_identification:_identify(Session5/bme_ros2_simple_arm_moveit_config) by extensions ['colcon_meta']
[0.290s] Level 1:colcon.colcon_core.package_identification:_identify(Session5/bme_ros2_simple_arm_moveit_config) by extension 'colcon_meta'
[0.290s] Level 1:colcon.colcon_core.package_identification:_identify(Session5/bme_ros2_simple_arm_moveit_config) by extensions ['ros']
[0.290s] Level 1:colcon.colcon_core.package_identification:_identify(Session5/bme_ros2_simple_arm_moveit_config) by extension 'ros'
[0.291s] DEBUG:colcon.colcon_core.package_identification:Package 'Session5/bme_ros2_simple_arm_moveit_config' with type 'ros.ament_cmake' and name 'bme_ros2_simple_arm_moveit_config'
[0.291s] Level 1:colcon.colcon_core.package_identification:_identify(Session5/bme_ros2_simple_arm_py) by extensions ['ignore', 'ignore_ament_install']
[0.292s] Level 1:colcon.colcon_core.package_identification:_identify(Session5/bme_ros2_simple_arm_py) by extension 'ignore'
[0.292s] Level 1:colcon.colcon_core.package_identification:_identify(Session5/bme_ros2_simple_arm_py) by extension 'ignore_ament_install'
[0.292s] Level 1:colcon.colcon_core.package_identification:_identify(Session5/bme_ros2_simple_arm_py) by extensions ['colcon_pkg']
[0.292s] Level 1:colcon.colcon_core.package_identification:_identify(Session5/bme_ros2_simple_arm_py) by extension 'colcon_pkg'
[0.292s] Level 1:colcon.colcon_core.package_identification:_identify(Session5/bme_ros2_simple_arm_py) by extensions ['colcon_meta']
[0.292s] Level 1:colcon.colcon_core.package_identification:_identify(Session5/bme_ros2_simple_arm_py) by extension 'colcon_meta'
[0.292s] Level 1:colcon.colcon_core.package_identification:_identify(Session5/bme_ros2_simple_arm_py) by extensions ['ros']
[0.292s] Level 1:colcon.colcon_core.package_identification:_identify(Session5/bme_ros2_simple_arm_py) by extension 'ros'
[0.293s] DEBUG:colcon.colcon_core.package_identification:Package 'Session5/bme_ros2_simple_arm_py' with type 'ros.ament_python' and name 'bme_ros2_simple_arm_py'
[0.293s] Level 1:colcon.colcon_core.package_identification:_identify(Session5/custom_ik_arm) by extensions ['ignore', 'ignore_ament_install']
[0.293s] Level 1:colcon.colcon_core.package_identification:_identify(Session5/custom_ik_arm) by extension 'ignore'
[0.293s] Level 1:colcon.colcon_core.package_identification:_identify(Session5/custom_ik_arm) by extension 'ignore_ament_install'
[0.293s] Level 1:colcon.colcon_core.package_identification:_identify(Session5/custom_ik_arm) by extensions ['colcon_pkg']
[0.293s] Level 1:colcon.colcon_core.package_identification:_identify(Session5/custom_ik_arm) by extension 'colcon_pkg'
[0.293s] Level 1:colcon.colcon_core.package_identification:_identify(Session5/custom_ik_arm) by extensions ['colcon_meta']
[0.294s] Level 1:colcon.colcon_core.package_identification:_identify(Session5/custom_ik_arm) by extension 'colcon_meta'
[0.294s] Level 1:colcon.colcon_core.package_identification:_identify(Session5/custom_ik_arm) by extensions ['ros']
[0.294s] Level 1:colcon.colcon_core.package_identification:_identify(Session5/custom_ik_arm) by extension 'ros'
[0.295s] DEBUG:colcon.colcon_core.package_identification:Package 'Session5/custom_ik_arm' with type 'ros.ament_python' and name 'custom_ik_arm'
[0.295s] Level 1:colcon.colcon_core.package_identification:_identify(build) by extensions ['ignore', 'ignore_ament_install']
[0.295s] Level 1:colcon.colcon_core.package_identification:_identify(build) by extension 'ignore'
[0.295s] Level 1:colcon.colcon_core.package_identification:_identify(build) ignored
[0.295s] Level 1:colcon.colcon_core.package_identification:_identify(install) by extensions ['ignore', 'ignore_ament_install']
[0.295s] Level 1:colcon.colcon_core.package_identification:_identify(install) by extension 'ignore'
[0.295s] Level 1:colcon.colcon_core.package_identification:_identify(install) ignored
[0.295s] Level 1:colcon.colcon_core.package_identification:_identify(log) by extensions ['ignore', 'ignore_ament_install']
[0.296s] Level 1:colcon.colcon_core.package_identification:_identify(log) by extension 'ignore'
[0.296s] Level 1:colcon.colcon_core.package_identification:_identify(log) ignored
[0.296s] Level 1:colcon.colcon_core.package_discovery:discover_packages(recursive) using defaults
[0.296s] Level 1:colcon.colcon_core.package_discovery:discover_packages(ignore) discover
[0.296s] Level 1:colcon.colcon_core.package_discovery:discover_packages(ignore) using defaults
[0.296s] Level 1:colcon.colcon_core.package_discovery:discover_packages(path) discover
[0.296s] Level 1:colcon.colcon_core.package_discovery:discover_packages(path) using defaults
[0.326s] Level 1:colcon.colcon_core.package_discovery:discover_packages(prefix_path) check parameters
[0.326s] Level 1:colcon.colcon_core.package_discovery:discover_packages(prefix_path) discover
[0.330s] DEBUG:colcon.colcon_installed_package_information.package_discovery:Found 2 installed packages in /home/siddharth/ros2_ws/install
[0.334s] DEBUG:colcon.colcon_installed_package_information.package_discovery:Found 446 installed packages in /opt/ros/jazzy
[0.336s] Level 1:colcon.colcon_core.package_discovery:discover_packages(prefix_path) using defaults
[0.431s] Level 5:colcon.colcon_core.verb:set package 'bme_ros2_simple_arm' build argument 'cmake_args' from command line to 'None'
[0.431s] Level 5:colcon.colcon_core.verb:set package 'bme_ros2_simple_arm' build argument 'cmake_target' from command line to 'None'
[0.431s] Level 5:colcon.colcon_core.verb:set package 'bme_ros2_simple_arm' build argument 'cmake_target_skip_unavailable' from command line to 'False'
[0.432s] Level 5:colcon.colcon_core.verb:set package 'bme_ros2_simple_arm' build argument 'cmake_clean_cache' from command line to 'False'
[0.432s] Level 5:colcon.colcon_core.verb:set package 'bme_ros2_simple_arm' build argument 'cmake_clean_first' from command line to 'False'
[0.432s] Level 5:colcon.colcon_core.verb:set package 'bme_ros2_simple_arm' build argument 'cmake_force_configure' from command line to 'False'
[0.432s] Level 5:colcon.colcon_core.verb:set package 'bme_ros2_simple_arm' build argument 'ament_cmake_args' from command line to 'None'
[0.432s] Level 5:colcon.colcon_core.verb:set package 'bme_ros2_simple_arm' build argument 'catkin_cmake_args' from command line to 'None'
[0.432s] Level 5:colcon.colcon_core.verb:set package 'bme_ros2_simple_arm' build argument 'catkin_skip_building_tests' from command line to 'False'
[0.432s] DEBUG:colcon.colcon_core.verb:Building package 'bme_ros2_simple_arm' with the following arguments: {'ament_cmake_args': None, 'build_base': '/home/siddharth/sor_ws1/build/bme_ros2_simple_arm', 'catkin_cmake_args': None, 'catkin_skip_building_tests': False, 'cmake_args': None, 'cmake_clean_cache': False, 'cmake_clean_first': False, 'cmake_force_configure': False, 'cmake_target': None, 'cmake_target_skip_unavailable': False, 'install_base': '/home/siddharth/sor_ws1/install/bme_ros2_simple_arm', 'merge_install': False, 'path': '/home/siddharth/sor_ws1/Session5/bme_ros2_simple_arm', 'symlink_install': False, 'test_result_base': None}
[0.432s] Level 5:colcon.colcon_core.verb:set package 'bme_ros2_simple_arm_py' build argument 'cmake_args' from command line to 'None'
[0.432s] Level 5:colcon.colcon_core.verb:set package 'bme_ros2_simple_arm_py' build argument 'cmake_target' from command line to 'None'
[0.432s] Level 5:colcon.colcon_core.verb:set package 'bme_ros2_simple_arm_py' build argument 'cmake_target_skip_unavailable' from command line to 'False'
[0.432s] Level 5:colcon.colcon_core.verb:set package 'bme_ros2_simple_arm_py' build argument 'cmake_clean_cache' from command line to 'False'
[0.432s] Level 5:colcon.colcon_core.verb:set package 'bme_ros2_simple_arm_py' build argument 'cmake_clean_first' from command line to 'False'
[0.432s] Level 5:colcon.colcon_core.verb:set package 'bme_ros2_simple_arm_py' build argument 'cmake_force_configure' from command line to 'False'
[0.433s] Level 5:colcon.colcon_core.verb:set package 'bme_ros2_simple_arm_py' build argument 'ament_cmake_args' from command line to 'None'
[0.433s] Level 5:colcon.colcon_core.verb:set package 'bme_ros2_simple_arm_py' build argument 'catkin_cmake_args' from command line to 'None'
[0.433s] Level 5:colcon.colcon_core.verb:set package 'bme_ros2_simple_arm_py' build argument 'catkin_skip_building_tests' from command line to 'False'
[0.433s] DEBUG:colcon.colcon_core.verb:Building package 'bme_ros2_simple_arm_py' with the following arguments: {'ament_cmake_args': None, 'build_base': '/home/siddharth/sor_ws1/build/bme_ros2_simple_arm_py', 'catkin_cmake_args': None, 'catkin_skip_building_tests': False, 'cmake_args': None, 'cmake_clean_cache': False, 'cmake_clean_first': False, 'cmake_force_configure': False, 'cmake_target': None, 'cmake_target_skip_unavailable': False, 'install_base': '/home/siddharth/sor_ws1/install/bme_ros2_simple_arm_py', 'merge_install': False, 'path': '/home/siddharth/sor_ws1/Session5/bme_ros2_simple_arm_py', 'symlink_install': False, 'test_result_base': None}
[0.433s] Level 5:colcon.colcon_core.verb:set package 'custom_ik_arm' build argument 'cmake_args' from command line to 'None'
[0.433s] Level 5:colcon.colcon_core.verb:set package 'custom_ik_arm' build argument 'cmake_target' from command line to 'None'
[0.433s] Level 5:colcon.colcon_core.verb:set package 'custom_ik_arm' build argument 'cmake_target_skip_unavailable' from command line to 'False'
[0.433s] Level 5:colcon.colcon_core.verb:set package 'custom_ik_arm' build argument 'cmake_clean_cache' from command line to 'False'
[0.433s] Level 5:colcon.colcon_core.verb:set package 'custom_ik_arm' build argument 'cmake_clean_first' from command line to 'False'
[0.433s] Level 5:colcon.colcon_core.verb:set package 'custom_ik_arm' build argument 'cmake_force_configure' from command line to 'False'
[0.433s] Level 5:colcon.colcon_core.verb:set package 'custom_ik_arm' build argument 'ament_cmake_args' from command line to 'None'
[0.433s] Level 5:colcon.colcon_core.verb:set package 'custom_ik_arm' build argument 'catkin_cmake_args' from command line to 'None'
[0.433s] Level 5:colcon.colcon_core.verb:set package 'custom_ik_arm' build argument 'catkin_skip_building_tests' from command line to 'False'
[0.433s] DEBUG:colcon.colcon_core.verb:Building package 'custom_ik_arm' with the following arguments: {'ament_cmake_args': None, 'build_base': '/home/siddharth/sor_ws1/build/custom_ik_arm', 'catkin_cmake_args': None, 'catkin_skip_building_tests': False, 'cmake_args': None, 'cmake_clean_cache': False, 'cmake_clean_first': False, 'cmake_force_configure': False, 'cmake_target': None, 'cmake_target_skip_unavailable': False, 'install_base': '/home/siddharth/sor_ws1/install/custom_ik_arm', 'merge_install': False, 'path': '/home/siddharth/sor_ws1/Session5/custom_ik_arm', 'symlink_install': False, 'test_result_base': None}
[0.434s] Level 5:colcon.colcon_core.verb:set package 'bme_ros2_simple_arm_moveit_config' build argument 'cmake_args' from command line to 'None'
[0.434s] Level 5:colcon.colcon_core.verb:set package 'bme_ros2_simple_arm_moveit_config' build argument 'cmake_target' from command line to 'None'
[0.434s] Level 5:colcon.colcon_core.verb:set package 'bme_ros2_simple_arm_moveit_config' build argument 'cmake_target_skip_unavailable' from command line to 'False'
[0.434s] Level 5:colcon.colcon_core.verb:set package 'bme_ros2_simple_arm_moveit_config' build argument 'cmake_clean_cache' from command line to 'False'
[0.434s] Level 5:colcon.colcon_core.verb:set package 'bme_ros2_simple_arm_moveit_config' build argument 'cmake_clean_first' from command line to 'False'
[0.434s] Level 5:colcon.colcon_core.verb:set package 'bme_ros2_simple_arm_moveit_config' build argument 'cmake_force_configure' from command line to 'False'
[0.434s] Level 5:colcon.colcon_core.verb:set package 'bme_ros2_simple_arm_moveit_config' build argument 'ament_cmake_args' from command line to 'None'
[0.434s] Level 5:colcon.colcon_core.verb:set package 'bme_ros2_simple_arm_moveit_config' build argument 'catkin_cmake_args' from command line to 'None'
[0.434s] Level 5:colcon.colcon_core.verb:set package 'bme_ros2_simple_arm_moveit_config' build argument 'catkin_skip_building_tests' from command line to 'False'
[0.434s] DEBUG:colcon.colcon_core.verb:Building package 'bme_ros2_simple_arm_moveit_config' with the following arguments: {'ament_cmake_args': None, 'build_base': '/home/siddharth/sor_ws1/build/bme_ros2_simple_arm_moveit_config', 'catkin_cmake_args': None, 'catkin_skip_building_tests': False, 'cmake_args': None, 'cmake_clean_cache': False, 'cmake_clean_first': False, 'cmake_force_configure': False, 'cmake_target': None, 'cmake_target_skip_unavailable': False, 'install_base': '/home/siddharth/sor_ws1/install/bme_ros2_simple_arm_moveit_config', 'merge_install': False, 'path': '/home/siddharth/sor_ws1/Session5/bme_ros2_simple_arm_moveit_config', 'symlink_install': False, 'test_result_base': None}
[0.434s] INFO:colcon.colcon_core.executor:Executing jobs using 'parallel' executor
[0.436s] DEBUG:colcon.colcon_parallel_executor.executor.parallel:run_until_complete
[0.436s] INFO:colcon.colcon_ros.task.ament_cmake.build:Building ROS package in '/home/siddharth/sor_ws1/Session5/bme_ros2_simple_arm' with build type 'ament_cmake'
[0.437s] INFO:colcon.colcon_cmake.task.cmake.build:Building CMake package in '/home/siddharth/sor_ws1/Session5/bme_ros2_simple_arm'
[0.440s] INFO:colcon.colcon_core.plugin_system:Skipping extension 'colcon_core.shell.bat': Not used on non-Windows systems
[0.440s] INFO:colcon.colcon_core.shell:Skip shell extension 'powershell' for command environment: Not usable outside of PowerShell
[0.440s] DEBUG:colcon.colcon_core.shell:Skip shell extension 'dsv' for command environment
[0.447s] INFO:colcon.colcon_ros.task.ament_python.build:Building ROS package in '/home/siddharth/sor_ws1/Session5/bme_ros2_simple_arm_py' with build type 'ament_python'
[0.447s] Level 1:colcon.colcon_core.shell:create_environment_hook('bme_ros2_simple_arm_py', 'ament_prefix_path')
[0.448s] INFO:colcon.colcon_core.shell:Creating environment hook '/home/siddharth/sor_ws1/install/bme_ros2_simple_arm_py/share/bme_ros2_simple_arm_py/hook/ament_prefix_path.ps1'
[0.449s] INFO:colcon.colcon_core.shell:Creating environment descriptor '/home/siddharth/sor_ws1/install/bme_ros2_simple_arm_py/share/bme_ros2_simple_arm_py/hook/ament_prefix_path.dsv'
[0.449s] INFO:colcon.colcon_core.shell:Creating environment hook '/home/siddharth/sor_ws1/install/bme_ros2_simple_arm_py/share/bme_ros2_simple_arm_py/hook/ament_prefix_path.sh'
[0.450s] INFO:colcon.colcon_core.shell:Skip shell extension 'powershell' for command environment: Not usable outside of PowerShell
[0.450s] DEBUG:colcon.colcon_core.shell:Skip shell extension 'dsv' for command environment
[0.457s] INFO:colcon.colcon_ros.task.ament_python.build:Building ROS package in '/home/siddharth/sor_ws1/Session5/custom_ik_arm' with build type 'ament_python'
[0.457s] Level 1:colcon.colcon_core.shell:create_environment_hook('custom_ik_arm', 'ament_prefix_path')
[0.457s] INFO:colcon.colcon_core.shell:Creating environment hook '/home/siddharth/sor_ws1/install/custom_ik_arm/share/custom_ik_arm/hook/ament_prefix_path.ps1'
[0.458s] INFO:colcon.colcon_core.shell:Creating environment descriptor '/home/siddharth/sor_ws1/install/custom_ik_arm/share/custom_ik_arm/hook/ament_prefix_path.dsv'
[0.459s] INFO:colcon.colcon_core.shell:Creating environment hook '/home/siddharth/sor_ws1/install/custom_ik_arm/share/custom_ik_arm/hook/ament_prefix_path.sh'
[0.460s] INFO:colcon.colcon_core.shell:Skip shell extension 'powershell' for command environment: Not usable outside of PowerShell
[0.460s] DEBUG:colcon.colcon_core.shell:Skip shell extension 'dsv' for command environment
[0.666s] DEBUG:colcon.colcon_core.event_handler.log_command:Invoking command in '/home/siddharth/sor_ws1/build/bme_ros2_simple_arm': CMAKE_PREFIX_PATH=${CMAKE_PREFIX_PATH}:/opt/ros/jazzy DEBUGINFOD_URLS=https://debuginfod.ubuntu.com /usr/bin/cmake --build /home/siddharth/sor_ws1/build/bme_ros2_simple_arm -- -j8 -l8
[1.044s] INFO:colcon.colcon_core.task.python.build:Building Python package in '/home/siddharth/sor_ws1/Session5/bme_ros2_simple_arm_py'
[1.045s] INFO:colcon.colcon_core.shell:Skip shell extension 'powershell' for command environment: Not usable outside of PowerShell
[1.045s] DEBUG:colcon.colcon_core.shell:Skip shell extension 'dsv' for command environment
[1.399s] INFO:colcon.colcon_core.task.python.build:Building Python package in '/home/siddharth/sor_ws1/Session5/custom_ik_arm'
[1.399s] INFO:colcon.colcon_core.shell:Skip shell extension 'powershell' for command environment: Not usable outside of PowerShell
[1.399s] DEBUG:colcon.colcon_core.shell:Skip shell extension 'dsv' for command environment
[1.410s] DEBUG:colcon.colcon_core.event_handler.log_command:Invoked command in '/home/siddharth/sor_ws1/build/bme_ros2_simple_arm' returned '0': CMAKE_PREFIX_PATH=${CMAKE_PREFIX_PATH}:/opt/ros/jazzy DEBUGINFOD_URLS=https://debuginfod.ubuntu.com /usr/bin/cmake --build /home/siddharth/sor_ws1/build/bme_ros2_simple_arm -- -j8 -l8
[1.430s] DEBUG:colcon.colcon_core.event_handler.log_command:Invoking command in '/home/siddharth/sor_ws1/build/bme_ros2_simple_arm': CMAKE_PREFIX_PATH=${CMAKE_PREFIX_PATH}:/opt/ros/jazzy DEBUGINFOD_URLS=https://debuginfod.ubuntu.com /usr/bin/cmake --install /home/siddharth/sor_ws1/build/bme_ros2_simple_arm
[1.459s] Level 1:colcon.colcon_core.environment:create_environment_scripts_only(bme_ros2_simple_arm)
[1.465s] Level 1:colcon.colcon_core.environment:checking '/home/siddharth/sor_ws1/install/bme_ros2_simple_arm' for CMake module files
[1.467s] Level 1:colcon.colcon_core.environment:checking '/home/siddharth/sor_ws1/install/bme_ros2_simple_arm' for CMake config files
[1.472s] Level 1:colcon.colcon_core.shell:create_environment_hook('bme_ros2_simple_arm', 'cmake_prefix_path')
[1.473s] INFO:colcon.colcon_core.shell:Creating environment hook '/home/siddharth/sor_ws1/install/bme_ros2_simple_arm/share/bme_ros2_simple_arm/hook/cmake_prefix_path.ps1'
[1.474s] INFO:colcon.colcon_core.shell:Creating environment descriptor '/home/siddharth/sor_ws1/install/bme_ros2_simple_arm/share/bme_ros2_simple_arm/hook/cmake_prefix_path.dsv'
[1.475s] INFO:colcon.colcon_core.shell:Creating environment hook '/home/siddharth/sor_ws1/install/bme_ros2_simple_arm/share/bme_ros2_simple_arm/hook/cmake_prefix_path.sh'
[1.476s] DEBUG:colcon.colcon_core.event_handler.log_command:Invoked command in '/home/siddharth/sor_ws1/build/bme_ros2_simple_arm' returned '0': CMAKE_PREFIX_PATH=${CMAKE_PREFIX_PATH}:/opt/ros/jazzy DEBUGINFOD_URLS=https://debuginfod.ubuntu.com /usr/bin/cmake --install /home/siddharth/sor_ws1/build/bme_ros2_simple_arm
[1.477s] Level 1:colcon.colcon_core.environment:checking '/home/siddharth/sor_ws1/install/bme_ros2_simple_arm/bin'
[1.477s] Level 1:colcon.colcon_core.environment:checking '/home/siddharth/sor_ws1/install/bme_ros2_simple_arm/lib/pkgconfig/bme_ros2_simple_arm.pc'
[1.477s] Level 1:colcon.colcon_core.environment:checking '/home/siddharth/sor_ws1/install/bme_ros2_simple_arm/lib/python3.12/site-packages'
[1.478s] Level 1:colcon.colcon_core.environment:checking '/home/siddharth/sor_ws1/install/bme_ros2_simple_arm/bin'
[1.478s] INFO:colcon.colcon_core.shell:Creating package script '/home/siddharth/sor_ws1/install/bme_ros2_simple_arm/share/bme_ros2_simple_arm/package.ps1'
[1.480s] INFO:colcon.colcon_core.shell:Creating package descriptor '/home/siddharth/sor_ws1/install/bme_ros2_simple_arm/share/bme_ros2_simple_arm/package.dsv'
[1.481s] INFO:colcon.colcon_core.shell:Creating package script '/home/siddharth/sor_ws1/install/bme_ros2_simple_arm/share/bme_ros2_simple_arm/package.sh'
[1.483s] INFO:colcon.colcon_core.shell:Creating package script '/home/siddharth/sor_ws1/install/bme_ros2_simple_arm/share/bme_ros2_simple_arm/package.bash'
[1.484s] INFO:colcon.colcon_core.shell:Creating package script '/home/siddharth/sor_ws1/install/bme_ros2_simple_arm/share/bme_ros2_simple_arm/package.zsh'
[1.485s] Level 1:colcon.colcon_core.environment:create_file_with_runtime_dependencies(/home/siddharth/sor_ws1/install/bme_ros2_simple_arm/share/colcon-core/packages/bme_ros2_simple_arm)
[1.486s] Level 1:colcon.colcon_core.environment:create_environment_scripts_only(bme_ros2_simple_arm)
[1.487s] Level 1:colcon.colcon_core.environment:checking '/home/siddharth/sor_ws1/install/bme_ros2_simple_arm' for CMake module files
[1.488s] Level 1:colcon.colcon_core.environment:checking '/home/siddharth/sor_ws1/install/bme_ros2_simple_arm' for CMake config files
[1.489s] Level 1:colcon.colcon_core.shell:create_environment_hook('bme_ros2_simple_arm', 'cmake_prefix_path')
[1.489s] INFO:colcon.colcon_core.shell:Creating environment hook '/home/siddharth/sor_ws1/install/bme_ros2_simple_arm/share/bme_ros2_simple_arm/hook/cmake_prefix_path.ps1'
[1.490s] INFO:colcon.colcon_core.shell:Creating environment descriptor '/home/siddharth/sor_ws1/install/bme_ros2_simple_arm/share/bme_ros2_simple_arm/hook/cmake_prefix_path.dsv'
[1.491s] INFO:colcon.colcon_core.shell:Creating environment hook '/home/siddharth/sor_ws1/install/bme_ros2_simple_arm/share/bme_ros2_simple_arm/hook/cmake_prefix_path.sh'
[1.492s] Level 1:colcon.colcon_core.environment:checking '/home/siddharth/sor_ws1/install/bme_ros2_simple_arm/bin'
[1.492s] Level 1:colcon.colcon_core.environment:checking '/home/siddharth/sor_ws1/install/bme_ros2_simple_arm/lib/pkgconfig/bme_ros2_simple_arm.pc'
[1.493s] Level 1:colcon.colcon_core.environment:checking '/home/siddharth/sor_ws1/install/bme_ros2_simple_arm/lib/python3.12/site-packages'
[1.493s] Level 1:colcon.colcon_core.environment:checking '/home/siddharth/sor_ws1/install/bme_ros2_simple_arm/bin'
[1.494s] INFO:colcon.colcon_core.shell:Creating package script '/home/siddharth/sor_ws1/install/bme_ros2_simple_arm/share/bme_ros2_simple_arm/package.ps1'
[1.525s] INFO:colcon.colcon_core.shell:Creating package descriptor '/home/siddharth/sor_ws1/install/bme_ros2_simple_arm/share/bme_ros2_simple_arm/package.dsv'
[1.527s] INFO:colcon.colcon_core.shell:Creating package script '/home/siddharth/sor_ws1/install/bme_ros2_simple_arm/share/bme_ros2_simple_arm/package.sh'
[1.528s] INFO:colcon.colcon_core.shell:Creating package script '/home/siddharth/sor_ws1/install/bme_ros2_simple_arm/share/bme_ros2_simple_arm/package.bash'
[1.530s] INFO:colcon.colcon_core.shell:Creating package script '/home/siddharth/sor_ws1/install/bme_ros2_simple_arm/share/bme_ros2_simple_arm/package.zsh'
[1.531s] Level 1:colcon.colcon_core.environment:create_file_with_runtime_dependencies(/home/siddharth/sor_ws1/install/bme_ros2_simple_arm/share/colcon-core/packages/bme_ros2_simple_arm)
[1.532s] INFO:colcon.colcon_ros.task.ament_cmake.build:Building ROS package in '/home/siddharth/sor_ws1/Session5/bme_ros2_simple_arm_moveit_config' with build type 'ament_cmake'
[1.532s] INFO:colcon.colcon_cmake.task.cmake.build:Building CMake package in '/home/siddharth/sor_ws1/Session5/bme_ros2_simple_arm_moveit_config'
[1.533s] INFO:colcon.colcon_core.shell:Skip shell extension 'powershell' for command environment: Not usable outside of PowerShell
[1.533s] DEBUG:colcon.colcon_core.shell:Skip shell extension 'dsv' for command environment
[1.601s] DEBUG:colcon.colcon_core.event_handler.log_command:Invoking command in '/home/siddharth/sor_ws1/build/bme_ros2_simple_arm_moveit_config': AMENT_PREFIX_PATH=/home/siddharth/sor_ws1/install/bme_ros2_simple_arm:${AMENT_PREFIX_PATH} CMAKE_PREFIX_PATH=/home/siddharth/sor_ws1/install/bme_ros2_simple_arm:/home/siddharth/ros2_ws/install/bme_gazebo_basics:/opt/ros/jazzy/opt/gz_sim_vendor:/opt/ros/jazzy/opt/gz_sensors_vendor:/opt/ros/jazzy/opt/gz_physics_vendor:/opt/ros/jazzy/opt/sdformat_vendor:/opt/ros/jazzy/opt/gz_gui_vendor:/opt/ros/jazzy/opt/gz_transport_vendor:/opt/ros/jazzy/opt/gz_rendering_vendor:/opt/ros/jazzy/opt/gz_plugin_vendor:/opt/ros/jazzy/opt/gz_fuel_tools_vendor:/opt/ros/jazzy/opt/gz_msgs_vendor:/opt/ros/jazzy/opt/gz_common_vendor:/opt/ros/jazzy/opt/gz_math_vendor:/opt/ros/jazzy/opt/gz_utils_vendor:/opt/ros/jazzy/opt/gz_tools_vendor:/opt/ros/jazzy/opt/gz_ogre_next_vendor:/opt/ros/jazzy/opt/gz_dartsim_vendor:/opt/ros/jazzy/opt/gz_cmake_vendor:/opt/ros/jazzy DEBUGINFOD_URLS=https://debuginfod.ubuntu.com /usr/bin/cmake --build /home/siddharth/sor_ws1/build/bme_ros2_simple_arm_moveit_config -- -j8 -l8
[1.721s] DEBUG:colcon.colcon_core.event_handler.log_command:Invoked command in '/home/siddharth/sor_ws1/build/bme_ros2_simple_arm_moveit_config' returned '0': AMENT_PREFIX_PATH=/home/siddharth/sor_ws1/install/bme_ros2_simple_arm:${AMENT_PREFIX_PATH} CMAKE_PREFIX_PATH=/home/siddharth/sor_ws1/install/bme_ros2_simple_arm:/home/siddharth/ros2_ws/install/bme_gazebo_basics:/opt/ros/jazzy/opt/gz_sim_vendor:/opt/ros/jazzy/opt/gz_sensors_vendor:/opt/ros/jazzy/opt/gz_physics_vendor:/opt/ros/jazzy/opt/sdformat_vendor:/opt/ros/jazzy/opt/gz_gui_vendor:/opt/ros/jazzy/opt/gz_transport_vendor:/opt/ros/jazzy/opt/gz_rendering_vendor:/opt/ros/jazzy/opt/gz_plugin_vendor:/opt/ros/jazzy/opt/gz_fuel_tools_vendor:/opt/ros/jazzy/opt/gz_msgs_vendor:/opt/ros/jazzy/opt/gz_common_vendor:/opt/ros/jazzy/opt/gz_math_vendor:/opt/ros/jazzy/opt/gz_utils_vendor:/opt/ros/jazzy/opt/gz_tools_vendor:/opt/ros/jazzy/opt/gz_ogre_next_vendor:/opt/ros/jazzy/opt/gz_dartsim_vendor:/opt/ros/jazzy/opt/gz_cmake_vendor:/opt/ros/jazzy DEBUGINFOD_URLS=https://debuginfod.ubuntu.com /usr/bin/cmake --build /home/siddharth/sor_ws1/build/bme_ros2_simple_arm_moveit_config -- -j8 -l8
[1.724s] DEBUG:colcon.colcon_core.event_handler.log_command:Invoking command in '/home/siddharth/sor_ws1/build/bme_ros2_simple_arm_moveit_config': AMENT_PREFIX_PATH=/home/siddharth/sor_ws1/install/bme_ros2_simple_arm:${AMENT_PREFIX_PATH} CMAKE_PREFIX_PATH=/home/siddharth/sor_ws1/install/bme_ros2_simple_arm:/home/siddharth/ros2_ws/install/bme_gazebo_basics:/opt/ros/jazzy/opt/gz_sim_vendor:/opt/ros/jazzy/opt/gz_sensors_vendor:/opt/ros/jazzy/opt/gz_physics_vendor:/opt/ros/jazzy/opt/sdformat_vendor:/opt/ros/jazzy/opt/gz_gui_vendor:/opt/ros/jazzy/opt/gz_transport_vendor:/opt/ros/jazzy/opt/gz_rendering_vendor:/opt/ros/jazzy/opt/gz_plugin_vendor:/opt/ros/jazzy/opt/gz_fuel_tools_vendor:/opt/ros/jazzy/opt/gz_msgs_vendor:/opt/ros/jazzy/opt/gz_common_vendor:/opt/ros/jazzy/opt/gz_math_vendor:/opt/ros/jazzy/opt/gz_utils_vendor:/opt/ros/jazzy/opt/gz_tools_vendor:/opt/ros/jazzy/opt/gz_ogre_next_vendor:/opt/ros/jazzy/opt/gz_dartsim_vendor:/opt/ros/jazzy/opt/gz_cmake_vendor:/opt/ros/jazzy DEBUGINFOD_URLS=https://debuginfod.ubuntu.com /usr/bin/cmake --install /home/siddharth/sor_ws1/build/bme_ros2_simple_arm_moveit_config
[1.751s] Level 1:colcon.colcon_core.environment:create_environment_scripts_only(bme_ros2_simple_arm_moveit_config)
[1.751s] Level 1:colcon.colcon_core.environment:checking '/home/siddharth/sor_ws1/install/bme_ros2_simple_arm_moveit_config' for CMake module files
[1.753s] Level 1:colcon.colcon_core.environment:checking '/home/siddharth/sor_ws1/install/bme_ros2_simple_arm_moveit_config' for CMake config files
[1.757s] Level 1:colcon.colcon_core.shell:create_environment_hook('bme_ros2_simple_arm_moveit_config', 'cmake_prefix_path')
[1.757s] INFO:colcon.colcon_core.shell:Creating environment hook '/home/siddharth/sor_ws1/install/bme_ros2_simple_arm_moveit_config/share/bme_ros2_simple_arm_moveit_config/hook/cmake_prefix_path.ps1'
[1.759s] DEBUG:colcon.colcon_core.event_handler.log_command:Invoked command in '/home/siddharth/sor_ws1/build/bme_ros2_simple_arm_moveit_config' returned '0': AMENT_PREFIX_PATH=/home/siddharth/sor_ws1/install/bme_ros2_simple_arm:${AMENT_PREFIX_PATH} CMAKE_PREFIX_PATH=/home/siddharth/sor_ws1/install/bme_ros2_simple_arm:/home/siddharth/ros2_ws/install/bme_gazebo_basics:/opt/ros/jazzy/opt/gz_sim_vendor:/opt/ros/jazzy/opt/gz_sensors_vendor:/opt/ros/jazzy/opt/gz_physics_vendor:/opt/ros/jazzy/opt/sdformat_vendor:/opt/ros/jazzy/opt/gz_gui_vendor:/opt/ros/jazzy/opt/gz_transport_vendor:/opt/ros/jazzy/opt/gz_rendering_vendor:/opt/ros/jazzy/opt/gz_plugin_vendor:/opt/ros/jazzy/opt/gz_fuel_tools_vendor:/opt/ros/jazzy/opt/gz_msgs_vendor:/opt/ros/jazzy/opt/gz_common_vendor:/opt/ros/jazzy/opt/gz_math_vendor:/opt/ros/jazzy/opt/gz_utils_vendor:/opt/ros/jazzy/opt/gz_tools_vendor:/opt/ros/jazzy/opt/gz_ogre_next_vendor:/opt/ros/jazzy/opt/gz_dartsim_vendor:/opt/ros/jazzy/opt/gz_cmake_vendor:/opt/ros/jazzy DEBUGINFOD_URLS=https://debuginfod.ubuntu.com /usr/bin/cmake --install /home/siddharth/sor_ws1/build/bme_ros2_simple_arm_moveit_config
[1.759s] INFO:colcon.colcon_core.shell:Creating environment descriptor '/home/siddharth/sor_ws1/install/bme_ros2_simple_arm_moveit_config/share/bme_ros2_simple_arm_moveit_config/hook/cmake_prefix_path.dsv'
[1.760s] INFO:colcon.colcon_core.shell:Creating environment hook '/home/siddharth/sor_ws1/install/bme_ros2_simple_arm_moveit_config/share/bme_ros2_simple_arm_moveit_config/hook/cmake_prefix_path.sh'
[1.761s] Level 1:colcon.colcon_core.environment:checking '/home/siddharth/sor_ws1/install/bme_ros2_simple_arm_moveit_config/bin'
[1.762s] Level 1:colcon.colcon_core.environment:checking '/home/siddharth/sor_ws1/install/bme_ros2_simple_arm_moveit_config/lib/pkgconfig/bme_ros2_simple_arm_moveit_config.pc'
[1.762s] Level 1:colcon.colcon_core.environment:checking '/home/siddharth/sor_ws1/install/bme_ros2_simple_arm_moveit_config/lib/python3.12/site-packages'
[1.763s] Level 1:colcon.colcon_core.environment:checking '/home/siddharth/sor_ws1/install/bme_ros2_simple_arm_moveit_config/bin'
[1.763s] INFO:colcon.colcon_core.shell:Creating package script '/home/siddharth/sor_ws1/install/bme_ros2_simple_arm_moveit_config/share/bme_ros2_simple_arm_moveit_config/package.ps1'
[1.764s] INFO:colcon.colcon_core.shell:Creating package descriptor '/home/siddharth/sor_ws1/install/bme_ros2_simple_arm_moveit_config/share/bme_ros2_simple_arm_moveit_config/package.dsv'
[1.766s] INFO:colcon.colcon_core.shell:Creating package script '/home/siddharth/sor_ws1/install/bme_ros2_simple_arm_moveit_config/share/bme_ros2_simple_arm_moveit_config/package.sh'
[1.766s] INFO:colcon.colcon_core.shell:Creating package script '/home/siddharth/sor_ws1/install/bme_ros2_simple_arm_moveit_config/share/bme_ros2_simple_arm_moveit_config/package.bash'
[1.767s] INFO:colcon.colcon_core.shell:Creating package script '/home/siddharth/sor_ws1/install/bme_ros2_simple_arm_moveit_config/share/bme_ros2_simple_arm_moveit_config/package.zsh'
[1.768s] Level 1:colcon.colcon_core.environment:create_file_with_runtime_dependencies(/home/siddharth/sor_ws1/install/bme_ros2_simple_arm_moveit_config/share/colcon-core/packages/bme_ros2_simple_arm_moveit_config)
[1.769s] Level 1:colcon.colcon_core.environment:create_environment_scripts_only(bme_ros2_simple_arm_moveit_config)
[1.769s] Level 1:colcon.colcon_core.environment:checking '/home/siddharth/sor_ws1/install/bme_ros2_simple_arm_moveit_config' for CMake module files
[1.770s] Level 1:colcon.colcon_core.environment:checking '/home/siddharth/sor_ws1/install/bme_ros2_simple_arm_moveit_config' for CMake config files
[1.771s] Level 1:colcon.colcon_core.shell:create_environment_hook('bme_ros2_simple_arm_moveit_config', 'cmake_prefix_path')
[1.772s] INFO:colcon.colcon_core.shell:Creating environment hook '/home/siddharth/sor_ws1/install/bme_ros2_simple_arm_moveit_config/share/bme_ros2_simple_arm_moveit_config/hook/cmake_prefix_path.ps1'
[1.773s] INFO:colcon.colcon_core.shell:Creating environment descriptor '/home/siddharth/sor_ws1/install/bme_ros2_simple_arm_moveit_config/share/bme_ros2_simple_arm_moveit_config/hook/cmake_prefix_path.dsv'
[1.773s] INFO:colcon.colcon_core.shell:Creating environment hook '/home/siddharth/sor_ws1/install/bme_ros2_simple_arm_moveit_config/share/bme_ros2_simple_arm_moveit_config/hook/cmake_prefix_path.sh'
[1.774s] Level 1:colcon.colcon_core.environment:checking '/home/siddharth/sor_ws1/install/bme_ros2_simple_arm_moveit_config/bin'
[1.775s] Level 1:colcon.colcon_core.environment:checking '/home/siddharth/sor_ws1/install/bme_ros2_simple_arm_moveit_config/lib/pkgconfig/bme_ros2_simple_arm_moveit_config.pc'
[1.775s] Level 1:colcon.colcon_core.environment:checking '/home/siddharth/sor_ws1/install/bme_ros2_simple_arm_moveit_config/lib/python3.12/site-packages'
[1.776s] Level 1:colcon.colcon_core.environment:checking '/home/siddharth/sor_ws1/install/bme_ros2_simple_arm_moveit_config/bin'
[1.776s] INFO:colcon.colcon_core.shell:Creating package script '/home/siddharth/sor_ws1/install/bme_ros2_simple_arm_moveit_config/share/bme_ros2_simple_arm_moveit_config/package.ps1'
[1.777s] INFO:colcon.colcon_core.shell:Creating package descriptor '/home/siddharth/sor_ws1/install/bme_ros2_simple_arm_moveit_config/share/bme_ros2_simple_arm_moveit_config/package.dsv'
[1.778s] INFO:colcon.colcon_core.shell:Creating package script '/home/siddharth/sor_ws1/install/bme_ros2_simple_arm_moveit_config/share/bme_ros2_simple_arm_moveit_config/package.sh'
[1.779s] INFO:colcon.colcon_core.shell:Creating package script '/home/siddharth/sor_ws1/install/bme_ros2_simple_arm_moveit_config/share/bme_ros2_simple_arm_moveit_config/package.bash'
[1.780s] INFO:colcon.colcon_core.shell:Creating package script '/home/siddharth/sor_ws1/install/bme_ros2_simple_arm_moveit_config/share/bme_ros2_simple_arm_moveit_config/package.zsh'
[1.781s] Level 1:colcon.colcon_core.environment:create_file_with_runtime_dependencies(/home/siddharth/sor_ws1/install/bme_ros2_simple_arm_moveit_config/share/colcon-core/packages/bme_ros2_simple_arm_moveit_config)
[2.613s] DEBUG:colcon.colcon_core.event_handler.log_command:Invoking command in '/home/siddharth/sor_ws1/Session5/custom_ik_arm': DEBUGINFOD_URLS=https://debuginfod.ubuntu.com PYTHONPATH=/home/siddharth/sor_ws1/build/custom_ik_arm/prefix_override:/usr/lib/python3/dist-packages/colcon_core/task/python/colcon_distutils_commands:/home/siddharth/sor_ws1/install/custom_ik_arm/lib/python3.12/site-packages:${PYTHONPATH} /usr/bin/python3 -W ignore:setup.py install is deprecated -W ignore:easy_install command is deprecated setup.py egg_info --egg-base ../../build/custom_ik_arm build --build-base /home/siddharth/sor_ws1/build/custom_ik_arm/build install --record /home/siddharth/sor_ws1/build/custom_ik_arm/install.log --single-version-externally-managed install_data
[2.665s] DEBUG:colcon.colcon_core.event_handler.log_command:Invoking command in '/home/siddharth/sor_ws1/Session5/bme_ros2_simple_arm_py': DEBUGINFOD_URLS=https://debuginfod.ubuntu.com PYTHONPATH=/home/siddharth/sor_ws1/build/bme_ros2_simple_arm_py/prefix_override:/usr/lib/python3/dist-packages/colcon_core/task/python/colcon_distutils_commands:/home/siddharth/sor_ws1/install/bme_ros2_simple_arm_py/lib/python3.12/site-packages:${PYTHONPATH} /usr/bin/python3 -W ignore:setup.py install is deprecated -W ignore:easy_install command is deprecated setup.py egg_info --egg-base ../../build/bme_ros2_simple_arm_py build --build-base /home/siddharth/sor_ws1/build/bme_ros2_simple_arm_py/build install --record /home/siddharth/sor_ws1/build/bme_ros2_simple_arm_py/install.log --single-version-externally-managed install_data
[3.721s] Level 1:colcon.colcon_core.environment:checking '/home/siddharth/sor_ws1/install/custom_ik_arm' for CMake module files
[3.722s] DEBUG:colcon.colcon_core.event_handler.log_command:Invoked command in '/home/siddharth/sor_ws1/Session5/custom_ik_arm' returned '0': DEBUGINFOD_URLS=https://debuginfod.ubuntu.com PYTHONPATH=/home/siddharth/sor_ws1/build/custom_ik_arm/prefix_override:/usr/lib/python3/dist-packages/colcon_core/task/python/colcon_distutils_commands:/home/siddharth/sor_ws1/install/custom_ik_arm/lib/python3.12/site-packages:${PYTHONPATH} /usr/bin/python3 -W ignore:setup.py install is deprecated -W ignore:easy_install command is deprecated setup.py egg_info --egg-base ../../build/custom_ik_arm build --build-base /home/siddharth/sor_ws1/build/custom_ik_arm/build install --record /home/siddharth/sor_ws1/build/custom_ik_arm/install.log --single-version-externally-managed install_data
[3.723s] Level 1:colcon.colcon_core.environment:checking '/home/siddharth/sor_ws1/install/custom_ik_arm' for CMake config files
[3.724s] Level 1:colcon.colcon_core.environment:checking '/home/siddharth/sor_ws1/install/custom_ik_arm/lib'
[3.724s] Level 1:colcon.colcon_core.environment:checking '/home/siddharth/sor_ws1/install/custom_ik_arm/bin'
[3.724s] Level 1:colcon.colcon_core.environment:checking '/home/siddharth/sor_ws1/install/custom_ik_arm/lib/pkgconfig/custom_ik_arm.pc'
[3.725s] Level 1:colcon.colcon_core.environment:checking '/home/siddharth/sor_ws1/install/custom_ik_arm/lib/python3.12/site-packages'
[3.725s] Level 1:colcon.colcon_core.shell:create_environment_hook('custom_ik_arm', 'pythonpath')
[3.726s] INFO:colcon.colcon_core.shell:Creating environment hook '/home/siddharth/sor_ws1/install/custom_ik_arm/share/custom_ik_arm/hook/pythonpath.ps1'
[3.727s] INFO:colcon.colcon_core.shell:Creating environment descriptor '/home/siddharth/sor_ws1/install/custom_ik_arm/share/custom_ik_arm/hook/pythonpath.dsv'
[3.728s] INFO:colcon.colcon_core.shell:Creating environment hook '/home/siddharth/sor_ws1/install/custom_ik_arm/share/custom_ik_arm/hook/pythonpath.sh'
[3.729s] Level 1:colcon.colcon_core.environment:checking '/home/siddharth/sor_ws1/install/custom_ik_arm/bin'
[3.729s] Level 1:colcon.colcon_core.environment:create_environment_scripts_only(custom_ik_arm)
[3.730s] INFO:colcon.colcon_core.shell:Creating package script '/home/siddharth/sor_ws1/install/custom_ik_arm/share/custom_ik_arm/package.ps1'
[3.731s] INFO:colcon.colcon_core.shell:Creating package descriptor '/home/siddharth/sor_ws1/install/custom_ik_arm/share/custom_ik_arm/package.dsv'
[3.732s] INFO:colcon.colcon_core.shell:Creating package script '/home/siddharth/sor_ws1/install/custom_ik_arm/share/custom_ik_arm/package.sh'
[3.733s] INFO:colcon.colcon_core.shell:Creating package script '/home/siddharth/sor_ws1/install/custom_ik_arm/share/custom_ik_arm/package.bash'
[3.734s] INFO:colcon.colcon_core.shell:Creating package script '/home/siddharth/sor_ws1/install/custom_ik_arm/share/custom_ik_arm/package.zsh'
[3.734s] Level 1:colcon.colcon_core.environment:create_file_with_runtime_dependencies(/home/siddharth/sor_ws1/install/custom_ik_arm/share/colcon-core/packages/custom_ik_arm)
[3.787s] Level 1:colcon.colcon_core.environment:checking '/home/siddharth/sor_ws1/install/bme_ros2_simple_arm_py' for CMake module files
[3.788s] DEBUG:colcon.colcon_core.event_handler.log_command:Invoked command in '/home/siddharth/sor_ws1/Session5/bme_ros2_simple_arm_py' returned '0': DEBUGINFOD_URLS=https://debuginfod.ubuntu.com PYTHONPATH=/home/siddharth/sor_ws1/build/bme_ros2_simple_arm_py/prefix_override:/usr/lib/python3/dist-packages/colcon_core/task/python/colcon_distutils_commands:/home/siddharth/sor_ws1/install/bme_ros2_simple_arm_py/lib/python3.12/site-packages:${PYTHONPATH} /usr/bin/python3 -W ignore:setup.py install is deprecated -W ignore:easy_install command is deprecated setup.py egg_info --egg-base ../../build/bme_ros2_simple_arm_py build --build-base /home/siddharth/sor_ws1/build/bme_ros2_simple_arm_py/build install --record /home/siddharth/sor_ws1/build/bme_ros2_simple_arm_py/install.log --single-version-externally-managed install_data
[3.788s] Level 1:colcon.colcon_core.environment:checking '/home/siddharth/sor_ws1/install/bme_ros2_simple_arm_py' for CMake config files
[3.790s] Level 1:colcon.colcon_core.environment:checking '/home/siddharth/sor_ws1/install/bme_ros2_simple_arm_py/lib'
[3.790s] Level 1:colcon.colcon_core.environment:checking '/home/siddharth/sor_ws1/install/bme_ros2_simple_arm_py/bin'
[3.790s] Level 1:colcon.colcon_core.environment:checking '/home/siddharth/sor_ws1/install/bme_ros2_simple_arm_py/lib/pkgconfig/bme_ros2_simple_arm_py.pc'
[3.790s] Level 1:colcon.colcon_core.environment:checking '/home/siddharth/sor_ws1/install/bme_ros2_simple_arm_py/lib/python3.12/site-packages'
[3.790s] Level 1:colcon.colcon_core.shell:create_environment_hook('bme_ros2_simple_arm_py', 'pythonpath')
[3.791s] INFO:colcon.colcon_core.shell:Creating environment hook '/home/siddharth/sor_ws1/install/bme_ros2_simple_arm_py/share/bme_ros2_simple_arm_py/hook/pythonpath.ps1'
[3.792s] INFO:colcon.colcon_core.shell:Creating environment descriptor '/home/siddharth/sor_ws1/install/bme_ros2_simple_arm_py/share/bme_ros2_simple_arm_py/hook/pythonpath.dsv'
[3.792s] INFO:colcon.colcon_core.shell:Creating environment hook '/home/siddharth/sor_ws1/install/bme_ros2_simple_arm_py/share/bme_ros2_simple_arm_py/hook/pythonpath.sh'
[3.794s] Level 1:colcon.colcon_core.environment:checking '/home/siddharth/sor_ws1/install/bme_ros2_simple_arm_py/bin'
[3.794s] Level 1:colcon.colcon_core.environment:create_environment_scripts_only(bme_ros2_simple_arm_py)
[3.794s] INFO:colcon.colcon_core.shell:Creating package script '/home/siddharth/sor_ws1/install/bme_ros2_simple_arm_py/share/bme_ros2_simple_arm_py/package.ps1'
[3.795s] INFO:colcon.colcon_core.shell:Creating package descriptor '/home/siddharth/sor_ws1/install/bme_ros2_simple_arm_py/share/bme_ros2_simple_arm_py/package.dsv'
[3.796s] INFO:colcon.colcon_core.shell:Creating package script '/home/siddharth/sor_ws1/install/bme_ros2_simple_arm_py/share/bme_ros2_simple_arm_py/package.sh'
[3.797s] INFO:colcon.colcon_core.shell:Creating package script '/home/siddharth/sor_ws1/install/bme_ros2_simple_arm_py/share/bme_ros2_simple_arm_py/package.bash'
[3.798s] INFO:colcon.colcon_core.shell:Creating package script '/home/siddharth/sor_ws1/install/bme_ros2_simple_arm_py/share/bme_ros2_simple_arm_py/package.zsh'
[3.798s] Level 1:colcon.colcon_core.environment:create_file_with_runtime_dependencies(/home/siddharth/sor_ws1/install/bme_ros2_simple_arm_py/share/colcon-core/packages/bme_ros2_simple_arm_py)
[3.799s] DEBUG:colcon.colcon_parallel_executor.executor.parallel:closing loop
[3.799s] DEBUG:colcon.colcon_parallel_executor.executor.parallel:loop closed
[3.799s] DEBUG:colcon.colcon_parallel_executor.executor.parallel:run_until_complete finished with '0'
[3.799s] DEBUG:colcon.colcon_core.event_reactor:joining thread
[3.815s] INFO:colcon.colcon_core.plugin_system:Skipping extension 'colcon_notification.desktop_notification.terminal_notifier': Not used on non-Darwin systems
[3.815s] INFO:colcon.colcon_core.plugin_system:Skipping extension 'colcon_notification.desktop_notification.win32': Not used on non-Windows systems
[3.816s] INFO:colcon.colcon_notification.desktop_notification:Sending desktop notification using 'notify2'
[3.850s] DEBUG:colcon.colcon_core.event_reactor:joined thread
[3.851s] INFO:colcon.colcon_core.shell:Creating prefix script '/home/siddharth/sor_ws1/install/local_setup.ps1'
[3.853s] INFO:colcon.colcon_core.shell:Creating prefix util module '/home/siddharth/sor_ws1/install/_local_setup_util_ps1.py'
[3.855s] INFO:colcon.colcon_core.shell:Creating prefix chain script '/home/siddharth/sor_ws1/install/setup.ps1'
[3.858s] INFO:colcon.colcon_core.shell:Creating prefix script '/home/siddharth/sor_ws1/install/local_setup.sh'
[3.859s] INFO:colcon.colcon_core.shell:Creating prefix util module '/home/siddharth/sor_ws1/install/_local_setup_util_sh.py'
[3.860s] INFO:colcon.colcon_core.shell:Creating prefix chain script '/home/siddharth/sor_ws1/install/setup.sh'
[3.862s] INFO:colcon.colcon_core.shell:Creating prefix script '/home/siddharth/sor_ws1/install/local_setup.bash'
[3.863s] INFO:colcon.colcon_core.shell:Creating prefix chain script '/home/siddharth/sor_ws1/install/setup.bash'
[3.865s] INFO:colcon.colcon_core.shell:Creating prefix script '/home/siddharth/sor_ws1/install/local_setup.zsh'
[3.866s] INFO:colcon.colcon_core.shell:Creating prefix chain script '/home/siddharth/sor_ws1/install/setup.zsh'
