[3.027s] DEBUG:colcon:Command line arguments: ['/usr/bin/colcon', 'build', '--packages-select', 'nav2_patrol']
[3.028s] DEBUG:colcon:Parsed command line arguments: Namespace(log_base=None, log_level=None, verb_name='build', build_base='build', install_base='install', merge_install=False, symlink_install=False, test_result_base=None, continue_on_error=False, executor='parallel', parallel_workers=8, event_handlers=None, ignore_user_meta=False, metas=['./colcon.meta'], base_paths=['.'], packages_ignore=None, packages_ignore_regex=None, paths=None, packages_up_to=None, packages_up_to_regex=None, packages_above=None, packages_above_and_dependencies=None, packages_above_depth=None, packages_select_by_dep=None, packages_skip_by_dep=None, packages_skip_up_to=None, packages_select_build_failed=False, packages_skip_build_finished=False, packages_select_test_failures=False, packages_skip_test_passed=False, packages_select=['nav2_patrol'], packages_skip=None, packages_select_regex=None, packages_skip_regex=None, packages_start=None, packages_end=None, allow_overriding=[], cmake_args=None, cmake_target=None, cmake_target_skip_unavailable=False, cmake_clean_cache=False, cmake_clean_first=False, cmake_force_configure=False, ament_cmake_args=None, catkin_cmake_args=None, catkin_skip_building_tests=False, mixin_files=None, mixin=None, verb_parser=<colcon_mixin.mixin.mixin_argument.MixinArgumentDecorator object at 0x7d0d8398f950>, verb_extension=<colcon_core.verb.build.BuildVerb object at 0x7d0d8398ea50>, main=<bound method BuildVerb.main of <colcon_core.verb.build.BuildVerb object at 0x7d0d8398ea50>>, mixin_verb=('build',))
[3.425s] Level 1:colcon.colcon_core.package_discovery:discover_packages(colcon_meta) check parameters
[3.425s] Level 1:colcon.colcon_core.package_discovery:discover_packages(recursive) check parameters
[3.426s] Level 1:colcon.colcon_core.package_discovery:discover_packages(ignore) check parameters
[3.426s] Level 1:colcon.colcon_core.package_discovery:discover_packages(path) check parameters
[3.426s] Level 1:colcon.colcon_core.package_discovery:discover_packages(colcon_meta) discover
[3.426s] Level 1:colcon.colcon_core.package_discovery:discover_packages(recursive) discover
[3.426s] INFO:colcon.colcon_core.package_discovery:Crawling recursively for packages in '/home/siddharth/sor_ws2'
[3.426s] Level 1:colcon.colcon_core.package_identification:_identify(.) by extensions ['ignore', 'ignore_ament_install']
[3.427s] Level 1:colcon.colcon_core.package_identification:_identify(.) by extension 'ignore'
[3.427s] Level 1:colcon.colcon_core.package_identification:_identify(.) by extension 'ignore_ament_install'
[3.427s] Level 1:colcon.colcon_core.package_identification:_identify(.) by extensions ['colcon_pkg']
[3.427s] Level 1:colcon.colcon_core.package_identification:_identify(.) by extension 'colcon_pkg'
[3.427s] Level 1:colcon.colcon_core.package_identification:_identify(.) by extensions ['colcon_meta']
[3.427s] Level 1:colcon.colcon_core.package_identification:_identify(.) by extension 'colcon_meta'
[3.428s] Level 1:colcon.colcon_core.package_identification:_identify(.) by extensions ['ros']
[3.428s] Level 1:colcon.colcon_core.package_identification:_identify(.) by extension 'ros'
[3.474s] Level 1:colcon.colcon_core.package_identification:_identify(.) by extensions ['cmake', 'python']
[3.474s] Level 1:colcon.colcon_core.package_identification:_identify(.) by extension 'cmake'
[3.474s] Level 1:colcon.colcon_core.package_identification:_identify(.) by extension 'python'
[3.474s] Level 1:colcon.colcon_core.package_identification:_identify(.) by extensions ['python_setup_py']
[3.474s] Level 1:colcon.colcon_core.package_identification:_identify(.) by extension 'python_setup_py'
[3.474s] Level 1:colcon.colcon_core.package_identification:_identify(Session5) by extensions ['ignore', 'ignore_ament_install']
[3.474s] Level 1:colcon.colcon_core.package_identification:_identify(Session5) by extension 'ignore'
[3.474s] Level 1:colcon.colcon_core.package_identification:_identify(Session5) by extension 'ignore_ament_install'
[3.474s] Level 1:colcon.colcon_core.package_identification:_identify(Session5) by extensions ['colcon_pkg']
[3.474s] Level 1:colcon.colcon_core.package_identification:_identify(Session5) by extension 'colcon_pkg'
[3.474s] Level 1:colcon.colcon_core.package_identification:_identify(Session5) by extensions ['colcon_meta']
[3.474s] Level 1:colcon.colcon_core.package_identification:_identify(Session5) by extension 'colcon_meta'
[3.474s] Level 1:colcon.colcon_core.package_identification:_identify(Session5) by extensions ['ros']
[3.474s] Level 1:colcon.colcon_core.package_identification:_identify(Session5) by extension 'ros'
[3.474s] Level 1:colcon.colcon_core.package_identification:_identify(Session5) by extensions ['cmake', 'python']
[3.475s] Level 1:colcon.colcon_core.package_identification:_identify(Session5) by extension 'cmake'
[3.475s] Level 1:colcon.colcon_core.package_identification:_identify(Session5) by extension 'python'
[3.475s] Level 1:colcon.colcon_core.package_identification:_identify(Session5) by extensions ['python_setup_py']
[3.475s] Level 1:colcon.colcon_core.package_identification:_identify(Session5) by extension 'python_setup_py'
[3.475s] Level 1:colcon.colcon_core.package_identification:_identify(Session5/bme_ros2_navigation) by extensions ['ignore', 'ignore_ament_install']
[3.475s] Level 1:colcon.colcon_core.package_identification:_identify(Session5/bme_ros2_navigation) by extension 'ignore'
[3.475s] Level 1:colcon.colcon_core.package_identification:_identify(Session5/bme_ros2_navigation) by extension 'ignore_ament_install'
[3.475s] Level 1:colcon.colcon_core.package_identification:_identify(Session5/bme_ros2_navigation) by extensions ['colcon_pkg']
[3.475s] Level 1:colcon.colcon_core.package_identification:_identify(Session5/bme_ros2_navigation) by extension 'colcon_pkg'
[3.475s] Level 1:colcon.colcon_core.package_identification:_identify(Session5/bme_ros2_navigation) by extensions ['colcon_meta']
[3.475s] Level 1:colcon.colcon_core.package_identification:_identify(Session5/bme_ros2_navigation) by extension 'colcon_meta'
[3.475s] Level 1:colcon.colcon_core.package_identification:_identify(Session5/bme_ros2_navigation) by extensions ['ros']
[3.475s] Level 1:colcon.colcon_core.package_identification:_identify(Session5/bme_ros2_navigation) by extension 'ros'
[3.494s] DEBUG:colcon.colcon_core.package_identification:Package 'Session5/bme_ros2_navigation' with type 'ros.ament_cmake' and name 'bme_ros2_navigation'
[3.494s] Level 1:colcon.colcon_core.package_identification:_identify(Session5/bme_ros2_navigation_py) by extensions ['ignore', 'ignore_ament_install']
[3.494s] Level 1:colcon.colcon_core.package_identification:_identify(Session5/bme_ros2_navigation_py) by extension 'ignore'
[3.494s] Level 1:colcon.colcon_core.package_identification:_identify(Session5/bme_ros2_navigation_py) by extension 'ignore_ament_install'
[3.494s] Level 1:colcon.colcon_core.package_identification:_identify(Session5/bme_ros2_navigation_py) by extensions ['colcon_pkg']
[3.494s] Level 1:colcon.colcon_core.package_identification:_identify(Session5/bme_ros2_navigation_py) by extension 'colcon_pkg'
[3.494s] Level 1:colcon.colcon_core.package_identification:_identify(Session5/bme_ros2_navigation_py) by extensions ['colcon_meta']
[3.494s] Level 1:colcon.colcon_core.package_identification:_identify(Session5/bme_ros2_navigation_py) by extension 'colcon_meta'
[3.494s] Level 1:colcon.colcon_core.package_identification:_identify(Session5/bme_ros2_navigation_py) by extensions ['ros']
[3.494s] Level 1:colcon.colcon_core.package_identification:_identify(Session5/bme_ros2_navigation_py) by extension 'ros'
[3.495s] DEBUG:colcon.colcon_core.package_identification:Package 'Session5/bme_ros2_navigation_py' with type 'ros.ament_python' and name 'bme_ros2_navigation_py'
[3.495s] Level 1:colcon.colcon_core.package_identification:_identify(Session5/mogi_trajectory_server) by extensions ['ignore', 'ignore_ament_install']
[3.495s] Level 1:colcon.colcon_core.package_identification:_identify(Session5/mogi_trajectory_server) by extension 'ignore'
[3.495s] Level 1:colcon.colcon_core.package_identification:_identify(Session5/mogi_trajectory_server) by extension 'ignore_ament_install'
[3.496s] Level 1:colcon.colcon_core.package_identification:_identify(Session5/mogi_trajectory_server) by extensions ['colcon_pkg']
[3.496s] Level 1:colcon.colcon_core.package_identification:_identify(Session5/mogi_trajectory_server) by extension 'colcon_pkg'
[3.496s] Level 1:colcon.colcon_core.package_identification:_identify(Session5/mogi_trajectory_server) by extensions ['colcon_meta']
[3.496s] Level 1:colcon.colcon_core.package_identification:_identify(Session5/mogi_trajectory_server) by extension 'colcon_meta'
[3.496s] Level 1:colcon.colcon_core.package_identification:_identify(Session5/mogi_trajectory_server) by extensions ['ros']
[3.496s] Level 1:colcon.colcon_core.package_identification:_identify(Session5/mogi_trajectory_server) by extension 'ros'
[3.496s] DEBUG:colcon.colcon_core.package_identification:Package 'Session5/mogi_trajectory_server' with type 'ros.ament_python' and name 'mogi_trajectory_server'
[3.496s] Level 1:colcon.colcon_core.package_identification:_identify(Session5/src) by extensions ['ignore', 'ignore_ament_install']
[3.496s] Level 1:colcon.colcon_core.package_identification:_identify(Session5/src) by extension 'ignore'
[3.497s] Level 1:colcon.colcon_core.package_identification:_identify(Session5/src) by extension 'ignore_ament_install'
[3.497s] Level 1:colcon.colcon_core.package_identification:_identify(Session5/src) by extensions ['colcon_pkg']
[3.497s] Level 1:colcon.colcon_core.package_identification:_identify(Session5/src) by extension 'colcon_pkg'
[3.497s] Level 1:colcon.colcon_core.package_identification:_identify(Session5/src) by extensions ['colcon_meta']
[3.497s] Level 1:colcon.colcon_core.package_identification:_identify(Session5/src) by extension 'colcon_meta'
[3.497s] Level 1:colcon.colcon_core.package_identification:_identify(Session5/src) by extensions ['ros']
[3.497s] Level 1:colcon.colcon_core.package_identification:_identify(Session5/src) by extension 'ros'
[3.497s] Level 1:colcon.colcon_core.package_identification:_identify(Session5/src) by extensions ['cmake', 'python']
[3.497s] Level 1:colcon.colcon_core.package_identification:_identify(Session5/src) by extension 'cmake'
[3.497s] Level 1:colcon.colcon_core.package_identification:_identify(Session5/src) by extension 'python'
[3.497s] Level 1:colcon.colcon_core.package_identification:_identify(Session5/src) by extensions ['python_setup_py']
[3.497s] Level 1:colcon.colcon_core.package_identification:_identify(Session5/src) by extension 'python_setup_py'
[3.497s] Level 1:colcon.colcon_core.package_identification:_identify(Session5/src/nav2_patrol) by extensions ['ignore', 'ignore_ament_install']
[3.497s] Level 1:colcon.colcon_core.package_identification:_identify(Session5/src/nav2_patrol) by extension 'ignore'
[3.497s] Level 1:colcon.colcon_core.package_identification:_identify(Session5/src/nav2_patrol) by extension 'ignore_ament_install'
[3.497s] Level 1:colcon.colcon_core.package_identification:_identify(Session5/src/nav2_patrol) by extensions ['colcon_pkg']
[3.497s] Level 1:colcon.colcon_core.package_identification:_identify(Session5/src/nav2_patrol) by extension 'colcon_pkg'
[3.497s] Level 1:colcon.colcon_core.package_identification:_identify(Session5/src/nav2_patrol) by extensions ['colcon_meta']
[3.497s] Level 1:colcon.colcon_core.package_identification:_identify(Session5/src/nav2_patrol) by extension 'colcon_meta'
[3.498s] Level 1:colcon.colcon_core.package_identification:_identify(Session5/src/nav2_patrol) by extensions ['ros']
[3.498s] Level 1:colcon.colcon_core.package_identification:_identify(Session5/src/nav2_patrol) by extension 'ros'
[3.498s] DEBUG:colcon.colcon_core.package_identification:Package 'Session5/src/nav2_patrol' with type 'ros.ament_python' and name 'nav2_patrol'
[3.498s] Level 1:colcon.colcon_core.package_identification:_identify(build) by extensions ['ignore', 'ignore_ament_install']
[3.499s] Level 1:colcon.colcon_core.package_identification:_identify(build) by extension 'ignore'
[3.499s] Level 1:colcon.colcon_core.package_identification:_identify(build) ignored
[3.499s] Level 1:colcon.colcon_core.package_identification:_identify(install) by extensions ['ignore', 'ignore_ament_install']
[3.499s] Level 1:colcon.colcon_core.package_identification:_identify(install) by extension 'ignore'
[3.499s] Level 1:colcon.colcon_core.package_identification:_identify(install) ignored
[3.499s] Level 1:colcon.colcon_core.package_identification:_identify(log) by extensions ['ignore', 'ignore_ament_install']
[3.499s] Level 1:colcon.colcon_core.package_identification:_identify(log) by extension 'ignore'
[3.499s] Level 1:colcon.colcon_core.package_identification:_identify(log) ignored
[3.499s] Level 1:colcon.colcon_core.package_discovery:discover_packages(recursive) using defaults
[3.499s] Level 1:colcon.colcon_core.package_discovery:discover_packages(ignore) discover
[3.499s] Level 1:colcon.colcon_core.package_discovery:discover_packages(ignore) using defaults
[3.499s] Level 1:colcon.colcon_core.package_discovery:discover_packages(path) discover
[3.499s] Level 1:colcon.colcon_core.package_discovery:discover_packages(path) using defaults
[3.595s] INFO:colcon.colcon_core.package_selection:Skipping not selected package 'bme_ros2_navigation' in 'Session5/bme_ros2_navigation'
[3.595s] INFO:colcon.colcon_core.package_selection:Skipping not selected package 'bme_ros2_navigation_py' in 'Session5/bme_ros2_navigation_py'
[3.595s] INFO:colcon.colcon_core.package_selection:Skipping not selected package 'mogi_trajectory_server' in 'Session5/mogi_trajectory_server'
[3.604s] Level 1:colcon.colcon_core.package_discovery:discover_packages(prefix_path) check parameters
[3.604s] Level 1:colcon.colcon_core.package_discovery:discover_packages(prefix_path) discover
[3.676s] DEBUG:colcon.colcon_installed_package_information.package_discovery:Found 3 installed packages in /home/siddharth/sor_ws2/install
[3.678s] DEBUG:colcon.colcon_installed_package_information.package_discovery:Found 3 installed packages in /home/siddharth/sor_ws/install
[3.681s] DEBUG:colcon.colcon_installed_package_information.package_discovery:Found 3 installed packages in /home/siddharth/sor_ws1/install
[3.683s] DEBUG:colcon.colcon_installed_package_information.package_discovery:Found 2 installed packages in /home/siddharth/ros2_ws/install
[3.690s] DEBUG:colcon.colcon_installed_package_information.package_discovery:Found 446 installed packages in /opt/ros/jazzy
[3.694s] Level 1:colcon.colcon_core.package_discovery:discover_packages(prefix_path) using defaults
[4.086s] Level 5:colcon.colcon_core.verb:set package 'nav2_patrol' build argument 'cmake_args' from command line to 'None'
[4.086s] Level 5:colcon.colcon_core.verb:set package 'nav2_patrol' build argument 'cmake_target' from command line to 'None'
[4.086s] Level 5:colcon.colcon_core.verb:set package 'nav2_patrol' build argument 'cmake_target_skip_unavailable' from command line to 'False'
[4.086s] Level 5:colcon.colcon_core.verb:set package 'nav2_patrol' build argument 'cmake_clean_cache' from command line to 'False'
[4.086s] Level 5:colcon.colcon_core.verb:set package 'nav2_patrol' build argument 'cmake_clean_first' from command line to 'False'
[4.086s] Level 5:colcon.colcon_core.verb:set package 'nav2_patrol' build argument 'cmake_force_configure' from command line to 'False'
[4.086s] Level 5:colcon.colcon_core.verb:set package 'nav2_patrol' build argument 'ament_cmake_args' from command line to 'None'
[4.086s] Level 5:colcon.colcon_core.verb:set package 'nav2_patrol' build argument 'catkin_cmake_args' from command line to 'None'
[4.086s] Level 5:colcon.colcon_core.verb:set package 'nav2_patrol' build argument 'catkin_skip_building_tests' from command line to 'False'
[4.087s] DEBUG:colcon.colcon_core.verb:Building package 'nav2_patrol' with the following arguments: {'ament_cmake_args': None, 'build_base': '/home/siddharth/sor_ws2/build/nav2_patrol', 'catkin_cmake_args': None, 'catkin_skip_building_tests': False, 'cmake_args': None, 'cmake_clean_cache': False, 'cmake_clean_first': False, 'cmake_force_configure': False, 'cmake_target': None, 'cmake_target_skip_unavailable': False, 'install_base': '/home/siddharth/sor_ws2/install/nav2_patrol', 'merge_install': False, 'path': '/home/siddharth/sor_ws2/Session5/src/nav2_patrol', 'symlink_install': False, 'test_result_base': None}
[4.087s] INFO:colcon.colcon_core.executor:Executing jobs using 'parallel' executor
[4.088s] DEBUG:colcon.colcon_parallel_executor.executor.parallel:run_until_complete
[4.088s] INFO:colcon.colcon_ros.task.ament_python.build:Building ROS package in '/home/siddharth/sor_ws2/Session5/src/nav2_patrol' with build type 'ament_python'
[4.088s] Level 1:colcon.colcon_core.shell:create_environment_hook('nav2_patrol', 'ament_prefix_path')
[4.105s] INFO:colcon.colcon_core.plugin_system:Skipping extension 'colcon_core.shell.bat': Not used on non-Windows systems
[4.105s] INFO:colcon.colcon_core.shell:Creating environment hook '/home/siddharth/sor_ws2/install/nav2_patrol/share/nav2_patrol/hook/ament_prefix_path.ps1'
[4.117s] INFO:colcon.colcon_core.shell:Creating environment descriptor '/home/siddharth/sor_ws2/install/nav2_patrol/share/nav2_patrol/hook/ament_prefix_path.dsv'
[4.122s] INFO:colcon.colcon_core.shell:Creating environment hook '/home/siddharth/sor_ws2/install/nav2_patrol/share/nav2_patrol/hook/ament_prefix_path.sh'
[4.123s] INFO:colcon.colcon_core.shell:Skip shell extension 'powershell' for command environment: Not usable outside of PowerShell
[4.123s] DEBUG:colcon.colcon_core.shell:Skip shell extension 'dsv' for command environment
[4.482s] WARNING:colcon.colcon_ros.task.ament_python.build:Package 'nav2_patrol' doesn't explicitly install a marker in the package index (colcon-ros currently does it implicitly but that fallback will be removed in the future)
[4.483s] WARNING:colcon.colcon_ros.task.ament_python.build:Package 'nav2_patrol' doesn't explicitly install the 'package.xml' file (colcon-ros currently does it implicitly but that fallback will be removed in the future)
[4.484s] INFO:colcon.colcon_core.task.python.build:Building Python package in '/home/siddharth/sor_ws2/Session5/src/nav2_patrol'
[4.484s] INFO:colcon.colcon_core.shell:Skip shell extension 'powershell' for command environment: Not usable outside of PowerShell
[4.484s] DEBUG:colcon.colcon_core.shell:Skip shell extension 'dsv' for command environment
[10.366s] DEBUG:colcon.colcon_core.event_handler.log_command:Invoking command in '/home/siddharth/sor_ws2/Session5/src/nav2_patrol': DEBUGINFOD_URLS=https://debuginfod.ubuntu.com PYTHONPATH=/home/siddharth/sor_ws2/build/nav2_patrol/prefix_override:/usr/lib/python3/dist-packages/colcon_core/task/python/colcon_distutils_commands:/home/siddharth/sor_ws2/install/nav2_patrol/lib/python3.12/site-packages:${PYTHONPATH} /usr/bin/python3 -W ignore:setup.py install is deprecated -W ignore:easy_install command is deprecated setup.py egg_info --egg-base ../../../build/nav2_patrol build --build-base /home/siddharth/sor_ws2/build/nav2_patrol/build install --record /home/siddharth/sor_ws2/build/nav2_patrol/install.log --single-version-externally-managed
[11.145s] DEBUG:colcon.colcon_core.event_handler.log_command:Invoked command in '/home/siddharth/sor_ws2/Session5/src/nav2_patrol' returned '0': DEBUGINFOD_URLS=https://debuginfod.ubuntu.com PYTHONPATH=/home/siddharth/sor_ws2/build/nav2_patrol/prefix_override:/usr/lib/python3/dist-packages/colcon_core/task/python/colcon_distutils_commands:/home/siddharth/sor_ws2/install/nav2_patrol/lib/python3.12/site-packages:${PYTHONPATH} /usr/bin/python3 -W ignore:setup.py install is deprecated -W ignore:easy_install command is deprecated setup.py egg_info --egg-base ../../../build/nav2_patrol build --build-base /home/siddharth/sor_ws2/build/nav2_patrol/build install --record /home/siddharth/sor_ws2/build/nav2_patrol/install.log --single-version-externally-managed
[11.196s] Level 1:colcon.colcon_core.environment:checking '/home/siddharth/sor_ws2/install/nav2_patrol' for CMake module files
[11.197s] Level 1:colcon.colcon_core.environment:checking '/home/siddharth/sor_ws2/install/nav2_patrol' for CMake config files
[11.199s] Level 1:colcon.colcon_core.environment:checking '/home/siddharth/sor_ws2/install/nav2_patrol/lib'
[11.199s] Level 1:colcon.colcon_core.environment:checking '/home/siddharth/sor_ws2/install/nav2_patrol/bin'
[11.200s] Level 1:colcon.colcon_core.environment:checking '/home/siddharth/sor_ws2/install/nav2_patrol/lib/pkgconfig/nav2_patrol.pc'
[11.200s] Level 1:colcon.colcon_core.environment:checking '/home/siddharth/sor_ws2/install/nav2_patrol/lib/python3.12/site-packages'
[11.201s] Level 1:colcon.colcon_core.shell:create_environment_hook('nav2_patrol', 'pythonpath')
[11.201s] INFO:colcon.colcon_core.shell:Creating environment hook '/home/siddharth/sor_ws2/install/nav2_patrol/share/nav2_patrol/hook/pythonpath.ps1'
[11.202s] INFO:colcon.colcon_core.shell:Creating environment descriptor '/home/siddharth/sor_ws2/install/nav2_patrol/share/nav2_patrol/hook/pythonpath.dsv'
[11.203s] INFO:colcon.colcon_core.shell:Creating environment hook '/home/siddharth/sor_ws2/install/nav2_patrol/share/nav2_patrol/hook/pythonpath.sh'
[11.205s] Level 1:colcon.colcon_core.environment:checking '/home/siddharth/sor_ws2/install/nav2_patrol/bin'
[11.205s] Level 1:colcon.colcon_core.environment:create_environment_scripts_only(nav2_patrol)
[11.206s] INFO:colcon.colcon_core.shell:Creating package script '/home/siddharth/sor_ws2/install/nav2_patrol/share/nav2_patrol/package.ps1'
[11.221s] INFO:colcon.colcon_core.shell:Creating package descriptor '/home/siddharth/sor_ws2/install/nav2_patrol/share/nav2_patrol/package.dsv'
[11.236s] INFO:colcon.colcon_core.shell:Creating package script '/home/siddharth/sor_ws2/install/nav2_patrol/share/nav2_patrol/package.sh'
[11.238s] INFO:colcon.colcon_core.shell:Creating package script '/home/siddharth/sor_ws2/install/nav2_patrol/share/nav2_patrol/package.bash'
[11.249s] INFO:colcon.colcon_core.shell:Creating package script '/home/siddharth/sor_ws2/install/nav2_patrol/share/nav2_patrol/package.zsh'
[11.251s] Level 1:colcon.colcon_core.environment:create_file_with_runtime_dependencies(/home/siddharth/sor_ws2/install/nav2_patrol/share/colcon-core/packages/nav2_patrol)
[11.252s] DEBUG:colcon.colcon_parallel_executor.executor.parallel:closing loop
[11.253s] DEBUG:colcon.colcon_parallel_executor.executor.parallel:loop closed
[11.253s] DEBUG:colcon.colcon_parallel_executor.executor.parallel:run_until_complete finished with '0'
[11.253s] DEBUG:colcon.colcon_core.event_reactor:joining thread
[11.307s] INFO:colcon.colcon_core.plugin_system:Skipping extension 'colcon_notification.desktop_notification.terminal_notifier': Not used on non-Darwin systems
[11.307s] INFO:colcon.colcon_core.plugin_system:Skipping extension 'colcon_notification.desktop_notification.win32': Not used on non-Windows systems
[11.307s] INFO:colcon.colcon_notification.desktop_notification:Sending desktop notification using 'notify2'
[11.336s] DEBUG:colcon.colcon_core.event_reactor:joined thread
[11.336s] INFO:colcon.colcon_core.shell:Creating prefix script '/home/siddharth/sor_ws2/install/local_setup.ps1'
[11.342s] INFO:colcon.colcon_core.shell:Creating prefix util module '/home/siddharth/sor_ws2/install/_local_setup_util_ps1.py'
[11.360s] INFO:colcon.colcon_core.shell:Creating prefix chain script '/home/siddharth/sor_ws2/install/setup.ps1'
[11.365s] INFO:colcon.colcon_core.shell:Creating prefix script '/home/siddharth/sor_ws2/install/local_setup.sh'
[11.424s] INFO:colcon.colcon_core.shell:Creating prefix util module '/home/siddharth/sor_ws2/install/_local_setup_util_sh.py'
[11.426s] INFO:colcon.colcon_core.shell:Creating prefix chain script '/home/siddharth/sor_ws2/install/setup.sh'
[11.432s] INFO:colcon.colcon_core.shell:Creating prefix script '/home/siddharth/sor_ws2/install/local_setup.bash'
[11.433s] INFO:colcon.colcon_core.shell:Creating prefix chain script '/home/siddharth/sor_ws2/install/setup.bash'
[11.436s] INFO:colcon.colcon_core.shell:Creating prefix script '/home/siddharth/sor_ws2/install/local_setup.zsh'
[11.437s] INFO:colcon.colcon_core.shell:Creating prefix chain script '/home/siddharth/sor_ws2/install/setup.zsh'
