running egg_info
writing ../../../build/nav2_patrol/nav2_patrol.egg-info/PKG-INFO
writing dependency_links to ../../../build/nav2_patrol/nav2_patrol.egg-info/dependency_links.txt
writing entry points to ../../../build/nav2_patrol/nav2_patrol.egg-info/entry_points.txt
writing requirements to ../../../build/nav2_patrol/nav2_patrol.egg-info/requires.txt
writing top-level names to ../../../build/nav2_patrol/nav2_patrol.egg-info/top_level.txt
reading manifest file '../../../build/nav2_patrol/nav2_patrol.egg-info/SOURCES.txt'
writing manifest file '../../../build/nav2_patrol/nav2_patrol.egg-info/SOURCES.txt'
running build
running build_py
copying nav2_patrol/patrol_node.py -> /home/siddharth/sor_ws2/build/nav2_patrol/build/lib/nav2_patrol
copying nav2_patrol/waypoint_patroller.py -> /home/siddharth/sor_ws2/build/nav2_patrol/build/lib/nav2_patrol
running install
running install_lib
copying /home/siddharth/sor_ws2/build/nav2_patrol/build/lib/nav2_patrol/patrol_node.py -> /home/siddharth/sor_ws2/install/nav2_patrol/lib/python3.12/site-packages/nav2_patrol
copying /home/siddharth/sor_ws2/build/nav2_patrol/build/lib/nav2_patrol/waypoint_patroller.py -> /home/siddharth/sor_ws2/install/nav2_patrol/lib/python3.12/site-packages/nav2_patrol
byte-compiling /home/siddharth/sor_ws2/install/nav2_patrol/lib/python3.12/site-packages/nav2_patrol/patrol_node.py to patrol_node.cpython-312.pyc
byte-compiling /home/siddharth/sor_ws2/install/nav2_patrol/lib/python3.12/site-packages/nav2_patrol/waypoint_patroller.py to waypoint_patroller.cpython-312.pyc
running install_egg_info
removing '/home/siddharth/sor_ws2/install/nav2_patrol/lib/python3.12/site-packages/nav2_patrol-0.0.0-py3.12.egg-info' (and everything under it)
Copying ../../../build/nav2_patrol/nav2_patrol.egg-info to /home/siddharth/sor_ws2/install/nav2_patrol/lib/python3.12/site-packages/nav2_patrol-0.0.0-py3.12.egg-info
running install_scripts
Installing patrol_node script to /home/siddharth/sor_ws2/install/nav2_patrol/lib/nav2_patrol
writing list of installed files to '/home/siddharth/sor_ws2/build/nav2_patrol/install.log'
