[1.959s] Invoking command in '/home/siddharth/sor_ws2/Session5/src/nav2_patrol': DEBUGINFOD_URLS=https://debuginfod.ubuntu.com PYTHONPATH=/home/siddharth/sor_ws2/build/nav2_patrol/prefix_override:/usr/lib/python3/dist-packages/colcon_core/task/python/colcon_distutils_commands:/home/siddharth/sor_ws2/install/nav2_patrol/lib/python3.12/site-packages:${PYTHONPATH} /usr/bin/python3 -W ignore:setup.py install is deprecated -W ignore:easy_install command is deprecated setup.py egg_info --egg-base ../../../build/nav2_patrol build --build-base /home/siddharth/sor_ws2/build/nav2_patrol/build install --record /home/siddharth/sor_ws2/build/nav2_patrol/install.log --single-version-externally-managed
[2.351s] running egg_info
[2.386s] writing ../../../build/nav2_patrol/nav2_patrol.egg-info/PKG-INFO
[2.386s] writing dependency_links to ../../../build/nav2_patrol/nav2_patrol.egg-info/dependency_links.txt
[2.387s] writing entry points to ../../../build/nav2_patrol/nav2_patrol.egg-info/entry_points.txt
[2.387s] writing requirements to ../../../build/nav2_patrol/nav2_patrol.egg-info/requires.txt
[2.387s] writing top-level names to ../../../build/nav2_patrol/nav2_patrol.egg-info/top_level.txt
[2.460s] reading manifest file '../../../build/nav2_patrol/nav2_patrol.egg-info/SOURCES.txt'
[2.462s] writing manifest file '../../../build/nav2_patrol/nav2_patrol.egg-info/SOURCES.txt'
[2.462s] running build
[2.462s] running build_py
[2.463s] copying nav2_patrol/patrol_node.py -> /home/siddharth/sor_ws2/build/nav2_patrol/build/lib/nav2_patrol
[2.463s] copying nav2_patrol/waypoint_patroller.py -> /home/siddharth/sor_ws2/build/nav2_patrol/build/lib/nav2_patrol
[2.463s] running install
[2.476s] running install_lib
[2.510s] copying /home/siddharth/sor_ws2/build/nav2_patrol/build/lib/nav2_patrol/patrol_node.py -> /home/siddharth/sor_ws2/install/nav2_patrol/lib/python3.12/site-packages/nav2_patrol
[2.511s] copying /home/siddharth/sor_ws2/build/nav2_patrol/build/lib/nav2_patrol/waypoint_patroller.py -> /home/siddharth/sor_ws2/install/nav2_patrol/lib/python3.12/site-packages/nav2_patrol
[2.512s] byte-compiling /home/siddharth/sor_ws2/install/nav2_patrol/lib/python3.12/site-packages/nav2_patrol/patrol_node.py to patrol_node.cpython-312.pyc
[2.513s] byte-compiling /home/siddharth/sor_ws2/install/nav2_patrol/lib/python3.12/site-packages/nav2_patrol/waypoint_patroller.py to waypoint_patroller.cpython-312.pyc
[2.514s] running install_egg_info
[2.552s] removing '/home/siddharth/sor_ws2/install/nav2_patrol/lib/python3.12/site-packages/nav2_patrol-0.0.0-py3.12.egg-info' (and everything under it)
[2.552s] Copying ../../../build/nav2_patrol/nav2_patrol.egg-info to /home/siddharth/sor_ws2/install/nav2_patrol/lib/python3.12/site-packages/nav2_patrol-0.0.0-py3.12.egg-info
[2.554s] running install_scripts
[2.782s] Installing patrol_node script to /home/siddharth/sor_ws2/install/nav2_patrol/lib/nav2_patrol
[2.782s] writing list of installed files to '/home/siddharth/sor_ws2/build/nav2_patrol/install.log'
[2.847s] Invoked command in '/home/siddharth/sor_ws2/Session5/src/nav2_patrol' returned '0': DEBUGINFOD_URLS=https://debuginfod.ubuntu.com PYTHONPATH=/home/siddharth/sor_ws2/build/nav2_patrol/prefix_override:/usr/lib/python3/dist-packages/colcon_core/task/python/colcon_distutils_commands:/home/siddharth/sor_ws2/install/nav2_patrol/lib/python3.12/site-packages:${PYTHONPATH} /usr/bin/python3 -W ignore:setup.py install is deprecated -W ignore:easy_install command is deprecated setup.py egg_info --egg-base ../../../build/nav2_patrol build --build-base /home/siddharth/sor_ws2/build/nav2_patrol/build install --record /home/siddharth/sor_ws2/build/nav2_patrol/install.log --single-version-externally-managed
