-- Install configuration: ""
-- Up-to-date: /home/siddharth/sor_ws1/install/bme_ros2_simple_arm/share/bme_ros2_simple_arm/config
-- Up-to-date: /home/siddharth/sor_ws1/install/bme_ros2_simple_arm/share/bme_ros2_simple_arm/config/controller_position.yaml
-- Up-to-date: /home/siddharth/sor_ws1/install/bme_ros2_simple_arm/share/bme_ros2_simple_arm/config/gz_bridge.yaml
-- Up-to-date: /home/siddharth/sor_ws1/install/bme_ros2_simple_arm/share/bme_ros2_simple_arm/launch
-- Up-to-date: /home/siddharth/sor_ws1/install/bme_ros2_simple_arm/share/bme_ros2_simple_arm/launch/check_urdf.launch.py
-- Up-to-date: /home/siddharth/sor_ws1/install/bme_ros2_simple_arm/share/bme_ros2_simple_arm/launch/world.launch.py
-- Up-to-date: /home/siddharth/sor_ws1/install/bme_ros2_simple_arm/share/bme_ros2_simple_arm/launch/spawn_robot.launch.py
-- Up-to-date: /home/siddharth/sor_ws1/install/bme_ros2_simple_arm/share/bme_ros2_simple_arm/worlds
-- Up-to-date: /home/siddharth/sor_ws1/install/bme_ros2_simple_arm/share/bme_ros2_simple_arm/worlds/world.sdf
-- Up-to-date: /home/siddharth/sor_ws1/install/bme_ros2_simple_arm/share/bme_ros2_simple_arm/worlds/empty.sdf
-- Up-to-date: /home/siddharth/sor_ws1/install/bme_ros2_simple_arm/share/bme_ros2_simple_arm/rviz
-- Up-to-date: /home/siddharth/sor_ws1/install/bme_ros2_simple_arm/share/bme_ros2_simple_arm/rviz/rviz.rviz
-- Up-to-date: /home/siddharth/sor_ws1/install/bme_ros2_simple_arm/share/bme_ros2_simple_arm/rviz/urdf.rviz
-- Up-to-date: /home/siddharth/sor_ws1/install/bme_ros2_simple_arm/share/bme_ros2_simple_arm/urdf
-- Up-to-date: /home/siddharth/sor_ws1/install/bme_ros2_simple_arm/share/bme_ros2_simple_arm/urdf/mogi_arm.xacro
-- Up-to-date: /home/siddharth/sor_ws1/install/bme_ros2_simple_arm/share/bme_ros2_simple_arm/urdf/mogi_arm.gazebo
-- Up-to-date: /home/siddharth/sor_ws1/install/bme_ros2_simple_arm/share/bme_ros2_simple_arm/urdf/materials.xacro
-- Up-to-date: /home/siddharth/sor_ws1/install/bme_ros2_simple_arm/share/bme_ros2_simple_arm/meshes
-- Up-to-date: /home/siddharth/sor_ws1/install/bme_ros2_simple_arm/share/bme_ros2_simple_arm/meshes/forearm.STL
-- Up-to-date: /home/siddharth/sor_ws1/install/bme_ros2_simple_arm/share/bme_ros2_simple_arm/meshes/forearm.blend
-- Up-to-date: /home/siddharth/sor_ws1/install/bme_ros2_simple_arm/share/bme_ros2_simple_arm/meshes/upper_arm.STL
-- Up-to-date: /home/siddharth/sor_ws1/install/bme_ros2_simple_arm/share/bme_ros2_simple_arm/meshes/wrist.STEP
-- Up-to-date: /home/siddharth/sor_ws1/install/bme_ros2_simple_arm/share/bme_ros2_simple_arm/meshes/shoulder.STL
-- Up-to-date: /home/siddharth/sor_ws1/install/bme_ros2_simple_arm/share/bme_ros2_simple_arm/meshes/forearm.STEP
-- Up-to-date: /home/siddharth/sor_ws1/install/bme_ros2_simple_arm/share/bme_ros2_simple_arm/meshes/shoulder.blend
-- Up-to-date: /home/siddharth/sor_ws1/install/bme_ros2_simple_arm/share/bme_ros2_simple_arm/meshes/wrist.SLDPRT
-- Up-to-date: /home/siddharth/sor_ws1/install/bme_ros2_simple_arm/share/bme_ros2_simple_arm/meshes/forearm.SLDPRT
-- Up-to-date: /home/siddharth/sor_ws1/install/bme_ros2_simple_arm/share/bme_ros2_simple_arm/meshes/wrist.dae
-- Up-to-date: /home/siddharth/sor_ws1/install/bme_ros2_simple_arm/share/bme_ros2_simple_arm/meshes/shoulder.SLDPRT
-- Up-to-date: /home/siddharth/sor_ws1/install/bme_ros2_simple_arm/share/bme_ros2_simple_arm/meshes/forearm.dae
-- Up-to-date: /home/siddharth/sor_ws1/install/bme_ros2_simple_arm/share/bme_ros2_simple_arm/meshes/upper_arm.blend
-- Up-to-date: /home/siddharth/sor_ws1/install/bme_ros2_simple_arm/share/bme_ros2_simple_arm/meshes/upper_arm.dae
-- Up-to-date: /home/siddharth/sor_ws1/install/bme_ros2_simple_arm/share/bme_ros2_simple_arm/meshes/wrist.blend
-- Up-to-date: /home/siddharth/sor_ws1/install/bme_ros2_simple_arm/share/bme_ros2_simple_arm/meshes/wrist.STL
-- Up-to-date: /home/siddharth/sor_ws1/install/bme_ros2_simple_arm/share/bme_ros2_simple_arm/meshes/upper_arm.STEP
-- Up-to-date: /home/siddharth/sor_ws1/install/bme_ros2_simple_arm/share/bme_ros2_simple_arm/meshes/upper_arm.SLDPRT
-- Up-to-date: /home/siddharth/sor_ws1/install/bme_ros2_simple_arm/share/bme_ros2_simple_arm/meshes/shoulder.dae
-- Up-to-date: /home/siddharth/sor_ws1/install/bme_ros2_simple_arm/share/bme_ros2_simple_arm/meshes/shoulder.STEP
-- Up-to-date: /home/siddharth/sor_ws1/install/bme_ros2_simple_arm/share/ament_index/resource_index/package_run_dependencies/bme_ros2_simple_arm
-- Up-to-date: /home/siddharth/sor_ws1/install/bme_ros2_simple_arm/share/ament_index/resource_index/parent_prefix_path/bme_ros2_simple_arm
-- Up-to-date: /home/siddharth/sor_ws1/install/bme_ros2_simple_arm/share/bme_ros2_simple_arm/environment/ament_prefix_path.sh
-- Up-to-date: /home/siddharth/sor_ws1/install/bme_ros2_simple_arm/share/bme_ros2_simple_arm/environment/ament_prefix_path.dsv
-- Up-to-date: /home/siddharth/sor_ws1/install/bme_ros2_simple_arm/share/bme_ros2_simple_arm/environment/path.sh
-- Up-to-date: /home/siddharth/sor_ws1/install/bme_ros2_simple_arm/share/bme_ros2_simple_arm/environment/path.dsv
-- Up-to-date: /home/siddharth/sor_ws1/install/bme_ros2_simple_arm/share/bme_ros2_simple_arm/local_setup.bash
-- Up-to-date: /home/siddharth/sor_ws1/install/bme_ros2_simple_arm/share/bme_ros2_simple_arm/local_setup.sh
-- Up-to-date: /home/siddharth/sor_ws1/install/bme_ros2_simple_arm/share/bme_ros2_simple_arm/local_setup.zsh
-- Up-to-date: /home/siddharth/sor_ws1/install/bme_ros2_simple_arm/share/bme_ros2_simple_arm/local_setup.dsv
-- Installing: /home/siddharth/sor_ws1/install/bme_ros2_simple_arm/share/bme_ros2_simple_arm/package.dsv
-- Up-to-date: /home/siddharth/sor_ws1/install/bme_ros2_simple_arm/share/ament_index/resource_index/packages/bme_ros2_simple_arm
-- Up-to-date: /home/siddharth/sor_ws1/install/bme_ros2_simple_arm/share/bme_ros2_simple_arm/cmake/bme_ros2_simple_armConfig.cmake
-- Up-to-date: /home/siddharth/sor_ws1/install/bme_ros2_simple_arm/share/bme_ros2_simple_arm/cmake/bme_ros2_simple_armConfig-version.cmake
-- Up-to-date: /home/siddharth/sor_ws1/install/bme_ros2_simple_arm/share/bme_ros2_simple_arm/package.xml
