[0.037s] Invoking command in '/home/siddharth/sor_ws1/build/bme_ros2_simple_arm': CMAKE_PREFIX_PATH=${CMAKE_PREFIX_PATH}:/home/siddharth/sor_ws/install/trajectory_server:/home/siddharth/sor_ws/install/erc_gazebo_sensors_py:/home/siddharth/sor_ws2/install/mogi_trajectory_server:/home/siddharth/sor_ws2/install/bme_ros2_navigation_py:/home/siddharth/sor_ws1/install/bme_ros2_simple_arm_py:/opt/ros/jazzy DEBUGINFOD_URLS=https://debuginfod.ubuntu.com /usr/bin/cmake --build /home/siddharth/sor_ws1/build/bme_ros2_simple_arm -- -j8 -l8
[0.470s] Invoked command in '/home/siddharth/sor_ws1/build/bme_ros2_simple_arm' returned '0': CMAKE_PREFIX_PATH=${CMAKE_PREFIX_PATH}:/home/siddharth/sor_ws/install/trajectory_server:/home/siddharth/sor_ws/install/erc_gazebo_sensors_py:/home/siddharth/sor_ws2/install/mogi_trajectory_server:/home/siddharth/sor_ws2/install/bme_ros2_navigation_py:/home/siddharth/sor_ws1/install/bme_ros2_simple_arm_py:/opt/ros/jazzy DEBUGINFOD_URLS=https://debuginfod.ubuntu.com /usr/bin/cmake --build /home/siddharth/sor_ws1/build/bme_ros2_simple_arm -- -j8 -l8
[0.495s] Invoking command in '/home/siddharth/sor_ws1/build/bme_ros2_simple_arm': CMAKE_PREFIX_PATH=${CMAKE_PREFIX_PATH}:/home/siddharth/sor_ws/install/trajectory_server:/home/siddharth/sor_ws/install/erc_gazebo_sensors_py:/home/siddharth/sor_ws2/install/mogi_trajectory_server:/home/siddharth/sor_ws2/install/bme_ros2_navigation_py:/home/siddharth/sor_ws1/install/bme_ros2_simple_arm_py:/opt/ros/jazzy DEBUGINFOD_URLS=https://debuginfod.ubuntu.com /usr/bin/cmake --install /home/siddharth/sor_ws1/build/bme_ros2_simple_arm
[0.522s] -- Install configuration: ""
[0.522s] -- Up-to-date: /home/siddharth/sor_ws1/install/bme_ros2_simple_arm/share/bme_ros2_simple_arm/config
[0.523s] -- Up-to-date: /home/siddharth/sor_ws1/install/bme_ros2_simple_arm/share/bme_ros2_simple_arm/config/controller_position.yaml
[0.523s] -- Up-to-date: /home/siddharth/sor_ws1/install/bme_ros2_simple_arm/share/bme_ros2_simple_arm/config/gz_bridge.yaml
[0.523s] -- Up-to-date: /home/siddharth/sor_ws1/install/bme_ros2_simple_arm/share/bme_ros2_simple_arm/launch
[0.524s] -- Up-to-date: /home/siddharth/sor_ws1/install/bme_ros2_simple_arm/share/bme_ros2_simple_arm/launch/check_urdf.launch.py
[0.524s] -- Up-to-date: /home/siddharth/sor_ws1/install/bme_ros2_simple_arm/share/bme_ros2_simple_arm/launch/world.launch.py
[0.525s] -- Up-to-date: /home/siddharth/sor_ws1/install/bme_ros2_simple_arm/share/bme_ros2_simple_arm/launch/spawn_robot.launch.py
[0.525s] -- Up-to-date: /home/siddharth/sor_ws1/install/bme_ros2_simple_arm/share/bme_ros2_simple_arm/worlds
[0.526s] -- Up-to-date: /home/siddharth/sor_ws1/install/bme_ros2_simple_arm/share/bme_ros2_simple_arm/worlds/world.sdf
[0.526s] -- Up-to-date: /home/siddharth/sor_ws1/install/bme_ros2_simple_arm/share/bme_ros2_simple_arm/worlds/empty.sdf
[0.526s] -- Up-to-date: /home/siddharth/sor_ws1/install/bme_ros2_simple_arm/share/bme_ros2_simple_arm/rviz
[0.527s] -- Up-to-date: /home/siddharth/sor_ws1/install/bme_ros2_simple_arm/share/bme_ros2_simple_arm/rviz/rviz.rviz
[0.527s] -- Up-to-date: /home/siddharth/sor_ws1/install/bme_ros2_simple_arm/share/bme_ros2_simple_arm/rviz/urdf.rviz
[0.527s] -- Up-to-date: /home/siddharth/sor_ws1/install/bme_ros2_simple_arm/share/bme_ros2_simple_arm/urdf
[0.528s] -- Up-to-date: /home/siddharth/sor_ws1/install/bme_ros2_simple_arm/share/bme_ros2_simple_arm/urdf/mogi_arm.xacro
[0.528s] -- Up-to-date: /home/siddharth/sor_ws1/install/bme_ros2_simple_arm/share/bme_ros2_simple_arm/urdf/mogi_arm.gazebo
[0.528s] -- Up-to-date: /home/siddharth/sor_ws1/install/bme_ros2_simple_arm/share/bme_ros2_simple_arm/urdf/materials.xacro
[0.529s] -- Up-to-date: /home/siddharth/sor_ws1/install/bme_ros2_simple_arm/share/bme_ros2_simple_arm/meshes
[0.529s] -- Up-to-date: /home/siddharth/sor_ws1/install/bme_ros2_simple_arm/share/bme_ros2_simple_arm/meshes/forearm.STL
[0.529s] -- Up-to-date: /home/siddharth/sor_ws1/install/bme_ros2_simple_arm/share/bme_ros2_simple_arm/meshes/forearm.blend
[0.530s] -- Up-to-date: /home/siddharth/sor_ws1/install/bme_ros2_simple_arm/share/bme_ros2_simple_arm/meshes/upper_arm.STL
[0.530s] -- Up-to-date: /home/siddharth/sor_ws1/install/bme_ros2_simple_arm/share/bme_ros2_simple_arm/meshes/wrist.STEP
[0.530s] -- Up-to-date: /home/siddharth/sor_ws1/install/bme_ros2_simple_arm/share/bme_ros2_simple_arm/meshes/shoulder.STL
[0.531s] -- Up-to-date: /home/siddharth/sor_ws1/install/bme_ros2_simple_arm/share/bme_ros2_simple_arm/meshes/forearm.STEP
[0.531s] -- Up-to-date: /home/siddharth/sor_ws1/install/bme_ros2_simple_arm/share/bme_ros2_simple_arm/meshes/shoulder.blend
[0.532s] -- Up-to-date: /home/siddharth/sor_ws1/install/bme_ros2_simple_arm/share/bme_ros2_simple_arm/meshes/wrist.SLDPRT
[0.532s] -- Up-to-date: /home/siddharth/sor_ws1/install/bme_ros2_simple_arm/share/bme_ros2_simple_arm/meshes/forearm.SLDPRT
[0.532s] -- Up-to-date: /home/siddharth/sor_ws1/install/bme_ros2_simple_arm/share/bme_ros2_simple_arm/meshes/wrist.dae
[0.533s] -- Up-to-date: /home/siddharth/sor_ws1/install/bme_ros2_simple_arm/share/bme_ros2_simple_arm/meshes/shoulder.SLDPRT
[0.533s] -- Up-to-date: /home/siddharth/sor_ws1/install/bme_ros2_simple_arm/share/bme_ros2_simple_arm/meshes/forearm.dae
[0.534s] -- Up-to-date: /home/siddharth/sor_ws1/install/bme_ros2_simple_arm/share/bme_ros2_simple_arm/meshes/upper_arm.blend
[0.534s] -- Up-to-date: /home/siddharth/sor_ws1/install/bme_ros2_simple_arm/share/bme_ros2_simple_arm/meshes/upper_arm.dae
[0.535s] -- Up-to-date: /home/siddharth/sor_ws1/install/bme_ros2_simple_arm/share/bme_ros2_simple_arm/meshes/wrist.blend
[0.536s] -- Up-to-date: /home/siddharth/sor_ws1/install/bme_ros2_simple_arm/share/bme_ros2_simple_arm/meshes/wrist.STL
[0.536s] -- Up-to-date: /home/siddharth/sor_ws1/install/bme_ros2_simple_arm/share/bme_ros2_simple_arm/meshes/upper_arm.STEP
[0.537s] -- Up-to-date: /home/siddharth/sor_ws1/install/bme_ros2_simple_arm/share/bme_ros2_simple_arm/meshes/upper_arm.SLDPRT
[0.537s] -- Up-to-date: /home/siddharth/sor_ws1/install/bme_ros2_simple_arm/share/bme_ros2_simple_arm/meshes/shoulder.dae
[0.537s] -- Up-to-date: /home/siddharth/sor_ws1/install/bme_ros2_simple_arm/share/bme_ros2_simple_arm/meshes/shoulder.STEP
[0.538s] -- Up-to-date: /home/siddharth/sor_ws1/install/bme_ros2_simple_arm/share/ament_index/resource_index/package_run_dependencies/bme_ros2_simple_arm
[0.538s] -- Up-to-date: /home/siddharth/sor_ws1/install/bme_ros2_simple_arm/share/ament_index/resource_index/parent_prefix_path/bme_ros2_simple_arm
[0.538s] -- Up-to-date: /home/siddharth/sor_ws1/install/bme_ros2_simple_arm/share/bme_ros2_simple_arm/environment/ament_prefix_path.sh
[0.539s] -- Up-to-date: /home/siddharth/sor_ws1/install/bme_ros2_simple_arm/share/bme_ros2_simple_arm/environment/ament_prefix_path.dsv
[0.539s] -- Up-to-date: /home/siddharth/sor_ws1/install/bme_ros2_simple_arm/share/bme_ros2_simple_arm/environment/path.sh
[0.540s] -- Up-to-date: /home/siddharth/sor_ws1/install/bme_ros2_simple_arm/share/bme_ros2_simple_arm/environment/path.dsv
[0.540s] -- Up-to-date: /home/siddharth/sor_ws1/install/bme_ros2_simple_arm/share/bme_ros2_simple_arm/local_setup.bash
[0.541s] -- Up-to-date: /home/siddharth/sor_ws1/install/bme_ros2_simple_arm/share/bme_ros2_simple_arm/local_setup.sh
[0.542s] -- Up-to-date: /home/siddharth/sor_ws1/install/bme_ros2_simple_arm/share/bme_ros2_simple_arm/local_setup.zsh
[0.542s] -- Up-to-date: /home/siddharth/sor_ws1/install/bme_ros2_simple_arm/share/bme_ros2_simple_arm/local_setup.dsv
[0.542s] -- Installing: /home/siddharth/sor_ws1/install/bme_ros2_simple_arm/share/bme_ros2_simple_arm/package.dsv
[0.543s] -- Up-to-date: /home/siddharth/sor_ws1/install/bme_ros2_simple_arm/share/ament_index/resource_index/packages/bme_ros2_simple_arm
[0.543s] -- Up-to-date: /home/siddharth/sor_ws1/install/bme_ros2_simple_arm/share/bme_ros2_simple_arm/cmake/bme_ros2_simple_armConfig.cmake
[0.543s] -- Up-to-date: /home/siddharth/sor_ws1/install/bme_ros2_simple_arm/share/bme_ros2_simple_arm/cmake/bme_ros2_simple_armConfig-version.cmake
[0.544s] -- Up-to-date: /home/siddharth/sor_ws1/install/bme_ros2_simple_arm/share/bme_ros2_simple_arm/package.xml
[0.544s] Invoked command in '/home/siddharth/sor_ws1/build/bme_ros2_simple_arm' returned '0': CMAKE_PREFIX_PATH=${CMAKE_PREFIX_PATH}:/home/siddharth/sor_ws/install/trajectory_server:/home/siddharth/sor_ws/install/erc_gazebo_sensors_py:/home/siddharth/sor_ws2/install/mogi_trajectory_server:/home/siddharth/sor_ws2/install/bme_ros2_navigation_py:/home/siddharth/sor_ws1/install/bme_ros2_simple_arm_py:/opt/ros/jazzy DEBUGINFOD_URLS=https://debuginfod.ubuntu.com /usr/bin/cmake --install /home/siddharth/sor_ws1/build/bme_ros2_simple_arm
