[1.275s] Invoking command in '/home/siddharth/sor_ws1/Session5/custom_ik_arm': DEBUGINFOD_URLS=https://debuginfod.ubuntu.com PYTHONPATH=/home/siddharth/sor_ws1/build/custom_ik_arm/prefix_override:/usr/lib/python3/dist-packages/colcon_core/task/python/colcon_distutils_commands:/home/siddharth/sor_ws1/install/custom_ik_arm/lib/python3.12/site-packages:${PYTHONPATH} /usr/bin/python3 -W ignore:setup.py install is deprecated -W ignore:easy_install command is deprecated setup.py egg_info --egg-base ../../build/custom_ik_arm build --build-base /home/siddharth/sor_ws1/build/custom_ik_arm/build install --record /home/siddharth/sor_ws1/build/custom_ik_arm/install.log --single-version-externally-managed install_data
[1.701s] running egg_info
[1.701s] creating ../../build/custom_ik_arm/custom_ik_arm.egg-info
[1.731s] writing ../../build/custom_ik_arm/custom_ik_arm.egg-info/PKG-INFO
[1.732s] writing dependency_links to ../../build/custom_ik_arm/custom_ik_arm.egg-info/dependency_links.txt
[1.732s] writing entry points to ../../build/custom_ik_arm/custom_ik_arm.egg-info/entry_points.txt
[1.733s] writing requirements to ../../build/custom_ik_arm/custom_ik_arm.egg-info/requires.txt
[1.733s] writing top-level names to ../../build/custom_ik_arm/custom_ik_arm.egg-info/top_level.txt
[1.733s] writing manifest file '../../build/custom_ik_arm/custom_ik_arm.egg-info/SOURCES.txt'
[1.798s] reading manifest file '../../build/custom_ik_arm/custom_ik_arm.egg-info/SOURCES.txt'
[1.798s] writing manifest file '../../build/custom_ik_arm/custom_ik_arm.egg-info/SOURCES.txt'
[1.799s] running build
[1.799s] running build_py
[1.800s] creating /home/siddharth/sor_ws1/build/custom_ik_arm/build
[1.800s] creating /home/siddharth/sor_ws1/build/custom_ik_arm/build/lib
[1.801s] creating /home/siddharth/sor_ws1/build/custom_ik_arm/build/lib/custom_ik_arm
[1.801s] copying custom_ik_arm/__init__.py -> /home/siddharth/sor_ws1/build/custom_ik_arm/build/lib/custom_ik_arm
[1.801s] copying custom_ik_arm/ik_trajectory.py -> /home/siddharth/sor_ws1/build/custom_ik_arm/build/lib/custom_ik_arm
[1.802s] running install
[1.809s] running install_lib
[1.840s] creating /home/siddharth/sor_ws1/install/custom_ik_arm/lib/python3.12/site-packages/custom_ik_arm
[1.841s] copying /home/siddharth/sor_ws1/build/custom_ik_arm/build/lib/custom_ik_arm/__init__.py -> /home/siddharth/sor_ws1/install/custom_ik_arm/lib/python3.12/site-packages/custom_ik_arm
[1.841s] copying /home/siddharth/sor_ws1/build/custom_ik_arm/build/lib/custom_ik_arm/ik_trajectory.py -> /home/siddharth/sor_ws1/install/custom_ik_arm/lib/python3.12/site-packages/custom_ik_arm
[1.841s] byte-compiling /home/siddharth/sor_ws1/install/custom_ik_arm/lib/python3.12/site-packages/custom_ik_arm/__init__.py to __init__.cpython-312.pyc
[1.842s] byte-compiling /home/siddharth/sor_ws1/install/custom_ik_arm/lib/python3.12/site-packages/custom_ik_arm/ik_trajectory.py to ik_trajectory.cpython-312.pyc
[1.842s] running install_data
[1.843s] creating /home/siddharth/sor_ws1/install/custom_ik_arm/share/ament_index
[1.843s] creating /home/siddharth/sor_ws1/install/custom_ik_arm/share/ament_index/resource_index
[1.843s] creating /home/siddharth/sor_ws1/install/custom_ik_arm/share/ament_index/resource_index/packages
[1.844s] copying resource/custom_ik_arm -> /home/siddharth/sor_ws1/install/custom_ik_arm/share/ament_index/resource_index/packages
[1.844s] copying package.xml -> /home/siddharth/sor_ws1/install/custom_ik_arm/share/custom_ik_arm
[1.844s] running install_egg_info
[1.875s] Copying ../../build/custom_ik_arm/custom_ik_arm.egg-info to /home/siddharth/sor_ws1/install/custom_ik_arm/lib/python3.12/site-packages/custom_ik_arm-0.0.0-py3.12.egg-info
[1.876s] running install_scripts
[2.078s] Installing ik_trajectory script to /home/siddharth/sor_ws1/install/custom_ik_arm/lib/custom_ik_arm
[2.078s] writing list of installed files to '/home/siddharth/sor_ws1/build/custom_ik_arm/install.log'
[2.134s] Invoked command in '/home/siddharth/sor_ws1/Session5/custom_ik_arm' returned '0': DEBUGINFOD_URLS=https://debuginfod.ubuntu.com PYTHONPATH=/home/siddharth/sor_ws1/build/custom_ik_arm/prefix_override:/usr/lib/python3/dist-packages/colcon_core/task/python/colcon_distutils_commands:/home/siddharth/sor_ws1/install/custom_ik_arm/lib/python3.12/site-packages:${PYTHONPATH} /usr/bin/python3 -W ignore:setup.py install is deprecated -W ignore:easy_install command is deprecated setup.py egg_info --egg-base ../../build/custom_ik_arm build --build-base /home/siddharth/sor_ws1/build/custom_ik_arm/build install --record /home/siddharth/sor_ws1/build/custom_ik_arm/install.log --single-version-externally-managed install_data
