running egg_info
creating ../../build/bme_ros2_navigation_py/bme_ros2_navigation_py.egg-info
writing ../../build/bme_ros2_navigation_py/bme_ros2_navigation_py.egg-info/PKG-INFO
writing dependency_links to ../../build/bme_ros2_navigation_py/bme_ros2_navigation_py.egg-info/dependency_links.txt
writing entry points to ../../build/bme_ros2_navigation_py/bme_ros2_navigation_py.egg-info/entry_points.txt
writing requirements to ../../build/bme_ros2_navigation_py/bme_ros2_navigation_py.egg-info/requires.txt
writing top-level names to ../../build/bme_ros2_navigation_py/bme_ros2_navigation_py.egg-info/top_level.txt
writing manifest file '../../build/bme_ros2_navigation_py/bme_ros2_navigation_py.egg-info/SOURCES.txt'
reading manifest file '../../build/bme_ros2_navigation_py/bme_ros2_navigation_py.egg-info/SOURCES.txt'
writing manifest file '../../build/bme_ros2_navigation_py/bme_ros2_navigation_py.egg-info/SOURCES.txt'
running build
running build_py
creating /home/siddharth/sor_ws2/build/bme_ros2_navigation_py/build
creating /home/siddharth/sor_ws2/build/bme_ros2_navigation_py/build/lib
creating /home/siddharth/sor_ws2/build/bme_ros2_navigation_py/build/lib/bme_ros2_navigation_py
copying bme_ros2_navigation_py/__init__.py -> /home/siddharth/sor_ws2/build/bme_ros2_navigation_py/build/lib/bme_ros2_navigation_py
copying bme_ros2_navigation_py/slam_toolbox_load_map.py -> /home/siddharth/sor_ws2/build/bme_ros2_navigation_py/build/lib/bme_ros2_navigation_py
copying bme_ros2_navigation_py/send_initialpose.py -> /home/siddharth/sor_ws2/build/bme_ros2_navigation_py/build/lib/bme_ros2_navigation_py
running install
running install_lib
creating /home/siddharth/sor_ws2/install/bme_ros2_navigation_py/lib/python3.12/site-packages/bme_ros2_navigation_py
copying /home/siddharth/sor_ws2/build/bme_ros2_navigation_py/build/lib/bme_ros2_navigation_py/__init__.py -> /home/siddharth/sor_ws2/install/bme_ros2_navigation_py/lib/python3.12/site-packages/bme_ros2_navigation_py
copying /home/siddharth/sor_ws2/build/bme_ros2_navigation_py/build/lib/bme_ros2_navigation_py/slam_toolbox_load_map.py -> /home/siddharth/sor_ws2/install/bme_ros2_navigation_py/lib/python3.12/site-packages/bme_ros2_navigation_py
copying /home/siddharth/sor_ws2/build/bme_ros2_navigation_py/build/lib/bme_ros2_navigation_py/send_initialpose.py -> /home/siddharth/sor_ws2/install/bme_ros2_navigation_py/lib/python3.12/site-packages/bme_ros2_navigation_py
byte-compiling /home/siddharth/sor_ws2/install/bme_ros2_navigation_py/lib/python3.12/site-packages/bme_ros2_navigation_py/__init__.py to __init__.cpython-312.pyc
byte-compiling /home/siddharth/sor_ws2/install/bme_ros2_navigation_py/lib/python3.12/site-packages/bme_ros2_navigation_py/slam_toolbox_load_map.py to slam_toolbox_load_map.cpython-312.pyc
byte-compiling /home/siddharth/sor_ws2/install/bme_ros2_navigation_py/lib/python3.12/site-packages/bme_ros2_navigation_py/send_initialpose.py to send_initialpose.cpython-312.pyc
running install_data
creating /home/siddharth/sor_ws2/install/bme_ros2_navigation_py/share/ament_index
creating /home/siddharth/sor_ws2/install/bme_ros2_navigation_py/share/ament_index/resource_index
creating /home/siddharth/sor_ws2/install/bme_ros2_navigation_py/share/ament_index/resource_index/packages
copying resource/bme_ros2_navigation_py -> /home/siddharth/sor_ws2/install/bme_ros2_navigation_py/share/ament_index/resource_index/packages
copying package.xml -> /home/siddharth/sor_ws2/install/bme_ros2_navigation_py/share/bme_ros2_navigation_py
running install_egg_info
Copying ../../build/bme_ros2_navigation_py/bme_ros2_navigation_py.egg-info to /home/siddharth/sor_ws2/install/bme_ros2_navigation_py/lib/python3.12/site-packages/bme_ros2_navigation_py-1.0.0-py3.12.egg-info
running install_scripts
Installing send_initialpose script to /home/siddharth/sor_ws2/install/bme_ros2_navigation_py/lib/bme_ros2_navigation_py
Installing slam_toolbox_load_map script to /home/siddharth/sor_ws2/install/bme_ros2_navigation_py/lib/bme_ros2_navigation_py
writing list of installed files to '/home/siddharth/sor_ws2/build/bme_ros2_navigation_py/install.log'
