[4.773s] Invoking command in '/home/siddharth/sor_ws2/Session5/bme_ros2_navigation_py': DEBUGINFOD_URLS=https://debuginfod.ubuntu.com PYTHONPATH=/home/siddharth/sor_ws2/build/bme_ros2_navigation_py/prefix_override:/usr/lib/python3/dist-packages/colcon_core/task/python/colcon_distutils_commands:/home/siddharth/sor_ws2/install/bme_ros2_navigation_py/lib/python3.12/site-packages:${PYTHONPATH} /usr/bin/python3 -W ignore:setup.py install is deprecated -W ignore:easy_install command is deprecated setup.py egg_info --egg-base ../../build/bme_ros2_navigation_py build --build-base /home/siddharth/sor_ws2/build/bme_ros2_navigation_py/build install --record /home/siddharth/sor_ws2/build/bme_ros2_navigation_py/install.log --single-version-externally-managed install_data
[5.158s] running egg_info
[5.158s] creating ../../build/bme_ros2_navigation_py/bme_ros2_navigation_py.egg-info
[5.188s] writing ../../build/bme_ros2_navigation_py/bme_ros2_navigation_py.egg-info/PKG-INFO
[5.188s] writing dependency_links to ../../build/bme_ros2_navigation_py/bme_ros2_navigation_py.egg-info/dependency_links.txt
[5.188s] writing entry points to ../../build/bme_ros2_navigation_py/bme_ros2_navigation_py.egg-info/entry_points.txt
[5.189s] writing requirements to ../../build/bme_ros2_navigation_py/bme_ros2_navigation_py.egg-info/requires.txt
[5.189s] writing top-level names to ../../build/bme_ros2_navigation_py/bme_ros2_navigation_py.egg-info/top_level.txt
[5.189s] writing manifest file '../../build/bme_ros2_navigation_py/bme_ros2_navigation_py.egg-info/SOURCES.txt'
[5.251s] reading manifest file '../../build/bme_ros2_navigation_py/bme_ros2_navigation_py.egg-info/SOURCES.txt'
[5.251s] writing manifest file '../../build/bme_ros2_navigation_py/bme_ros2_navigation_py.egg-info/SOURCES.txt'
[5.252s] running build
[5.252s] running build_py
[5.252s] creating /home/siddharth/sor_ws2/build/bme_ros2_navigation_py/build
[5.253s] creating /home/siddharth/sor_ws2/build/bme_ros2_navigation_py/build/lib
[5.253s] creating /home/siddharth/sor_ws2/build/bme_ros2_navigation_py/build/lib/bme_ros2_navigation_py
[5.253s] copying bme_ros2_navigation_py/__init__.py -> /home/siddharth/sor_ws2/build/bme_ros2_navigation_py/build/lib/bme_ros2_navigation_py
[5.253s] copying bme_ros2_navigation_py/slam_toolbox_load_map.py -> /home/siddharth/sor_ws2/build/bme_ros2_navigation_py/build/lib/bme_ros2_navigation_py
[5.254s] copying bme_ros2_navigation_py/send_initialpose.py -> /home/siddharth/sor_ws2/build/bme_ros2_navigation_py/build/lib/bme_ros2_navigation_py
[5.254s] running install
[5.261s] running install_lib
[5.291s] creating /home/siddharth/sor_ws2/install/bme_ros2_navigation_py/lib/python3.12/site-packages/bme_ros2_navigation_py
[5.291s] copying /home/siddharth/sor_ws2/build/bme_ros2_navigation_py/build/lib/bme_ros2_navigation_py/__init__.py -> /home/siddharth/sor_ws2/install/bme_ros2_navigation_py/lib/python3.12/site-packages/bme_ros2_navigation_py
[5.291s] copying /home/siddharth/sor_ws2/build/bme_ros2_navigation_py/build/lib/bme_ros2_navigation_py/slam_toolbox_load_map.py -> /home/siddharth/sor_ws2/install/bme_ros2_navigation_py/lib/python3.12/site-packages/bme_ros2_navigation_py
[5.292s] copying /home/siddharth/sor_ws2/build/bme_ros2_navigation_py/build/lib/bme_ros2_navigation_py/send_initialpose.py -> /home/siddharth/sor_ws2/install/bme_ros2_navigation_py/lib/python3.12/site-packages/bme_ros2_navigation_py
[5.292s] byte-compiling /home/siddharth/sor_ws2/install/bme_ros2_navigation_py/lib/python3.12/site-packages/bme_ros2_navigation_py/__init__.py to __init__.cpython-312.pyc
[5.293s] byte-compiling /home/siddharth/sor_ws2/install/bme_ros2_navigation_py/lib/python3.12/site-packages/bme_ros2_navigation_py/slam_toolbox_load_map.py to slam_toolbox_load_map.cpython-312.pyc
[5.293s] byte-compiling /home/siddharth/sor_ws2/install/bme_ros2_navigation_py/lib/python3.12/site-packages/bme_ros2_navigation_py/send_initialpose.py to send_initialpose.cpython-312.pyc
[5.294s] running install_data
[5.294s] creating /home/siddharth/sor_ws2/install/bme_ros2_navigation_py/share/ament_index
[5.295s] creating /home/siddharth/sor_ws2/install/bme_ros2_navigation_py/share/ament_index/resource_index
[5.295s] creating /home/siddharth/sor_ws2/install/bme_ros2_navigation_py/share/ament_index/resource_index/packages
[5.295s] copying resource/bme_ros2_navigation_py -> /home/siddharth/sor_ws2/install/bme_ros2_navigation_py/share/ament_index/resource_index/packages
[5.296s] copying package.xml -> /home/siddharth/sor_ws2/install/bme_ros2_navigation_py/share/bme_ros2_navigation_py
[5.296s] running install_egg_info
[5.328s] Copying ../../build/bme_ros2_navigation_py/bme_ros2_navigation_py.egg-info to /home/siddharth/sor_ws2/install/bme_ros2_navigation_py/lib/python3.12/site-packages/bme_ros2_navigation_py-1.0.0-py3.12.egg-info
[5.329s] running install_scripts
[5.531s] Installing send_initialpose script to /home/siddharth/sor_ws2/install/bme_ros2_navigation_py/lib/bme_ros2_navigation_py
[5.531s] Installing slam_toolbox_load_map script to /home/siddharth/sor_ws2/install/bme_ros2_navigation_py/lib/bme_ros2_navigation_py
[5.532s] writing list of installed files to '/home/siddharth/sor_ws2/build/bme_ros2_navigation_py/install.log'
[5.583s] Invoked command in '/home/siddharth/sor_ws2/Session5/bme_ros2_navigation_py' returned '0': DEBUGINFOD_URLS=https://debuginfod.ubuntu.com PYTHONPATH=/home/siddharth/sor_ws2/build/bme_ros2_navigation_py/prefix_override:/usr/lib/python3/dist-packages/colcon_core/task/python/colcon_distutils_commands:/home/siddharth/sor_ws2/install/bme_ros2_navigation_py/lib/python3.12/site-packages:${PYTHONPATH} /usr/bin/python3 -W ignore:setup.py install is deprecated -W ignore:easy_install command is deprecated setup.py egg_info --egg-base ../../build/bme_ros2_navigation_py build --build-base /home/siddharth/sor_ws2/build/bme_ros2_navigation_py/build install --record /home/siddharth/sor_ws2/build/bme_ros2_navigation_py/install.log --single-version-externally-managed install_data
