[0.144s] DEBUG:colcon:Command line arguments: ['/usr/bin/colcon', 'build']
[0.144s] DEBUG:colcon:Parsed command line arguments: Namespace(log_base=None, log_level=None, verb_name='build', build_base='build', install_base='install', merge_install=False, symlink_install=False, test_result_base=None, continue_on_error=False, executor='parallel', parallel_workers=8, event_handlers=None, ignore_user_meta=False, metas=['./colcon.meta'], base_paths=['.'], packages_ignore=None, packages_ignore_regex=None, paths=None, packages_up_to=None, packages_up_to_regex=None, packages_above=None, packages_above_and_dependencies=None, packages_above_depth=None, packages_select_by_dep=None, packages_skip_by_dep=None, packages_skip_up_to=None, packages_select_build_failed=False, packages_skip_build_finished=False, packages_select_test_failures=False, packages_skip_test_passed=False, packages_select=None, packages_skip=None, packages_select_regex=None, packages_skip_regex=None, packages_start=None, packages_end=None, allow_overriding=[], cmake_args=None, cmake_target=None, cmake_target_skip_unavailable=False, cmake_clean_cache=False, cmake_clean_first=False, cmake_force_configure=False, ament_cmake_args=None, catkin_cmake_args=None, catkin_skip_building_tests=False, mixin_files=None, mixin=None, verb_parser=<colcon_mixin.mixin.mixin_argument.MixinArgumentDecorator object at 0x70238719bb30>, verb_extension=<colcon_core.verb.build.BuildVerb object at 0x7023872e6390>, main=<bound method BuildVerb.main of <colcon_core.verb.build.BuildVerb object at 0x7023872e6390>>, mixin_verb=('build',))
[0.191s] Level 1:colcon.colcon_core.package_discovery:discover_packages(colcon_meta) check parameters
[0.191s] Level 1:colcon.colcon_core.package_discovery:discover_packages(recursive) check parameters
[0.191s] Level 1:colcon.colcon_core.package_discovery:discover_packages(ignore) check parameters
[0.191s] Level 1:colcon.colcon_core.package_discovery:discover_packages(path) check parameters
[0.191s] Level 1:colcon.colcon_core.package_discovery:discover_packages(colcon_meta) discover
[0.191s] Level 1:colcon.colcon_core.package_discovery:discover_packages(recursive) discover
[0.191s] INFO:colcon.colcon_core.package_discovery:Crawling recursively for packages in '/home/siddharth/sor_ws2'
[0.191s] Level 1:colcon.colcon_core.package_identification:_identify(.) by extensions ['ignore', 'ignore_ament_install']
[0.192s] Level 1:colcon.colcon_core.package_identification:_identify(.) by extension 'ignore'
[0.192s] Level 1:colcon.colcon_core.package_identification:_identify(.) by extension 'ignore_ament_install'
[0.192s] Level 1:colcon.colcon_core.package_identification:_identify(.) by extensions ['colcon_pkg']
[0.192s] Level 1:colcon.colcon_core.package_identification:_identify(.) by extension 'colcon_pkg'
[0.192s] Level 1:colcon.colcon_core.package_identification:_identify(.) by extensions ['colcon_meta']
[0.192s] Level 1:colcon.colcon_core.package_identification:_identify(.) by extension 'colcon_meta'
[0.192s] Level 1:colcon.colcon_core.package_identification:_identify(.) by extensions ['ros']
[0.192s] Level 1:colcon.colcon_core.package_identification:_identify(.) by extension 'ros'
[0.226s] Level 1:colcon.colcon_core.package_identification:_identify(.) by extensions ['cmake', 'python']
[0.226s] Level 1:colcon.colcon_core.package_identification:_identify(.) by extension 'cmake'
[0.226s] Level 1:colcon.colcon_core.package_identification:_identify(.) by extension 'python'
[0.226s] Level 1:colcon.colcon_core.package_identification:_identify(.) by extensions ['python_setup_py']
[0.226s] Level 1:colcon.colcon_core.package_identification:_identify(.) by extension 'python_setup_py'
[0.226s] Level 1:colcon.colcon_core.package_identification:_identify(Session5) by extensions ['ignore', 'ignore_ament_install']
[0.226s] Level 1:colcon.colcon_core.package_identification:_identify(Session5) by extension 'ignore'
[0.226s] Level 1:colcon.colcon_core.package_identification:_identify(Session5) by extension 'ignore_ament_install'
[0.227s] Level 1:colcon.colcon_core.package_identification:_identify(Session5) by extensions ['colcon_pkg']
[0.227s] Level 1:colcon.colcon_core.package_identification:_identify(Session5) by extension 'colcon_pkg'
[0.227s] Level 1:colcon.colcon_core.package_identification:_identify(Session5) by extensions ['colcon_meta']
[0.227s] Level 1:colcon.colcon_core.package_identification:_identify(Session5) by extension 'colcon_meta'
[0.227s] Level 1:colcon.colcon_core.package_identification:_identify(Session5) by extensions ['ros']
[0.227s] Level 1:colcon.colcon_core.package_identification:_identify(Session5) by extension 'ros'
[0.227s] Level 1:colcon.colcon_core.package_identification:_identify(Session5) by extensions ['cmake', 'python']
[0.227s] Level 1:colcon.colcon_core.package_identification:_identify(Session5) by extension 'cmake'
[0.227s] Level 1:colcon.colcon_core.package_identification:_identify(Session5) by extension 'python'
[0.227s] Level 1:colcon.colcon_core.package_identification:_identify(Session5) by extensions ['python_setup_py']
[0.227s] Level 1:colcon.colcon_core.package_identification:_identify(Session5) by extension 'python_setup_py'
[0.227s] Level 1:colcon.colcon_core.package_identification:_identify(Session5/bme_ros2_navigation) by extensions ['ignore', 'ignore_ament_install']
[0.227s] Level 1:colcon.colcon_core.package_identification:_identify(Session5/bme_ros2_navigation) by extension 'ignore'
[0.227s] Level 1:colcon.colcon_core.package_identification:_identify(Session5/bme_ros2_navigation) by extension 'ignore_ament_install'
[0.228s] Level 1:colcon.colcon_core.package_identification:_identify(Session5/bme_ros2_navigation) by extensions ['colcon_pkg']
[0.228s] Level 1:colcon.colcon_core.package_identification:_identify(Session5/bme_ros2_navigation) by extension 'colcon_pkg'
[0.228s] Level 1:colcon.colcon_core.package_identification:_identify(Session5/bme_ros2_navigation) by extensions ['colcon_meta']
[0.228s] Level 1:colcon.colcon_core.package_identification:_identify(Session5/bme_ros2_navigation) by extension 'colcon_meta'
[0.228s] Level 1:colcon.colcon_core.package_identification:_identify(Session5/bme_ros2_navigation) by extensions ['ros']
[0.228s] Level 1:colcon.colcon_core.package_identification:_identify(Session5/bme_ros2_navigation) by extension 'ros'
[0.231s] DEBUG:colcon.colcon_core.package_identification:Package 'Session5/bme_ros2_navigation' with type 'ros.ament_cmake' and name 'bme_ros2_navigation'
[0.231s] Level 1:colcon.colcon_core.package_identification:_identify(Session5/bme_ros2_navigation_py) by extensions ['ignore', 'ignore_ament_install']
[0.231s] Level 1:colcon.colcon_core.package_identification:_identify(Session5/bme_ros2_navigation_py) by extension 'ignore'
[0.231s] Level 1:colcon.colcon_core.package_identification:_identify(Session5/bme_ros2_navigation_py) by extension 'ignore_ament_install'
[0.231s] Level 1:colcon.colcon_core.package_identification:_identify(Session5/bme_ros2_navigation_py) by extensions ['colcon_pkg']
[0.231s] Level 1:colcon.colcon_core.package_identification:_identify(Session5/bme_ros2_navigation_py) by extension 'colcon_pkg'
[0.232s] Level 1:colcon.colcon_core.package_identification:_identify(Session5/bme_ros2_navigation_py) by extensions ['colcon_meta']
[0.232s] Level 1:colcon.colcon_core.package_identification:_identify(Session5/bme_ros2_navigation_py) by extension 'colcon_meta'
[0.232s] Level 1:colcon.colcon_core.package_identification:_identify(Session5/bme_ros2_navigation_py) by extensions ['ros']
[0.232s] Level 1:colcon.colcon_core.package_identification:_identify(Session5/bme_ros2_navigation_py) by extension 'ros'
[0.232s] DEBUG:colcon.colcon_core.package_identification:Package 'Session5/bme_ros2_navigation_py' with type 'ros.ament_python' and name 'bme_ros2_navigation_py'
[0.232s] Level 1:colcon.colcon_core.package_identification:_identify(Session5/build) by extensions ['ignore', 'ignore_ament_install']
[0.232s] Level 1:colcon.colcon_core.package_identification:_identify(Session5/build) by extension 'ignore'
[0.232s] Level 1:colcon.colcon_core.package_identification:_identify(Session5/build) ignored
[0.233s] Level 1:colcon.colcon_core.package_identification:_identify(Session5/install) by extensions ['ignore', 'ignore_ament_install']
[0.233s] Level 1:colcon.colcon_core.package_identification:_identify(Session5/install) by extension 'ignore'
[0.233s] Level 1:colcon.colcon_core.package_identification:_identify(Session5/install) ignored
[0.233s] Level 1:colcon.colcon_core.package_identification:_identify(Session5/log) by extensions ['ignore', 'ignore_ament_install']
[0.233s] Level 1:colcon.colcon_core.package_identification:_identify(Session5/log) by extension 'ignore'
[0.233s] Level 1:colcon.colcon_core.package_identification:_identify(Session5/log) ignored
[0.233s] Level 1:colcon.colcon_core.package_identification:_identify(Session5/mogi_trajectory_server) by extensions ['ignore', 'ignore_ament_install']
[0.233s] Level 1:colcon.colcon_core.package_identification:_identify(Session5/mogi_trajectory_server) by extension 'ignore'
[0.233s] Level 1:colcon.colcon_core.package_identification:_identify(Session5/mogi_trajectory_server) by extension 'ignore_ament_install'
[0.233s] Level 1:colcon.colcon_core.package_identification:_identify(Session5/mogi_trajectory_server) by extensions ['colcon_pkg']
[0.233s] Level 1:colcon.colcon_core.package_identification:_identify(Session5/mogi_trajectory_server) by extension 'colcon_pkg'
[0.233s] Level 1:colcon.colcon_core.package_identification:_identify(Session5/mogi_trajectory_server) by extensions ['colcon_meta']
[0.233s] Level 1:colcon.colcon_core.package_identification:_identify(Session5/mogi_trajectory_server) by extension 'colcon_meta'
[0.233s] Level 1:colcon.colcon_core.package_identification:_identify(Session5/mogi_trajectory_server) by extensions ['ros']
[0.233s] Level 1:colcon.colcon_core.package_identification:_identify(Session5/mogi_trajectory_server) by extension 'ros'
[0.234s] DEBUG:colcon.colcon_core.package_identification:Package 'Session5/mogi_trajectory_server' with type 'ros.ament_python' and name 'mogi_trajectory_server'
[0.234s] Level 1:colcon.colcon_core.package_identification:_identify(Session5/src) by extensions ['ignore', 'ignore_ament_install']
[0.234s] Level 1:colcon.colcon_core.package_identification:_identify(Session5/src) by extension 'ignore'
[0.234s] Level 1:colcon.colcon_core.package_identification:_identify(Session5/src) by extension 'ignore_ament_install'
[0.234s] Level 1:colcon.colcon_core.package_identification:_identify(Session5/src) by extensions ['colcon_pkg']
[0.234s] Level 1:colcon.colcon_core.package_identification:_identify(Session5/src) by extension 'colcon_pkg'
[0.234s] Level 1:colcon.colcon_core.package_identification:_identify(Session5/src) by extensions ['colcon_meta']
[0.234s] Level 1:colcon.colcon_core.package_identification:_identify(Session5/src) by extension 'colcon_meta'
[0.234s] Level 1:colcon.colcon_core.package_identification:_identify(Session5/src) by extensions ['ros']
[0.234s] Level 1:colcon.colcon_core.package_identification:_identify(Session5/src) by extension 'ros'
[0.234s] Level 1:colcon.colcon_core.package_identification:_identify(Session5/src) by extensions ['cmake', 'python']
[0.235s] Level 1:colcon.colcon_core.package_identification:_identify(Session5/src) by extension 'cmake'
[0.235s] Level 1:colcon.colcon_core.package_identification:_identify(Session5/src) by extension 'python'
[0.235s] Level 1:colcon.colcon_core.package_identification:_identify(Session5/src) by extensions ['python_setup_py']
[0.235s] Level 1:colcon.colcon_core.package_identification:_identify(Session5/src) by extension 'python_setup_py'
[0.235s] Level 1:colcon.colcon_core.package_identification:_identify(Session5/src/nav2_patrol) by extensions ['ignore', 'ignore_ament_install']
[0.235s] Level 1:colcon.colcon_core.package_identification:_identify(Session5/src/nav2_patrol) by extension 'ignore'
[0.235s] Level 1:colcon.colcon_core.package_identification:_identify(Session5/src/nav2_patrol) by extension 'ignore_ament_install'
[0.235s] Level 1:colcon.colcon_core.package_identification:_identify(Session5/src/nav2_patrol) by extensions ['colcon_pkg']
[0.235s] Level 1:colcon.colcon_core.package_identification:_identify(Session5/src/nav2_patrol) by extension 'colcon_pkg'
[0.235s] Level 1:colcon.colcon_core.package_identification:_identify(Session5/src/nav2_patrol) by extensions ['colcon_meta']
[0.235s] Level 1:colcon.colcon_core.package_identification:_identify(Session5/src/nav2_patrol) by extension 'colcon_meta'
[0.235s] Level 1:colcon.colcon_core.package_identification:_identify(Session5/src/nav2_patrol) by extensions ['ros']
[0.235s] Level 1:colcon.colcon_core.package_identification:_identify(Session5/src/nav2_patrol) by extension 'ros'
[0.236s] DEBUG:colcon.colcon_core.package_identification:Package 'Session5/src/nav2_patrol' with type 'ros.ament_python' and name 'nav2_patrol'
[0.236s] Level 1:colcon.colcon_core.package_identification:_identify(build) by extensions ['ignore', 'ignore_ament_install']
[0.236s] Level 1:colcon.colcon_core.package_identification:_identify(build) by extension 'ignore'
[0.236s] Level 1:colcon.colcon_core.package_identification:_identify(build) ignored
[0.237s] Level 1:colcon.colcon_core.package_identification:_identify(install) by extensions ['ignore', 'ignore_ament_install']
[0.237s] Level 1:colcon.colcon_core.package_identification:_identify(install) by extension 'ignore'
[0.237s] Level 1:colcon.colcon_core.package_identification:_identify(install) ignored
[0.237s] Level 1:colcon.colcon_core.package_identification:_identify(log) by extensions ['ignore', 'ignore_ament_install']
[0.237s] Level 1:colcon.colcon_core.package_identification:_identify(log) by extension 'ignore'
[0.237s] Level 1:colcon.colcon_core.package_identification:_identify(log) ignored
[0.237s] Level 1:colcon.colcon_core.package_discovery:discover_packages(recursive) using defaults
[0.237s] Level 1:colcon.colcon_core.package_discovery:discover_packages(ignore) discover
[0.237s] Level 1:colcon.colcon_core.package_discovery:discover_packages(ignore) using defaults
[0.237s] Level 1:colcon.colcon_core.package_discovery:discover_packages(path) discover
[0.237s] Level 1:colcon.colcon_core.package_discovery:discover_packages(path) using defaults
[0.260s] Level 1:colcon.colcon_core.package_discovery:discover_packages(prefix_path) check parameters
[0.260s] Level 1:colcon.colcon_core.package_discovery:discover_packages(prefix_path) discover
[0.263s] DEBUG:colcon.colcon_installed_package_information.package_discovery:Found 3 installed packages in /home/siddharth/sor_ws1/install
[0.263s] DEBUG:colcon.colcon_installed_package_information.package_discovery:Found 4 installed packages in /home/siddharth/sor_ws2/install
[0.265s] DEBUG:colcon.colcon_installed_package_information.package_discovery:Found 2 installed packages in /home/siddharth/ros2_ws/install
[0.265s] DEBUG:colcon.colcon_installed_package_information.package_discovery:Found 3 installed packages in /home/siddharth/sor_ws/install
[0.268s] DEBUG:colcon.colcon_installed_package_information.package_discovery:Found 446 installed packages in /opt/ros/jazzy
[0.270s] Level 1:colcon.colcon_core.package_discovery:discover_packages(prefix_path) using defaults
[0.348s] Level 5:colcon.colcon_core.verb:set package 'bme_ros2_navigation' build argument 'cmake_args' from command line to 'None'
[0.348s] Level 5:colcon.colcon_core.verb:set package 'bme_ros2_navigation' build argument 'cmake_target' from command line to 'None'
[0.348s] Level 5:colcon.colcon_core.verb:set package 'bme_ros2_navigation' build argument 'cmake_target_skip_unavailable' from command line to 'False'
[0.348s] Level 5:colcon.colcon_core.verb:set package 'bme_ros2_navigation' build argument 'cmake_clean_cache' from command line to 'False'
[0.348s] Level 5:colcon.colcon_core.verb:set package 'bme_ros2_navigation' build argument 'cmake_clean_first' from command line to 'False'
[0.348s] Level 5:colcon.colcon_core.verb:set package 'bme_ros2_navigation' build argument 'cmake_force_configure' from command line to 'False'
[0.348s] Level 5:colcon.colcon_core.verb:set package 'bme_ros2_navigation' build argument 'ament_cmake_args' from command line to 'None'
[0.348s] Level 5:colcon.colcon_core.verb:set package 'bme_ros2_navigation' build argument 'catkin_cmake_args' from command line to 'None'
[0.348s] Level 5:colcon.colcon_core.verb:set package 'bme_ros2_navigation' build argument 'catkin_skip_building_tests' from command line to 'False'
[0.349s] DEBUG:colcon.colcon_core.verb:Building package 'bme_ros2_navigation' with the following arguments: {'ament_cmake_args': None, 'build_base': '/home/siddharth/sor_ws2/build/bme_ros2_navigation', 'catkin_cmake_args': None, 'catkin_skip_building_tests': False, 'cmake_args': None, 'cmake_clean_cache': False, 'cmake_clean_first': False, 'cmake_force_configure': False, 'cmake_target': None, 'cmake_target_skip_unavailable': False, 'install_base': '/home/siddharth/sor_ws2/install/bme_ros2_navigation', 'merge_install': False, 'path': '/home/siddharth/sor_ws2/Session5/bme_ros2_navigation', 'symlink_install': False, 'test_result_base': None}
[0.349s] Level 5:colcon.colcon_core.verb:set package 'bme_ros2_navigation_py' build argument 'cmake_args' from command line to 'None'
[0.349s] Level 5:colcon.colcon_core.verb:set package 'bme_ros2_navigation_py' build argument 'cmake_target' from command line to 'None'
[0.349s] Level 5:colcon.colcon_core.verb:set package 'bme_ros2_navigation_py' build argument 'cmake_target_skip_unavailable' from command line to 'False'
[0.349s] Level 5:colcon.colcon_core.verb:set package 'bme_ros2_navigation_py' build argument 'cmake_clean_cache' from command line to 'False'
[0.349s] Level 5:colcon.colcon_core.verb:set package 'bme_ros2_navigation_py' build argument 'cmake_clean_first' from command line to 'False'
[0.349s] Level 5:colcon.colcon_core.verb:set package 'bme_ros2_navigation_py' build argument 'cmake_force_configure' from command line to 'False'
[0.349s] Level 5:colcon.colcon_core.verb:set package 'bme_ros2_navigation_py' build argument 'ament_cmake_args' from command line to 'None'
[0.349s] Level 5:colcon.colcon_core.verb:set package 'bme_ros2_navigation_py' build argument 'catkin_cmake_args' from command line to 'None'
[0.349s] Level 5:colcon.colcon_core.verb:set package 'bme_ros2_navigation_py' build argument 'catkin_skip_building_tests' from command line to 'False'
[0.349s] DEBUG:colcon.colcon_core.verb:Building package 'bme_ros2_navigation_py' with the following arguments: {'ament_cmake_args': None, 'build_base': '/home/siddharth/sor_ws2/build/bme_ros2_navigation_py', 'catkin_cmake_args': None, 'catkin_skip_building_tests': False, 'cmake_args': None, 'cmake_clean_cache': False, 'cmake_clean_first': False, 'cmake_force_configure': False, 'cmake_target': None, 'cmake_target_skip_unavailable': False, 'install_base': '/home/siddharth/sor_ws2/install/bme_ros2_navigation_py', 'merge_install': False, 'path': '/home/siddharth/sor_ws2/Session5/bme_ros2_navigation_py', 'symlink_install': False, 'test_result_base': None}
[0.349s] Level 5:colcon.colcon_core.verb:set package 'mogi_trajectory_server' build argument 'cmake_args' from command line to 'None'
[0.349s] Level 5:colcon.colcon_core.verb:set package 'mogi_trajectory_server' build argument 'cmake_target' from command line to 'None'
[0.349s] Level 5:colcon.colcon_core.verb:set package 'mogi_trajectory_server' build argument 'cmake_target_skip_unavailable' from command line to 'False'
[0.349s] Level 5:colcon.colcon_core.verb:set package 'mogi_trajectory_server' build argument 'cmake_clean_cache' from command line to 'False'
[0.349s] Level 5:colcon.colcon_core.verb:set package 'mogi_trajectory_server' build argument 'cmake_clean_first' from command line to 'False'
[0.349s] Level 5:colcon.colcon_core.verb:set package 'mogi_trajectory_server' build argument 'cmake_force_configure' from command line to 'False'
[0.350s] Level 5:colcon.colcon_core.verb:set package 'mogi_trajectory_server' build argument 'ament_cmake_args' from command line to 'None'
[0.350s] Level 5:colcon.colcon_core.verb:set package 'mogi_trajectory_server' build argument 'catkin_cmake_args' from command line to 'None'
[0.350s] Level 5:colcon.colcon_core.verb:set package 'mogi_trajectory_server' build argument 'catkin_skip_building_tests' from command line to 'False'
[0.350s] DEBUG:colcon.colcon_core.verb:Building package 'mogi_trajectory_server' with the following arguments: {'ament_cmake_args': None, 'build_base': '/home/siddharth/sor_ws2/build/mogi_trajectory_server', 'catkin_cmake_args': None, 'catkin_skip_building_tests': False, 'cmake_args': None, 'cmake_clean_cache': False, 'cmake_clean_first': False, 'cmake_force_configure': False, 'cmake_target': None, 'cmake_target_skip_unavailable': False, 'install_base': '/home/siddharth/sor_ws2/install/mogi_trajectory_server', 'merge_install': False, 'path': '/home/siddharth/sor_ws2/Session5/mogi_trajectory_server', 'symlink_install': False, 'test_result_base': None}
[0.350s] Level 5:colcon.colcon_core.verb:set package 'nav2_patrol' build argument 'cmake_args' from command line to 'None'
[0.350s] Level 5:colcon.colcon_core.verb:set package 'nav2_patrol' build argument 'cmake_target' from command line to 'None'
[0.350s] Level 5:colcon.colcon_core.verb:set package 'nav2_patrol' build argument 'cmake_target_skip_unavailable' from command line to 'False'
[0.350s] Level 5:colcon.colcon_core.verb:set package 'nav2_patrol' build argument 'cmake_clean_cache' from command line to 'False'
[0.350s] Level 5:colcon.colcon_core.verb:set package 'nav2_patrol' build argument 'cmake_clean_first' from command line to 'False'
[0.350s] Level 5:colcon.colcon_core.verb:set package 'nav2_patrol' build argument 'cmake_force_configure' from command line to 'False'
[0.350s] Level 5:colcon.colcon_core.verb:set package 'nav2_patrol' build argument 'ament_cmake_args' from command line to 'None'
[0.350s] Level 5:colcon.colcon_core.verb:set package 'nav2_patrol' build argument 'catkin_cmake_args' from command line to 'None'
[0.350s] Level 5:colcon.colcon_core.verb:set package 'nav2_patrol' build argument 'catkin_skip_building_tests' from command line to 'False'
[0.350s] DEBUG:colcon.colcon_core.verb:Building package 'nav2_patrol' with the following arguments: {'ament_cmake_args': None, 'build_base': '/home/siddharth/sor_ws2/build/nav2_patrol', 'catkin_cmake_args': None, 'catkin_skip_building_tests': False, 'cmake_args': None, 'cmake_clean_cache': False, 'cmake_clean_first': False, 'cmake_force_configure': False, 'cmake_target': None, 'cmake_target_skip_unavailable': False, 'install_base': '/home/siddharth/sor_ws2/install/nav2_patrol', 'merge_install': False, 'path': '/home/siddharth/sor_ws2/Session5/src/nav2_patrol', 'symlink_install': False, 'test_result_base': None}
[0.350s] INFO:colcon.colcon_core.executor:Executing jobs using 'parallel' executor
[0.351s] DEBUG:colcon.colcon_parallel_executor.executor.parallel:run_until_complete
[0.351s] INFO:colcon.colcon_ros.task.ament_cmake.build:Building ROS package in '/home/siddharth/sor_ws2/Session5/bme_ros2_navigation' with build type 'ament_cmake'
[0.351s] INFO:colcon.colcon_cmake.task.cmake.build:Building CMake package in '/home/siddharth/sor_ws2/Session5/bme_ros2_navigation'
[0.355s] INFO:colcon.colcon_core.plugin_system:Skipping extension 'colcon_core.shell.bat': Not used on non-Windows systems
[0.355s] INFO:colcon.colcon_core.shell:Skip shell extension 'powershell' for command environment: Not usable outside of PowerShell
[0.355s] DEBUG:colcon.colcon_core.shell:Skip shell extension 'dsv' for command environment
[0.363s] INFO:colcon.colcon_ros.task.ament_python.build:Building ROS package in '/home/siddharth/sor_ws2/Session5/bme_ros2_navigation_py' with build type 'ament_python'
[0.363s] Level 1:colcon.colcon_core.shell:create_environment_hook('bme_ros2_navigation_py', 'ament_prefix_path')
[0.363s] INFO:colcon.colcon_core.shell:Creating environment hook '/home/siddharth/sor_ws2/install/bme_ros2_navigation_py/share/bme_ros2_navigation_py/hook/ament_prefix_path.ps1'
[0.364s] INFO:colcon.colcon_core.shell:Creating environment descriptor '/home/siddharth/sor_ws2/install/bme_ros2_navigation_py/share/bme_ros2_navigation_py/hook/ament_prefix_path.dsv'
[0.365s] INFO:colcon.colcon_core.shell:Creating environment hook '/home/siddharth/sor_ws2/install/bme_ros2_navigation_py/share/bme_ros2_navigation_py/hook/ament_prefix_path.sh'
[0.365s] INFO:colcon.colcon_core.shell:Skip shell extension 'powershell' for command environment: Not usable outside of PowerShell
[0.365s] DEBUG:colcon.colcon_core.shell:Skip shell extension 'dsv' for command environment
[0.373s] INFO:colcon.colcon_ros.task.ament_python.build:Building ROS package in '/home/siddharth/sor_ws2/Session5/mogi_trajectory_server' with build type 'ament_python'
[0.373s] Level 1:colcon.colcon_core.shell:create_environment_hook('mogi_trajectory_server', 'ament_prefix_path')
[0.374s] INFO:colcon.colcon_core.shell:Creating environment hook '/home/siddharth/sor_ws2/install/mogi_trajectory_server/share/mogi_trajectory_server/hook/ament_prefix_path.ps1'
[0.374s] INFO:colcon.colcon_core.shell:Creating environment descriptor '/home/siddharth/sor_ws2/install/mogi_trajectory_server/share/mogi_trajectory_server/hook/ament_prefix_path.dsv'
[0.375s] INFO:colcon.colcon_core.shell:Creating environment hook '/home/siddharth/sor_ws2/install/mogi_trajectory_server/share/mogi_trajectory_server/hook/ament_prefix_path.sh'
[0.376s] INFO:colcon.colcon_core.shell:Skip shell extension 'powershell' for command environment: Not usable outside of PowerShell
[0.376s] DEBUG:colcon.colcon_core.shell:Skip shell extension 'dsv' for command environment
[0.384s] INFO:colcon.colcon_ros.task.ament_python.build:Building ROS package in '/home/siddharth/sor_ws2/Session5/src/nav2_patrol' with build type 'ament_python'
[0.384s] Level 1:colcon.colcon_core.shell:create_environment_hook('nav2_patrol', 'ament_prefix_path')
[0.384s] INFO:colcon.colcon_core.shell:Creating environment hook '/home/siddharth/sor_ws2/install/nav2_patrol/share/nav2_patrol/hook/ament_prefix_path.ps1'
[0.385s] INFO:colcon.colcon_core.shell:Creating environment descriptor '/home/siddharth/sor_ws2/install/nav2_patrol/share/nav2_patrol/hook/ament_prefix_path.dsv'
[0.385s] INFO:colcon.colcon_core.shell:Creating environment hook '/home/siddharth/sor_ws2/install/nav2_patrol/share/nav2_patrol/hook/ament_prefix_path.sh'
[0.386s] INFO:colcon.colcon_core.shell:Skip shell extension 'powershell' for command environment: Not usable outside of PowerShell
[0.386s] DEBUG:colcon.colcon_core.shell:Skip shell extension 'dsv' for command environment
[0.400s] DEBUG:colcon.colcon_core.event_handler.log_command:Invoking command in '/home/siddharth/sor_ws2/build/bme_ros2_navigation': CMAKE_PREFIX_PATH=${CMAKE_PREFIX_PATH}:/home/siddharth/sor_ws/install/trajectory_server:/home/siddharth/sor_ws/install/erc_gazebo_sensors_py:/home/siddharth/sor_ws2/install/nav2_patrol:/home/siddharth/sor_ws2/install/mogi_trajectory_server:/home/siddharth/sor_ws2/install/bme_ros2_navigation_py:/home/siddharth/sor_ws1/install/bme_ros2_simple_arm_py:/opt/ros/jazzy DEBUGINFOD_URLS=https://debuginfod.ubuntu.com /usr/bin/cmake --build /home/siddharth/sor_ws2/build/bme_ros2_navigation -- -j8 -l8
[0.710s] INFO:colcon.colcon_core.task.python.build:Building Python package in '/home/siddharth/sor_ws2/Session5/bme_ros2_navigation_py'
[0.710s] INFO:colcon.colcon_core.shell:Skip shell extension 'powershell' for command environment: Not usable outside of PowerShell
[0.710s] DEBUG:colcon.colcon_core.shell:Skip shell extension 'dsv' for command environment
[1.021s] INFO:colcon.colcon_core.task.python.build:Building Python package in '/home/siddharth/sor_ws2/Session5/mogi_trajectory_server'
[1.022s] INFO:colcon.colcon_core.shell:Skip shell extension 'powershell' for command environment: Not usable outside of PowerShell
[1.022s] DEBUG:colcon.colcon_core.shell:Skip shell extension 'dsv' for command environment
[1.034s] DEBUG:colcon.colcon_core.event_handler.log_command:Invoked command in '/home/siddharth/sor_ws2/build/bme_ros2_navigation' returned '0': CMAKE_PREFIX_PATH=${CMAKE_PREFIX_PATH}:/home/siddharth/sor_ws/install/trajectory_server:/home/siddharth/sor_ws/install/erc_gazebo_sensors_py:/home/siddharth/sor_ws2/install/nav2_patrol:/home/siddharth/sor_ws2/install/mogi_trajectory_server:/home/siddharth/sor_ws2/install/bme_ros2_navigation_py:/home/siddharth/sor_ws1/install/bme_ros2_simple_arm_py:/opt/ros/jazzy DEBUGINFOD_URLS=https://debuginfod.ubuntu.com /usr/bin/cmake --build /home/siddharth/sor_ws2/build/bme_ros2_navigation -- -j8 -l8
[1.050s] DEBUG:colcon.colcon_core.event_handler.log_command:Invoking command in '/home/siddharth/sor_ws2/build/bme_ros2_navigation': CMAKE_PREFIX_PATH=${CMAKE_PREFIX_PATH}:/home/siddharth/sor_ws/install/trajectory_server:/home/siddharth/sor_ws/install/erc_gazebo_sensors_py:/home/siddharth/sor_ws2/install/nav2_patrol:/home/siddharth/sor_ws2/install/mogi_trajectory_server:/home/siddharth/sor_ws2/install/bme_ros2_navigation_py:/home/siddharth/sor_ws1/install/bme_ros2_simple_arm_py:/opt/ros/jazzy DEBUGINFOD_URLS=https://debuginfod.ubuntu.com /usr/bin/cmake --install /home/siddharth/sor_ws2/build/bme_ros2_navigation
[1.361s] WARNING:colcon.colcon_ros.task.ament_python.build:Package 'nav2_patrol' doesn't explicitly install a marker in the package index (colcon-ros currently does it implicitly but that fallback will be removed in the future)
[1.362s] WARNING:colcon.colcon_ros.task.ament_python.build:Package 'nav2_patrol' doesn't explicitly install the 'package.xml' file (colcon-ros currently does it implicitly but that fallback will be removed in the future)
[1.362s] INFO:colcon.colcon_core.task.python.build:Building Python package in '/home/siddharth/sor_ws2/Session5/src/nav2_patrol'
[1.362s] INFO:colcon.colcon_core.shell:Skip shell extension 'powershell' for command environment: Not usable outside of PowerShell
[1.363s] DEBUG:colcon.colcon_core.shell:Skip shell extension 'dsv' for command environment
[1.382s] Level 1:colcon.colcon_core.environment:create_environment_scripts_only(bme_ros2_navigation)
[1.383s] DEBUG:colcon.colcon_core.event_handler.log_command:Invoked command in '/home/siddharth/sor_ws2/build/bme_ros2_navigation' returned '0': CMAKE_PREFIX_PATH=${CMAKE_PREFIX_PATH}:/home/siddharth/sor_ws/install/trajectory_server:/home/siddharth/sor_ws/install/erc_gazebo_sensors_py:/home/siddharth/sor_ws2/install/nav2_patrol:/home/siddharth/sor_ws2/install/mogi_trajectory_server:/home/siddharth/sor_ws2/install/bme_ros2_navigation_py:/home/siddharth/sor_ws1/install/bme_ros2_simple_arm_py:/opt/ros/jazzy DEBUGINFOD_URLS=https://debuginfod.ubuntu.com /usr/bin/cmake --install /home/siddharth/sor_ws2/build/bme_ros2_navigation
[1.386s] Level 1:colcon.colcon_core.environment:checking '/home/siddharth/sor_ws2/install/bme_ros2_navigation' for CMake module files
[1.387s] Level 1:colcon.colcon_core.environment:checking '/home/siddharth/sor_ws2/install/bme_ros2_navigation' for CMake config files
[1.388s] Level 1:colcon.colcon_core.shell:create_environment_hook('bme_ros2_navigation', 'cmake_prefix_path')
[1.388s] INFO:colcon.colcon_core.shell:Creating environment hook '/home/siddharth/sor_ws2/install/bme_ros2_navigation/share/bme_ros2_navigation/hook/cmake_prefix_path.ps1'
[1.389s] INFO:colcon.colcon_core.shell:Creating environment descriptor '/home/siddharth/sor_ws2/install/bme_ros2_navigation/share/bme_ros2_navigation/hook/cmake_prefix_path.dsv'
[1.389s] INFO:colcon.colcon_core.shell:Creating environment hook '/home/siddharth/sor_ws2/install/bme_ros2_navigation/share/bme_ros2_navigation/hook/cmake_prefix_path.sh'
[1.390s] Level 1:colcon.colcon_core.environment:checking '/home/siddharth/sor_ws2/install/bme_ros2_navigation/bin'
[1.391s] Level 1:colcon.colcon_core.environment:checking '/home/siddharth/sor_ws2/install/bme_ros2_navigation/lib/pkgconfig/bme_ros2_navigation.pc'
[1.391s] Level 1:colcon.colcon_core.environment:checking '/home/siddharth/sor_ws2/install/bme_ros2_navigation/lib/python3.12/site-packages'
[1.391s] Level 1:colcon.colcon_core.environment:checking '/home/siddharth/sor_ws2/install/bme_ros2_navigation/bin'
[1.392s] INFO:colcon.colcon_core.shell:Creating package script '/home/siddharth/sor_ws2/install/bme_ros2_navigation/share/bme_ros2_navigation/package.ps1'
[1.394s] INFO:colcon.colcon_core.shell:Creating package descriptor '/home/siddharth/sor_ws2/install/bme_ros2_navigation/share/bme_ros2_navigation/package.dsv'
[1.394s] INFO:colcon.colcon_core.shell:Creating package script '/home/siddharth/sor_ws2/install/bme_ros2_navigation/share/bme_ros2_navigation/package.sh'
[1.418s] INFO:colcon.colcon_core.shell:Creating package script '/home/siddharth/sor_ws2/install/bme_ros2_navigation/share/bme_ros2_navigation/package.bash'
[1.419s] INFO:colcon.colcon_core.shell:Creating package script '/home/siddharth/sor_ws2/install/bme_ros2_navigation/share/bme_ros2_navigation/package.zsh'
[1.420s] Level 1:colcon.colcon_core.environment:create_file_with_runtime_dependencies(/home/siddharth/sor_ws2/install/bme_ros2_navigation/share/colcon-core/packages/bme_ros2_navigation)
[1.421s] Level 1:colcon.colcon_core.environment:create_environment_scripts_only(bme_ros2_navigation)
[1.422s] Level 1:colcon.colcon_core.environment:checking '/home/siddharth/sor_ws2/install/bme_ros2_navigation' for CMake module files
[1.423s] Level 1:colcon.colcon_core.environment:checking '/home/siddharth/sor_ws2/install/bme_ros2_navigation' for CMake config files
[1.423s] Level 1:colcon.colcon_core.shell:create_environment_hook('bme_ros2_navigation', 'cmake_prefix_path')
[1.423s] INFO:colcon.colcon_core.shell:Creating environment hook '/home/siddharth/sor_ws2/install/bme_ros2_navigation/share/bme_ros2_navigation/hook/cmake_prefix_path.ps1'
[1.424s] INFO:colcon.colcon_core.shell:Creating environment descriptor '/home/siddharth/sor_ws2/install/bme_ros2_navigation/share/bme_ros2_navigation/hook/cmake_prefix_path.dsv'
[1.424s] INFO:colcon.colcon_core.shell:Creating environment hook '/home/siddharth/sor_ws2/install/bme_ros2_navigation/share/bme_ros2_navigation/hook/cmake_prefix_path.sh'
[1.425s] Level 1:colcon.colcon_core.environment:checking '/home/siddharth/sor_ws2/install/bme_ros2_navigation/bin'
[1.425s] Level 1:colcon.colcon_core.environment:checking '/home/siddharth/sor_ws2/install/bme_ros2_navigation/lib/pkgconfig/bme_ros2_navigation.pc'
[1.426s] Level 1:colcon.colcon_core.environment:checking '/home/siddharth/sor_ws2/install/bme_ros2_navigation/lib/python3.12/site-packages'
[1.426s] Level 1:colcon.colcon_core.environment:checking '/home/siddharth/sor_ws2/install/bme_ros2_navigation/bin'
[1.427s] INFO:colcon.colcon_core.shell:Creating package script '/home/siddharth/sor_ws2/install/bme_ros2_navigation/share/bme_ros2_navigation/package.ps1'
[1.428s] INFO:colcon.colcon_core.shell:Creating package descriptor '/home/siddharth/sor_ws2/install/bme_ros2_navigation/share/bme_ros2_navigation/package.dsv'
[1.428s] INFO:colcon.colcon_core.shell:Creating package script '/home/siddharth/sor_ws2/install/bme_ros2_navigation/share/bme_ros2_navigation/package.sh'
[1.429s] INFO:colcon.colcon_core.shell:Creating package script '/home/siddharth/sor_ws2/install/bme_ros2_navigation/share/bme_ros2_navigation/package.bash'
[1.429s] INFO:colcon.colcon_core.shell:Creating package script '/home/siddharth/sor_ws2/install/bme_ros2_navigation/share/bme_ros2_navigation/package.zsh'
[1.430s] Level 1:colcon.colcon_core.environment:create_file_with_runtime_dependencies(/home/siddharth/sor_ws2/install/bme_ros2_navigation/share/colcon-core/packages/bme_ros2_navigation)
[2.363s] DEBUG:colcon.colcon_core.event_handler.log_command:Invoking command in '/home/siddharth/sor_ws2/Session5/bme_ros2_navigation_py': DEBUGINFOD_URLS=https://debuginfod.ubuntu.com PYTHONPATH=/home/siddharth/sor_ws2/build/bme_ros2_navigation_py/prefix_override:/usr/lib/python3/dist-packages/colcon_core/task/python/colcon_distutils_commands:/home/siddharth/sor_ws2/install/bme_ros2_navigation_py/lib/python3.12/site-packages:${PYTHONPATH} /usr/bin/python3 -W ignore:setup.py install is deprecated -W ignore:easy_install command is deprecated setup.py egg_info --egg-base ../../build/bme_ros2_navigation_py build --build-base /home/siddharth/sor_ws2/build/bme_ros2_navigation_py/build install --record /home/siddharth/sor_ws2/build/bme_ros2_navigation_py/install.log --single-version-externally-managed install_data
[2.380s] DEBUG:colcon.colcon_core.event_handler.log_command:Invoking command in '/home/siddharth/sor_ws2/Session5/mogi_trajectory_server': DEBUGINFOD_URLS=https://debuginfod.ubuntu.com PYTHONPATH=/home/siddharth/sor_ws2/build/mogi_trajectory_server/prefix_override:/usr/lib/python3/dist-packages/colcon_core/task/python/colcon_distutils_commands:/home/siddharth/sor_ws2/install/mogi_trajectory_server/lib/python3.12/site-packages:${PYTHONPATH} /usr/bin/python3 -W ignore:setup.py install is deprecated -W ignore:easy_install command is deprecated setup.py egg_info --egg-base ../../build/mogi_trajectory_server build --build-base /home/siddharth/sor_ws2/build/mogi_trajectory_server/build install --record /home/siddharth/sor_ws2/build/mogi_trajectory_server/install.log --single-version-externally-managed install_data
[2.388s] DEBUG:colcon.colcon_core.event_handler.log_command:Invoking command in '/home/siddharth/sor_ws2/Session5/src/nav2_patrol': DEBUGINFOD_URLS=https://debuginfod.ubuntu.com PYTHONPATH=/home/siddharth/sor_ws2/build/nav2_patrol/prefix_override:/usr/lib/python3/dist-packages/colcon_core/task/python/colcon_distutils_commands:/home/siddharth/sor_ws2/install/nav2_patrol/lib/python3.12/site-packages:${PYTHONPATH} /usr/bin/python3 -W ignore:setup.py install is deprecated -W ignore:easy_install command is deprecated setup.py egg_info --egg-base ../../../build/nav2_patrol build --build-base /home/siddharth/sor_ws2/build/nav2_patrol/build install --record /home/siddharth/sor_ws2/build/nav2_patrol/install.log --single-version-externally-managed
[3.227s] Level 1:colcon.colcon_core.environment:checking '/home/siddharth/sor_ws2/install/nav2_patrol' for CMake module files
[3.228s] DEBUG:colcon.colcon_core.event_handler.log_command:Invoked command in '/home/siddharth/sor_ws2/Session5/src/nav2_patrol' returned '0': DEBUGINFOD_URLS=https://debuginfod.ubuntu.com PYTHONPATH=/home/siddharth/sor_ws2/build/nav2_patrol/prefix_override:/usr/lib/python3/dist-packages/colcon_core/task/python/colcon_distutils_commands:/home/siddharth/sor_ws2/install/nav2_patrol/lib/python3.12/site-packages:${PYTHONPATH} /usr/bin/python3 -W ignore:setup.py install is deprecated -W ignore:easy_install command is deprecated setup.py egg_info --egg-base ../../../build/nav2_patrol build --build-base /home/siddharth/sor_ws2/build/nav2_patrol/build install --record /home/siddharth/sor_ws2/build/nav2_patrol/install.log --single-version-externally-managed
[3.229s] Level 1:colcon.colcon_core.environment:checking '/home/siddharth/sor_ws2/install/nav2_patrol' for CMake config files
[3.230s] Level 1:colcon.colcon_core.environment:checking '/home/siddharth/sor_ws2/install/nav2_patrol/lib'
[3.230s] Level 1:colcon.colcon_core.environment:checking '/home/siddharth/sor_ws2/install/nav2_patrol/bin'
[3.230s] Level 1:colcon.colcon_core.environment:checking '/home/siddharth/sor_ws2/install/nav2_patrol/lib/pkgconfig/nav2_patrol.pc'
[3.232s] Level 1:colcon.colcon_core.environment:checking '/home/siddharth/sor_ws2/install/nav2_patrol/lib/python3.12/site-packages'
[3.233s] Level 1:colcon.colcon_core.shell:create_environment_hook('nav2_patrol', 'pythonpath')
[3.234s] INFO:colcon.colcon_core.shell:Creating environment hook '/home/siddharth/sor_ws2/install/nav2_patrol/share/nav2_patrol/hook/pythonpath.ps1'
[3.235s] INFO:colcon.colcon_core.shell:Creating environment descriptor '/home/siddharth/sor_ws2/install/nav2_patrol/share/nav2_patrol/hook/pythonpath.dsv'
[3.236s] INFO:colcon.colcon_core.shell:Creating environment hook '/home/siddharth/sor_ws2/install/nav2_patrol/share/nav2_patrol/hook/pythonpath.sh'
[3.237s] Level 1:colcon.colcon_core.environment:checking '/home/siddharth/sor_ws2/install/nav2_patrol/bin'
[3.238s] Level 1:colcon.colcon_core.environment:create_environment_scripts_only(nav2_patrol)
[3.238s] INFO:colcon.colcon_core.shell:Creating package script '/home/siddharth/sor_ws2/install/nav2_patrol/share/nav2_patrol/package.ps1'
[3.239s] INFO:colcon.colcon_core.shell:Creating package descriptor '/home/siddharth/sor_ws2/install/nav2_patrol/share/nav2_patrol/package.dsv'
[3.242s] INFO:colcon.colcon_core.shell:Creating package script '/home/siddharth/sor_ws2/install/nav2_patrol/share/nav2_patrol/package.sh'
[3.243s] INFO:colcon.colcon_core.shell:Creating package script '/home/siddharth/sor_ws2/install/nav2_patrol/share/nav2_patrol/package.bash'
[3.244s] INFO:colcon.colcon_core.shell:Creating package script '/home/siddharth/sor_ws2/install/nav2_patrol/share/nav2_patrol/package.zsh'
[3.245s] Level 1:colcon.colcon_core.environment:create_file_with_runtime_dependencies(/home/siddharth/sor_ws2/install/nav2_patrol/share/colcon-core/packages/nav2_patrol)
[3.271s] Level 1:colcon.colcon_core.environment:checking '/home/siddharth/sor_ws2/install/mogi_trajectory_server' for CMake module files
[3.273s] DEBUG:colcon.colcon_core.event_handler.log_command:Invoked command in '/home/siddharth/sor_ws2/Session5/mogi_trajectory_server' returned '0': DEBUGINFOD_URLS=https://debuginfod.ubuntu.com PYTHONPATH=/home/siddharth/sor_ws2/build/mogi_trajectory_server/prefix_override:/usr/lib/python3/dist-packages/colcon_core/task/python/colcon_distutils_commands:/home/siddharth/sor_ws2/install/mogi_trajectory_server/lib/python3.12/site-packages:${PYTHONPATH} /usr/bin/python3 -W ignore:setup.py install is deprecated -W ignore:easy_install command is deprecated setup.py egg_info --egg-base ../../build/mogi_trajectory_server build --build-base /home/siddharth/sor_ws2/build/mogi_trajectory_server/build install --record /home/siddharth/sor_ws2/build/mogi_trajectory_server/install.log --single-version-externally-managed install_data
[3.273s] Level 1:colcon.colcon_core.environment:checking '/home/siddharth/sor_ws2/install/mogi_trajectory_server' for CMake config files
[3.274s] Level 1:colcon.colcon_core.environment:checking '/home/siddharth/sor_ws2/install/mogi_trajectory_server/lib'
[3.274s] Level 1:colcon.colcon_core.environment:checking '/home/siddharth/sor_ws2/install/mogi_trajectory_server/bin'
[3.274s] Level 1:colcon.colcon_core.environment:checking '/home/siddharth/sor_ws2/install/mogi_trajectory_server/lib/pkgconfig/mogi_trajectory_server.pc'
[3.275s] Level 1:colcon.colcon_core.environment:checking '/home/siddharth/sor_ws2/install/mogi_trajectory_server/lib/python3.12/site-packages'
[3.275s] Level 1:colcon.colcon_core.shell:create_environment_hook('mogi_trajectory_server', 'pythonpath')
[3.275s] INFO:colcon.colcon_core.shell:Creating environment hook '/home/siddharth/sor_ws2/install/mogi_trajectory_server/share/mogi_trajectory_server/hook/pythonpath.ps1'
[3.276s] INFO:colcon.colcon_core.shell:Creating environment descriptor '/home/siddharth/sor_ws2/install/mogi_trajectory_server/share/mogi_trajectory_server/hook/pythonpath.dsv'
[3.276s] INFO:colcon.colcon_core.shell:Creating environment hook '/home/siddharth/sor_ws2/install/mogi_trajectory_server/share/mogi_trajectory_server/hook/pythonpath.sh'
[3.277s] Level 1:colcon.colcon_core.environment:checking '/home/siddharth/sor_ws2/install/mogi_trajectory_server/bin'
[3.277s] Level 1:colcon.colcon_core.environment:create_environment_scripts_only(mogi_trajectory_server)
[3.278s] INFO:colcon.colcon_core.shell:Creating package script '/home/siddharth/sor_ws2/install/mogi_trajectory_server/share/mogi_trajectory_server/package.ps1'
[3.279s] INFO:colcon.colcon_core.shell:Creating package descriptor '/home/siddharth/sor_ws2/install/mogi_trajectory_server/share/mogi_trajectory_server/package.dsv'
[3.279s] INFO:colcon.colcon_core.shell:Creating package script '/home/siddharth/sor_ws2/install/mogi_trajectory_server/share/mogi_trajectory_server/package.sh'
[3.280s] INFO:colcon.colcon_core.shell:Creating package script '/home/siddharth/sor_ws2/install/mogi_trajectory_server/share/mogi_trajectory_server/package.bash'
[3.280s] INFO:colcon.colcon_core.shell:Creating package script '/home/siddharth/sor_ws2/install/mogi_trajectory_server/share/mogi_trajectory_server/package.zsh'
[3.281s] Level 1:colcon.colcon_core.environment:create_file_with_runtime_dependencies(/home/siddharth/sor_ws2/install/mogi_trajectory_server/share/colcon-core/packages/mogi_trajectory_server)
[3.282s] Level 1:colcon.colcon_core.environment:checking '/home/siddharth/sor_ws2/install/bme_ros2_navigation_py' for CMake module files
[3.283s] DEBUG:colcon.colcon_core.event_handler.log_command:Invoked command in '/home/siddharth/sor_ws2/Session5/bme_ros2_navigation_py' returned '0': DEBUGINFOD_URLS=https://debuginfod.ubuntu.com PYTHONPATH=/home/siddharth/sor_ws2/build/bme_ros2_navigation_py/prefix_override:/usr/lib/python3/dist-packages/colcon_core/task/python/colcon_distutils_commands:/home/siddharth/sor_ws2/install/bme_ros2_navigation_py/lib/python3.12/site-packages:${PYTHONPATH} /usr/bin/python3 -W ignore:setup.py install is deprecated -W ignore:easy_install command is deprecated setup.py egg_info --egg-base ../../build/bme_ros2_navigation_py build --build-base /home/siddharth/sor_ws2/build/bme_ros2_navigation_py/build install --record /home/siddharth/sor_ws2/build/bme_ros2_navigation_py/install.log --single-version-externally-managed install_data
[3.284s] Level 1:colcon.colcon_core.environment:checking '/home/siddharth/sor_ws2/install/bme_ros2_navigation_py' for CMake config files
[3.286s] Level 1:colcon.colcon_core.environment:checking '/home/siddharth/sor_ws2/install/bme_ros2_navigation_py/lib'
[3.286s] Level 1:colcon.colcon_core.environment:checking '/home/siddharth/sor_ws2/install/bme_ros2_navigation_py/bin'
[3.286s] Level 1:colcon.colcon_core.environment:checking '/home/siddharth/sor_ws2/install/bme_ros2_navigation_py/lib/pkgconfig/bme_ros2_navigation_py.pc'
[3.287s] Level 1:colcon.colcon_core.environment:checking '/home/siddharth/sor_ws2/install/bme_ros2_navigation_py/lib/python3.12/site-packages'
[3.287s] Level 1:colcon.colcon_core.shell:create_environment_hook('bme_ros2_navigation_py', 'pythonpath')
[3.288s] INFO:colcon.colcon_core.shell:Creating environment hook '/home/siddharth/sor_ws2/install/bme_ros2_navigation_py/share/bme_ros2_navigation_py/hook/pythonpath.ps1'
[3.289s] INFO:colcon.colcon_core.shell:Creating environment descriptor '/home/siddharth/sor_ws2/install/bme_ros2_navigation_py/share/bme_ros2_navigation_py/hook/pythonpath.dsv'
[3.290s] INFO:colcon.colcon_core.shell:Creating environment hook '/home/siddharth/sor_ws2/install/bme_ros2_navigation_py/share/bme_ros2_navigation_py/hook/pythonpath.sh'
[3.293s] Level 1:colcon.colcon_core.environment:checking '/home/siddharth/sor_ws2/install/bme_ros2_navigation_py/bin'
[3.293s] Level 1:colcon.colcon_core.environment:create_environment_scripts_only(bme_ros2_navigation_py)
[3.294s] INFO:colcon.colcon_core.shell:Creating package script '/home/siddharth/sor_ws2/install/bme_ros2_navigation_py/share/bme_ros2_navigation_py/package.ps1'
[3.296s] INFO:colcon.colcon_core.shell:Creating package descriptor '/home/siddharth/sor_ws2/install/bme_ros2_navigation_py/share/bme_ros2_navigation_py/package.dsv'
[3.297s] INFO:colcon.colcon_core.shell:Creating package script '/home/siddharth/sor_ws2/install/bme_ros2_navigation_py/share/bme_ros2_navigation_py/package.sh'
[3.299s] INFO:colcon.colcon_core.shell:Creating package script '/home/siddharth/sor_ws2/install/bme_ros2_navigation_py/share/bme_ros2_navigation_py/package.bash'
[3.299s] INFO:colcon.colcon_core.shell:Creating package script '/home/siddharth/sor_ws2/install/bme_ros2_navigation_py/share/bme_ros2_navigation_py/package.zsh'
[3.300s] Level 1:colcon.colcon_core.environment:create_file_with_runtime_dependencies(/home/siddharth/sor_ws2/install/bme_ros2_navigation_py/share/colcon-core/packages/bme_ros2_navigation_py)
[3.301s] DEBUG:colcon.colcon_parallel_executor.executor.parallel:closing loop
[3.302s] DEBUG:colcon.colcon_parallel_executor.executor.parallel:loop closed
[3.302s] DEBUG:colcon.colcon_parallel_executor.executor.parallel:run_until_complete finished with '0'
[3.302s] DEBUG:colcon.colcon_core.event_reactor:joining thread
[3.321s] INFO:colcon.colcon_core.plugin_system:Skipping extension 'colcon_notification.desktop_notification.terminal_notifier': Not used on non-Darwin systems
[3.321s] INFO:colcon.colcon_core.plugin_system:Skipping extension 'colcon_notification.desktop_notification.win32': Not used on non-Windows systems
[3.321s] INFO:colcon.colcon_notification.desktop_notification:Sending desktop notification using 'notify2'
[3.340s] DEBUG:colcon.colcon_core.event_reactor:joined thread
[3.341s] INFO:colcon.colcon_core.shell:Creating prefix script '/home/siddharth/sor_ws2/install/local_setup.ps1'
[3.343s] INFO:colcon.colcon_core.shell:Creating prefix util module '/home/siddharth/sor_ws2/install/_local_setup_util_ps1.py'
[3.346s] INFO:colcon.colcon_core.shell:Creating prefix chain script '/home/siddharth/sor_ws2/install/setup.ps1'
[3.350s] INFO:colcon.colcon_core.shell:Creating prefix script '/home/siddharth/sor_ws2/install/local_setup.sh'
[3.351s] INFO:colcon.colcon_core.shell:Creating prefix util module '/home/siddharth/sor_ws2/install/_local_setup_util_sh.py'
[3.353s] INFO:colcon.colcon_core.shell:Creating prefix chain script '/home/siddharth/sor_ws2/install/setup.sh'
[3.357s] INFO:colcon.colcon_core.shell:Creating prefix script '/home/siddharth/sor_ws2/install/local_setup.bash'
[3.359s] INFO:colcon.colcon_core.shell:Creating prefix chain script '/home/siddharth/sor_ws2/install/setup.bash'
[3.363s] INFO:colcon.colcon_core.shell:Creating prefix script '/home/siddharth/sor_ws2/install/local_setup.zsh'
[3.364s] INFO:colcon.colcon_core.shell:Creating prefix chain script '/home/siddharth/sor_ws2/install/setup.zsh'
