[0.154s] DEBUG:colcon:Command line arguments: ['/usr/bin/colcon', 'build']
[0.154s] DEBUG:colcon:Parsed command line arguments: Namespace(log_base=None, log_level=None, verb_name='build', build_base='build', install_base='install', merge_install=False, symlink_install=False, test_result_base=None, continue_on_error=False, executor='parallel', parallel_workers=8, event_handlers=None, ignore_user_meta=False, metas=['./colcon.meta'], base_paths=['.'], packages_ignore=None, packages_ignore_regex=None, paths=None, packages_up_to=None, packages_up_to_regex=None, packages_above=None, packages_above_and_dependencies=None, packages_above_depth=None, packages_select_by_dep=None, packages_skip_by_dep=None, packages_skip_up_to=None, packages_select_build_failed=False, packages_skip_build_finished=False, packages_select_test_failures=False, packages_skip_test_passed=False, packages_select=None, packages_skip=None, packages_select_regex=None, packages_skip_regex=None, packages_start=None, packages_end=None, allow_overriding=[], cmake_args=None, cmake_target=None, cmake_target_skip_unavailable=False, cmake_clean_cache=False, cmake_clean_first=False, cmake_force_configure=False, ament_cmake_args=None, catkin_cmake_args=None, catkin_skip_building_tests=False, mixin_files=None, mixin=None, verb_parser=<colcon_mixin.mixin.mixin_argument.MixinArgumentDecorator object at 0x7d04f7c53140>, verb_extension=<colcon_core.verb.build.BuildVerb object at 0x7d04f7d7e540>, main=<bound method BuildVerb.main of <colcon_core.verb.build.BuildVerb object at 0x7d04f7d7e540>>, mixin_verb=('build',))
[0.209s] Level 1:colcon.colcon_core.package_discovery:discover_packages(colcon_meta) check parameters
[0.209s] Level 1:colcon.colcon_core.package_discovery:discover_packages(recursive) check parameters
[0.209s] Level 1:colcon.colcon_core.package_discovery:discover_packages(ignore) check parameters
[0.209s] Level 1:colcon.colcon_core.package_discovery:discover_packages(path) check parameters
[0.209s] Level 1:colcon.colcon_core.package_discovery:discover_packages(colcon_meta) discover
[0.210s] Level 1:colcon.colcon_core.package_discovery:discover_packages(recursive) discover
[0.210s] INFO:colcon.colcon_core.package_discovery:Crawling recursively for packages in '/home/siddharth/sor_ws1'
[0.210s] Level 1:colcon.colcon_core.package_identification:_identify(.) by extensions ['ignore', 'ignore_ament_install']
[0.210s] Level 1:colcon.colcon_core.package_identification:_identify(.) by extension 'ignore'
[0.210s] Level 1:colcon.colcon_core.package_identification:_identify(.) by extension 'ignore_ament_install'
[0.210s] Level 1:colcon.colcon_core.package_identification:_identify(.) by extensions ['colcon_pkg']
[0.210s] Level 1:colcon.colcon_core.package_identification:_identify(.) by extension 'colcon_pkg'
[0.210s] Level 1:colcon.colcon_core.package_identification:_identify(.) by extensions ['colcon_meta']
[0.210s] Level 1:colcon.colcon_core.package_identification:_identify(.) by extension 'colcon_meta'
[0.210s] Level 1:colcon.colcon_core.package_identification:_identify(.) by extensions ['ros']
[0.210s] Level 1:colcon.colcon_core.package_identification:_identify(.) by extension 'ros'
[0.245s] Level 1:colcon.colcon_core.package_identification:_identify(.) by extensions ['cmake', 'python']
[0.245s] Level 1:colcon.colcon_core.package_identification:_identify(.) by extension 'cmake'
[0.245s] Level 1:colcon.colcon_core.package_identification:_identify(.) by extension 'python'
[0.246s] Level 1:colcon.colcon_core.package_identification:_identify(.) by extensions ['python_setup_py']
[0.246s] Level 1:colcon.colcon_core.package_identification:_identify(.) by extension 'python_setup_py'
[0.246s] Level 1:colcon.colcon_core.package_identification:_identify(Session5) by extensions ['ignore', 'ignore_ament_install']
[0.246s] Level 1:colcon.colcon_core.package_identification:_identify(Session5) by extension 'ignore'
[0.246s] Level 1:colcon.colcon_core.package_identification:_identify(Session5) by extension 'ignore_ament_install'
[0.246s] Level 1:colcon.colcon_core.package_identification:_identify(Session5) by extensions ['colcon_pkg']
[0.246s] Level 1:colcon.colcon_core.package_identification:_identify(Session5) by extension 'colcon_pkg'
[0.246s] Level 1:colcon.colcon_core.package_identification:_identify(Session5) by extensions ['colcon_meta']
[0.246s] Level 1:colcon.colcon_core.package_identification:_identify(Session5) by extension 'colcon_meta'
[0.246s] Level 1:colcon.colcon_core.package_identification:_identify(Session5) by extensions ['ros']
[0.246s] Level 1:colcon.colcon_core.package_identification:_identify(Session5) by extension 'ros'
[0.246s] Level 1:colcon.colcon_core.package_identification:_identify(Session5) by extensions ['cmake', 'python']
[0.246s] Level 1:colcon.colcon_core.package_identification:_identify(Session5) by extension 'cmake'
[0.246s] Level 1:colcon.colcon_core.package_identification:_identify(Session5) by extension 'python'
[0.246s] Level 1:colcon.colcon_core.package_identification:_identify(Session5) by extensions ['python_setup_py']
[0.246s] Level 1:colcon.colcon_core.package_identification:_identify(Session5) by extension 'python_setup_py'
[0.247s] Level 1:colcon.colcon_core.package_identification:_identify(Session5/bme_ros2_simple_arm) by extensions ['ignore', 'ignore_ament_install']
[0.247s] Level 1:colcon.colcon_core.package_identification:_identify(Session5/bme_ros2_simple_arm) by extension 'ignore'
[0.247s] Level 1:colcon.colcon_core.package_identification:_identify(Session5/bme_ros2_simple_arm) by extension 'ignore_ament_install'
[0.247s] Level 1:colcon.colcon_core.package_identification:_identify(Session5/bme_ros2_simple_arm) by extensions ['colcon_pkg']
[0.247s] Level 1:colcon.colcon_core.package_identification:_identify(Session5/bme_ros2_simple_arm) by extension 'colcon_pkg'
[0.247s] Level 1:colcon.colcon_core.package_identification:_identify(Session5/bme_ros2_simple_arm) by extensions ['colcon_meta']
[0.247s] Level 1:colcon.colcon_core.package_identification:_identify(Session5/bme_ros2_simple_arm) by extension 'colcon_meta'
[0.247s] Level 1:colcon.colcon_core.package_identification:_identify(Session5/bme_ros2_simple_arm) by extensions ['ros']
[0.247s] Level 1:colcon.colcon_core.package_identification:_identify(Session5/bme_ros2_simple_arm) by extension 'ros'
[0.250s] DEBUG:colcon.colcon_core.package_identification:Package 'Session5/bme_ros2_simple_arm' with type 'ros.ament_cmake' and name 'bme_ros2_simple_arm'
[0.250s] Level 1:colcon.colcon_core.package_identification:_identify(Session5/bme_ros2_simple_arm_py) by extensions ['ignore', 'ignore_ament_install']
[0.250s] Level 1:colcon.colcon_core.package_identification:_identify(Session5/bme_ros2_simple_arm_py) by extension 'ignore'
[0.250s] Level 1:colcon.colcon_core.package_identification:_identify(Session5/bme_ros2_simple_arm_py) by extension 'ignore_ament_install'
[0.250s] Level 1:colcon.colcon_core.package_identification:_identify(Session5/bme_ros2_simple_arm_py) by extensions ['colcon_pkg']
[0.250s] Level 1:colcon.colcon_core.package_identification:_identify(Session5/bme_ros2_simple_arm_py) by extension 'colcon_pkg'
[0.250s] Level 1:colcon.colcon_core.package_identification:_identify(Session5/bme_ros2_simple_arm_py) by extensions ['colcon_meta']
[0.250s] Level 1:colcon.colcon_core.package_identification:_identify(Session5/bme_ros2_simple_arm_py) by extension 'colcon_meta'
[0.251s] Level 1:colcon.colcon_core.package_identification:_identify(Session5/bme_ros2_simple_arm_py) by extensions ['ros']
[0.251s] Level 1:colcon.colcon_core.package_identification:_identify(Session5/bme_ros2_simple_arm_py) by extension 'ros'
[0.251s] DEBUG:colcon.colcon_core.package_identification:Package 'Session5/bme_ros2_simple_arm_py' with type 'ros.ament_python' and name 'bme_ros2_simple_arm_py'
[0.251s] Level 1:colcon.colcon_core.package_identification:_identify(build) by extensions ['ignore', 'ignore_ament_install']
[0.251s] Level 1:colcon.colcon_core.package_identification:_identify(build) by extension 'ignore'
[0.252s] Level 1:colcon.colcon_core.package_identification:_identify(build) ignored
[0.252s] Level 1:colcon.colcon_core.package_identification:_identify(install) by extensions ['ignore', 'ignore_ament_install']
[0.252s] Level 1:colcon.colcon_core.package_identification:_identify(install) by extension 'ignore'
[0.252s] Level 1:colcon.colcon_core.package_identification:_identify(install) ignored
[0.252s] Level 1:colcon.colcon_core.package_identification:_identify(log) by extensions ['ignore', 'ignore_ament_install']
[0.252s] Level 1:colcon.colcon_core.package_identification:_identify(log) by extension 'ignore'
[0.252s] Level 1:colcon.colcon_core.package_identification:_identify(log) ignored
[0.252s] Level 1:colcon.colcon_core.package_discovery:discover_packages(recursive) using defaults
[0.252s] Level 1:colcon.colcon_core.package_discovery:discover_packages(ignore) discover
[0.252s] Level 1:colcon.colcon_core.package_discovery:discover_packages(ignore) using defaults
[0.252s] Level 1:colcon.colcon_core.package_discovery:discover_packages(path) discover
[0.252s] Level 1:colcon.colcon_core.package_discovery:discover_packages(path) using defaults
[0.276s] Level 1:colcon.colcon_core.package_discovery:discover_packages(prefix_path) check parameters
[0.276s] Level 1:colcon.colcon_core.package_discovery:discover_packages(prefix_path) discover
[0.278s] WARNING:colcon.colcon_ros.prefix_path.ament:The path '/home/siddharth/sor_ws1/install/bme_ros2_simple_arm_moveit_config' in the environment variable AMENT_PREFIX_PATH doesn't exist
[0.278s] WARNING:colcon.colcon_ros.prefix_path.catkin:The path '/home/siddharth/sor_ws1/install/bme_ros2_simple_arm_moveit_config' in the environment variable CMAKE_PREFIX_PATH doesn't exist
[0.280s] DEBUG:colcon.colcon_installed_package_information.package_discovery:Found 2 installed packages in /home/siddharth/sor_ws1/install
[0.281s] DEBUG:colcon.colcon_installed_package_information.package_discovery:Found 2 installed packages in /home/siddharth/ros2_ws/install
[0.285s] DEBUG:colcon.colcon_installed_package_information.package_discovery:Found 446 installed packages in /opt/ros/jazzy
[0.287s] Level 1:colcon.colcon_core.package_discovery:discover_packages(prefix_path) using defaults
[0.371s] Level 5:colcon.colcon_core.verb:set package 'bme_ros2_simple_arm' build argument 'cmake_args' from command line to 'None'
[0.371s] Level 5:colcon.colcon_core.verb:set package 'bme_ros2_simple_arm' build argument 'cmake_target' from command line to 'None'
[0.371s] Level 5:colcon.colcon_core.verb:set package 'bme_ros2_simple_arm' build argument 'cmake_target_skip_unavailable' from command line to 'False'
[0.371s] Level 5:colcon.colcon_core.verb:set package 'bme_ros2_simple_arm' build argument 'cmake_clean_cache' from command line to 'False'
[0.371s] Level 5:colcon.colcon_core.verb:set package 'bme_ros2_simple_arm' build argument 'cmake_clean_first' from command line to 'False'
[0.371s] Level 5:colcon.colcon_core.verb:set package 'bme_ros2_simple_arm' build argument 'cmake_force_configure' from command line to 'False'
[0.371s] Level 5:colcon.colcon_core.verb:set package 'bme_ros2_simple_arm' build argument 'ament_cmake_args' from command line to 'None'
[0.371s] Level 5:colcon.colcon_core.verb:set package 'bme_ros2_simple_arm' build argument 'catkin_cmake_args' from command line to 'None'
[0.371s] Level 5:colcon.colcon_core.verb:set package 'bme_ros2_simple_arm' build argument 'catkin_skip_building_tests' from command line to 'False'
[0.371s] DEBUG:colcon.colcon_core.verb:Building package 'bme_ros2_simple_arm' with the following arguments: {'ament_cmake_args': None, 'build_base': '/home/siddharth/sor_ws1/build/bme_ros2_simple_arm', 'catkin_cmake_args': None, 'catkin_skip_building_tests': False, 'cmake_args': None, 'cmake_clean_cache': False, 'cmake_clean_first': False, 'cmake_force_configure': False, 'cmake_target': None, 'cmake_target_skip_unavailable': False, 'install_base': '/home/siddharth/sor_ws1/install/bme_ros2_simple_arm', 'merge_install': False, 'path': '/home/siddharth/sor_ws1/Session5/bme_ros2_simple_arm', 'symlink_install': False, 'test_result_base': None}
[0.372s] Level 5:colcon.colcon_core.verb:set package 'bme_ros2_simple_arm_py' build argument 'cmake_args' from command line to 'None'
[0.372s] Level 5:colcon.colcon_core.verb:set package 'bme_ros2_simple_arm_py' build argument 'cmake_target' from command line to 'None'
[0.372s] Level 5:colcon.colcon_core.verb:set package 'bme_ros2_simple_arm_py' build argument 'cmake_target_skip_unavailable' from command line to 'False'
[0.372s] Level 5:colcon.colcon_core.verb:set package 'bme_ros2_simple_arm_py' build argument 'cmake_clean_cache' from command line to 'False'
[0.372s] Level 5:colcon.colcon_core.verb:set package 'bme_ros2_simple_arm_py' build argument 'cmake_clean_first' from command line to 'False'
[0.372s] Level 5:colcon.colcon_core.verb:set package 'bme_ros2_simple_arm_py' build argument 'cmake_force_configure' from command line to 'False'
[0.372s] Level 5:colcon.colcon_core.verb:set package 'bme_ros2_simple_arm_py' build argument 'ament_cmake_args' from command line to 'None'
[0.372s] Level 5:colcon.colcon_core.verb:set package 'bme_ros2_simple_arm_py' build argument 'catkin_cmake_args' from command line to 'None'
[0.372s] Level 5:colcon.colcon_core.verb:set package 'bme_ros2_simple_arm_py' build argument 'catkin_skip_building_tests' from command line to 'False'
[0.372s] DEBUG:colcon.colcon_core.verb:Building package 'bme_ros2_simple_arm_py' with the following arguments: {'ament_cmake_args': None, 'build_base': '/home/siddharth/sor_ws1/build/bme_ros2_simple_arm_py', 'catkin_cmake_args': None, 'catkin_skip_building_tests': False, 'cmake_args': None, 'cmake_clean_cache': False, 'cmake_clean_first': False, 'cmake_force_configure': False, 'cmake_target': None, 'cmake_target_skip_unavailable': False, 'install_base': '/home/siddharth/sor_ws1/install/bme_ros2_simple_arm_py', 'merge_install': False, 'path': '/home/siddharth/sor_ws1/Session5/bme_ros2_simple_arm_py', 'symlink_install': False, 'test_result_base': None}
[0.372s] INFO:colcon.colcon_core.executor:Executing jobs using 'parallel' executor
[0.373s] DEBUG:colcon.colcon_parallel_executor.executor.parallel:run_until_complete
[0.373s] INFO:colcon.colcon_ros.task.ament_cmake.build:Building ROS package in '/home/siddharth/sor_ws1/Session5/bme_ros2_simple_arm' with build type 'ament_cmake'
[0.373s] INFO:colcon.colcon_cmake.task.cmake.build:Building CMake package in '/home/siddharth/sor_ws1/Session5/bme_ros2_simple_arm'
[0.376s] INFO:colcon.colcon_core.plugin_system:Skipping extension 'colcon_core.shell.bat': Not used on non-Windows systems
[0.377s] INFO:colcon.colcon_core.shell:Skip shell extension 'powershell' for command environment: Not usable outside of PowerShell
[0.377s] DEBUG:colcon.colcon_core.shell:Skip shell extension 'dsv' for command environment
[0.385s] INFO:colcon.colcon_ros.task.ament_python.build:Building ROS package in '/home/siddharth/sor_ws1/Session5/bme_ros2_simple_arm_py' with build type 'ament_python'
[0.385s] Level 1:colcon.colcon_core.shell:create_environment_hook('bme_ros2_simple_arm_py', 'ament_prefix_path')
[0.385s] INFO:colcon.colcon_core.shell:Creating environment hook '/home/siddharth/sor_ws1/install/bme_ros2_simple_arm_py/share/bme_ros2_simple_arm_py/hook/ament_prefix_path.ps1'
[0.386s] INFO:colcon.colcon_core.shell:Creating environment descriptor '/home/siddharth/sor_ws1/install/bme_ros2_simple_arm_py/share/bme_ros2_simple_arm_py/hook/ament_prefix_path.dsv'
[0.387s] INFO:colcon.colcon_core.shell:Creating environment hook '/home/siddharth/sor_ws1/install/bme_ros2_simple_arm_py/share/bme_ros2_simple_arm_py/hook/ament_prefix_path.sh'
[0.388s] INFO:colcon.colcon_core.shell:Skip shell extension 'powershell' for command environment: Not usable outside of PowerShell
[0.388s] DEBUG:colcon.colcon_core.shell:Skip shell extension 'dsv' for command environment
[0.401s] DEBUG:colcon.colcon_core.event_handler.log_command:Invoking command in '/home/siddharth/sor_ws1/build/bme_ros2_simple_arm': CMAKE_PREFIX_PATH=${CMAKE_PREFIX_PATH}:/home/siddharth/sor_ws1/install/bme_ros2_simple_arm_py:/opt/ros/jazzy DEBUGINFOD_URLS=https://debuginfod.ubuntu.com /usr/bin/cmake --build /home/siddharth/sor_ws1/build/bme_ros2_simple_arm -- -j8 -l8
[0.728s] INFO:colcon.colcon_core.task.python.build:Building Python package in '/home/siddharth/sor_ws1/Session5/bme_ros2_simple_arm_py'
[0.729s] INFO:colcon.colcon_core.shell:Skip shell extension 'powershell' for command environment: Not usable outside of PowerShell
[0.729s] DEBUG:colcon.colcon_core.shell:Skip shell extension 'dsv' for command environment
[0.736s] DEBUG:colcon.colcon_core.event_handler.log_command:Invoked command in '/home/siddharth/sor_ws1/build/bme_ros2_simple_arm' returned '0': CMAKE_PREFIX_PATH=${CMAKE_PREFIX_PATH}:/home/siddharth/sor_ws1/install/bme_ros2_simple_arm_py:/opt/ros/jazzy DEBUGINFOD_URLS=https://debuginfod.ubuntu.com /usr/bin/cmake --build /home/siddharth/sor_ws1/build/bme_ros2_simple_arm -- -j8 -l8
[0.751s] DEBUG:colcon.colcon_core.event_handler.log_command:Invoking command in '/home/siddharth/sor_ws1/build/bme_ros2_simple_arm': CMAKE_PREFIX_PATH=${CMAKE_PREFIX_PATH}:/home/siddharth/sor_ws1/install/bme_ros2_simple_arm_py:/opt/ros/jazzy DEBUGINFOD_URLS=https://debuginfod.ubuntu.com /usr/bin/cmake --install /home/siddharth/sor_ws1/build/bme_ros2_simple_arm
[0.772s] Level 1:colcon.colcon_core.environment:create_environment_scripts_only(bme_ros2_simple_arm)
[0.772s] DEBUG:colcon.colcon_core.event_handler.log_command:Invoked command in '/home/siddharth/sor_ws1/build/bme_ros2_simple_arm' returned '0': CMAKE_PREFIX_PATH=${CMAKE_PREFIX_PATH}:/home/siddharth/sor_ws1/install/bme_ros2_simple_arm_py:/opt/ros/jazzy DEBUGINFOD_URLS=https://debuginfod.ubuntu.com /usr/bin/cmake --install /home/siddharth/sor_ws1/build/bme_ros2_simple_arm
[0.776s] Level 1:colcon.colcon_core.environment:checking '/home/siddharth/sor_ws1/install/bme_ros2_simple_arm' for CMake module files
[0.777s] Level 1:colcon.colcon_core.environment:checking '/home/siddharth/sor_ws1/install/bme_ros2_simple_arm' for CMake config files
[0.778s] Level 1:colcon.colcon_core.shell:create_environment_hook('bme_ros2_simple_arm', 'cmake_prefix_path')
[0.778s] INFO:colcon.colcon_core.shell:Creating environment hook '/home/siddharth/sor_ws1/install/bme_ros2_simple_arm/share/bme_ros2_simple_arm/hook/cmake_prefix_path.ps1'
[0.779s] INFO:colcon.colcon_core.shell:Creating environment descriptor '/home/siddharth/sor_ws1/install/bme_ros2_simple_arm/share/bme_ros2_simple_arm/hook/cmake_prefix_path.dsv'
[0.780s] INFO:colcon.colcon_core.shell:Creating environment hook '/home/siddharth/sor_ws1/install/bme_ros2_simple_arm/share/bme_ros2_simple_arm/hook/cmake_prefix_path.sh'
[0.781s] Level 1:colcon.colcon_core.environment:checking '/home/siddharth/sor_ws1/install/bme_ros2_simple_arm/bin'
[0.781s] Level 1:colcon.colcon_core.environment:checking '/home/siddharth/sor_ws1/install/bme_ros2_simple_arm/lib/pkgconfig/bme_ros2_simple_arm.pc'
[0.781s] Level 1:colcon.colcon_core.environment:checking '/home/siddharth/sor_ws1/install/bme_ros2_simple_arm/lib/python3.12/site-packages'
[0.782s] Level 1:colcon.colcon_core.environment:checking '/home/siddharth/sor_ws1/install/bme_ros2_simple_arm/bin'
[0.782s] INFO:colcon.colcon_core.shell:Creating package script '/home/siddharth/sor_ws1/install/bme_ros2_simple_arm/share/bme_ros2_simple_arm/package.ps1'
[0.784s] INFO:colcon.colcon_core.shell:Creating package descriptor '/home/siddharth/sor_ws1/install/bme_ros2_simple_arm/share/bme_ros2_simple_arm/package.dsv'
[0.785s] INFO:colcon.colcon_core.shell:Creating package script '/home/siddharth/sor_ws1/install/bme_ros2_simple_arm/share/bme_ros2_simple_arm/package.sh'
[0.786s] INFO:colcon.colcon_core.shell:Creating package script '/home/siddharth/sor_ws1/install/bme_ros2_simple_arm/share/bme_ros2_simple_arm/package.bash'
[0.787s] INFO:colcon.colcon_core.shell:Creating package script '/home/siddharth/sor_ws1/install/bme_ros2_simple_arm/share/bme_ros2_simple_arm/package.zsh'
[0.788s] Level 1:colcon.colcon_core.environment:create_file_with_runtime_dependencies(/home/siddharth/sor_ws1/install/bme_ros2_simple_arm/share/colcon-core/packages/bme_ros2_simple_arm)
[0.789s] Level 1:colcon.colcon_core.environment:create_environment_scripts_only(bme_ros2_simple_arm)
[0.789s] Level 1:colcon.colcon_core.environment:checking '/home/siddharth/sor_ws1/install/bme_ros2_simple_arm' for CMake module files
[0.790s] Level 1:colcon.colcon_core.environment:checking '/home/siddharth/sor_ws1/install/bme_ros2_simple_arm' for CMake config files
[0.791s] Level 1:colcon.colcon_core.shell:create_environment_hook('bme_ros2_simple_arm', 'cmake_prefix_path')
[0.791s] INFO:colcon.colcon_core.shell:Creating environment hook '/home/siddharth/sor_ws1/install/bme_ros2_simple_arm/share/bme_ros2_simple_arm/hook/cmake_prefix_path.ps1'
[0.792s] INFO:colcon.colcon_core.shell:Creating environment descriptor '/home/siddharth/sor_ws1/install/bme_ros2_simple_arm/share/bme_ros2_simple_arm/hook/cmake_prefix_path.dsv'
[0.793s] INFO:colcon.colcon_core.shell:Creating environment hook '/home/siddharth/sor_ws1/install/bme_ros2_simple_arm/share/bme_ros2_simple_arm/hook/cmake_prefix_path.sh'
[0.794s] Level 1:colcon.colcon_core.environment:checking '/home/siddharth/sor_ws1/install/bme_ros2_simple_arm/bin'
[0.794s] Level 1:colcon.colcon_core.environment:checking '/home/siddharth/sor_ws1/install/bme_ros2_simple_arm/lib/pkgconfig/bme_ros2_simple_arm.pc'
[0.794s] Level 1:colcon.colcon_core.environment:checking '/home/siddharth/sor_ws1/install/bme_ros2_simple_arm/lib/python3.12/site-packages'
[0.795s] Level 1:colcon.colcon_core.environment:checking '/home/siddharth/sor_ws1/install/bme_ros2_simple_arm/bin'
[0.795s] INFO:colcon.colcon_core.shell:Creating package script '/home/siddharth/sor_ws1/install/bme_ros2_simple_arm/share/bme_ros2_simple_arm/package.ps1'
[0.796s] INFO:colcon.colcon_core.shell:Creating package descriptor '/home/siddharth/sor_ws1/install/bme_ros2_simple_arm/share/bme_ros2_simple_arm/package.dsv'
[0.797s] INFO:colcon.colcon_core.shell:Creating package script '/home/siddharth/sor_ws1/install/bme_ros2_simple_arm/share/bme_ros2_simple_arm/package.sh'
[0.798s] INFO:colcon.colcon_core.shell:Creating package script '/home/siddharth/sor_ws1/install/bme_ros2_simple_arm/share/bme_ros2_simple_arm/package.bash'
[0.799s] INFO:colcon.colcon_core.shell:Creating package script '/home/siddharth/sor_ws1/install/bme_ros2_simple_arm/share/bme_ros2_simple_arm/package.zsh'
[0.799s] Level 1:colcon.colcon_core.environment:create_file_with_runtime_dependencies(/home/siddharth/sor_ws1/install/bme_ros2_simple_arm/share/colcon-core/packages/bme_ros2_simple_arm)
[1.682s] DEBUG:colcon.colcon_core.event_handler.log_command:Invoking command in '/home/siddharth/sor_ws1/Session5/bme_ros2_simple_arm_py': DEBUGINFOD_URLS=https://debuginfod.ubuntu.com PYTHONPATH=/home/siddharth/sor_ws1/build/bme_ros2_simple_arm_py/prefix_override:/usr/lib/python3/dist-packages/colcon_core/task/python/colcon_distutils_commands:/home/siddharth/sor_ws1/install/bme_ros2_simple_arm_py/lib/python3.12/site-packages:${PYTHONPATH} /usr/bin/python3 -W ignore:setup.py install is deprecated -W ignore:easy_install command is deprecated setup.py egg_info --egg-base ../../build/bme_ros2_simple_arm_py build --build-base /home/siddharth/sor_ws1/build/bme_ros2_simple_arm_py/build install --record /home/siddharth/sor_ws1/build/bme_ros2_simple_arm_py/install.log --single-version-externally-managed install_data
[2.541s] Level 1:colcon.colcon_core.environment:checking '/home/siddharth/sor_ws1/install/bme_ros2_simple_arm_py' for CMake module files
[2.541s] DEBUG:colcon.colcon_core.event_handler.log_command:Invoked command in '/home/siddharth/sor_ws1/Session5/bme_ros2_simple_arm_py' returned '0': DEBUGINFOD_URLS=https://debuginfod.ubuntu.com PYTHONPATH=/home/siddharth/sor_ws1/build/bme_ros2_simple_arm_py/prefix_override:/usr/lib/python3/dist-packages/colcon_core/task/python/colcon_distutils_commands:/home/siddharth/sor_ws1/install/bme_ros2_simple_arm_py/lib/python3.12/site-packages:${PYTHONPATH} /usr/bin/python3 -W ignore:setup.py install is deprecated -W ignore:easy_install command is deprecated setup.py egg_info --egg-base ../../build/bme_ros2_simple_arm_py build --build-base /home/siddharth/sor_ws1/build/bme_ros2_simple_arm_py/build install --record /home/siddharth/sor_ws1/build/bme_ros2_simple_arm_py/install.log --single-version-externally-managed install_data
[2.542s] Level 1:colcon.colcon_core.environment:checking '/home/siddharth/sor_ws1/install/bme_ros2_simple_arm_py' for CMake config files
[2.542s] Level 1:colcon.colcon_core.environment:checking '/home/siddharth/sor_ws1/install/bme_ros2_simple_arm_py/lib'
[2.543s] Level 1:colcon.colcon_core.environment:checking '/home/siddharth/sor_ws1/install/bme_ros2_simple_arm_py/bin'
[2.543s] Level 1:colcon.colcon_core.environment:checking '/home/siddharth/sor_ws1/install/bme_ros2_simple_arm_py/lib/pkgconfig/bme_ros2_simple_arm_py.pc'
[2.543s] Level 1:colcon.colcon_core.environment:checking '/home/siddharth/sor_ws1/install/bme_ros2_simple_arm_py/lib/python3.12/site-packages'
[2.543s] Level 1:colcon.colcon_core.shell:create_environment_hook('bme_ros2_simple_arm_py', 'pythonpath')
[2.543s] INFO:colcon.colcon_core.shell:Creating environment hook '/home/siddharth/sor_ws1/install/bme_ros2_simple_arm_py/share/bme_ros2_simple_arm_py/hook/pythonpath.ps1'
[2.544s] INFO:colcon.colcon_core.shell:Creating environment descriptor '/home/siddharth/sor_ws1/install/bme_ros2_simple_arm_py/share/bme_ros2_simple_arm_py/hook/pythonpath.dsv'
[2.544s] INFO:colcon.colcon_core.shell:Creating environment hook '/home/siddharth/sor_ws1/install/bme_ros2_simple_arm_py/share/bme_ros2_simple_arm_py/hook/pythonpath.sh'
[2.545s] Level 1:colcon.colcon_core.environment:checking '/home/siddharth/sor_ws1/install/bme_ros2_simple_arm_py/bin'
[2.545s] Level 1:colcon.colcon_core.environment:create_environment_scripts_only(bme_ros2_simple_arm_py)
[2.546s] INFO:colcon.colcon_core.shell:Creating package script '/home/siddharth/sor_ws1/install/bme_ros2_simple_arm_py/share/bme_ros2_simple_arm_py/package.ps1'
[2.546s] INFO:colcon.colcon_core.shell:Creating package descriptor '/home/siddharth/sor_ws1/install/bme_ros2_simple_arm_py/share/bme_ros2_simple_arm_py/package.dsv'
[2.547s] INFO:colcon.colcon_core.shell:Creating package script '/home/siddharth/sor_ws1/install/bme_ros2_simple_arm_py/share/bme_ros2_simple_arm_py/package.sh'
[2.547s] INFO:colcon.colcon_core.shell:Creating package script '/home/siddharth/sor_ws1/install/bme_ros2_simple_arm_py/share/bme_ros2_simple_arm_py/package.bash'
[2.548s] INFO:colcon.colcon_core.shell:Creating package script '/home/siddharth/sor_ws1/install/bme_ros2_simple_arm_py/share/bme_ros2_simple_arm_py/package.zsh'
[2.548s] Level 1:colcon.colcon_core.environment:create_file_with_runtime_dependencies(/home/siddharth/sor_ws1/install/bme_ros2_simple_arm_py/share/colcon-core/packages/bme_ros2_simple_arm_py)
[2.549s] DEBUG:colcon.colcon_parallel_executor.executor.parallel:closing loop
[2.549s] DEBUG:colcon.colcon_parallel_executor.executor.parallel:loop closed
[2.549s] DEBUG:colcon.colcon_parallel_executor.executor.parallel:run_until_complete finished with '0'
[2.549s] DEBUG:colcon.colcon_core.event_reactor:joining thread
[2.577s] INFO:colcon.colcon_core.plugin_system:Skipping extension 'colcon_notification.desktop_notification.terminal_notifier': Not used on non-Darwin systems
[2.577s] INFO:colcon.colcon_core.plugin_system:Skipping extension 'colcon_notification.desktop_notification.win32': Not used on non-Windows systems
[2.577s] INFO:colcon.colcon_notification.desktop_notification:Sending desktop notification using 'notify2'
[2.593s] DEBUG:colcon.colcon_core.event_reactor:joined thread
[2.593s] INFO:colcon.colcon_core.shell:Creating prefix script '/home/siddharth/sor_ws1/install/local_setup.ps1'
[2.595s] INFO:colcon.colcon_core.shell:Creating prefix util module '/home/siddharth/sor_ws1/install/_local_setup_util_ps1.py'
[2.597s] INFO:colcon.colcon_core.shell:Creating prefix chain script '/home/siddharth/sor_ws1/install/setup.ps1'
[2.599s] INFO:colcon.colcon_core.shell:Creating prefix script '/home/siddharth/sor_ws1/install/local_setup.sh'
[2.600s] INFO:colcon.colcon_core.shell:Creating prefix util module '/home/siddharth/sor_ws1/install/_local_setup_util_sh.py'
[2.600s] INFO:colcon.colcon_core.shell:Creating prefix chain script '/home/siddharth/sor_ws1/install/setup.sh'
[2.603s] INFO:colcon.colcon_core.shell:Creating prefix script '/home/siddharth/sor_ws1/install/local_setup.bash'
[2.605s] INFO:colcon.colcon_core.shell:Creating prefix chain script '/home/siddharth/sor_ws1/install/setup.bash'
[2.608s] INFO:colcon.colcon_core.shell:Creating prefix script '/home/siddharth/sor_ws1/install/local_setup.zsh'
[2.610s] INFO:colcon.colcon_core.shell:Creating prefix chain script '/home/siddharth/sor_ws1/install/setup.zsh'
