[3.647s] DEBUG:colcon:Command line arguments: ['/usr/bin/colcon', 'build']
[3.648s] DEBUG:colcon:Parsed command line arguments: Namespace(log_base=None, log_level=None, verb_name='build', build_base='build', install_base='install', merge_install=False, symlink_install=False, test_result_base=None, continue_on_error=False, executor='parallel', parallel_workers=8, event_handlers=None, ignore_user_meta=False, metas=['./colcon.meta'], base_paths=['.'], packages_ignore=None, packages_ignore_regex=None, paths=None, packages_up_to=None, packages_up_to_regex=None, packages_above=None, packages_above_and_dependencies=None, packages_above_depth=None, packages_select_by_dep=None, packages_skip_by_dep=None, packages_skip_up_to=None, packages_select_build_failed=False, packages_skip_build_finished=False, packages_select_test_failures=False, packages_skip_test_passed=False, packages_select=None, packages_skip=None, packages_select_regex=None, packages_skip_regex=None, packages_start=None, packages_end=None, allow_overriding=[], cmake_args=None, cmake_target=None, cmake_target_skip_unavailable=False, cmake_clean_cache=False, cmake_clean_first=False, cmake_force_configure=False, ament_cmake_args=None, catkin_cmake_args=None, catkin_skip_building_tests=False, mixin_files=None, mixin=None, verb_parser=<colcon_mixin.mixin.mixin_argument.MixinArgumentDecorator object at 0x7150a29652e0>, verb_extension=<colcon_core.verb.build.BuildVerb object at 0x7150a2964470>, main=<bound method BuildVerb.main of <colcon_core.verb.build.BuildVerb object at 0x7150a2964470>>, mixin_verb=('build',))
[4.016s] Level 1:colcon.colcon_core.package_discovery:discover_packages(colcon_meta) check parameters
[4.016s] Level 1:colcon.colcon_core.package_discovery:discover_packages(recursive) check parameters
[4.016s] Level 1:colcon.colcon_core.package_discovery:discover_packages(ignore) check parameters
[4.016s] Level 1:colcon.colcon_core.package_discovery:discover_packages(path) check parameters
[4.016s] Level 1:colcon.colcon_core.package_discovery:discover_packages(colcon_meta) discover
[4.016s] Level 1:colcon.colcon_core.package_discovery:discover_packages(recursive) discover
[4.016s] INFO:colcon.colcon_core.package_discovery:Crawling recursively for packages in '/home/siddharth/sor_ws2'
[4.016s] Level 1:colcon.colcon_core.package_identification:_identify(.) by extensions ['ignore', 'ignore_ament_install']
[4.016s] Level 1:colcon.colcon_core.package_identification:_identify(.) by extension 'ignore'
[4.017s] Level 1:colcon.colcon_core.package_identification:_identify(.) by extension 'ignore_ament_install'
[4.017s] Level 1:colcon.colcon_core.package_identification:_identify(.) by extensions ['colcon_pkg']
[4.017s] Level 1:colcon.colcon_core.package_identification:_identify(.) by extension 'colcon_pkg'
[4.017s] Level 1:colcon.colcon_core.package_identification:_identify(.) by extensions ['colcon_meta']
[4.017s] Level 1:colcon.colcon_core.package_identification:_identify(.) by extension 'colcon_meta'
[4.017s] Level 1:colcon.colcon_core.package_identification:_identify(.) by extensions ['ros']
[4.017s] Level 1:colcon.colcon_core.package_identification:_identify(.) by extension 'ros'
[4.111s] Level 1:colcon.colcon_core.package_identification:_identify(.) by extensions ['cmake', 'python']
[4.111s] Level 1:colcon.colcon_core.package_identification:_identify(.) by extension 'cmake'
[4.111s] Level 1:colcon.colcon_core.package_identification:_identify(.) by extension 'python'
[4.111s] Level 1:colcon.colcon_core.package_identification:_identify(.) by extensions ['python_setup_py']
[4.111s] Level 1:colcon.colcon_core.package_identification:_identify(.) by extension 'python_setup_py'
[4.131s] Level 1:colcon.colcon_core.package_identification:_identify(Session5) by extensions ['ignore', 'ignore_ament_install']
[4.131s] Level 1:colcon.colcon_core.package_identification:_identify(Session5) by extension 'ignore'
[4.131s] Level 1:colcon.colcon_core.package_identification:_identify(Session5) by extension 'ignore_ament_install'
[4.131s] Level 1:colcon.colcon_core.package_identification:_identify(Session5) by extensions ['colcon_pkg']
[4.131s] Level 1:colcon.colcon_core.package_identification:_identify(Session5) by extension 'colcon_pkg'
[4.131s] Level 1:colcon.colcon_core.package_identification:_identify(Session5) by extensions ['colcon_meta']
[4.131s] Level 1:colcon.colcon_core.package_identification:_identify(Session5) by extension 'colcon_meta'
[4.132s] Level 1:colcon.colcon_core.package_identification:_identify(Session5) by extensions ['ros']
[4.132s] Level 1:colcon.colcon_core.package_identification:_identify(Session5) by extension 'ros'
[4.132s] Level 1:colcon.colcon_core.package_identification:_identify(Session5) by extensions ['cmake', 'python']
[4.132s] Level 1:colcon.colcon_core.package_identification:_identify(Session5) by extension 'cmake'
[4.132s] Level 1:colcon.colcon_core.package_identification:_identify(Session5) by extension 'python'
[4.132s] Level 1:colcon.colcon_core.package_identification:_identify(Session5) by extensions ['python_setup_py']
[4.132s] Level 1:colcon.colcon_core.package_identification:_identify(Session5) by extension 'python_setup_py'
[4.142s] Level 1:colcon.colcon_core.package_identification:_identify(Session5/bme_ros2_navigation) by extensions ['ignore', 'ignore_ament_install']
[4.143s] Level 1:colcon.colcon_core.package_identification:_identify(Session5/bme_ros2_navigation) by extension 'ignore'
[4.143s] Level 1:colcon.colcon_core.package_identification:_identify(Session5/bme_ros2_navigation) by extension 'ignore_ament_install'
[4.143s] Level 1:colcon.colcon_core.package_identification:_identify(Session5/bme_ros2_navigation) by extensions ['colcon_pkg']
[4.143s] Level 1:colcon.colcon_core.package_identification:_identify(Session5/bme_ros2_navigation) by extension 'colcon_pkg'
[4.143s] Level 1:colcon.colcon_core.package_identification:_identify(Session5/bme_ros2_navigation) by extensions ['colcon_meta']
[4.143s] Level 1:colcon.colcon_core.package_identification:_identify(Session5/bme_ros2_navigation) by extension 'colcon_meta'
[4.143s] Level 1:colcon.colcon_core.package_identification:_identify(Session5/bme_ros2_navigation) by extensions ['ros']
[4.143s] Level 1:colcon.colcon_core.package_identification:_identify(Session5/bme_ros2_navigation) by extension 'ros'
[4.186s] DEBUG:colcon.colcon_core.package_identification:Package 'Session5/bme_ros2_navigation' with type 'ros.ament_cmake' and name 'bme_ros2_navigation'
[4.209s] Level 1:colcon.colcon_core.package_identification:_identify(Session5/bme_ros2_navigation_py) by extensions ['ignore', 'ignore_ament_install']
[4.209s] Level 1:colcon.colcon_core.package_identification:_identify(Session5/bme_ros2_navigation_py) by extension 'ignore'
[4.209s] Level 1:colcon.colcon_core.package_identification:_identify(Session5/bme_ros2_navigation_py) by extension 'ignore_ament_install'
[4.209s] Level 1:colcon.colcon_core.package_identification:_identify(Session5/bme_ros2_navigation_py) by extensions ['colcon_pkg']
[4.210s] Level 1:colcon.colcon_core.package_identification:_identify(Session5/bme_ros2_navigation_py) by extension 'colcon_pkg'
[4.210s] Level 1:colcon.colcon_core.package_identification:_identify(Session5/bme_ros2_navigation_py) by extensions ['colcon_meta']
[4.210s] Level 1:colcon.colcon_core.package_identification:_identify(Session5/bme_ros2_navigation_py) by extension 'colcon_meta'
[4.210s] Level 1:colcon.colcon_core.package_identification:_identify(Session5/bme_ros2_navigation_py) by extensions ['ros']
[4.210s] Level 1:colcon.colcon_core.package_identification:_identify(Session5/bme_ros2_navigation_py) by extension 'ros'
[4.212s] DEBUG:colcon.colcon_core.package_identification:Package 'Session5/bme_ros2_navigation_py' with type 'ros.ament_python' and name 'bme_ros2_navigation_py'
[4.212s] Level 1:colcon.colcon_core.package_identification:_identify(Session5/mogi_trajectory_server) by extensions ['ignore', 'ignore_ament_install']
[4.213s] Level 1:colcon.colcon_core.package_identification:_identify(Session5/mogi_trajectory_server) by extension 'ignore'
[4.213s] Level 1:colcon.colcon_core.package_identification:_identify(Session5/mogi_trajectory_server) by extension 'ignore_ament_install'
[4.213s] Level 1:colcon.colcon_core.package_identification:_identify(Session5/mogi_trajectory_server) by extensions ['colcon_pkg']
[4.213s] Level 1:colcon.colcon_core.package_identification:_identify(Session5/mogi_trajectory_server) by extension 'colcon_pkg'
[4.213s] Level 1:colcon.colcon_core.package_identification:_identify(Session5/mogi_trajectory_server) by extensions ['colcon_meta']
[4.213s] Level 1:colcon.colcon_core.package_identification:_identify(Session5/mogi_trajectory_server) by extension 'colcon_meta'
[4.213s] Level 1:colcon.colcon_core.package_identification:_identify(Session5/mogi_trajectory_server) by extensions ['ros']
[4.213s] Level 1:colcon.colcon_core.package_identification:_identify(Session5/mogi_trajectory_server) by extension 'ros'
[4.237s] DEBUG:colcon.colcon_core.package_identification:Package 'Session5/mogi_trajectory_server' with type 'ros.ament_python' and name 'mogi_trajectory_server'
[4.264s] Level 1:colcon.colcon_core.package_identification:_identify(Session5/nav2_patrol) by extensions ['ignore', 'ignore_ament_install']
[4.265s] Level 1:colcon.colcon_core.package_identification:_identify(Session5/nav2_patrol) by extension 'ignore'
[4.265s] Level 1:colcon.colcon_core.package_identification:_identify(Session5/nav2_patrol) by extension 'ignore_ament_install'
[4.265s] Level 1:colcon.colcon_core.package_identification:_identify(Session5/nav2_patrol) by extensions ['colcon_pkg']
[4.265s] Level 1:colcon.colcon_core.package_identification:_identify(Session5/nav2_patrol) by extension 'colcon_pkg'
[4.265s] Level 1:colcon.colcon_core.package_identification:_identify(Session5/nav2_patrol) by extensions ['colcon_meta']
[4.265s] Level 1:colcon.colcon_core.package_identification:_identify(Session5/nav2_patrol) by extension 'colcon_meta'
[4.266s] Level 1:colcon.colcon_core.package_identification:_identify(Session5/nav2_patrol) by extensions ['ros']
[4.266s] Level 1:colcon.colcon_core.package_identification:_identify(Session5/nav2_patrol) by extension 'ros'
[4.275s] DEBUG:colcon.colcon_core.package_identification:Package 'Session5/nav2_patrol' with type 'ros.ament_python' and name 'nav2_patrol'
[4.276s] Level 1:colcon.colcon_core.package_identification:_identify(build) by extensions ['ignore', 'ignore_ament_install']
[4.276s] Level 1:colcon.colcon_core.package_identification:_identify(build) by extension 'ignore'
[4.276s] Level 1:colcon.colcon_core.package_identification:_identify(build) ignored
[4.276s] Level 1:colcon.colcon_core.package_identification:_identify(install) by extensions ['ignore', 'ignore_ament_install']
[4.277s] Level 1:colcon.colcon_core.package_identification:_identify(install) by extension 'ignore'
[4.277s] Level 1:colcon.colcon_core.package_identification:_identify(install) ignored
[4.277s] Level 1:colcon.colcon_core.package_identification:_identify(log) by extensions ['ignore', 'ignore_ament_install']
[4.277s] Level 1:colcon.colcon_core.package_identification:_identify(log) by extension 'ignore'
[4.277s] Level 1:colcon.colcon_core.package_identification:_identify(log) ignored
[4.278s] Level 1:colcon.colcon_core.package_discovery:discover_packages(recursive) using defaults
[4.278s] Level 1:colcon.colcon_core.package_discovery:discover_packages(ignore) discover
[4.278s] Level 1:colcon.colcon_core.package_discovery:discover_packages(ignore) using defaults
[4.278s] Level 1:colcon.colcon_core.package_discovery:discover_packages(path) discover
[4.278s] Level 1:colcon.colcon_core.package_discovery:discover_packages(path) using defaults
[4.538s] Level 1:colcon.colcon_core.package_discovery:discover_packages(prefix_path) check parameters
[4.538s] Level 1:colcon.colcon_core.package_discovery:discover_packages(prefix_path) discover
[4.544s] Level 1:colcon.colcon_core.package_discovery:discover_packages(prefix_path) using defaults
[4.562s] Level 5:colcon.colcon_core.verb:set package 'bme_ros2_navigation' build argument 'cmake_args' from command line to 'None'
[4.562s] Level 5:colcon.colcon_core.verb:set package 'bme_ros2_navigation' build argument 'cmake_target' from command line to 'None'
[4.562s] Level 5:colcon.colcon_core.verb:set package 'bme_ros2_navigation' build argument 'cmake_target_skip_unavailable' from command line to 'False'
[4.562s] Level 5:colcon.colcon_core.verb:set package 'bme_ros2_navigation' build argument 'cmake_clean_cache' from command line to 'False'
[4.562s] Level 5:colcon.colcon_core.verb:set package 'bme_ros2_navigation' build argument 'cmake_clean_first' from command line to 'False'
[4.562s] Level 5:colcon.colcon_core.verb:set package 'bme_ros2_navigation' build argument 'cmake_force_configure' from command line to 'False'
[4.563s] Level 5:colcon.colcon_core.verb:set package 'bme_ros2_navigation' build argument 'ament_cmake_args' from command line to 'None'
[4.563s] Level 5:colcon.colcon_core.verb:set package 'bme_ros2_navigation' build argument 'catkin_cmake_args' from command line to 'None'
[4.563s] Level 5:colcon.colcon_core.verb:set package 'bme_ros2_navigation' build argument 'catkin_skip_building_tests' from command line to 'False'
[4.563s] DEBUG:colcon.colcon_core.verb:Building package 'bme_ros2_navigation' with the following arguments: {'ament_cmake_args': None, 'build_base': '/home/siddharth/sor_ws2/build/bme_ros2_navigation', 'catkin_cmake_args': None, 'catkin_skip_building_tests': False, 'cmake_args': None, 'cmake_clean_cache': False, 'cmake_clean_first': False, 'cmake_force_configure': False, 'cmake_target': None, 'cmake_target_skip_unavailable': False, 'install_base': '/home/siddharth/sor_ws2/install/bme_ros2_navigation', 'merge_install': False, 'path': '/home/siddharth/sor_ws2/Session5/bme_ros2_navigation', 'symlink_install': False, 'test_result_base': None}
[4.563s] Level 5:colcon.colcon_core.verb:set package 'bme_ros2_navigation_py' build argument 'cmake_args' from command line to 'None'
[4.564s] Level 5:colcon.colcon_core.verb:set package 'bme_ros2_navigation_py' build argument 'cmake_target' from command line to 'None'
[4.564s] Level 5:colcon.colcon_core.verb:set package 'bme_ros2_navigation_py' build argument 'cmake_target_skip_unavailable' from command line to 'False'
[4.564s] Level 5:colcon.colcon_core.verb:set package 'bme_ros2_navigation_py' build argument 'cmake_clean_cache' from command line to 'False'
[4.564s] Level 5:colcon.colcon_core.verb:set package 'bme_ros2_navigation_py' build argument 'cmake_clean_first' from command line to 'False'
[4.564s] Level 5:colcon.colcon_core.verb:set package 'bme_ros2_navigation_py' build argument 'cmake_force_configure' from command line to 'False'
[4.564s] Level 5:colcon.colcon_core.verb:set package 'bme_ros2_navigation_py' build argument 'ament_cmake_args' from command line to 'None'
[4.564s] Level 5:colcon.colcon_core.verb:set package 'bme_ros2_navigation_py' build argument 'catkin_cmake_args' from command line to 'None'
[4.564s] Level 5:colcon.colcon_core.verb:set package 'bme_ros2_navigation_py' build argument 'catkin_skip_building_tests' from command line to 'False'
[4.564s] DEBUG:colcon.colcon_core.verb:Building package 'bme_ros2_navigation_py' with the following arguments: {'ament_cmake_args': None, 'build_base': '/home/siddharth/sor_ws2/build/bme_ros2_navigation_py', 'catkin_cmake_args': None, 'catkin_skip_building_tests': False, 'cmake_args': None, 'cmake_clean_cache': False, 'cmake_clean_first': False, 'cmake_force_configure': False, 'cmake_target': None, 'cmake_target_skip_unavailable': False, 'install_base': '/home/siddharth/sor_ws2/install/bme_ros2_navigation_py', 'merge_install': False, 'path': '/home/siddharth/sor_ws2/Session5/bme_ros2_navigation_py', 'symlink_install': False, 'test_result_base': None}
[4.565s] Level 5:colcon.colcon_core.verb:set package 'mogi_trajectory_server' build argument 'cmake_args' from command line to 'None'
[4.565s] Level 5:colcon.colcon_core.verb:set package 'mogi_trajectory_server' build argument 'cmake_target' from command line to 'None'
[4.565s] Level 5:colcon.colcon_core.verb:set package 'mogi_trajectory_server' build argument 'cmake_target_skip_unavailable' from command line to 'False'
[4.565s] Level 5:colcon.colcon_core.verb:set package 'mogi_trajectory_server' build argument 'cmake_clean_cache' from command line to 'False'
[4.565s] Level 5:colcon.colcon_core.verb:set package 'mogi_trajectory_server' build argument 'cmake_clean_first' from command line to 'False'
[4.565s] Level 5:colcon.colcon_core.verb:set package 'mogi_trajectory_server' build argument 'cmake_force_configure' from command line to 'False'
[4.565s] Level 5:colcon.colcon_core.verb:set package 'mogi_trajectory_server' build argument 'ament_cmake_args' from command line to 'None'
[4.565s] Level 5:colcon.colcon_core.verb:set package 'mogi_trajectory_server' build argument 'catkin_cmake_args' from command line to 'None'
[4.565s] Level 5:colcon.colcon_core.verb:set package 'mogi_trajectory_server' build argument 'catkin_skip_building_tests' from command line to 'False'
[4.565s] DEBUG:colcon.colcon_core.verb:Building package 'mogi_trajectory_server' with the following arguments: {'ament_cmake_args': None, 'build_base': '/home/siddharth/sor_ws2/build/mogi_trajectory_server', 'catkin_cmake_args': None, 'catkin_skip_building_tests': False, 'cmake_args': None, 'cmake_clean_cache': False, 'cmake_clean_first': False, 'cmake_force_configure': False, 'cmake_target': None, 'cmake_target_skip_unavailable': False, 'install_base': '/home/siddharth/sor_ws2/install/mogi_trajectory_server', 'merge_install': False, 'path': '/home/siddharth/sor_ws2/Session5/mogi_trajectory_server', 'symlink_install': False, 'test_result_base': None}
[4.566s] Level 5:colcon.colcon_core.verb:set package 'nav2_patrol' build argument 'cmake_args' from command line to 'None'
[4.566s] Level 5:colcon.colcon_core.verb:set package 'nav2_patrol' build argument 'cmake_target' from command line to 'None'
[4.566s] Level 5:colcon.colcon_core.verb:set package 'nav2_patrol' build argument 'cmake_target_skip_unavailable' from command line to 'False'
[4.566s] Level 5:colcon.colcon_core.verb:set package 'nav2_patrol' build argument 'cmake_clean_cache' from command line to 'False'
[4.566s] Level 5:colcon.colcon_core.verb:set package 'nav2_patrol' build argument 'cmake_clean_first' from command line to 'False'
[4.566s] Level 5:colcon.colcon_core.verb:set package 'nav2_patrol' build argument 'cmake_force_configure' from command line to 'False'
[4.567s] Level 5:colcon.colcon_core.verb:set package 'nav2_patrol' build argument 'ament_cmake_args' from command line to 'None'
[4.567s] Level 5:colcon.colcon_core.verb:set package 'nav2_patrol' build argument 'catkin_cmake_args' from command line to 'None'
[4.567s] Level 5:colcon.colcon_core.verb:set package 'nav2_patrol' build argument 'catkin_skip_building_tests' from command line to 'False'
[4.567s] DEBUG:colcon.colcon_core.verb:Building package 'nav2_patrol' with the following arguments: {'ament_cmake_args': None, 'build_base': '/home/siddharth/sor_ws2/build/nav2_patrol', 'catkin_cmake_args': None, 'catkin_skip_building_tests': False, 'cmake_args': None, 'cmake_clean_cache': False, 'cmake_clean_first': False, 'cmake_force_configure': False, 'cmake_target': None, 'cmake_target_skip_unavailable': False, 'install_base': '/home/siddharth/sor_ws2/install/nav2_patrol', 'merge_install': False, 'path': '/home/siddharth/sor_ws2/Session5/nav2_patrol', 'symlink_install': False, 'test_result_base': None}
[4.567s] INFO:colcon.colcon_core.executor:Executing jobs using 'parallel' executor
[4.569s] DEBUG:colcon.colcon_parallel_executor.executor.parallel:run_until_complete
[4.570s] INFO:colcon.colcon_ros.task.ament_cmake.build:Building ROS package in '/home/siddharth/sor_ws2/Session5/bme_ros2_navigation' with build type 'ament_cmake'
[4.571s] INFO:colcon.colcon_cmake.task.cmake.build:Building CMake package in '/home/siddharth/sor_ws2/Session5/bme_ros2_navigation'
[4.586s] INFO:colcon.colcon_core.plugin_system:Skipping extension 'colcon_core.shell.bat': Not used on non-Windows systems
[4.587s] INFO:colcon.colcon_core.shell:Skip shell extension 'powershell' for command environment: Not usable outside of PowerShell
[4.587s] DEBUG:colcon.colcon_core.shell:Skip shell extension 'dsv' for command environment
[4.620s] INFO:colcon.colcon_ros.task.ament_python.build:Building ROS package in '/home/siddharth/sor_ws2/Session5/bme_ros2_navigation_py' with build type 'ament_python'
[4.620s] Level 1:colcon.colcon_core.shell:create_environment_hook('bme_ros2_navigation_py', 'ament_prefix_path')
[4.620s] INFO:colcon.colcon_core.shell:Creating environment hook '/home/siddharth/sor_ws2/install/bme_ros2_navigation_py/share/bme_ros2_navigation_py/hook/ament_prefix_path.ps1'
[4.643s] INFO:colcon.colcon_core.shell:Creating environment descriptor '/home/siddharth/sor_ws2/install/bme_ros2_navigation_py/share/bme_ros2_navigation_py/hook/ament_prefix_path.dsv'
[4.644s] INFO:colcon.colcon_core.shell:Creating environment hook '/home/siddharth/sor_ws2/install/bme_ros2_navigation_py/share/bme_ros2_navigation_py/hook/ament_prefix_path.sh'
[4.644s] INFO:colcon.colcon_core.shell:Skip shell extension 'powershell' for command environment: Not usable outside of PowerShell
[4.645s] DEBUG:colcon.colcon_core.shell:Skip shell extension 'dsv' for command environment
[4.646s] INFO:colcon.colcon_ros.task.ament_python.build:Building ROS package in '/home/siddharth/sor_ws2/Session5/mogi_trajectory_server' with build type 'ament_python'
[4.646s] Level 1:colcon.colcon_core.shell:create_environment_hook('mogi_trajectory_server', 'ament_prefix_path')
[4.647s] INFO:colcon.colcon_core.shell:Creating environment hook '/home/siddharth/sor_ws2/install/mogi_trajectory_server/share/mogi_trajectory_server/hook/ament_prefix_path.ps1'
[4.670s] INFO:colcon.colcon_core.shell:Creating environment descriptor '/home/siddharth/sor_ws2/install/mogi_trajectory_server/share/mogi_trajectory_server/hook/ament_prefix_path.dsv'
[4.671s] INFO:colcon.colcon_core.shell:Creating environment hook '/home/siddharth/sor_ws2/install/mogi_trajectory_server/share/mogi_trajectory_server/hook/ament_prefix_path.sh'
[4.673s] INFO:colcon.colcon_core.shell:Skip shell extension 'powershell' for command environment: Not usable outside of PowerShell
[4.673s] DEBUG:colcon.colcon_core.shell:Skip shell extension 'dsv' for command environment
[4.675s] INFO:colcon.colcon_ros.task.ament_python.build:Building ROS package in '/home/siddharth/sor_ws2/Session5/nav2_patrol' with build type 'ament_python'
[4.676s] Level 1:colcon.colcon_core.shell:create_environment_hook('nav2_patrol', 'ament_prefix_path')
[4.676s] INFO:colcon.colcon_core.shell:Creating environment hook '/home/siddharth/sor_ws2/install/nav2_patrol/share/nav2_patrol/hook/ament_prefix_path.ps1'
[4.716s] INFO:colcon.colcon_core.shell:Creating environment descriptor '/home/siddharth/sor_ws2/install/nav2_patrol/share/nav2_patrol/hook/ament_prefix_path.dsv'
[4.717s] INFO:colcon.colcon_core.shell:Creating environment hook '/home/siddharth/sor_ws2/install/nav2_patrol/share/nav2_patrol/hook/ament_prefix_path.sh'
[4.718s] INFO:colcon.colcon_core.shell:Skip shell extension 'powershell' for command environment: Not usable outside of PowerShell
[4.718s] DEBUG:colcon.colcon_core.shell:Skip shell extension 'dsv' for command environment
[4.752s] DEBUG:colcon.colcon_core.event_handler.log_command:Invoking command in '/home/siddharth/sor_ws2/build/bme_ros2_navigation': DEBUGINFOD_URLS=https://debuginfod.ubuntu.com /usr/bin/cmake --build /home/siddharth/sor_ws2/build/bme_ros2_navigation -- -j8 -l8
[5.200s] INFO:colcon.colcon_core.task.python.build:Building Python package in '/home/siddharth/sor_ws2/Session5/bme_ros2_navigation_py'
[5.201s] INFO:colcon.colcon_core.shell:Skip shell extension 'powershell' for command environment: Not usable outside of PowerShell
[5.201s] DEBUG:colcon.colcon_core.shell:Skip shell extension 'dsv' for command environment
[5.434s] INFO:colcon.colcon_core.task.python.build:Building Python package in '/home/siddharth/sor_ws2/Session5/mogi_trajectory_server'
[5.434s] INFO:colcon.colcon_core.shell:Skip shell extension 'powershell' for command environment: Not usable outside of PowerShell
[5.434s] DEBUG:colcon.colcon_core.shell:Skip shell extension 'dsv' for command environment
[5.699s] WARNING:colcon.colcon_ros.task.ament_python.build:Package 'nav2_patrol' doesn't explicitly install a marker in the package index (colcon-ros currently does it implicitly but that fallback will be removed in the future)
[5.728s] WARNING:colcon.colcon_ros.task.ament_python.build:Package 'nav2_patrol' doesn't explicitly install the 'package.xml' file (colcon-ros currently does it implicitly but that fallback will be removed in the future)
[5.729s] INFO:colcon.colcon_core.task.python.build:Building Python package in '/home/siddharth/sor_ws2/Session5/nav2_patrol'
[5.729s] INFO:colcon.colcon_core.shell:Skip shell extension 'powershell' for command environment: Not usable outside of PowerShell
[5.729s] DEBUG:colcon.colcon_core.shell:Skip shell extension 'dsv' for command environment
[5.850s] DEBUG:colcon.colcon_core.event_handler.log_command:Invoked command in '/home/siddharth/sor_ws2/build/bme_ros2_navigation' returned '0': DEBUGINFOD_URLS=https://debuginfod.ubuntu.com /usr/bin/cmake --build /home/siddharth/sor_ws2/build/bme_ros2_navigation -- -j8 -l8
[5.900s] DEBUG:colcon.colcon_core.event_handler.log_command:Invoking command in '/home/siddharth/sor_ws2/build/bme_ros2_navigation': DEBUGINFOD_URLS=https://debuginfod.ubuntu.com /usr/bin/cmake --install /home/siddharth/sor_ws2/build/bme_ros2_navigation
[6.014s] Level 1:colcon.colcon_core.environment:create_environment_scripts_only(bme_ros2_navigation)
[6.014s] DEBUG:colcon.colcon_core.event_handler.log_command:Invoked command in '/home/siddharth/sor_ws2/build/bme_ros2_navigation' returned '0': DEBUGINFOD_URLS=https://debuginfod.ubuntu.com /usr/bin/cmake --install /home/siddharth/sor_ws2/build/bme_ros2_navigation
[6.214s] Level 1:colcon.colcon_core.environment:checking '/home/siddharth/sor_ws2/install/bme_ros2_navigation' for CMake module files
[6.215s] Level 1:colcon.colcon_core.environment:checking '/home/siddharth/sor_ws2/install/bme_ros2_navigation' for CMake config files
[6.235s] Level 1:colcon.colcon_core.shell:create_environment_hook('bme_ros2_navigation', 'cmake_prefix_path')
[6.235s] INFO:colcon.colcon_core.shell:Creating environment hook '/home/siddharth/sor_ws2/install/bme_ros2_navigation/share/bme_ros2_navigation/hook/cmake_prefix_path.ps1'
[6.236s] INFO:colcon.colcon_core.shell:Creating environment descriptor '/home/siddharth/sor_ws2/install/bme_ros2_navigation/share/bme_ros2_navigation/hook/cmake_prefix_path.dsv'
[6.237s] INFO:colcon.colcon_core.shell:Creating environment hook '/home/siddharth/sor_ws2/install/bme_ros2_navigation/share/bme_ros2_navigation/hook/cmake_prefix_path.sh'
[6.238s] Level 1:colcon.colcon_core.environment:checking '/home/siddharth/sor_ws2/install/bme_ros2_navigation/bin'
[6.238s] Level 1:colcon.colcon_core.environment:checking '/home/siddharth/sor_ws2/install/bme_ros2_navigation/lib/pkgconfig/bme_ros2_navigation.pc'
[6.238s] Level 1:colcon.colcon_core.environment:checking '/home/siddharth/sor_ws2/install/bme_ros2_navigation/lib/python3.12/site-packages'
[6.239s] Level 1:colcon.colcon_core.environment:checking '/home/siddharth/sor_ws2/install/bme_ros2_navigation/bin'
[6.239s] INFO:colcon.colcon_core.shell:Creating package script '/home/siddharth/sor_ws2/install/bme_ros2_navigation/share/bme_ros2_navigation/package.ps1'
[6.241s] INFO:colcon.colcon_core.shell:Creating package descriptor '/home/siddharth/sor_ws2/install/bme_ros2_navigation/share/bme_ros2_navigation/package.dsv'
[6.241s] INFO:colcon.colcon_core.shell:Creating package script '/home/siddharth/sor_ws2/install/bme_ros2_navigation/share/bme_ros2_navigation/package.sh'
[6.242s] INFO:colcon.colcon_core.shell:Creating package script '/home/siddharth/sor_ws2/install/bme_ros2_navigation/share/bme_ros2_navigation/package.bash'
[6.288s] INFO:colcon.colcon_core.shell:Creating package script '/home/siddharth/sor_ws2/install/bme_ros2_navigation/share/bme_ros2_navigation/package.zsh'
[6.290s] Level 1:colcon.colcon_core.environment:create_file_with_runtime_dependencies(/home/siddharth/sor_ws2/install/bme_ros2_navigation/share/colcon-core/packages/bme_ros2_navigation)
[6.291s] Level 1:colcon.colcon_core.environment:create_environment_scripts_only(bme_ros2_navigation)
[6.292s] Level 1:colcon.colcon_core.environment:checking '/home/siddharth/sor_ws2/install/bme_ros2_navigation' for CMake module files
[6.293s] Level 1:colcon.colcon_core.environment:checking '/home/siddharth/sor_ws2/install/bme_ros2_navigation' for CMake config files
[6.294s] Level 1:colcon.colcon_core.shell:create_environment_hook('bme_ros2_navigation', 'cmake_prefix_path')
[6.294s] INFO:colcon.colcon_core.shell:Creating environment hook '/home/siddharth/sor_ws2/install/bme_ros2_navigation/share/bme_ros2_navigation/hook/cmake_prefix_path.ps1'
[6.295s] INFO:colcon.colcon_core.shell:Creating environment descriptor '/home/siddharth/sor_ws2/install/bme_ros2_navigation/share/bme_ros2_navigation/hook/cmake_prefix_path.dsv'
[6.296s] INFO:colcon.colcon_core.shell:Creating environment hook '/home/siddharth/sor_ws2/install/bme_ros2_navigation/share/bme_ros2_navigation/hook/cmake_prefix_path.sh'
[6.297s] Level 1:colcon.colcon_core.environment:checking '/home/siddharth/sor_ws2/install/bme_ros2_navigation/bin'
[6.298s] Level 1:colcon.colcon_core.environment:checking '/home/siddharth/sor_ws2/install/bme_ros2_navigation/lib/pkgconfig/bme_ros2_navigation.pc'
[6.298s] Level 1:colcon.colcon_core.environment:checking '/home/siddharth/sor_ws2/install/bme_ros2_navigation/lib/python3.12/site-packages'
[6.299s] Level 1:colcon.colcon_core.environment:checking '/home/siddharth/sor_ws2/install/bme_ros2_navigation/bin'
[6.300s] INFO:colcon.colcon_core.shell:Creating package script '/home/siddharth/sor_ws2/install/bme_ros2_navigation/share/bme_ros2_navigation/package.ps1'
[6.301s] INFO:colcon.colcon_core.shell:Creating package descriptor '/home/siddharth/sor_ws2/install/bme_ros2_navigation/share/bme_ros2_navigation/package.dsv'
[6.303s] INFO:colcon.colcon_core.shell:Creating package script '/home/siddharth/sor_ws2/install/bme_ros2_navigation/share/bme_ros2_navigation/package.sh'
[6.304s] INFO:colcon.colcon_core.shell:Creating package script '/home/siddharth/sor_ws2/install/bme_ros2_navigation/share/bme_ros2_navigation/package.bash'
[6.305s] INFO:colcon.colcon_core.shell:Creating package script '/home/siddharth/sor_ws2/install/bme_ros2_navigation/share/bme_ros2_navigation/package.zsh'
[6.306s] Level 1:colcon.colcon_core.environment:create_file_with_runtime_dependencies(/home/siddharth/sor_ws2/install/bme_ros2_navigation/share/colcon-core/packages/bme_ros2_navigation)
[9.148s] DEBUG:colcon.colcon_core.event_handler.log_command:Invoking command in '/home/siddharth/sor_ws2/Session5/mogi_trajectory_server': DEBUGINFOD_URLS=https://debuginfod.ubuntu.com PYTHONPATH=/home/siddharth/sor_ws2/build/mogi_trajectory_server/prefix_override:/usr/lib/python3/dist-packages/colcon_core/task/python/colcon_distutils_commands:/home/siddharth/sor_ws2/install/mogi_trajectory_server/lib/python3.12/site-packages: /usr/bin/python3 -W ignore:setup.py install is deprecated -W ignore:easy_install command is deprecated setup.py egg_info --egg-base ../../build/mogi_trajectory_server build --build-base /home/siddharth/sor_ws2/build/mogi_trajectory_server/build install --record /home/siddharth/sor_ws2/build/mogi_trajectory_server/install.log --single-version-externally-managed install_data
[9.149s] DEBUG:colcon.colcon_core.event_handler.log_command:Invoking command in '/home/siddharth/sor_ws2/Session5/bme_ros2_navigation_py': DEBUGINFOD_URLS=https://debuginfod.ubuntu.com PYTHONPATH=/home/siddharth/sor_ws2/build/bme_ros2_navigation_py/prefix_override:/usr/lib/python3/dist-packages/colcon_core/task/python/colcon_distutils_commands:/home/siddharth/sor_ws2/install/bme_ros2_navigation_py/lib/python3.12/site-packages: /usr/bin/python3 -W ignore:setup.py install is deprecated -W ignore:easy_install command is deprecated setup.py egg_info --egg-base ../../build/bme_ros2_navigation_py build --build-base /home/siddharth/sor_ws2/build/bme_ros2_navigation_py/build install --record /home/siddharth/sor_ws2/build/bme_ros2_navigation_py/install.log --single-version-externally-managed install_data
[9.154s] DEBUG:colcon.colcon_core.event_handler.log_command:Invoking command in '/home/siddharth/sor_ws2/Session5/nav2_patrol': DEBUGINFOD_URLS=https://debuginfod.ubuntu.com PYTHONPATH=/home/siddharth/sor_ws2/build/nav2_patrol/prefix_override:/usr/lib/python3/dist-packages/colcon_core/task/python/colcon_distutils_commands:/home/siddharth/sor_ws2/install/nav2_patrol/lib/python3.12/site-packages: /usr/bin/python3 -W ignore:setup.py install is deprecated -W ignore:easy_install command is deprecated setup.py egg_info --egg-base ../../build/nav2_patrol build --build-base /home/siddharth/sor_ws2/build/nav2_patrol/build install --record /home/siddharth/sor_ws2/build/nav2_patrol/install.log --single-version-externally-managed
[9.769s] Level 1:colcon.colcon_core.environment:checking '/home/siddharth/sor_ws2/install/mogi_trajectory_server' for CMake module files
[9.771s] DEBUG:colcon.colcon_core.event_handler.log_command:Invoked command in '/home/siddharth/sor_ws2/Session5/mogi_trajectory_server' returned '0': DEBUGINFOD_URLS=https://debuginfod.ubuntu.com PYTHONPATH=/home/siddharth/sor_ws2/build/mogi_trajectory_server/prefix_override:/usr/lib/python3/dist-packages/colcon_core/task/python/colcon_distutils_commands:/home/siddharth/sor_ws2/install/mogi_trajectory_server/lib/python3.12/site-packages: /usr/bin/python3 -W ignore:setup.py install is deprecated -W ignore:easy_install command is deprecated setup.py egg_info --egg-base ../../build/mogi_trajectory_server build --build-base /home/siddharth/sor_ws2/build/mogi_trajectory_server/build install --record /home/siddharth/sor_ws2/build/mogi_trajectory_server/install.log --single-version-externally-managed install_data
[9.772s] Level 1:colcon.colcon_core.environment:checking '/home/siddharth/sor_ws2/install/mogi_trajectory_server' for CMake config files
[9.773s] Level 1:colcon.colcon_core.environment:checking '/home/siddharth/sor_ws2/install/mogi_trajectory_server/lib'
[9.773s] Level 1:colcon.colcon_core.environment:checking '/home/siddharth/sor_ws2/install/mogi_trajectory_server/bin'
[9.773s] Level 1:colcon.colcon_core.environment:checking '/home/siddharth/sor_ws2/install/mogi_trajectory_server/lib/pkgconfig/mogi_trajectory_server.pc'
[9.773s] Level 1:colcon.colcon_core.environment:checking '/home/siddharth/sor_ws2/install/mogi_trajectory_server/lib/python3.12/site-packages'
[9.774s] Level 1:colcon.colcon_core.shell:create_environment_hook('mogi_trajectory_server', 'pythonpath')
[9.774s] INFO:colcon.colcon_core.shell:Creating environment hook '/home/siddharth/sor_ws2/install/mogi_trajectory_server/share/mogi_trajectory_server/hook/pythonpath.ps1'
[9.775s] INFO:colcon.colcon_core.shell:Creating environment descriptor '/home/siddharth/sor_ws2/install/mogi_trajectory_server/share/mogi_trajectory_server/hook/pythonpath.dsv'
[9.775s] INFO:colcon.colcon_core.shell:Creating environment hook '/home/siddharth/sor_ws2/install/mogi_trajectory_server/share/mogi_trajectory_server/hook/pythonpath.sh'
[9.777s] Level 1:colcon.colcon_core.environment:checking '/home/siddharth/sor_ws2/install/mogi_trajectory_server/bin'
[9.777s] Level 1:colcon.colcon_core.environment:create_environment_scripts_only(mogi_trajectory_server)
[9.777s] INFO:colcon.colcon_core.shell:Creating package script '/home/siddharth/sor_ws2/install/mogi_trajectory_server/share/mogi_trajectory_server/package.ps1'
[9.778s] INFO:colcon.colcon_core.shell:Creating package descriptor '/home/siddharth/sor_ws2/install/mogi_trajectory_server/share/mogi_trajectory_server/package.dsv'
[9.779s] INFO:colcon.colcon_core.shell:Creating package script '/home/siddharth/sor_ws2/install/mogi_trajectory_server/share/mogi_trajectory_server/package.sh'
[9.779s] INFO:colcon.colcon_core.shell:Creating package script '/home/siddharth/sor_ws2/install/mogi_trajectory_server/share/mogi_trajectory_server/package.bash'
[9.780s] INFO:colcon.colcon_core.shell:Creating package script '/home/siddharth/sor_ws2/install/mogi_trajectory_server/share/mogi_trajectory_server/package.zsh'
[9.780s] Level 1:colcon.colcon_core.environment:create_file_with_runtime_dependencies(/home/siddharth/sor_ws2/install/mogi_trajectory_server/share/colcon-core/packages/mogi_trajectory_server)
[9.782s] Level 1:colcon.colcon_core.environment:checking '/home/siddharth/sor_ws2/install/nav2_patrol' for CMake module files
[9.782s] DEBUG:colcon.colcon_core.event_handler.log_command:Invoked command in '/home/siddharth/sor_ws2/Session5/nav2_patrol' returned '0': DEBUGINFOD_URLS=https://debuginfod.ubuntu.com PYTHONPATH=/home/siddharth/sor_ws2/build/nav2_patrol/prefix_override:/usr/lib/python3/dist-packages/colcon_core/task/python/colcon_distutils_commands:/home/siddharth/sor_ws2/install/nav2_patrol/lib/python3.12/site-packages: /usr/bin/python3 -W ignore:setup.py install is deprecated -W ignore:easy_install command is deprecated setup.py egg_info --egg-base ../../build/nav2_patrol build --build-base /home/siddharth/sor_ws2/build/nav2_patrol/build install --record /home/siddharth/sor_ws2/build/nav2_patrol/install.log --single-version-externally-managed
[9.783s] Level 1:colcon.colcon_core.environment:checking '/home/siddharth/sor_ws2/install/nav2_patrol' for CMake config files
[9.785s] Level 1:colcon.colcon_core.environment:checking '/home/siddharth/sor_ws2/install/nav2_patrol/lib'
[9.785s] Level 1:colcon.colcon_core.environment:checking '/home/siddharth/sor_ws2/install/nav2_patrol/bin'
[9.785s] Level 1:colcon.colcon_core.environment:checking '/home/siddharth/sor_ws2/install/nav2_patrol/lib/pkgconfig/nav2_patrol.pc'
[9.785s] Level 1:colcon.colcon_core.environment:checking '/home/siddharth/sor_ws2/install/nav2_patrol/lib/python3.12/site-packages'
[9.786s] Level 1:colcon.colcon_core.shell:create_environment_hook('nav2_patrol', 'pythonpath')
[9.786s] INFO:colcon.colcon_core.shell:Creating environment hook '/home/siddharth/sor_ws2/install/nav2_patrol/share/nav2_patrol/hook/pythonpath.ps1'
[9.786s] INFO:colcon.colcon_core.shell:Creating environment descriptor '/home/siddharth/sor_ws2/install/nav2_patrol/share/nav2_patrol/hook/pythonpath.dsv'
[9.787s] INFO:colcon.colcon_core.shell:Creating environment hook '/home/siddharth/sor_ws2/install/nav2_patrol/share/nav2_patrol/hook/pythonpath.sh'
[9.788s] Level 1:colcon.colcon_core.environment:checking '/home/siddharth/sor_ws2/install/nav2_patrol/bin'
[9.788s] Level 1:colcon.colcon_core.environment:create_environment_scripts_only(nav2_patrol)
[9.788s] INFO:colcon.colcon_core.shell:Creating package script '/home/siddharth/sor_ws2/install/nav2_patrol/share/nav2_patrol/package.ps1'
[9.789s] INFO:colcon.colcon_core.shell:Creating package descriptor '/home/siddharth/sor_ws2/install/nav2_patrol/share/nav2_patrol/package.dsv'
[9.790s] INFO:colcon.colcon_core.shell:Creating package script '/home/siddharth/sor_ws2/install/nav2_patrol/share/nav2_patrol/package.sh'
[9.791s] INFO:colcon.colcon_core.shell:Creating package script '/home/siddharth/sor_ws2/install/nav2_patrol/share/nav2_patrol/package.bash'
[9.792s] INFO:colcon.colcon_core.shell:Creating package script '/home/siddharth/sor_ws2/install/nav2_patrol/share/nav2_patrol/package.zsh'
[9.794s] Level 1:colcon.colcon_core.environment:create_file_with_runtime_dependencies(/home/siddharth/sor_ws2/install/nav2_patrol/share/colcon-core/packages/nav2_patrol)
[9.820s] Level 1:colcon.colcon_core.environment:checking '/home/siddharth/sor_ws2/install/bme_ros2_navigation_py' for CMake module files
[9.821s] DEBUG:colcon.colcon_core.event_handler.log_command:Invoked command in '/home/siddharth/sor_ws2/Session5/bme_ros2_navigation_py' returned '0': DEBUGINFOD_URLS=https://debuginfod.ubuntu.com PYTHONPATH=/home/siddharth/sor_ws2/build/bme_ros2_navigation_py/prefix_override:/usr/lib/python3/dist-packages/colcon_core/task/python/colcon_distutils_commands:/home/siddharth/sor_ws2/install/bme_ros2_navigation_py/lib/python3.12/site-packages: /usr/bin/python3 -W ignore:setup.py install is deprecated -W ignore:easy_install command is deprecated setup.py egg_info --egg-base ../../build/bme_ros2_navigation_py build --build-base /home/siddharth/sor_ws2/build/bme_ros2_navigation_py/build install --record /home/siddharth/sor_ws2/build/bme_ros2_navigation_py/install.log --single-version-externally-managed install_data
[9.822s] Level 1:colcon.colcon_core.environment:checking '/home/siddharth/sor_ws2/install/bme_ros2_navigation_py' for CMake config files
[9.824s] Level 1:colcon.colcon_core.environment:checking '/home/siddharth/sor_ws2/install/bme_ros2_navigation_py/lib'
[9.824s] Level 1:colcon.colcon_core.environment:checking '/home/siddharth/sor_ws2/install/bme_ros2_navigation_py/bin'
[9.824s] Level 1:colcon.colcon_core.environment:checking '/home/siddharth/sor_ws2/install/bme_ros2_navigation_py/lib/pkgconfig/bme_ros2_navigation_py.pc'
[9.824s] Level 1:colcon.colcon_core.environment:checking '/home/siddharth/sor_ws2/install/bme_ros2_navigation_py/lib/python3.12/site-packages'
[9.824s] Level 1:colcon.colcon_core.shell:create_environment_hook('bme_ros2_navigation_py', 'pythonpath')
[9.824s] INFO:colcon.colcon_core.shell:Creating environment hook '/home/siddharth/sor_ws2/install/bme_ros2_navigation_py/share/bme_ros2_navigation_py/hook/pythonpath.ps1'
[9.825s] INFO:colcon.colcon_core.shell:Creating environment descriptor '/home/siddharth/sor_ws2/install/bme_ros2_navigation_py/share/bme_ros2_navigation_py/hook/pythonpath.dsv'
[9.826s] INFO:colcon.colcon_core.shell:Creating environment hook '/home/siddharth/sor_ws2/install/bme_ros2_navigation_py/share/bme_ros2_navigation_py/hook/pythonpath.sh'
[9.826s] Level 1:colcon.colcon_core.environment:checking '/home/siddharth/sor_ws2/install/bme_ros2_navigation_py/bin'
[9.826s] Level 1:colcon.colcon_core.environment:create_environment_scripts_only(bme_ros2_navigation_py)
[9.827s] INFO:colcon.colcon_core.shell:Creating package script '/home/siddharth/sor_ws2/install/bme_ros2_navigation_py/share/bme_ros2_navigation_py/package.ps1'
[9.828s] INFO:colcon.colcon_core.shell:Creating package descriptor '/home/siddharth/sor_ws2/install/bme_ros2_navigation_py/share/bme_ros2_navigation_py/package.dsv'
[9.828s] INFO:colcon.colcon_core.shell:Creating package script '/home/siddharth/sor_ws2/install/bme_ros2_navigation_py/share/bme_ros2_navigation_py/package.sh'
[9.829s] INFO:colcon.colcon_core.shell:Creating package script '/home/siddharth/sor_ws2/install/bme_ros2_navigation_py/share/bme_ros2_navigation_py/package.bash'
[9.829s] INFO:colcon.colcon_core.shell:Creating package script '/home/siddharth/sor_ws2/install/bme_ros2_navigation_py/share/bme_ros2_navigation_py/package.zsh'
[9.829s] Level 1:colcon.colcon_core.environment:create_file_with_runtime_dependencies(/home/siddharth/sor_ws2/install/bme_ros2_navigation_py/share/colcon-core/packages/bme_ros2_navigation_py)
[9.830s] DEBUG:colcon.colcon_parallel_executor.executor.parallel:closing loop
[9.830s] DEBUG:colcon.colcon_parallel_executor.executor.parallel:loop closed
[9.830s] DEBUG:colcon.colcon_parallel_executor.executor.parallel:run_until_complete finished with '0'
[9.830s] DEBUG:colcon.colcon_core.event_reactor:joining thread
[9.868s] INFO:colcon.colcon_core.plugin_system:Skipping extension 'colcon_notification.desktop_notification.terminal_notifier': Not used on non-Darwin systems
[9.868s] INFO:colcon.colcon_core.plugin_system:Skipping extension 'colcon_notification.desktop_notification.win32': Not used on non-Windows systems
[9.868s] INFO:colcon.colcon_notification.desktop_notification:Sending desktop notification using 'notify2'
[9.919s] DEBUG:colcon.colcon_core.event_reactor:joined thread
[9.919s] INFO:colcon.colcon_core.shell:Creating prefix script '/home/siddharth/sor_ws2/install/local_setup.ps1'
[10.007s] INFO:colcon.colcon_core.shell:Creating prefix util module '/home/siddharth/sor_ws2/install/_local_setup_util_ps1.py'
[10.024s] INFO:colcon.colcon_core.shell:Creating prefix chain script '/home/siddharth/sor_ws2/install/setup.ps1'
[10.084s] INFO:colcon.colcon_core.shell:Creating prefix script '/home/siddharth/sor_ws2/install/local_setup.sh'
[10.089s] INFO:colcon.colcon_core.shell:Creating prefix util module '/home/siddharth/sor_ws2/install/_local_setup_util_sh.py'
[10.090s] INFO:colcon.colcon_core.shell:Creating prefix chain script '/home/siddharth/sor_ws2/install/setup.sh'
[10.093s] INFO:colcon.colcon_core.shell:Creating prefix script '/home/siddharth/sor_ws2/install/local_setup.bash'
[10.136s] INFO:colcon.colcon_core.shell:Creating prefix chain script '/home/siddharth/sor_ws2/install/setup.bash'
[10.137s] INFO:colcon.colcon_core.shell:Creating prefix script '/home/siddharth/sor_ws2/install/local_setup.zsh'
[10.138s] INFO:colcon.colcon_core.shell:Creating prefix chain script '/home/siddharth/sor_ws2/install/setup.zsh'
