[0.138s] DEBUG:colcon:Command line arguments: ['/usr/bin/colcon', 'build']
[0.138s] DEBUG:colcon:Parsed command line arguments: Namespace(log_base=None, log_level=None, verb_name='build', build_base='build', install_base='install', merge_install=False, symlink_install=False, test_result_base=None, continue_on_error=False, executor='parallel', parallel_workers=8, event_handlers=None, ignore_user_meta=False, metas=['./colcon.meta'], base_paths=['.'], packages_ignore=None, packages_ignore_regex=None, paths=None, packages_up_to=None, packages_up_to_regex=None, packages_above=None, packages_above_and_dependencies=None, packages_above_depth=None, packages_select_by_dep=None, packages_skip_by_dep=None, packages_skip_up_to=None, packages_select_build_failed=False, packages_skip_build_finished=False, packages_select_test_failures=False, packages_skip_test_passed=False, packages_select=None, packages_skip=None, packages_select_regex=None, packages_skip_regex=None, packages_start=None, packages_end=None, allow_overriding=[], cmake_args=None, cmake_target=None, cmake_target_skip_unavailable=False, cmake_clean_cache=False, cmake_clean_first=False, cmake_force_configure=False, ament_cmake_args=None, catkin_cmake_args=None, catkin_skip_building_tests=False, mixin_files=None, mixin=None, verb_parser=<colcon_mixin.mixin.mixin_argument.MixinArgumentDecorator object at 0x79524cf5fa40>, verb_extension=<colcon_core.verb.build.BuildVerb object at 0x79524d027320>, main=<bound method BuildVerb.main of <colcon_core.verb.build.BuildVerb object at 0x79524d027320>>, mixin_verb=('build',))
[0.186s] Level 1:colcon.colcon_core.package_discovery:discover_packages(colcon_meta) check parameters
[0.186s] Level 1:colcon.colcon_core.package_discovery:discover_packages(recursive) check parameters
[0.186s] Level 1:colcon.colcon_core.package_discovery:discover_packages(ignore) check parameters
[0.187s] Level 1:colcon.colcon_core.package_discovery:discover_packages(path) check parameters
[0.187s] Level 1:colcon.colcon_core.package_discovery:discover_packages(colcon_meta) discover
[0.187s] Level 1:colcon.colcon_core.package_discovery:discover_packages(recursive) discover
[0.187s] INFO:colcon.colcon_core.package_discovery:Crawling recursively for packages in '/home/siddharth/sor_ws2'
[0.187s] Level 1:colcon.colcon_core.package_identification:_identify(.) by extensions ['ignore', 'ignore_ament_install']
[0.187s] Level 1:colcon.colcon_core.package_identification:_identify(.) by extension 'ignore'
[0.187s] Level 1:colcon.colcon_core.package_identification:_identify(.) by extension 'ignore_ament_install'
[0.187s] Level 1:colcon.colcon_core.package_identification:_identify(.) by extensions ['colcon_pkg']
[0.187s] Level 1:colcon.colcon_core.package_identification:_identify(.) by extension 'colcon_pkg'
[0.187s] Level 1:colcon.colcon_core.package_identification:_identify(.) by extensions ['colcon_meta']
[0.187s] Level 1:colcon.colcon_core.package_identification:_identify(.) by extension 'colcon_meta'
[0.187s] Level 1:colcon.colcon_core.package_identification:_identify(.) by extensions ['ros']
[0.187s] Level 1:colcon.colcon_core.package_identification:_identify(.) by extension 'ros'
[0.219s] Level 1:colcon.colcon_core.package_identification:_identify(.) by extensions ['cmake', 'python']
[0.219s] Level 1:colcon.colcon_core.package_identification:_identify(.) by extension 'cmake'
[0.219s] Level 1:colcon.colcon_core.package_identification:_identify(.) by extension 'python'
[0.219s] Level 1:colcon.colcon_core.package_identification:_identify(.) by extensions ['python_setup_py']
[0.219s] Level 1:colcon.colcon_core.package_identification:_identify(.) by extension 'python_setup_py'
[0.219s] Level 1:colcon.colcon_core.package_identification:_identify(Session5) by extensions ['ignore', 'ignore_ament_install']
[0.219s] Level 1:colcon.colcon_core.package_identification:_identify(Session5) by extension 'ignore'
[0.219s] Level 1:colcon.colcon_core.package_identification:_identify(Session5) by extension 'ignore_ament_install'
[0.219s] Level 1:colcon.colcon_core.package_identification:_identify(Session5) by extensions ['colcon_pkg']
[0.219s] Level 1:colcon.colcon_core.package_identification:_identify(Session5) by extension 'colcon_pkg'
[0.219s] Level 1:colcon.colcon_core.package_identification:_identify(Session5) by extensions ['colcon_meta']
[0.219s] Level 1:colcon.colcon_core.package_identification:_identify(Session5) by extension 'colcon_meta'
[0.220s] Level 1:colcon.colcon_core.package_identification:_identify(Session5) by extensions ['ros']
[0.220s] Level 1:colcon.colcon_core.package_identification:_identify(Session5) by extension 'ros'
[0.220s] Level 1:colcon.colcon_core.package_identification:_identify(Session5) by extensions ['cmake', 'python']
[0.220s] Level 1:colcon.colcon_core.package_identification:_identify(Session5) by extension 'cmake'
[0.220s] Level 1:colcon.colcon_core.package_identification:_identify(Session5) by extension 'python'
[0.220s] Level 1:colcon.colcon_core.package_identification:_identify(Session5) by extensions ['python_setup_py']
[0.220s] Level 1:colcon.colcon_core.package_identification:_identify(Session5) by extension 'python_setup_py'
[0.220s] Level 1:colcon.colcon_core.package_identification:_identify(Session5/bme_ros2_navigation) by extensions ['ignore', 'ignore_ament_install']
[0.220s] Level 1:colcon.colcon_core.package_identification:_identify(Session5/bme_ros2_navigation) by extension 'ignore'
[0.220s] Level 1:colcon.colcon_core.package_identification:_identify(Session5/bme_ros2_navigation) by extension 'ignore_ament_install'
[0.220s] Level 1:colcon.colcon_core.package_identification:_identify(Session5/bme_ros2_navigation) by extensions ['colcon_pkg']
[0.220s] Level 1:colcon.colcon_core.package_identification:_identify(Session5/bme_ros2_navigation) by extension 'colcon_pkg'
[0.220s] Level 1:colcon.colcon_core.package_identification:_identify(Session5/bme_ros2_navigation) by extensions ['colcon_meta']
[0.220s] Level 1:colcon.colcon_core.package_identification:_identify(Session5/bme_ros2_navigation) by extension 'colcon_meta'
[0.220s] Level 1:colcon.colcon_core.package_identification:_identify(Session5/bme_ros2_navigation) by extensions ['ros']
[0.220s] Level 1:colcon.colcon_core.package_identification:_identify(Session5/bme_ros2_navigation) by extension 'ros'
[0.223s] DEBUG:colcon.colcon_core.package_identification:Package 'Session5/bme_ros2_navigation' with type 'ros.ament_cmake' and name 'bme_ros2_navigation'
[0.223s] Level 1:colcon.colcon_core.package_identification:_identify(Session5/bme_ros2_navigation_py) by extensions ['ignore', 'ignore_ament_install']
[0.223s] Level 1:colcon.colcon_core.package_identification:_identify(Session5/bme_ros2_navigation_py) by extension 'ignore'
[0.223s] Level 1:colcon.colcon_core.package_identification:_identify(Session5/bme_ros2_navigation_py) by extension 'ignore_ament_install'
[0.224s] Level 1:colcon.colcon_core.package_identification:_identify(Session5/bme_ros2_navigation_py) by extensions ['colcon_pkg']
[0.224s] Level 1:colcon.colcon_core.package_identification:_identify(Session5/bme_ros2_navigation_py) by extension 'colcon_pkg'
[0.224s] Level 1:colcon.colcon_core.package_identification:_identify(Session5/bme_ros2_navigation_py) by extensions ['colcon_meta']
[0.224s] Level 1:colcon.colcon_core.package_identification:_identify(Session5/bme_ros2_navigation_py) by extension 'colcon_meta'
[0.224s] Level 1:colcon.colcon_core.package_identification:_identify(Session5/bme_ros2_navigation_py) by extensions ['ros']
[0.224s] Level 1:colcon.colcon_core.package_identification:_identify(Session5/bme_ros2_navigation_py) by extension 'ros'
[0.224s] DEBUG:colcon.colcon_core.package_identification:Package 'Session5/bme_ros2_navigation_py' with type 'ros.ament_python' and name 'bme_ros2_navigation_py'
[0.224s] Level 1:colcon.colcon_core.package_identification:_identify(Session5/mogi_trajectory_server) by extensions ['ignore', 'ignore_ament_install']
[0.225s] Level 1:colcon.colcon_core.package_identification:_identify(Session5/mogi_trajectory_server) by extension 'ignore'
[0.225s] Level 1:colcon.colcon_core.package_identification:_identify(Session5/mogi_trajectory_server) by extension 'ignore_ament_install'
[0.225s] Level 1:colcon.colcon_core.package_identification:_identify(Session5/mogi_trajectory_server) by extensions ['colcon_pkg']
[0.225s] Level 1:colcon.colcon_core.package_identification:_identify(Session5/mogi_trajectory_server) by extension 'colcon_pkg'
[0.225s] Level 1:colcon.colcon_core.package_identification:_identify(Session5/mogi_trajectory_server) by extensions ['colcon_meta']
[0.225s] Level 1:colcon.colcon_core.package_identification:_identify(Session5/mogi_trajectory_server) by extension 'colcon_meta'
[0.225s] Level 1:colcon.colcon_core.package_identification:_identify(Session5/mogi_trajectory_server) by extensions ['ros']
[0.225s] Level 1:colcon.colcon_core.package_identification:_identify(Session5/mogi_trajectory_server) by extension 'ros'
[0.225s] DEBUG:colcon.colcon_core.package_identification:Package 'Session5/mogi_trajectory_server' with type 'ros.ament_python' and name 'mogi_trajectory_server'
[0.225s] Level 1:colcon.colcon_core.package_identification:_identify(build) by extensions ['ignore', 'ignore_ament_install']
[0.226s] Level 1:colcon.colcon_core.package_identification:_identify(build) by extension 'ignore'
[0.226s] Level 1:colcon.colcon_core.package_identification:_identify(build) ignored
[0.226s] Level 1:colcon.colcon_core.package_identification:_identify(install) by extensions ['ignore', 'ignore_ament_install']
[0.226s] Level 1:colcon.colcon_core.package_identification:_identify(install) by extension 'ignore'
[0.226s] Level 1:colcon.colcon_core.package_identification:_identify(install) ignored
[0.226s] Level 1:colcon.colcon_core.package_identification:_identify(log) by extensions ['ignore', 'ignore_ament_install']
[0.226s] Level 1:colcon.colcon_core.package_identification:_identify(log) by extension 'ignore'
[0.226s] Level 1:colcon.colcon_core.package_identification:_identify(log) ignored
[0.226s] Level 1:colcon.colcon_core.package_discovery:discover_packages(recursive) using defaults
[0.226s] Level 1:colcon.colcon_core.package_discovery:discover_packages(ignore) discover
[0.226s] Level 1:colcon.colcon_core.package_discovery:discover_packages(ignore) using defaults
[0.226s] Level 1:colcon.colcon_core.package_discovery:discover_packages(path) discover
[0.226s] Level 1:colcon.colcon_core.package_discovery:discover_packages(path) using defaults
[0.247s] Level 1:colcon.colcon_core.package_discovery:discover_packages(prefix_path) check parameters
[0.248s] Level 1:colcon.colcon_core.package_discovery:discover_packages(prefix_path) discover
[0.283s] WARNING:colcon.colcon_ros.prefix_path.ament:The path '/home/siddharth/sor_ws2/install/mogi_trajectory_server' in the environment variable AMENT_PREFIX_PATH doesn't exist
[0.283s] WARNING:colcon.colcon_ros.prefix_path.ament:The path '/home/siddharth/sor_ws2/install/bme_ros2_navigation_py' in the environment variable AMENT_PREFIX_PATH doesn't exist
[0.283s] WARNING:colcon.colcon_ros.prefix_path.ament:The path '/home/siddharth/sor_ws2/install/bme_ros2_navigation' in the environment variable AMENT_PREFIX_PATH doesn't exist
[0.317s] WARNING:colcon.colcon_ros.prefix_path.catkin:The path '/home/siddharth/sor_ws2/install/bme_ros2_navigation' in the environment variable CMAKE_PREFIX_PATH doesn't exist
[0.349s] DEBUG:colcon.colcon_installed_package_information.package_discovery:Found 3 installed packages in /home/siddharth/sor_ws/install
[0.350s] DEBUG:colcon.colcon_installed_package_information.package_discovery:Found 0 installed packages in /home/siddharth/sor_ws2/install
[0.351s] DEBUG:colcon.colcon_installed_package_information.package_discovery:Found 3 installed packages in /home/siddharth/sor_ws1/install
[0.352s] DEBUG:colcon.colcon_installed_package_information.package_discovery:Found 2 installed packages in /home/siddharth/ros2_ws/install
[0.359s] DEBUG:colcon.colcon_installed_package_information.package_discovery:Found 396 installed packages in /opt/ros/jazzy
[0.364s] Level 1:colcon.colcon_core.package_discovery:discover_packages(prefix_path) using defaults
[0.602s] Level 5:colcon.colcon_core.verb:set package 'bme_ros2_navigation' build argument 'cmake_args' from command line to 'None'
[0.602s] Level 5:colcon.colcon_core.verb:set package 'bme_ros2_navigation' build argument 'cmake_target' from command line to 'None'
[0.602s] Level 5:colcon.colcon_core.verb:set package 'bme_ros2_navigation' build argument 'cmake_target_skip_unavailable' from command line to 'False'
[0.602s] Level 5:colcon.colcon_core.verb:set package 'bme_ros2_navigation' build argument 'cmake_clean_cache' from command line to 'False'
[0.602s] Level 5:colcon.colcon_core.verb:set package 'bme_ros2_navigation' build argument 'cmake_clean_first' from command line to 'False'
[0.602s] Level 5:colcon.colcon_core.verb:set package 'bme_ros2_navigation' build argument 'cmake_force_configure' from command line to 'False'
[0.602s] Level 5:colcon.colcon_core.verb:set package 'bme_ros2_navigation' build argument 'ament_cmake_args' from command line to 'None'
[0.602s] Level 5:colcon.colcon_core.verb:set package 'bme_ros2_navigation' build argument 'catkin_cmake_args' from command line to 'None'
[0.602s] Level 5:colcon.colcon_core.verb:set package 'bme_ros2_navigation' build argument 'catkin_skip_building_tests' from command line to 'False'
[0.602s] DEBUG:colcon.colcon_core.verb:Building package 'bme_ros2_navigation' with the following arguments: {'ament_cmake_args': None, 'build_base': '/home/siddharth/sor_ws2/build/bme_ros2_navigation', 'catkin_cmake_args': None, 'catkin_skip_building_tests': False, 'cmake_args': None, 'cmake_clean_cache': False, 'cmake_clean_first': False, 'cmake_force_configure': False, 'cmake_target': None, 'cmake_target_skip_unavailable': False, 'install_base': '/home/siddharth/sor_ws2/install/bme_ros2_navigation', 'merge_install': False, 'path': '/home/siddharth/sor_ws2/Session5/bme_ros2_navigation', 'symlink_install': False, 'test_result_base': None}
[0.603s] Level 5:colcon.colcon_core.verb:set package 'bme_ros2_navigation_py' build argument 'cmake_args' from command line to 'None'
[0.603s] Level 5:colcon.colcon_core.verb:set package 'bme_ros2_navigation_py' build argument 'cmake_target' from command line to 'None'
[0.603s] Level 5:colcon.colcon_core.verb:set package 'bme_ros2_navigation_py' build argument 'cmake_target_skip_unavailable' from command line to 'False'
[0.603s] Level 5:colcon.colcon_core.verb:set package 'bme_ros2_navigation_py' build argument 'cmake_clean_cache' from command line to 'False'
[0.603s] Level 5:colcon.colcon_core.verb:set package 'bme_ros2_navigation_py' build argument 'cmake_clean_first' from command line to 'False'
[0.603s] Level 5:colcon.colcon_core.verb:set package 'bme_ros2_navigation_py' build argument 'cmake_force_configure' from command line to 'False'
[0.603s] Level 5:colcon.colcon_core.verb:set package 'bme_ros2_navigation_py' build argument 'ament_cmake_args' from command line to 'None'
[0.603s] Level 5:colcon.colcon_core.verb:set package 'bme_ros2_navigation_py' build argument 'catkin_cmake_args' from command line to 'None'
[0.603s] Level 5:colcon.colcon_core.verb:set package 'bme_ros2_navigation_py' build argument 'catkin_skip_building_tests' from command line to 'False'
[0.603s] DEBUG:colcon.colcon_core.verb:Building package 'bme_ros2_navigation_py' with the following arguments: {'ament_cmake_args': None, 'build_base': '/home/siddharth/sor_ws2/build/bme_ros2_navigation_py', 'catkin_cmake_args': None, 'catkin_skip_building_tests': False, 'cmake_args': None, 'cmake_clean_cache': False, 'cmake_clean_first': False, 'cmake_force_configure': False, 'cmake_target': None, 'cmake_target_skip_unavailable': False, 'install_base': '/home/siddharth/sor_ws2/install/bme_ros2_navigation_py', 'merge_install': False, 'path': '/home/siddharth/sor_ws2/Session5/bme_ros2_navigation_py', 'symlink_install': False, 'test_result_base': None}
[0.603s] Level 5:colcon.colcon_core.verb:set package 'mogi_trajectory_server' build argument 'cmake_args' from command line to 'None'
[0.603s] Level 5:colcon.colcon_core.verb:set package 'mogi_trajectory_server' build argument 'cmake_target' from command line to 'None'
[0.603s] Level 5:colcon.colcon_core.verb:set package 'mogi_trajectory_server' build argument 'cmake_target_skip_unavailable' from command line to 'False'
[0.603s] Level 5:colcon.colcon_core.verb:set package 'mogi_trajectory_server' build argument 'cmake_clean_cache' from command line to 'False'
[0.603s] Level 5:colcon.colcon_core.verb:set package 'mogi_trajectory_server' build argument 'cmake_clean_first' from command line to 'False'
[0.603s] Level 5:colcon.colcon_core.verb:set package 'mogi_trajectory_server' build argument 'cmake_force_configure' from command line to 'False'
[0.603s] Level 5:colcon.colcon_core.verb:set package 'mogi_trajectory_server' build argument 'ament_cmake_args' from command line to 'None'
[0.603s] Level 5:colcon.colcon_core.verb:set package 'mogi_trajectory_server' build argument 'catkin_cmake_args' from command line to 'None'
[0.603s] Level 5:colcon.colcon_core.verb:set package 'mogi_trajectory_server' build argument 'catkin_skip_building_tests' from command line to 'False'
[0.604s] DEBUG:colcon.colcon_core.verb:Building package 'mogi_trajectory_server' with the following arguments: {'ament_cmake_args': None, 'build_base': '/home/siddharth/sor_ws2/build/mogi_trajectory_server', 'catkin_cmake_args': None, 'catkin_skip_building_tests': False, 'cmake_args': None, 'cmake_clean_cache': False, 'cmake_clean_first': False, 'cmake_force_configure': False, 'cmake_target': None, 'cmake_target_skip_unavailable': False, 'install_base': '/home/siddharth/sor_ws2/install/mogi_trajectory_server', 'merge_install': False, 'path': '/home/siddharth/sor_ws2/Session5/mogi_trajectory_server', 'symlink_install': False, 'test_result_base': None}
[0.604s] INFO:colcon.colcon_core.executor:Executing jobs using 'parallel' executor
[0.605s] DEBUG:colcon.colcon_parallel_executor.executor.parallel:run_until_complete
[0.605s] INFO:colcon.colcon_ros.task.ament_cmake.build:Building ROS package in '/home/siddharth/sor_ws2/Session5/bme_ros2_navigation' with build type 'ament_cmake'
[0.605s] INFO:colcon.colcon_cmake.task.cmake.build:Building CMake package in '/home/siddharth/sor_ws2/Session5/bme_ros2_navigation'
[0.608s] INFO:colcon.colcon_core.plugin_system:Skipping extension 'colcon_core.shell.bat': Not used on non-Windows systems
[0.609s] INFO:colcon.colcon_core.shell:Skip shell extension 'powershell' for command environment: Not usable outside of PowerShell
[0.609s] DEBUG:colcon.colcon_core.shell:Skip shell extension 'dsv' for command environment
[0.616s] INFO:colcon.colcon_ros.task.ament_python.build:Building ROS package in '/home/siddharth/sor_ws2/Session5/bme_ros2_navigation_py' with build type 'ament_python'
[0.616s] Level 1:colcon.colcon_core.shell:create_environment_hook('bme_ros2_navigation_py', 'ament_prefix_path')
[0.617s] INFO:colcon.colcon_core.shell:Creating environment hook '/home/siddharth/sor_ws2/install/bme_ros2_navigation_py/share/bme_ros2_navigation_py/hook/ament_prefix_path.ps1'
[0.618s] INFO:colcon.colcon_core.shell:Creating environment descriptor '/home/siddharth/sor_ws2/install/bme_ros2_navigation_py/share/bme_ros2_navigation_py/hook/ament_prefix_path.dsv'
[0.618s] INFO:colcon.colcon_core.shell:Creating environment hook '/home/siddharth/sor_ws2/install/bme_ros2_navigation_py/share/bme_ros2_navigation_py/hook/ament_prefix_path.sh'
[0.619s] INFO:colcon.colcon_core.shell:Skip shell extension 'powershell' for command environment: Not usable outside of PowerShell
[0.619s] DEBUG:colcon.colcon_core.shell:Skip shell extension 'dsv' for command environment
[0.625s] INFO:colcon.colcon_ros.task.ament_python.build:Building ROS package in '/home/siddharth/sor_ws2/Session5/mogi_trajectory_server' with build type 'ament_python'
[0.625s] Level 1:colcon.colcon_core.shell:create_environment_hook('mogi_trajectory_server', 'ament_prefix_path')
[0.626s] INFO:colcon.colcon_core.shell:Creating environment hook '/home/siddharth/sor_ws2/install/mogi_trajectory_server/share/mogi_trajectory_server/hook/ament_prefix_path.ps1'
[0.626s] INFO:colcon.colcon_core.shell:Creating environment descriptor '/home/siddharth/sor_ws2/install/mogi_trajectory_server/share/mogi_trajectory_server/hook/ament_prefix_path.dsv'
[0.627s] INFO:colcon.colcon_core.shell:Creating environment hook '/home/siddharth/sor_ws2/install/mogi_trajectory_server/share/mogi_trajectory_server/hook/ament_prefix_path.sh'
[0.627s] INFO:colcon.colcon_core.shell:Skip shell extension 'powershell' for command environment: Not usable outside of PowerShell
[0.627s] DEBUG:colcon.colcon_core.shell:Skip shell extension 'dsv' for command environment
[0.639s] DEBUG:colcon.colcon_core.event_handler.log_command:Invoking command in '/home/siddharth/sor_ws2/build/bme_ros2_navigation': CMAKE_PREFIX_PATH=${CMAKE_PREFIX_PATH}:/home/siddharth/sor_ws/install/trajectory_server:/home/siddharth/sor_ws/install/erc_gazebo_sensors_py:/home/siddharth/sor_ws2/install/mogi_trajectory_server:/home/siddharth/sor_ws2/install/bme_ros2_navigation_py:/home/siddharth/sor_ws1/install/bme_ros2_simple_arm_py:/opt/ros/jazzy DEBUGINFOD_URLS=https://debuginfod.ubuntu.com /usr/bin/cmake /home/siddharth/sor_ws2/Session5/bme_ros2_navigation -DCMAKE_INSTALL_PREFIX=/home/siddharth/sor_ws2/install/bme_ros2_navigation
[0.940s] INFO:colcon.colcon_core.task.python.build:Building Python package in '/home/siddharth/sor_ws2/Session5/bme_ros2_navigation_py'
[0.941s] INFO:colcon.colcon_core.shell:Skip shell extension 'powershell' for command environment: Not usable outside of PowerShell
[0.941s] DEBUG:colcon.colcon_core.shell:Skip shell extension 'dsv' for command environment
[1.242s] INFO:colcon.colcon_core.task.python.build:Building Python package in '/home/siddharth/sor_ws2/Session5/mogi_trajectory_server'
[1.242s] INFO:colcon.colcon_core.shell:Skip shell extension 'powershell' for command environment: Not usable outside of PowerShell
[1.242s] DEBUG:colcon.colcon_core.shell:Skip shell extension 'dsv' for command environment
[5.282s] DEBUG:colcon.colcon_core.event_handler.log_command:Invoked command in '/home/siddharth/sor_ws2/build/bme_ros2_navigation' returned '0': CMAKE_PREFIX_PATH=${CMAKE_PREFIX_PATH}:/home/siddharth/sor_ws/install/trajectory_server:/home/siddharth/sor_ws/install/erc_gazebo_sensors_py:/home/siddharth/sor_ws2/install/mogi_trajectory_server:/home/siddharth/sor_ws2/install/bme_ros2_navigation_py:/home/siddharth/sor_ws1/install/bme_ros2_simple_arm_py:/opt/ros/jazzy DEBUGINFOD_URLS=https://debuginfod.ubuntu.com /usr/bin/cmake /home/siddharth/sor_ws2/Session5/bme_ros2_navigation -DCMAKE_INSTALL_PREFIX=/home/siddharth/sor_ws2/install/bme_ros2_navigation
[5.285s] DEBUG:colcon.colcon_core.event_handler.log_command:Invoking command in '/home/siddharth/sor_ws2/build/bme_ros2_navigation': CMAKE_PREFIX_PATH=${CMAKE_PREFIX_PATH}:/home/siddharth/sor_ws/install/trajectory_server:/home/siddharth/sor_ws/install/erc_gazebo_sensors_py:/home/siddharth/sor_ws2/install/mogi_trajectory_server:/home/siddharth/sor_ws2/install/bme_ros2_navigation_py:/home/siddharth/sor_ws1/install/bme_ros2_simple_arm_py:/opt/ros/jazzy DEBUGINFOD_URLS=https://debuginfod.ubuntu.com /usr/bin/cmake --build /home/siddharth/sor_ws2/build/bme_ros2_navigation -- -j8 -l8
[5.359s] DEBUG:colcon.colcon_core.event_handler.log_command:Invoked command in '/home/siddharth/sor_ws2/build/bme_ros2_navigation' returned '0': CMAKE_PREFIX_PATH=${CMAKE_PREFIX_PATH}:/home/siddharth/sor_ws/install/trajectory_server:/home/siddharth/sor_ws/install/erc_gazebo_sensors_py:/home/siddharth/sor_ws2/install/mogi_trajectory_server:/home/siddharth/sor_ws2/install/bme_ros2_navigation_py:/home/siddharth/sor_ws1/install/bme_ros2_simple_arm_py:/opt/ros/jazzy DEBUGINFOD_URLS=https://debuginfod.ubuntu.com /usr/bin/cmake --build /home/siddharth/sor_ws2/build/bme_ros2_navigation -- -j8 -l8
[5.375s] DEBUG:colcon.colcon_core.event_handler.log_command:Invoking command in '/home/siddharth/sor_ws2/build/bme_ros2_navigation': CMAKE_PREFIX_PATH=${CMAKE_PREFIX_PATH}:/home/siddharth/sor_ws/install/trajectory_server:/home/siddharth/sor_ws/install/erc_gazebo_sensors_py:/home/siddharth/sor_ws2/install/mogi_trajectory_server:/home/siddharth/sor_ws2/install/bme_ros2_navigation_py:/home/siddharth/sor_ws1/install/bme_ros2_simple_arm_py:/opt/ros/jazzy DEBUGINFOD_URLS=https://debuginfod.ubuntu.com /usr/bin/cmake --install /home/siddharth/sor_ws2/build/bme_ros2_navigation
[5.390s] DEBUG:colcon.colcon_core.event_handler.log_command:Invoking command in '/home/siddharth/sor_ws2/Session5/bme_ros2_navigation_py': DEBUGINFOD_URLS=https://debuginfod.ubuntu.com PYTHONPATH=/home/siddharth/sor_ws2/build/bme_ros2_navigation_py/prefix_override:/usr/lib/python3/dist-packages/colcon_core/task/python/colcon_distutils_commands:/home/siddharth/sor_ws2/install/bme_ros2_navigation_py/lib/python3.12/site-packages:${PYTHONPATH} /usr/bin/python3 -W ignore:setup.py install is deprecated -W ignore:easy_install command is deprecated setup.py egg_info --egg-base ../../build/bme_ros2_navigation_py build --build-base /home/siddharth/sor_ws2/build/bme_ros2_navigation_py/build install --record /home/siddharth/sor_ws2/build/bme_ros2_navigation_py/install.log --single-version-externally-managed install_data
[5.407s] Level 1:colcon.colcon_core.environment:create_environment_scripts_only(bme_ros2_navigation)
[5.408s] DEBUG:colcon.colcon_core.event_handler.log_command:Invoked command in '/home/siddharth/sor_ws2/build/bme_ros2_navigation' returned '0': CMAKE_PREFIX_PATH=${CMAKE_PREFIX_PATH}:/home/siddharth/sor_ws/install/trajectory_server:/home/siddharth/sor_ws/install/erc_gazebo_sensors_py:/home/siddharth/sor_ws2/install/mogi_trajectory_server:/home/siddharth/sor_ws2/install/bme_ros2_navigation_py:/home/siddharth/sor_ws1/install/bme_ros2_simple_arm_py:/opt/ros/jazzy DEBUGINFOD_URLS=https://debuginfod.ubuntu.com /usr/bin/cmake --install /home/siddharth/sor_ws2/build/bme_ros2_navigation
[5.414s] Level 1:colcon.colcon_core.environment:checking '/home/siddharth/sor_ws2/install/bme_ros2_navigation' for CMake module files
[5.416s] Level 1:colcon.colcon_core.environment:checking '/home/siddharth/sor_ws2/install/bme_ros2_navigation' for CMake config files
[5.417s] Level 1:colcon.colcon_core.shell:create_environment_hook('bme_ros2_navigation', 'cmake_prefix_path')
[5.417s] INFO:colcon.colcon_core.shell:Creating environment hook '/home/siddharth/sor_ws2/install/bme_ros2_navigation/share/bme_ros2_navigation/hook/cmake_prefix_path.ps1'
[5.419s] INFO:colcon.colcon_core.shell:Creating environment descriptor '/home/siddharth/sor_ws2/install/bme_ros2_navigation/share/bme_ros2_navigation/hook/cmake_prefix_path.dsv'
[5.420s] INFO:colcon.colcon_core.shell:Creating environment hook '/home/siddharth/sor_ws2/install/bme_ros2_navigation/share/bme_ros2_navigation/hook/cmake_prefix_path.sh'
[5.421s] Level 1:colcon.colcon_core.environment:checking '/home/siddharth/sor_ws2/install/bme_ros2_navigation/bin'
[5.421s] Level 1:colcon.colcon_core.environment:checking '/home/siddharth/sor_ws2/install/bme_ros2_navigation/lib/pkgconfig/bme_ros2_navigation.pc'
[5.422s] Level 1:colcon.colcon_core.environment:checking '/home/siddharth/sor_ws2/install/bme_ros2_navigation/lib/python3.12/site-packages'
[5.423s] Level 1:colcon.colcon_core.environment:checking '/home/siddharth/sor_ws2/install/bme_ros2_navigation/bin'
[5.424s] INFO:colcon.colcon_core.shell:Creating package script '/home/siddharth/sor_ws2/install/bme_ros2_navigation/share/bme_ros2_navigation/package.ps1'
[5.427s] INFO:colcon.colcon_core.shell:Creating package descriptor '/home/siddharth/sor_ws2/install/bme_ros2_navigation/share/bme_ros2_navigation/package.dsv'
[5.429s] INFO:colcon.colcon_core.shell:Creating package script '/home/siddharth/sor_ws2/install/bme_ros2_navigation/share/bme_ros2_navigation/package.sh'
[5.431s] INFO:colcon.colcon_core.shell:Creating package script '/home/siddharth/sor_ws2/install/bme_ros2_navigation/share/bme_ros2_navigation/package.bash'
[5.433s] INFO:colcon.colcon_core.shell:Creating package script '/home/siddharth/sor_ws2/install/bme_ros2_navigation/share/bme_ros2_navigation/package.zsh'
[5.435s] Level 1:colcon.colcon_core.environment:create_file_with_runtime_dependencies(/home/siddharth/sor_ws2/install/bme_ros2_navigation/share/colcon-core/packages/bme_ros2_navigation)
[5.436s] Level 1:colcon.colcon_core.environment:create_environment_scripts_only(bme_ros2_navigation)
[5.437s] Level 1:colcon.colcon_core.environment:checking '/home/siddharth/sor_ws2/install/bme_ros2_navigation' for CMake module files
[5.438s] Level 1:colcon.colcon_core.environment:checking '/home/siddharth/sor_ws2/install/bme_ros2_navigation' for CMake config files
[5.439s] Level 1:colcon.colcon_core.shell:create_environment_hook('bme_ros2_navigation', 'cmake_prefix_path')
[5.439s] INFO:colcon.colcon_core.shell:Creating environment hook '/home/siddharth/sor_ws2/install/bme_ros2_navigation/share/bme_ros2_navigation/hook/cmake_prefix_path.ps1'
[5.440s] INFO:colcon.colcon_core.shell:Creating environment descriptor '/home/siddharth/sor_ws2/install/bme_ros2_navigation/share/bme_ros2_navigation/hook/cmake_prefix_path.dsv'
[5.441s] INFO:colcon.colcon_core.shell:Creating environment hook '/home/siddharth/sor_ws2/install/bme_ros2_navigation/share/bme_ros2_navigation/hook/cmake_prefix_path.sh'
[5.443s] Level 1:colcon.colcon_core.environment:checking '/home/siddharth/sor_ws2/install/bme_ros2_navigation/bin'
[5.443s] Level 1:colcon.colcon_core.environment:checking '/home/siddharth/sor_ws2/install/bme_ros2_navigation/lib/pkgconfig/bme_ros2_navigation.pc'
[5.443s] Level 1:colcon.colcon_core.environment:checking '/home/siddharth/sor_ws2/install/bme_ros2_navigation/lib/python3.12/site-packages'
[5.444s] Level 1:colcon.colcon_core.environment:checking '/home/siddharth/sor_ws2/install/bme_ros2_navigation/bin'
[5.445s] INFO:colcon.colcon_core.shell:Creating package script '/home/siddharth/sor_ws2/install/bme_ros2_navigation/share/bme_ros2_navigation/package.ps1'
[5.446s] INFO:colcon.colcon_core.shell:Creating package descriptor '/home/siddharth/sor_ws2/install/bme_ros2_navigation/share/bme_ros2_navigation/package.dsv'
[5.448s] INFO:colcon.colcon_core.shell:Creating package script '/home/siddharth/sor_ws2/install/bme_ros2_navigation/share/bme_ros2_navigation/package.sh'
[5.449s] INFO:colcon.colcon_core.shell:Creating package script '/home/siddharth/sor_ws2/install/bme_ros2_navigation/share/bme_ros2_navigation/package.bash'
[5.450s] INFO:colcon.colcon_core.shell:Creating package script '/home/siddharth/sor_ws2/install/bme_ros2_navigation/share/bme_ros2_navigation/package.zsh'
[5.451s] Level 1:colcon.colcon_core.environment:create_file_with_runtime_dependencies(/home/siddharth/sor_ws2/install/bme_ros2_navigation/share/colcon-core/packages/bme_ros2_navigation)
[5.458s] DEBUG:colcon.colcon_core.event_handler.log_command:Invoking command in '/home/siddharth/sor_ws2/Session5/mogi_trajectory_server': DEBUGINFOD_URLS=https://debuginfod.ubuntu.com PYTHONPATH=/home/siddharth/sor_ws2/build/mogi_trajectory_server/prefix_override:/usr/lib/python3/dist-packages/colcon_core/task/python/colcon_distutils_commands:/home/siddharth/sor_ws2/install/mogi_trajectory_server/lib/python3.12/site-packages:${PYTHONPATH} /usr/bin/python3 -W ignore:setup.py install is deprecated -W ignore:easy_install command is deprecated setup.py egg_info --egg-base ../../build/mogi_trajectory_server build --build-base /home/siddharth/sor_ws2/build/mogi_trajectory_server/build install --record /home/siddharth/sor_ws2/build/mogi_trajectory_server/install.log --single-version-externally-managed install_data
[6.200s] Level 1:colcon.colcon_core.environment:checking '/home/siddharth/sor_ws2/install/bme_ros2_navigation_py' for CMake module files
[6.200s] DEBUG:colcon.colcon_core.event_handler.log_command:Invoked command in '/home/siddharth/sor_ws2/Session5/bme_ros2_navigation_py' returned '0': DEBUGINFOD_URLS=https://debuginfod.ubuntu.com PYTHONPATH=/home/siddharth/sor_ws2/build/bme_ros2_navigation_py/prefix_override:/usr/lib/python3/dist-packages/colcon_core/task/python/colcon_distutils_commands:/home/siddharth/sor_ws2/install/bme_ros2_navigation_py/lib/python3.12/site-packages:${PYTHONPATH} /usr/bin/python3 -W ignore:setup.py install is deprecated -W ignore:easy_install command is deprecated setup.py egg_info --egg-base ../../build/bme_ros2_navigation_py build --build-base /home/siddharth/sor_ws2/build/bme_ros2_navigation_py/build install --record /home/siddharth/sor_ws2/build/bme_ros2_navigation_py/install.log --single-version-externally-managed install_data
[6.202s] Level 1:colcon.colcon_core.environment:checking '/home/siddharth/sor_ws2/install/bme_ros2_navigation_py' for CMake config files
[6.203s] Level 1:colcon.colcon_core.environment:checking '/home/siddharth/sor_ws2/install/bme_ros2_navigation_py/lib'
[6.204s] Level 1:colcon.colcon_core.environment:checking '/home/siddharth/sor_ws2/install/bme_ros2_navigation_py/bin'
[6.204s] Level 1:colcon.colcon_core.environment:checking '/home/siddharth/sor_ws2/install/bme_ros2_navigation_py/lib/pkgconfig/bme_ros2_navigation_py.pc'
[6.204s] Level 1:colcon.colcon_core.environment:checking '/home/siddharth/sor_ws2/install/bme_ros2_navigation_py/lib/python3.12/site-packages'
[6.205s] Level 1:colcon.colcon_core.shell:create_environment_hook('bme_ros2_navigation_py', 'pythonpath')
[6.205s] INFO:colcon.colcon_core.shell:Creating environment hook '/home/siddharth/sor_ws2/install/bme_ros2_navigation_py/share/bme_ros2_navigation_py/hook/pythonpath.ps1'
[6.206s] INFO:colcon.colcon_core.shell:Creating environment descriptor '/home/siddharth/sor_ws2/install/bme_ros2_navigation_py/share/bme_ros2_navigation_py/hook/pythonpath.dsv'
[6.207s] INFO:colcon.colcon_core.shell:Creating environment hook '/home/siddharth/sor_ws2/install/bme_ros2_navigation_py/share/bme_ros2_navigation_py/hook/pythonpath.sh'
[6.209s] Level 1:colcon.colcon_core.environment:checking '/home/siddharth/sor_ws2/install/bme_ros2_navigation_py/bin'
[6.209s] Level 1:colcon.colcon_core.environment:create_environment_scripts_only(bme_ros2_navigation_py)
[6.209s] INFO:colcon.colcon_core.shell:Creating package script '/home/siddharth/sor_ws2/install/bme_ros2_navigation_py/share/bme_ros2_navigation_py/package.ps1'
[6.211s] INFO:colcon.colcon_core.shell:Creating package descriptor '/home/siddharth/sor_ws2/install/bme_ros2_navigation_py/share/bme_ros2_navigation_py/package.dsv'
[6.212s] INFO:colcon.colcon_core.shell:Creating package script '/home/siddharth/sor_ws2/install/bme_ros2_navigation_py/share/bme_ros2_navigation_py/package.sh'
[6.213s] INFO:colcon.colcon_core.shell:Creating package script '/home/siddharth/sor_ws2/install/bme_ros2_navigation_py/share/bme_ros2_navigation_py/package.bash'
[6.214s] INFO:colcon.colcon_core.shell:Creating package script '/home/siddharth/sor_ws2/install/bme_ros2_navigation_py/share/bme_ros2_navigation_py/package.zsh'
[6.215s] Level 1:colcon.colcon_core.environment:create_file_with_runtime_dependencies(/home/siddharth/sor_ws2/install/bme_ros2_navigation_py/share/colcon-core/packages/bme_ros2_navigation_py)
[6.268s] Level 1:colcon.colcon_core.environment:checking '/home/siddharth/sor_ws2/install/mogi_trajectory_server' for CMake module files
[6.269s] DEBUG:colcon.colcon_core.event_handler.log_command:Invoked command in '/home/siddharth/sor_ws2/Session5/mogi_trajectory_server' returned '0': DEBUGINFOD_URLS=https://debuginfod.ubuntu.com PYTHONPATH=/home/siddharth/sor_ws2/build/mogi_trajectory_server/prefix_override:/usr/lib/python3/dist-packages/colcon_core/task/python/colcon_distutils_commands:/home/siddharth/sor_ws2/install/mogi_trajectory_server/lib/python3.12/site-packages:${PYTHONPATH} /usr/bin/python3 -W ignore:setup.py install is deprecated -W ignore:easy_install command is deprecated setup.py egg_info --egg-base ../../build/mogi_trajectory_server build --build-base /home/siddharth/sor_ws2/build/mogi_trajectory_server/build install --record /home/siddharth/sor_ws2/build/mogi_trajectory_server/install.log --single-version-externally-managed install_data
[6.270s] Level 1:colcon.colcon_core.environment:checking '/home/siddharth/sor_ws2/install/mogi_trajectory_server' for CMake config files
[6.270s] Level 1:colcon.colcon_core.environment:checking '/home/siddharth/sor_ws2/install/mogi_trajectory_server/lib'
[6.271s] Level 1:colcon.colcon_core.environment:checking '/home/siddharth/sor_ws2/install/mogi_trajectory_server/bin'
[6.271s] Level 1:colcon.colcon_core.environment:checking '/home/siddharth/sor_ws2/install/mogi_trajectory_server/lib/pkgconfig/mogi_trajectory_server.pc'
[6.271s] Level 1:colcon.colcon_core.environment:checking '/home/siddharth/sor_ws2/install/mogi_trajectory_server/lib/python3.12/site-packages'
[6.271s] Level 1:colcon.colcon_core.shell:create_environment_hook('mogi_trajectory_server', 'pythonpath')
[6.271s] INFO:colcon.colcon_core.shell:Creating environment hook '/home/siddharth/sor_ws2/install/mogi_trajectory_server/share/mogi_trajectory_server/hook/pythonpath.ps1'
[6.272s] INFO:colcon.colcon_core.shell:Creating environment descriptor '/home/siddharth/sor_ws2/install/mogi_trajectory_server/share/mogi_trajectory_server/hook/pythonpath.dsv'
[6.272s] INFO:colcon.colcon_core.shell:Creating environment hook '/home/siddharth/sor_ws2/install/mogi_trajectory_server/share/mogi_trajectory_server/hook/pythonpath.sh'
[6.273s] Level 1:colcon.colcon_core.environment:checking '/home/siddharth/sor_ws2/install/mogi_trajectory_server/bin'
[6.273s] Level 1:colcon.colcon_core.environment:create_environment_scripts_only(mogi_trajectory_server)
[6.273s] INFO:colcon.colcon_core.shell:Creating package script '/home/siddharth/sor_ws2/install/mogi_trajectory_server/share/mogi_trajectory_server/package.ps1'
[6.274s] INFO:colcon.colcon_core.shell:Creating package descriptor '/home/siddharth/sor_ws2/install/mogi_trajectory_server/share/mogi_trajectory_server/package.dsv'
[6.274s] INFO:colcon.colcon_core.shell:Creating package script '/home/siddharth/sor_ws2/install/mogi_trajectory_server/share/mogi_trajectory_server/package.sh'
[6.275s] INFO:colcon.colcon_core.shell:Creating package script '/home/siddharth/sor_ws2/install/mogi_trajectory_server/share/mogi_trajectory_server/package.bash'
[6.275s] INFO:colcon.colcon_core.shell:Creating package script '/home/siddharth/sor_ws2/install/mogi_trajectory_server/share/mogi_trajectory_server/package.zsh'
[6.276s] Level 1:colcon.colcon_core.environment:create_file_with_runtime_dependencies(/home/siddharth/sor_ws2/install/mogi_trajectory_server/share/colcon-core/packages/mogi_trajectory_server)
[6.276s] DEBUG:colcon.colcon_parallel_executor.executor.parallel:closing loop
[6.276s] DEBUG:colcon.colcon_parallel_executor.executor.parallel:loop closed
[6.276s] DEBUG:colcon.colcon_parallel_executor.executor.parallel:run_until_complete finished with '0'
[6.276s] DEBUG:colcon.colcon_core.event_reactor:joining thread
[6.289s] INFO:colcon.colcon_core.plugin_system:Skipping extension 'colcon_notification.desktop_notification.terminal_notifier': Not used on non-Darwin systems
[6.289s] INFO:colcon.colcon_core.plugin_system:Skipping extension 'colcon_notification.desktop_notification.win32': Not used on non-Windows systems
[6.289s] INFO:colcon.colcon_notification.desktop_notification:Sending desktop notification using 'notify2'
[6.309s] DEBUG:colcon.colcon_core.event_reactor:joined thread
[6.309s] INFO:colcon.colcon_core.shell:Creating prefix script '/home/siddharth/sor_ws2/install/local_setup.ps1'
[6.312s] INFO:colcon.colcon_core.shell:Creating prefix util module '/home/siddharth/sor_ws2/install/_local_setup_util_ps1.py'
[6.315s] INFO:colcon.colcon_core.shell:Creating prefix chain script '/home/siddharth/sor_ws2/install/setup.ps1'
[6.319s] INFO:colcon.colcon_core.shell:Creating prefix script '/home/siddharth/sor_ws2/install/local_setup.sh'
[6.320s] INFO:colcon.colcon_core.shell:Creating prefix util module '/home/siddharth/sor_ws2/install/_local_setup_util_sh.py'
[6.322s] INFO:colcon.colcon_core.shell:Creating prefix chain script '/home/siddharth/sor_ws2/install/setup.sh'
[6.325s] INFO:colcon.colcon_core.shell:Creating prefix script '/home/siddharth/sor_ws2/install/local_setup.bash'
[6.326s] INFO:colcon.colcon_core.shell:Creating prefix chain script '/home/siddharth/sor_ws2/install/setup.bash'
[6.330s] INFO:colcon.colcon_core.shell:Creating prefix script '/home/siddharth/sor_ws2/install/local_setup.zsh'
[6.331s] INFO:colcon.colcon_core.shell:Creating prefix chain script '/home/siddharth/sor_ws2/install/setup.zsh'
