[2.201s] Invoking command in '/home/siddharth/sor_ws1/Session5/custom_ik_arm': DEBUGINFOD_URLS=https://debuginfod.ubuntu.com PYTHONPATH=/home/siddharth/sor_ws1/build/custom_ik_arm/prefix_override:/usr/lib/python3/dist-packages/colcon_core/task/python/colcon_distutils_commands:/home/siddharth/sor_ws1/install/custom_ik_arm/lib/python3.12/site-packages:${PYTHONPATH} /usr/bin/python3 -W ignore:setup.py install is deprecated -W ignore:easy_install command is deprecated setup.py egg_info --egg-base ../../build/custom_ik_arm build --build-base /home/siddharth/sor_ws1/build/custom_ik_arm/build install --record /home/siddharth/sor_ws1/build/custom_ik_arm/install.log --single-version-externally-managed install_data
[2.665s] running egg_info
[2.700s] writing ../../build/custom_ik_arm/custom_ik_arm.egg-info/PKG-INFO
[2.701s] writing dependency_links to ../../build/custom_ik_arm/custom_ik_arm.egg-info/dependency_links.txt
[2.701s] writing entry points to ../../build/custom_ik_arm/custom_ik_arm.egg-info/entry_points.txt
[2.702s] writing requirements to ../../build/custom_ik_arm/custom_ik_arm.egg-info/requires.txt
[2.702s] writing top-level names to ../../build/custom_ik_arm/custom_ik_arm.egg-info/top_level.txt
[2.775s] reading manifest file '../../build/custom_ik_arm/custom_ik_arm.egg-info/SOURCES.txt'
[2.775s] writing manifest file '../../build/custom_ik_arm/custom_ik_arm.egg-info/SOURCES.txt'
[2.777s] running build
[2.778s] running build_py
[2.778s] running install
[2.784s] running install_lib
[2.819s] running install_data
[2.819s] running install_egg_info
[2.856s] removing '/home/siddharth/sor_ws1/install/custom_ik_arm/lib/python3.12/site-packages/custom_ik_arm-0.0.0-py3.12.egg-info' (and everything under it)
[2.856s] Copying ../../build/custom_ik_arm/custom_ik_arm.egg-info to /home/siddharth/sor_ws1/install/custom_ik_arm/lib/python3.12/site-packages/custom_ik_arm-0.0.0-py3.12.egg-info
[2.858s] running install_scripts
[3.078s] Installing ik_trajectory script to /home/siddharth/sor_ws1/install/custom_ik_arm/lib/custom_ik_arm
[3.079s] Installing trajectory_publisher script to /home/siddharth/sor_ws1/install/custom_ik_arm/lib/custom_ik_arm
[3.079s] writing list of installed files to '/home/siddharth/sor_ws1/build/custom_ik_arm/install.log'
[3.136s] Invoked command in '/home/siddharth/sor_ws1/Session5/custom_ik_arm' returned '0': DEBUGINFOD_URLS=https://debuginfod.ubuntu.com PYTHONPATH=/home/siddharth/sor_ws1/build/custom_ik_arm/prefix_override:/usr/lib/python3/dist-packages/colcon_core/task/python/colcon_distutils_commands:/home/siddharth/sor_ws1/install/custom_ik_arm/lib/python3.12/site-packages:${PYTHONPATH} /usr/bin/python3 -W ignore:setup.py install is deprecated -W ignore:easy_install command is deprecated setup.py egg_info --egg-base ../../build/custom_ik_arm build --build-base /home/siddharth/sor_ws1/build/custom_ik_arm/build install --record /home/siddharth/sor_ws1/build/custom_ik_arm/install.log --single-version-externally-managed install_data
