[0.189s] DEBUG:colcon:Command line arguments: ['/usr/bin/colcon', 'build', '--packages-select', 'bme_ros2_simple_arm_moveit_config']
[0.189s] DEBUG:colcon:Parsed command line arguments: Namespace(log_base=None, log_level=None, verb_name='build', build_base='build', install_base='install', merge_install=False, symlink_install=False, test_result_base=None, continue_on_error=False, executor='parallel', parallel_workers=8, event_handlers=None, ignore_user_meta=False, metas=['./colcon.meta'], base_paths=['.'], packages_ignore=None, packages_ignore_regex=None, paths=None, packages_up_to=None, packages_up_to_regex=None, packages_above=None, packages_above_and_dependencies=None, packages_above_depth=None, packages_select_by_dep=None, packages_skip_by_dep=None, packages_skip_up_to=None, packages_select_build_failed=False, packages_skip_build_finished=False, packages_select_test_failures=False, packages_skip_test_passed=False, packages_select=['bme_ros2_simple_arm_moveit_config'], packages_skip=None, packages_select_regex=None, packages_skip_regex=None, packages_start=None, packages_end=None, allow_overriding=[], cmake_args=None, cmake_target=None, cmake_target_skip_unavailable=False, cmake_clean_cache=False, cmake_clean_first=False, cmake_force_configure=False, ament_cmake_args=None, catkin_cmake_args=None, catkin_skip_building_tests=False, mixin_files=None, mixin=None, verb_parser=<colcon_mixin.mixin.mixin_argument.MixinArgumentDecorator object at 0x7e9d9218b260>, verb_extension=<colcon_core.verb.build.BuildVerb object at 0x7e9d9218a3f0>, main=<bound method BuildVerb.main of <colcon_core.verb.build.BuildVerb object at 0x7e9d9218a3f0>>, mixin_verb=('build',))
[0.261s] Level 1:colcon.colcon_core.package_discovery:discover_packages(colcon_meta) check parameters
[0.261s] Level 1:colcon.colcon_core.package_discovery:discover_packages(recursive) check parameters
[0.261s] Level 1:colcon.colcon_core.package_discovery:discover_packages(ignore) check parameters
[0.261s] Level 1:colcon.colcon_core.package_discovery:discover_packages(path) check parameters
[0.261s] Level 1:colcon.colcon_core.package_discovery:discover_packages(colcon_meta) discover
[0.261s] Level 1:colcon.colcon_core.package_discovery:discover_packages(recursive) discover
[0.262s] INFO:colcon.colcon_core.package_discovery:Crawling recursively for packages in '/home/siddharth/sor_ws1'
[0.262s] Level 1:colcon.colcon_core.package_identification:_identify(.) by extensions ['ignore', 'ignore_ament_install']
[0.262s] Level 1:colcon.colcon_core.package_identification:_identify(.) by extension 'ignore'
[0.262s] Level 1:colcon.colcon_core.package_identification:_identify(.) by extension 'ignore_ament_install'
[0.262s] Level 1:colcon.colcon_core.package_identification:_identify(.) by extensions ['colcon_pkg']
[0.262s] Level 1:colcon.colcon_core.package_identification:_identify(.) by extension 'colcon_pkg'
[0.262s] Level 1:colcon.colcon_core.package_identification:_identify(.) by extensions ['colcon_meta']
[0.262s] Level 1:colcon.colcon_core.package_identification:_identify(.) by extension 'colcon_meta'
[0.262s] Level 1:colcon.colcon_core.package_identification:_identify(.) by extensions ['ros']
[0.262s] Level 1:colcon.colcon_core.package_identification:_identify(.) by extension 'ros'
[0.305s] Level 1:colcon.colcon_core.package_identification:_identify(.) by extensions ['cmake', 'python']
[0.306s] Level 1:colcon.colcon_core.package_identification:_identify(.) by extension 'cmake'
[0.306s] Level 1:colcon.colcon_core.package_identification:_identify(.) by extension 'python'
[0.306s] Level 1:colcon.colcon_core.package_identification:_identify(.) by extensions ['python_setup_py']
[0.306s] Level 1:colcon.colcon_core.package_identification:_identify(.) by extension 'python_setup_py'
[0.306s] Level 1:colcon.colcon_core.package_identification:_identify(Session5) by extensions ['ignore', 'ignore_ament_install']
[0.306s] Level 1:colcon.colcon_core.package_identification:_identify(Session5) by extension 'ignore'
[0.306s] Level 1:colcon.colcon_core.package_identification:_identify(Session5) by extension 'ignore_ament_install'
[0.306s] Level 1:colcon.colcon_core.package_identification:_identify(Session5) by extensions ['colcon_pkg']
[0.306s] Level 1:colcon.colcon_core.package_identification:_identify(Session5) by extension 'colcon_pkg'
[0.307s] Level 1:colcon.colcon_core.package_identification:_identify(Session5) by extensions ['colcon_meta']
[0.307s] Level 1:colcon.colcon_core.package_identification:_identify(Session5) by extension 'colcon_meta'
[0.307s] Level 1:colcon.colcon_core.package_identification:_identify(Session5) by extensions ['ros']
[0.307s] Level 1:colcon.colcon_core.package_identification:_identify(Session5) by extension 'ros'
[0.307s] Level 1:colcon.colcon_core.package_identification:_identify(Session5) by extensions ['cmake', 'python']
[0.307s] Level 1:colcon.colcon_core.package_identification:_identify(Session5) by extension 'cmake'
[0.307s] Level 1:colcon.colcon_core.package_identification:_identify(Session5) by extension 'python'
[0.307s] Level 1:colcon.colcon_core.package_identification:_identify(Session5) by extensions ['python_setup_py']
[0.307s] Level 1:colcon.colcon_core.package_identification:_identify(Session5) by extension 'python_setup_py'
[0.307s] Level 1:colcon.colcon_core.package_identification:_identify(Session5/bme_ros2_simple_arm) by extensions ['ignore', 'ignore_ament_install']
[0.307s] Level 1:colcon.colcon_core.package_identification:_identify(Session5/bme_ros2_simple_arm) by extension 'ignore'
[0.307s] Level 1:colcon.colcon_core.package_identification:_identify(Session5/bme_ros2_simple_arm) by extension 'ignore_ament_install'
[0.308s] Level 1:colcon.colcon_core.package_identification:_identify(Session5/bme_ros2_simple_arm) by extensions ['colcon_pkg']
[0.308s] Level 1:colcon.colcon_core.package_identification:_identify(Session5/bme_ros2_simple_arm) by extension 'colcon_pkg'
[0.308s] Level 1:colcon.colcon_core.package_identification:_identify(Session5/bme_ros2_simple_arm) by extensions ['colcon_meta']
[0.308s] Level 1:colcon.colcon_core.package_identification:_identify(Session5/bme_ros2_simple_arm) by extension 'colcon_meta'
[0.308s] Level 1:colcon.colcon_core.package_identification:_identify(Session5/bme_ros2_simple_arm) by extensions ['ros']
[0.308s] Level 1:colcon.colcon_core.package_identification:_identify(Session5/bme_ros2_simple_arm) by extension 'ros'
[0.311s] DEBUG:colcon.colcon_core.package_identification:Package 'Session5/bme_ros2_simple_arm' with type 'ros.ament_cmake' and name 'bme_ros2_simple_arm'
[0.312s] Level 1:colcon.colcon_core.package_identification:_identify(Session5/bme_ros2_simple_arm_moveit_config) by extensions ['ignore', 'ignore_ament_install']
[0.312s] Level 1:colcon.colcon_core.package_identification:_identify(Session5/bme_ros2_simple_arm_moveit_config) by extension 'ignore'
[0.312s] Level 1:colcon.colcon_core.package_identification:_identify(Session5/bme_ros2_simple_arm_moveit_config) by extension 'ignore_ament_install'
[0.312s] Level 1:colcon.colcon_core.package_identification:_identify(Session5/bme_ros2_simple_arm_moveit_config) by extensions ['colcon_pkg']
[0.312s] Level 1:colcon.colcon_core.package_identification:_identify(Session5/bme_ros2_simple_arm_moveit_config) by extension 'colcon_pkg'
[0.312s] Level 1:colcon.colcon_core.package_identification:_identify(Session5/bme_ros2_simple_arm_moveit_config) by extensions ['colcon_meta']
[0.312s] Level 1:colcon.colcon_core.package_identification:_identify(Session5/bme_ros2_simple_arm_moveit_config) by extension 'colcon_meta'
[0.312s] Level 1:colcon.colcon_core.package_identification:_identify(Session5/bme_ros2_simple_arm_moveit_config) by extensions ['ros']
[0.312s] Level 1:colcon.colcon_core.package_identification:_identify(Session5/bme_ros2_simple_arm_moveit_config) by extension 'ros'
[0.314s] DEBUG:colcon.colcon_core.package_identification:Package 'Session5/bme_ros2_simple_arm_moveit_config' with type 'ros.ament_cmake' and name 'bme_ros2_simple_arm_moveit_config'
[0.314s] Level 1:colcon.colcon_core.package_identification:_identify(Session5/bme_ros2_simple_arm_py) by extensions ['ignore', 'ignore_ament_install']
[0.314s] Level 1:colcon.colcon_core.package_identification:_identify(Session5/bme_ros2_simple_arm_py) by extension 'ignore'
[0.314s] Level 1:colcon.colcon_core.package_identification:_identify(Session5/bme_ros2_simple_arm_py) by extension 'ignore_ament_install'
[0.314s] Level 1:colcon.colcon_core.package_identification:_identify(Session5/bme_ros2_simple_arm_py) by extensions ['colcon_pkg']
[0.314s] Level 1:colcon.colcon_core.package_identification:_identify(Session5/bme_ros2_simple_arm_py) by extension 'colcon_pkg'
[0.314s] Level 1:colcon.colcon_core.package_identification:_identify(Session5/bme_ros2_simple_arm_py) by extensions ['colcon_meta']
[0.314s] Level 1:colcon.colcon_core.package_identification:_identify(Session5/bme_ros2_simple_arm_py) by extension 'colcon_meta'
[0.314s] Level 1:colcon.colcon_core.package_identification:_identify(Session5/bme_ros2_simple_arm_py) by extensions ['ros']
[0.314s] Level 1:colcon.colcon_core.package_identification:_identify(Session5/bme_ros2_simple_arm_py) by extension 'ros'
[0.315s] DEBUG:colcon.colcon_core.package_identification:Package 'Session5/bme_ros2_simple_arm_py' with type 'ros.ament_python' and name 'bme_ros2_simple_arm_py'
[0.315s] Level 1:colcon.colcon_core.package_identification:_identify(build) by extensions ['ignore', 'ignore_ament_install']
[0.315s] Level 1:colcon.colcon_core.package_identification:_identify(build) by extension 'ignore'
[0.316s] Level 1:colcon.colcon_core.package_identification:_identify(build) ignored
[0.316s] Level 1:colcon.colcon_core.package_identification:_identify(install) by extensions ['ignore', 'ignore_ament_install']
[0.316s] Level 1:colcon.colcon_core.package_identification:_identify(install) by extension 'ignore'
[0.316s] Level 1:colcon.colcon_core.package_identification:_identify(install) ignored
[0.316s] Level 1:colcon.colcon_core.package_identification:_identify(log) by extensions ['ignore', 'ignore_ament_install']
[0.316s] Level 1:colcon.colcon_core.package_identification:_identify(log) by extension 'ignore'
[0.316s] Level 1:colcon.colcon_core.package_identification:_identify(log) ignored
[0.316s] Level 1:colcon.colcon_core.package_discovery:discover_packages(recursive) using defaults
[0.316s] Level 1:colcon.colcon_core.package_discovery:discover_packages(ignore) discover
[0.316s] Level 1:colcon.colcon_core.package_discovery:discover_packages(ignore) using defaults
[0.317s] Level 1:colcon.colcon_core.package_discovery:discover_packages(path) discover
[0.317s] Level 1:colcon.colcon_core.package_discovery:discover_packages(path) using defaults
[0.345s] INFO:colcon.colcon_core.package_selection:Skipping not selected package 'bme_ros2_simple_arm' in 'Session5/bme_ros2_simple_arm'
[0.345s] INFO:colcon.colcon_core.package_selection:Skipping not selected package 'bme_ros2_simple_arm_py' in 'Session5/bme_ros2_simple_arm_py'
[0.345s] Level 1:colcon.colcon_core.package_discovery:discover_packages(prefix_path) check parameters
[0.345s] Level 1:colcon.colcon_core.package_discovery:discover_packages(prefix_path) discover
[0.347s] WARNING:colcon.colcon_ros.prefix_path.ament:The path '/home/siddharth/sor_ws1/install/bme_ros2_simple_arm_moveit_config' in the environment variable AMENT_PREFIX_PATH doesn't exist
[0.347s] WARNING:colcon.colcon_ros.prefix_path.catkin:The path '/home/siddharth/sor_ws1/install/bme_ros2_simple_arm_moveit_config' in the environment variable CMAKE_PREFIX_PATH doesn't exist
[0.350s] DEBUG:colcon.colcon_installed_package_information.package_discovery:Found 2 installed packages in /home/siddharth/sor_ws1/install
[0.351s] DEBUG:colcon.colcon_installed_package_information.package_discovery:Found 2 installed packages in /home/siddharth/ros2_ws/install
[0.355s] DEBUG:colcon.colcon_installed_package_information.package_discovery:Found 446 installed packages in /opt/ros/jazzy
[0.357s] Level 1:colcon.colcon_core.package_discovery:discover_packages(prefix_path) using defaults
[0.464s] Level 5:colcon.colcon_core.verb:set package 'bme_ros2_simple_arm_moveit_config' build argument 'cmake_args' from command line to 'None'
[0.464s] Level 5:colcon.colcon_core.verb:set package 'bme_ros2_simple_arm_moveit_config' build argument 'cmake_target' from command line to 'None'
[0.464s] Level 5:colcon.colcon_core.verb:set package 'bme_ros2_simple_arm_moveit_config' build argument 'cmake_target_skip_unavailable' from command line to 'False'
[0.464s] Level 5:colcon.colcon_core.verb:set package 'bme_ros2_simple_arm_moveit_config' build argument 'cmake_clean_cache' from command line to 'False'
[0.464s] Level 5:colcon.colcon_core.verb:set package 'bme_ros2_simple_arm_moveit_config' build argument 'cmake_clean_first' from command line to 'False'
[0.464s] Level 5:colcon.colcon_core.verb:set package 'bme_ros2_simple_arm_moveit_config' build argument 'cmake_force_configure' from command line to 'False'
[0.464s] Level 5:colcon.colcon_core.verb:set package 'bme_ros2_simple_arm_moveit_config' build argument 'ament_cmake_args' from command line to 'None'
[0.464s] Level 5:colcon.colcon_core.verb:set package 'bme_ros2_simple_arm_moveit_config' build argument 'catkin_cmake_args' from command line to 'None'
[0.464s] Level 5:colcon.colcon_core.verb:set package 'bme_ros2_simple_arm_moveit_config' build argument 'catkin_skip_building_tests' from command line to 'False'
[0.464s] DEBUG:colcon.colcon_core.verb:Building package 'bme_ros2_simple_arm_moveit_config' with the following arguments: {'ament_cmake_args': None, 'build_base': '/home/siddharth/sor_ws1/build/bme_ros2_simple_arm_moveit_config', 'catkin_cmake_args': None, 'catkin_skip_building_tests': False, 'cmake_args': None, 'cmake_clean_cache': False, 'cmake_clean_first': False, 'cmake_force_configure': False, 'cmake_target': None, 'cmake_target_skip_unavailable': False, 'install_base': '/home/siddharth/sor_ws1/install/bme_ros2_simple_arm_moveit_config', 'merge_install': False, 'path': '/home/siddharth/sor_ws1/Session5/bme_ros2_simple_arm_moveit_config', 'symlink_install': False, 'test_result_base': None}
[0.464s] INFO:colcon.colcon_core.executor:Executing jobs using 'parallel' executor
[0.466s] DEBUG:colcon.colcon_parallel_executor.executor.parallel:run_until_complete
[0.466s] INFO:colcon.colcon_ros.task.ament_cmake.build:Building ROS package in '/home/siddharth/sor_ws1/Session5/bme_ros2_simple_arm_moveit_config' with build type 'ament_cmake'
[0.466s] INFO:colcon.colcon_cmake.task.cmake.build:Building CMake package in '/home/siddharth/sor_ws1/Session5/bme_ros2_simple_arm_moveit_config'
[0.470s] INFO:colcon.colcon_core.plugin_system:Skipping extension 'colcon_core.shell.bat': Not used on non-Windows systems
[0.470s] INFO:colcon.colcon_core.shell:Skip shell extension 'powershell' for command environment: Not usable outside of PowerShell
[0.470s] DEBUG:colcon.colcon_core.shell:Skip shell extension 'dsv' for command environment
[0.492s] DEBUG:colcon.colcon_core.event_handler.log_command:Invoking command in '/home/siddharth/sor_ws1/build/bme_ros2_simple_arm_moveit_config': CMAKE_PREFIX_PATH=/home/siddharth/sor_ws1/install/bme_ros2_simple_arm:/home/siddharth/sor_ws1/install/bme_ros2_simple_arm_moveit_config:/home/siddharth/ros2_ws/install/bme_gazebo_basics:/opt/ros/jazzy/opt/gz_sim_vendor:/opt/ros/jazzy/opt/gz_sensors_vendor:/opt/ros/jazzy/opt/gz_physics_vendor:/opt/ros/jazzy/opt/sdformat_vendor:/opt/ros/jazzy/opt/gz_gui_vendor:/opt/ros/jazzy/opt/gz_transport_vendor:/opt/ros/jazzy/opt/gz_rendering_vendor:/opt/ros/jazzy/opt/gz_plugin_vendor:/opt/ros/jazzy/opt/gz_fuel_tools_vendor:/opt/ros/jazzy/opt/gz_msgs_vendor:/opt/ros/jazzy/opt/gz_common_vendor:/opt/ros/jazzy/opt/gz_math_vendor:/opt/ros/jazzy/opt/gz_utils_vendor:/opt/ros/jazzy/opt/gz_tools_vendor:/opt/ros/jazzy/opt/gz_ogre_next_vendor:/opt/ros/jazzy/opt/gz_dartsim_vendor:/opt/ros/jazzy/opt/gz_cmake_vendor:/home/siddharth/sor_ws1/install/bme_ros2_simple_arm_py:/opt/ros/jazzy DEBUGINFOD_URLS=https://debuginfod.ubuntu.com /usr/bin/cmake /home/siddharth/sor_ws1/Session5/bme_ros2_simple_arm_moveit_config -DCMAKE_INSTALL_PREFIX=/home/siddharth/sor_ws1/install/bme_ros2_simple_arm_moveit_config
[1.943s] DEBUG:colcon.colcon_core.event_handler.log_command:Invoked command in '/home/siddharth/sor_ws1/build/bme_ros2_simple_arm_moveit_config' returned '0': CMAKE_PREFIX_PATH=/home/siddharth/sor_ws1/install/bme_ros2_simple_arm:/home/siddharth/sor_ws1/install/bme_ros2_simple_arm_moveit_config:/home/siddharth/ros2_ws/install/bme_gazebo_basics:/opt/ros/jazzy/opt/gz_sim_vendor:/opt/ros/jazzy/opt/gz_sensors_vendor:/opt/ros/jazzy/opt/gz_physics_vendor:/opt/ros/jazzy/opt/sdformat_vendor:/opt/ros/jazzy/opt/gz_gui_vendor:/opt/ros/jazzy/opt/gz_transport_vendor:/opt/ros/jazzy/opt/gz_rendering_vendor:/opt/ros/jazzy/opt/gz_plugin_vendor:/opt/ros/jazzy/opt/gz_fuel_tools_vendor:/opt/ros/jazzy/opt/gz_msgs_vendor:/opt/ros/jazzy/opt/gz_common_vendor:/opt/ros/jazzy/opt/gz_math_vendor:/opt/ros/jazzy/opt/gz_utils_vendor:/opt/ros/jazzy/opt/gz_tools_vendor:/opt/ros/jazzy/opt/gz_ogre_next_vendor:/opt/ros/jazzy/opt/gz_dartsim_vendor:/opt/ros/jazzy/opt/gz_cmake_vendor:/home/siddharth/sor_ws1/install/bme_ros2_simple_arm_py:/opt/ros/jazzy DEBUGINFOD_URLS=https://debuginfod.ubuntu.com /usr/bin/cmake /home/siddharth/sor_ws1/Session5/bme_ros2_simple_arm_moveit_config -DCMAKE_INSTALL_PREFIX=/home/siddharth/sor_ws1/install/bme_ros2_simple_arm_moveit_config
[1.946s] DEBUG:colcon.colcon_core.event_handler.log_command:Invoking command in '/home/siddharth/sor_ws1/build/bme_ros2_simple_arm_moveit_config': CMAKE_PREFIX_PATH=/home/siddharth/sor_ws1/install/bme_ros2_simple_arm:/home/siddharth/sor_ws1/install/bme_ros2_simple_arm_moveit_config:/home/siddharth/ros2_ws/install/bme_gazebo_basics:/opt/ros/jazzy/opt/gz_sim_vendor:/opt/ros/jazzy/opt/gz_sensors_vendor:/opt/ros/jazzy/opt/gz_physics_vendor:/opt/ros/jazzy/opt/sdformat_vendor:/opt/ros/jazzy/opt/gz_gui_vendor:/opt/ros/jazzy/opt/gz_transport_vendor:/opt/ros/jazzy/opt/gz_rendering_vendor:/opt/ros/jazzy/opt/gz_plugin_vendor:/opt/ros/jazzy/opt/gz_fuel_tools_vendor:/opt/ros/jazzy/opt/gz_msgs_vendor:/opt/ros/jazzy/opt/gz_common_vendor:/opt/ros/jazzy/opt/gz_math_vendor:/opt/ros/jazzy/opt/gz_utils_vendor:/opt/ros/jazzy/opt/gz_tools_vendor:/opt/ros/jazzy/opt/gz_ogre_next_vendor:/opt/ros/jazzy/opt/gz_dartsim_vendor:/opt/ros/jazzy/opt/gz_cmake_vendor:/home/siddharth/sor_ws1/install/bme_ros2_simple_arm_py:/opt/ros/jazzy DEBUGINFOD_URLS=https://debuginfod.ubuntu.com /usr/bin/cmake --build /home/siddharth/sor_ws1/build/bme_ros2_simple_arm_moveit_config -- -j8 -l8
[2.045s] DEBUG:colcon.colcon_core.event_handler.log_command:Invoked command in '/home/siddharth/sor_ws1/build/bme_ros2_simple_arm_moveit_config' returned '0': CMAKE_PREFIX_PATH=/home/siddharth/sor_ws1/install/bme_ros2_simple_arm:/home/siddharth/sor_ws1/install/bme_ros2_simple_arm_moveit_config:/home/siddharth/ros2_ws/install/bme_gazebo_basics:/opt/ros/jazzy/opt/gz_sim_vendor:/opt/ros/jazzy/opt/gz_sensors_vendor:/opt/ros/jazzy/opt/gz_physics_vendor:/opt/ros/jazzy/opt/sdformat_vendor:/opt/ros/jazzy/opt/gz_gui_vendor:/opt/ros/jazzy/opt/gz_transport_vendor:/opt/ros/jazzy/opt/gz_rendering_vendor:/opt/ros/jazzy/opt/gz_plugin_vendor:/opt/ros/jazzy/opt/gz_fuel_tools_vendor:/opt/ros/jazzy/opt/gz_msgs_vendor:/opt/ros/jazzy/opt/gz_common_vendor:/opt/ros/jazzy/opt/gz_math_vendor:/opt/ros/jazzy/opt/gz_utils_vendor:/opt/ros/jazzy/opt/gz_tools_vendor:/opt/ros/jazzy/opt/gz_ogre_next_vendor:/opt/ros/jazzy/opt/gz_dartsim_vendor:/opt/ros/jazzy/opt/gz_cmake_vendor:/home/siddharth/sor_ws1/install/bme_ros2_simple_arm_py:/opt/ros/jazzy DEBUGINFOD_URLS=https://debuginfod.ubuntu.com /usr/bin/cmake --build /home/siddharth/sor_ws1/build/bme_ros2_simple_arm_moveit_config -- -j8 -l8
[2.068s] DEBUG:colcon.colcon_core.event_handler.log_command:Invoking command in '/home/siddharth/sor_ws1/build/bme_ros2_simple_arm_moveit_config': CMAKE_PREFIX_PATH=/home/siddharth/sor_ws1/install/bme_ros2_simple_arm:/home/siddharth/sor_ws1/install/bme_ros2_simple_arm_moveit_config:/home/siddharth/ros2_ws/install/bme_gazebo_basics:/opt/ros/jazzy/opt/gz_sim_vendor:/opt/ros/jazzy/opt/gz_sensors_vendor:/opt/ros/jazzy/opt/gz_physics_vendor:/opt/ros/jazzy/opt/sdformat_vendor:/opt/ros/jazzy/opt/gz_gui_vendor:/opt/ros/jazzy/opt/gz_transport_vendor:/opt/ros/jazzy/opt/gz_rendering_vendor:/opt/ros/jazzy/opt/gz_plugin_vendor:/opt/ros/jazzy/opt/gz_fuel_tools_vendor:/opt/ros/jazzy/opt/gz_msgs_vendor:/opt/ros/jazzy/opt/gz_common_vendor:/opt/ros/jazzy/opt/gz_math_vendor:/opt/ros/jazzy/opt/gz_utils_vendor:/opt/ros/jazzy/opt/gz_tools_vendor:/opt/ros/jazzy/opt/gz_ogre_next_vendor:/opt/ros/jazzy/opt/gz_dartsim_vendor:/opt/ros/jazzy/opt/gz_cmake_vendor:/home/siddharth/sor_ws1/install/bme_ros2_simple_arm_py:/opt/ros/jazzy DEBUGINFOD_URLS=https://debuginfod.ubuntu.com /usr/bin/cmake --install /home/siddharth/sor_ws1/build/bme_ros2_simple_arm_moveit_config
[2.096s] Level 1:colcon.colcon_core.environment:create_environment_scripts_only(bme_ros2_simple_arm_moveit_config)
[2.100s] DEBUG:colcon.colcon_core.event_handler.log_command:Invoked command in '/home/siddharth/sor_ws1/build/bme_ros2_simple_arm_moveit_config' returned '0': CMAKE_PREFIX_PATH=/home/siddharth/sor_ws1/install/bme_ros2_simple_arm:/home/siddharth/sor_ws1/install/bme_ros2_simple_arm_moveit_config:/home/siddharth/ros2_ws/install/bme_gazebo_basics:/opt/ros/jazzy/opt/gz_sim_vendor:/opt/ros/jazzy/opt/gz_sensors_vendor:/opt/ros/jazzy/opt/gz_physics_vendor:/opt/ros/jazzy/opt/sdformat_vendor:/opt/ros/jazzy/opt/gz_gui_vendor:/opt/ros/jazzy/opt/gz_transport_vendor:/opt/ros/jazzy/opt/gz_rendering_vendor:/opt/ros/jazzy/opt/gz_plugin_vendor:/opt/ros/jazzy/opt/gz_fuel_tools_vendor:/opt/ros/jazzy/opt/gz_msgs_vendor:/opt/ros/jazzy/opt/gz_common_vendor:/opt/ros/jazzy/opt/gz_math_vendor:/opt/ros/jazzy/opt/gz_utils_vendor:/opt/ros/jazzy/opt/gz_tools_vendor:/opt/ros/jazzy/opt/gz_ogre_next_vendor:/opt/ros/jazzy/opt/gz_dartsim_vendor:/opt/ros/jazzy/opt/gz_cmake_vendor:/home/siddharth/sor_ws1/install/bme_ros2_simple_arm_py:/opt/ros/jazzy DEBUGINFOD_URLS=https://debuginfod.ubuntu.com /usr/bin/cmake --install /home/siddharth/sor_ws1/build/bme_ros2_simple_arm_moveit_config
[2.103s] Level 1:colcon.colcon_core.environment:checking '/home/siddharth/sor_ws1/install/bme_ros2_simple_arm_moveit_config' for CMake module files
[2.104s] Level 1:colcon.colcon_core.environment:checking '/home/siddharth/sor_ws1/install/bme_ros2_simple_arm_moveit_config' for CMake config files
[2.104s] Level 1:colcon.colcon_core.shell:create_environment_hook('bme_ros2_simple_arm_moveit_config', 'cmake_prefix_path')
[2.104s] INFO:colcon.colcon_core.shell:Creating environment hook '/home/siddharth/sor_ws1/install/bme_ros2_simple_arm_moveit_config/share/bme_ros2_simple_arm_moveit_config/hook/cmake_prefix_path.ps1'
[2.105s] INFO:colcon.colcon_core.shell:Creating environment descriptor '/home/siddharth/sor_ws1/install/bme_ros2_simple_arm_moveit_config/share/bme_ros2_simple_arm_moveit_config/hook/cmake_prefix_path.dsv'
[2.106s] INFO:colcon.colcon_core.shell:Creating environment hook '/home/siddharth/sor_ws1/install/bme_ros2_simple_arm_moveit_config/share/bme_ros2_simple_arm_moveit_config/hook/cmake_prefix_path.sh'
[2.107s] Level 1:colcon.colcon_core.environment:checking '/home/siddharth/sor_ws1/install/bme_ros2_simple_arm_moveit_config/bin'
[2.107s] Level 1:colcon.colcon_core.environment:checking '/home/siddharth/sor_ws1/install/bme_ros2_simple_arm_moveit_config/lib/pkgconfig/bme_ros2_simple_arm_moveit_config.pc'
[2.107s] Level 1:colcon.colcon_core.environment:checking '/home/siddharth/sor_ws1/install/bme_ros2_simple_arm_moveit_config/lib/python3.12/site-packages'
[2.108s] Level 1:colcon.colcon_core.environment:checking '/home/siddharth/sor_ws1/install/bme_ros2_simple_arm_moveit_config/bin'
[2.108s] INFO:colcon.colcon_core.shell:Creating package script '/home/siddharth/sor_ws1/install/bme_ros2_simple_arm_moveit_config/share/bme_ros2_simple_arm_moveit_config/package.ps1'
[2.110s] INFO:colcon.colcon_core.shell:Creating package descriptor '/home/siddharth/sor_ws1/install/bme_ros2_simple_arm_moveit_config/share/bme_ros2_simple_arm_moveit_config/package.dsv'
[2.110s] INFO:colcon.colcon_core.shell:Creating package script '/home/siddharth/sor_ws1/install/bme_ros2_simple_arm_moveit_config/share/bme_ros2_simple_arm_moveit_config/package.sh'
[2.111s] INFO:colcon.colcon_core.shell:Creating package script '/home/siddharth/sor_ws1/install/bme_ros2_simple_arm_moveit_config/share/bme_ros2_simple_arm_moveit_config/package.bash'
[2.112s] INFO:colcon.colcon_core.shell:Creating package script '/home/siddharth/sor_ws1/install/bme_ros2_simple_arm_moveit_config/share/bme_ros2_simple_arm_moveit_config/package.zsh'
[2.113s] Level 1:colcon.colcon_core.environment:create_file_with_runtime_dependencies(/home/siddharth/sor_ws1/install/bme_ros2_simple_arm_moveit_config/share/colcon-core/packages/bme_ros2_simple_arm_moveit_config)
[2.114s] Level 1:colcon.colcon_core.environment:create_environment_scripts_only(bme_ros2_simple_arm_moveit_config)
[2.114s] Level 1:colcon.colcon_core.environment:checking '/home/siddharth/sor_ws1/install/bme_ros2_simple_arm_moveit_config' for CMake module files
[2.115s] Level 1:colcon.colcon_core.environment:checking '/home/siddharth/sor_ws1/install/bme_ros2_simple_arm_moveit_config' for CMake config files
[2.115s] Level 1:colcon.colcon_core.shell:create_environment_hook('bme_ros2_simple_arm_moveit_config', 'cmake_prefix_path')
[2.116s] INFO:colcon.colcon_core.shell:Creating environment hook '/home/siddharth/sor_ws1/install/bme_ros2_simple_arm_moveit_config/share/bme_ros2_simple_arm_moveit_config/hook/cmake_prefix_path.ps1'
[2.116s] INFO:colcon.colcon_core.shell:Creating environment descriptor '/home/siddharth/sor_ws1/install/bme_ros2_simple_arm_moveit_config/share/bme_ros2_simple_arm_moveit_config/hook/cmake_prefix_path.dsv'
[2.117s] INFO:colcon.colcon_core.shell:Creating environment hook '/home/siddharth/sor_ws1/install/bme_ros2_simple_arm_moveit_config/share/bme_ros2_simple_arm_moveit_config/hook/cmake_prefix_path.sh'
[2.118s] Level 1:colcon.colcon_core.environment:checking '/home/siddharth/sor_ws1/install/bme_ros2_simple_arm_moveit_config/bin'
[2.118s] Level 1:colcon.colcon_core.environment:checking '/home/siddharth/sor_ws1/install/bme_ros2_simple_arm_moveit_config/lib/pkgconfig/bme_ros2_simple_arm_moveit_config.pc'
[2.118s] Level 1:colcon.colcon_core.environment:checking '/home/siddharth/sor_ws1/install/bme_ros2_simple_arm_moveit_config/lib/python3.12/site-packages'
[2.119s] Level 1:colcon.colcon_core.environment:checking '/home/siddharth/sor_ws1/install/bme_ros2_simple_arm_moveit_config/bin'
[2.119s] INFO:colcon.colcon_core.shell:Creating package script '/home/siddharth/sor_ws1/install/bme_ros2_simple_arm_moveit_config/share/bme_ros2_simple_arm_moveit_config/package.ps1'
[2.120s] INFO:colcon.colcon_core.shell:Creating package descriptor '/home/siddharth/sor_ws1/install/bme_ros2_simple_arm_moveit_config/share/bme_ros2_simple_arm_moveit_config/package.dsv'
[2.121s] INFO:colcon.colcon_core.shell:Creating package script '/home/siddharth/sor_ws1/install/bme_ros2_simple_arm_moveit_config/share/bme_ros2_simple_arm_moveit_config/package.sh'
[2.121s] INFO:colcon.colcon_core.shell:Creating package script '/home/siddharth/sor_ws1/install/bme_ros2_simple_arm_moveit_config/share/bme_ros2_simple_arm_moveit_config/package.bash'
[2.122s] INFO:colcon.colcon_core.shell:Creating package script '/home/siddharth/sor_ws1/install/bme_ros2_simple_arm_moveit_config/share/bme_ros2_simple_arm_moveit_config/package.zsh'
[2.123s] Level 1:colcon.colcon_core.environment:create_file_with_runtime_dependencies(/home/siddharth/sor_ws1/install/bme_ros2_simple_arm_moveit_config/share/colcon-core/packages/bme_ros2_simple_arm_moveit_config)
[2.123s] DEBUG:colcon.colcon_parallel_executor.executor.parallel:closing loop
[2.124s] DEBUG:colcon.colcon_parallel_executor.executor.parallel:loop closed
[2.124s] DEBUG:colcon.colcon_parallel_executor.executor.parallel:run_until_complete finished with '0'
[2.124s] DEBUG:colcon.colcon_core.event_reactor:joining thread
[2.158s] INFO:colcon.colcon_core.plugin_system:Skipping extension 'colcon_notification.desktop_notification.terminal_notifier': Not used on non-Darwin systems
[2.158s] INFO:colcon.colcon_core.plugin_system:Skipping extension 'colcon_notification.desktop_notification.win32': Not used on non-Windows systems
[2.158s] INFO:colcon.colcon_notification.desktop_notification:Sending desktop notification using 'notify2'
[2.189s] DEBUG:colcon.colcon_core.event_reactor:joined thread
[2.189s] INFO:colcon.colcon_core.shell:Creating prefix script '/home/siddharth/sor_ws1/install/local_setup.ps1'
[2.192s] INFO:colcon.colcon_core.shell:Creating prefix util module '/home/siddharth/sor_ws1/install/_local_setup_util_ps1.py'
[2.194s] INFO:colcon.colcon_core.shell:Creating prefix chain script '/home/siddharth/sor_ws1/install/setup.ps1'
[2.197s] INFO:colcon.colcon_core.shell:Creating prefix script '/home/siddharth/sor_ws1/install/local_setup.sh'
[2.198s] INFO:colcon.colcon_core.shell:Creating prefix util module '/home/siddharth/sor_ws1/install/_local_setup_util_sh.py'
[2.199s] INFO:colcon.colcon_core.shell:Creating prefix chain script '/home/siddharth/sor_ws1/install/setup.sh'
[2.201s] INFO:colcon.colcon_core.shell:Creating prefix script '/home/siddharth/sor_ws1/install/local_setup.bash'
[2.202s] INFO:colcon.colcon_core.shell:Creating prefix chain script '/home/siddharth/sor_ws1/install/setup.bash'
[2.204s] INFO:colcon.colcon_core.shell:Creating prefix script '/home/siddharth/sor_ws1/install/local_setup.zsh'
[2.205s] INFO:colcon.colcon_core.shell:Creating prefix chain script '/home/siddharth/sor_ws1/install/setup.zsh'
