[3.124s] DEBUG:colcon:Command line arguments: ['/usr/bin/colcon', 'build']
[3.125s] DEBUG:colcon:Parsed command line arguments: Namespace(log_base=None, log_level=None, verb_name='build', build_base='build', install_base='install', merge_install=False, symlink_install=False, test_result_base=None, continue_on_error=False, executor='parallel', parallel_workers=8, event_handlers=None, ignore_user_meta=False, metas=['./colcon.meta'], base_paths=['.'], packages_ignore=None, packages_ignore_regex=None, paths=None, packages_up_to=None, packages_up_to_regex=None, packages_above=None, packages_above_and_dependencies=None, packages_above_depth=None, packages_select_by_dep=None, packages_skip_by_dep=None, packages_skip_up_to=None, packages_select_build_failed=False, packages_skip_build_finished=False, packages_select_test_failures=False, packages_skip_test_passed=False, packages_select=None, packages_skip=None, packages_select_regex=None, packages_skip_regex=None, packages_start=None, packages_end=None, allow_overriding=[], cmake_args=None, cmake_target=None, cmake_target_skip_unavailable=False, cmake_clean_cache=False, cmake_clean_first=False, cmake_force_configure=False, ament_cmake_args=None, catkin_cmake_args=None, catkin_skip_building_tests=False, mixin_files=None, mixin=None, verb_parser=<colcon_mixin.mixin.mixin_argument.MixinArgumentDecorator object at 0x7109b8e392e0>, verb_extension=<colcon_core.verb.build.BuildVerb object at 0x7109b8e38440>, main=<bound method BuildVerb.main of <colcon_core.verb.build.BuildVerb object at 0x7109b8e38440>>, mixin_verb=('build',))
[3.673s] Level 1:colcon.colcon_core.package_discovery:discover_packages(colcon_meta) check parameters
[3.673s] Level 1:colcon.colcon_core.package_discovery:discover_packages(recursive) check parameters
[3.673s] Level 1:colcon.colcon_core.package_discovery:discover_packages(ignore) check parameters
[3.673s] Level 1:colcon.colcon_core.package_discovery:discover_packages(path) check parameters
[3.673s] Level 1:colcon.colcon_core.package_discovery:discover_packages(colcon_meta) discover
[3.673s] Level 1:colcon.colcon_core.package_discovery:discover_packages(recursive) discover
[3.674s] INFO:colcon.colcon_core.package_discovery:Crawling recursively for packages in '/home/siddharth/sor_ws2'
[3.674s] Level 1:colcon.colcon_core.package_identification:_identify(.) by extensions ['ignore', 'ignore_ament_install']
[3.674s] Level 1:colcon.colcon_core.package_identification:_identify(.) by extension 'ignore'
[3.674s] Level 1:colcon.colcon_core.package_identification:_identify(.) by extension 'ignore_ament_install'
[3.674s] Level 1:colcon.colcon_core.package_identification:_identify(.) by extensions ['colcon_pkg']
[3.674s] Level 1:colcon.colcon_core.package_identification:_identify(.) by extension 'colcon_pkg'
[3.674s] Level 1:colcon.colcon_core.package_identification:_identify(.) by extensions ['colcon_meta']
[3.674s] Level 1:colcon.colcon_core.package_identification:_identify(.) by extension 'colcon_meta'
[3.674s] Level 1:colcon.colcon_core.package_identification:_identify(.) by extensions ['ros']
[3.675s] Level 1:colcon.colcon_core.package_identification:_identify(.) by extension 'ros'
[3.913s] Level 1:colcon.colcon_core.package_identification:_identify(.) by extensions ['cmake', 'python']
[3.914s] Level 1:colcon.colcon_core.package_identification:_identify(.) by extension 'cmake'
[3.914s] Level 1:colcon.colcon_core.package_identification:_identify(.) by extension 'python'
[3.914s] Level 1:colcon.colcon_core.package_identification:_identify(.) by extensions ['python_setup_py']
[3.914s] Level 1:colcon.colcon_core.package_identification:_identify(.) by extension 'python_setup_py'
[3.933s] Level 1:colcon.colcon_core.package_identification:_identify(Session5) by extensions ['ignore', 'ignore_ament_install']
[3.933s] Level 1:colcon.colcon_core.package_identification:_identify(Session5) by extension 'ignore'
[3.933s] Level 1:colcon.colcon_core.package_identification:_identify(Session5) by extension 'ignore_ament_install'
[3.933s] Level 1:colcon.colcon_core.package_identification:_identify(Session5) by extensions ['colcon_pkg']
[3.934s] Level 1:colcon.colcon_core.package_identification:_identify(Session5) by extension 'colcon_pkg'
[3.934s] Level 1:colcon.colcon_core.package_identification:_identify(Session5) by extensions ['colcon_meta']
[3.934s] Level 1:colcon.colcon_core.package_identification:_identify(Session5) by extension 'colcon_meta'
[3.934s] Level 1:colcon.colcon_core.package_identification:_identify(Session5) by extensions ['ros']
[3.934s] Level 1:colcon.colcon_core.package_identification:_identify(Session5) by extension 'ros'
[3.934s] Level 1:colcon.colcon_core.package_identification:_identify(Session5) by extensions ['cmake', 'python']
[3.934s] Level 1:colcon.colcon_core.package_identification:_identify(Session5) by extension 'cmake'
[3.934s] Level 1:colcon.colcon_core.package_identification:_identify(Session5) by extension 'python'
[3.934s] Level 1:colcon.colcon_core.package_identification:_identify(Session5) by extensions ['python_setup_py']
[3.934s] Level 1:colcon.colcon_core.package_identification:_identify(Session5) by extension 'python_setup_py'
[3.943s] Level 1:colcon.colcon_core.package_identification:_identify(Session5/bme_ros2_navigation) by extensions ['ignore', 'ignore_ament_install']
[3.943s] Level 1:colcon.colcon_core.package_identification:_identify(Session5/bme_ros2_navigation) by extension 'ignore'
[3.944s] Level 1:colcon.colcon_core.package_identification:_identify(Session5/bme_ros2_navigation) by extension 'ignore_ament_install'
[3.944s] Level 1:colcon.colcon_core.package_identification:_identify(Session5/bme_ros2_navigation) by extensions ['colcon_pkg']
[3.944s] Level 1:colcon.colcon_core.package_identification:_identify(Session5/bme_ros2_navigation) by extension 'colcon_pkg'
[3.944s] Level 1:colcon.colcon_core.package_identification:_identify(Session5/bme_ros2_navigation) by extensions ['colcon_meta']
[3.944s] Level 1:colcon.colcon_core.package_identification:_identify(Session5/bme_ros2_navigation) by extension 'colcon_meta'
[3.944s] Level 1:colcon.colcon_core.package_identification:_identify(Session5/bme_ros2_navigation) by extensions ['ros']
[3.944s] Level 1:colcon.colcon_core.package_identification:_identify(Session5/bme_ros2_navigation) by extension 'ros'
[4.007s] DEBUG:colcon.colcon_core.package_identification:Package 'Session5/bme_ros2_navigation' with type 'ros.ament_cmake' and name 'bme_ros2_navigation'
[4.008s] Level 1:colcon.colcon_core.package_identification:_identify(Session5/bme_ros2_navigation_py) by extensions ['ignore', 'ignore_ament_install']
[4.008s] Level 1:colcon.colcon_core.package_identification:_identify(Session5/bme_ros2_navigation_py) by extension 'ignore'
[4.009s] Level 1:colcon.colcon_core.package_identification:_identify(Session5/bme_ros2_navigation_py) by extension 'ignore_ament_install'
[4.009s] Level 1:colcon.colcon_core.package_identification:_identify(Session5/bme_ros2_navigation_py) by extensions ['colcon_pkg']
[4.009s] Level 1:colcon.colcon_core.package_identification:_identify(Session5/bme_ros2_navigation_py) by extension 'colcon_pkg'
[4.009s] Level 1:colcon.colcon_core.package_identification:_identify(Session5/bme_ros2_navigation_py) by extensions ['colcon_meta']
[4.009s] Level 1:colcon.colcon_core.package_identification:_identify(Session5/bme_ros2_navigation_py) by extension 'colcon_meta'
[4.010s] Level 1:colcon.colcon_core.package_identification:_identify(Session5/bme_ros2_navigation_py) by extensions ['ros']
[4.010s] Level 1:colcon.colcon_core.package_identification:_identify(Session5/bme_ros2_navigation_py) by extension 'ros'
[4.012s] DEBUG:colcon.colcon_core.package_identification:Package 'Session5/bme_ros2_navigation_py' with type 'ros.ament_python' and name 'bme_ros2_navigation_py'
[4.050s] Level 1:colcon.colcon_core.package_identification:_identify(Session5/mogi_trajectory_server) by extensions ['ignore', 'ignore_ament_install']
[4.050s] Level 1:colcon.colcon_core.package_identification:_identify(Session5/mogi_trajectory_server) by extension 'ignore'
[4.051s] Level 1:colcon.colcon_core.package_identification:_identify(Session5/mogi_trajectory_server) by extension 'ignore_ament_install'
[4.051s] Level 1:colcon.colcon_core.package_identification:_identify(Session5/mogi_trajectory_server) by extensions ['colcon_pkg']
[4.051s] Level 1:colcon.colcon_core.package_identification:_identify(Session5/mogi_trajectory_server) by extension 'colcon_pkg'
[4.051s] Level 1:colcon.colcon_core.package_identification:_identify(Session5/mogi_trajectory_server) by extensions ['colcon_meta']
[4.051s] Level 1:colcon.colcon_core.package_identification:_identify(Session5/mogi_trajectory_server) by extension 'colcon_meta'
[4.052s] Level 1:colcon.colcon_core.package_identification:_identify(Session5/mogi_trajectory_server) by extensions ['ros']
[4.052s] Level 1:colcon.colcon_core.package_identification:_identify(Session5/mogi_trajectory_server) by extension 'ros'
[4.082s] DEBUG:colcon.colcon_core.package_identification:Package 'Session5/mogi_trajectory_server' with type 'ros.ament_python' and name 'mogi_trajectory_server'
[4.082s] Level 1:colcon.colcon_core.package_identification:_identify(build) by extensions ['ignore', 'ignore_ament_install']
[4.083s] Level 1:colcon.colcon_core.package_identification:_identify(build) by extension 'ignore'
[4.083s] Level 1:colcon.colcon_core.package_identification:_identify(build) ignored
[4.083s] Level 1:colcon.colcon_core.package_identification:_identify(install) by extensions ['ignore', 'ignore_ament_install']
[4.084s] Level 1:colcon.colcon_core.package_identification:_identify(install) by extension 'ignore'
[4.084s] Level 1:colcon.colcon_core.package_identification:_identify(install) ignored
[4.084s] Level 1:colcon.colcon_core.package_identification:_identify(log) by extensions ['ignore', 'ignore_ament_install']
[4.085s] Level 1:colcon.colcon_core.package_identification:_identify(log) by extension 'ignore'
[4.085s] Level 1:colcon.colcon_core.package_identification:_identify(log) ignored
[4.085s] Level 1:colcon.colcon_core.package_discovery:discover_packages(recursive) using defaults
[4.085s] Level 1:colcon.colcon_core.package_discovery:discover_packages(ignore) discover
[4.085s] Level 1:colcon.colcon_core.package_discovery:discover_packages(ignore) using defaults
[4.085s] Level 1:colcon.colcon_core.package_discovery:discover_packages(path) discover
[4.085s] Level 1:colcon.colcon_core.package_discovery:discover_packages(path) using defaults
[4.316s] Level 1:colcon.colcon_core.package_discovery:discover_packages(prefix_path) check parameters
[4.317s] Level 1:colcon.colcon_core.package_discovery:discover_packages(prefix_path) discover
[4.334s] Level 1:colcon.colcon_core.package_discovery:discover_packages(prefix_path) using defaults
[4.528s] Level 5:colcon.colcon_core.verb:set package 'bme_ros2_navigation' build argument 'cmake_args' from command line to 'None'
[4.529s] Level 5:colcon.colcon_core.verb:set package 'bme_ros2_navigation' build argument 'cmake_target' from command line to 'None'
[4.529s] Level 5:colcon.colcon_core.verb:set package 'bme_ros2_navigation' build argument 'cmake_target_skip_unavailable' from command line to 'False'
[4.529s] Level 5:colcon.colcon_core.verb:set package 'bme_ros2_navigation' build argument 'cmake_clean_cache' from command line to 'False'
[4.529s] Level 5:colcon.colcon_core.verb:set package 'bme_ros2_navigation' build argument 'cmake_clean_first' from command line to 'False'
[4.529s] Level 5:colcon.colcon_core.verb:set package 'bme_ros2_navigation' build argument 'cmake_force_configure' from command line to 'False'
[4.529s] Level 5:colcon.colcon_core.verb:set package 'bme_ros2_navigation' build argument 'ament_cmake_args' from command line to 'None'
[4.529s] Level 5:colcon.colcon_core.verb:set package 'bme_ros2_navigation' build argument 'catkin_cmake_args' from command line to 'None'
[4.529s] Level 5:colcon.colcon_core.verb:set package 'bme_ros2_navigation' build argument 'catkin_skip_building_tests' from command line to 'False'
[4.530s] DEBUG:colcon.colcon_core.verb:Building package 'bme_ros2_navigation' with the following arguments: {'ament_cmake_args': None, 'build_base': '/home/siddharth/sor_ws2/build/bme_ros2_navigation', 'catkin_cmake_args': None, 'catkin_skip_building_tests': False, 'cmake_args': None, 'cmake_clean_cache': False, 'cmake_clean_first': False, 'cmake_force_configure': False, 'cmake_target': None, 'cmake_target_skip_unavailable': False, 'install_base': '/home/siddharth/sor_ws2/install/bme_ros2_navigation', 'merge_install': False, 'path': '/home/siddharth/sor_ws2/Session5/bme_ros2_navigation', 'symlink_install': False, 'test_result_base': None}
[4.531s] Level 5:colcon.colcon_core.verb:set package 'bme_ros2_navigation_py' build argument 'cmake_args' from command line to 'None'
[4.531s] Level 5:colcon.colcon_core.verb:set package 'bme_ros2_navigation_py' build argument 'cmake_target' from command line to 'None'
[4.531s] Level 5:colcon.colcon_core.verb:set package 'bme_ros2_navigation_py' build argument 'cmake_target_skip_unavailable' from command line to 'False'
[4.531s] Level 5:colcon.colcon_core.verb:set package 'bme_ros2_navigation_py' build argument 'cmake_clean_cache' from command line to 'False'
[4.531s] Level 5:colcon.colcon_core.verb:set package 'bme_ros2_navigation_py' build argument 'cmake_clean_first' from command line to 'False'
[4.531s] Level 5:colcon.colcon_core.verb:set package 'bme_ros2_navigation_py' build argument 'cmake_force_configure' from command line to 'False'
[4.531s] Level 5:colcon.colcon_core.verb:set package 'bme_ros2_navigation_py' build argument 'ament_cmake_args' from command line to 'None'
[4.531s] Level 5:colcon.colcon_core.verb:set package 'bme_ros2_navigation_py' build argument 'catkin_cmake_args' from command line to 'None'
[4.532s] Level 5:colcon.colcon_core.verb:set package 'bme_ros2_navigation_py' build argument 'catkin_skip_building_tests' from command line to 'False'
[4.532s] DEBUG:colcon.colcon_core.verb:Building package 'bme_ros2_navigation_py' with the following arguments: {'ament_cmake_args': None, 'build_base': '/home/siddharth/sor_ws2/build/bme_ros2_navigation_py', 'catkin_cmake_args': None, 'catkin_skip_building_tests': False, 'cmake_args': None, 'cmake_clean_cache': False, 'cmake_clean_first': False, 'cmake_force_configure': False, 'cmake_target': None, 'cmake_target_skip_unavailable': False, 'install_base': '/home/siddharth/sor_ws2/install/bme_ros2_navigation_py', 'merge_install': False, 'path': '/home/siddharth/sor_ws2/Session5/bme_ros2_navigation_py', 'symlink_install': False, 'test_result_base': None}
[4.532s] Level 5:colcon.colcon_core.verb:set package 'mogi_trajectory_server' build argument 'cmake_args' from command line to 'None'
[4.532s] Level 5:colcon.colcon_core.verb:set package 'mogi_trajectory_server' build argument 'cmake_target' from command line to 'None'
[4.533s] Level 5:colcon.colcon_core.verb:set package 'mogi_trajectory_server' build argument 'cmake_target_skip_unavailable' from command line to 'False'
[4.533s] Level 5:colcon.colcon_core.verb:set package 'mogi_trajectory_server' build argument 'cmake_clean_cache' from command line to 'False'
[4.533s] Level 5:colcon.colcon_core.verb:set package 'mogi_trajectory_server' build argument 'cmake_clean_first' from command line to 'False'
[4.533s] Level 5:colcon.colcon_core.verb:set package 'mogi_trajectory_server' build argument 'cmake_force_configure' from command line to 'False'
[4.533s] Level 5:colcon.colcon_core.verb:set package 'mogi_trajectory_server' build argument 'ament_cmake_args' from command line to 'None'
[4.533s] Level 5:colcon.colcon_core.verb:set package 'mogi_trajectory_server' build argument 'catkin_cmake_args' from command line to 'None'
[4.533s] Level 5:colcon.colcon_core.verb:set package 'mogi_trajectory_server' build argument 'catkin_skip_building_tests' from command line to 'False'
[4.533s] DEBUG:colcon.colcon_core.verb:Building package 'mogi_trajectory_server' with the following arguments: {'ament_cmake_args': None, 'build_base': '/home/siddharth/sor_ws2/build/mogi_trajectory_server', 'catkin_cmake_args': None, 'catkin_skip_building_tests': False, 'cmake_args': None, 'cmake_clean_cache': False, 'cmake_clean_first': False, 'cmake_force_configure': False, 'cmake_target': None, 'cmake_target_skip_unavailable': False, 'install_base': '/home/siddharth/sor_ws2/install/mogi_trajectory_server', 'merge_install': False, 'path': '/home/siddharth/sor_ws2/Session5/mogi_trajectory_server', 'symlink_install': False, 'test_result_base': None}
[4.533s] INFO:colcon.colcon_core.executor:Executing jobs using 'parallel' executor
[4.536s] DEBUG:colcon.colcon_parallel_executor.executor.parallel:run_until_complete
[4.536s] INFO:colcon.colcon_ros.task.ament_cmake.build:Building ROS package in '/home/siddharth/sor_ws2/Session5/bme_ros2_navigation' with build type 'ament_cmake'
[4.537s] INFO:colcon.colcon_cmake.task.cmake.build:Building CMake package in '/home/siddharth/sor_ws2/Session5/bme_ros2_navigation'
[4.709s] INFO:colcon.colcon_core.plugin_system:Skipping extension 'colcon_core.shell.bat': Not used on non-Windows systems
[4.710s] INFO:colcon.colcon_core.shell:Skip shell extension 'powershell' for command environment: Not usable outside of PowerShell
[4.710s] DEBUG:colcon.colcon_core.shell:Skip shell extension 'dsv' for command environment
[4.727s] INFO:colcon.colcon_ros.task.ament_python.build:Building ROS package in '/home/siddharth/sor_ws2/Session5/bme_ros2_navigation_py' with build type 'ament_python'
[4.728s] Level 1:colcon.colcon_core.shell:create_environment_hook('bme_ros2_navigation_py', 'ament_prefix_path')
[4.728s] INFO:colcon.colcon_core.shell:Creating environment hook '/home/siddharth/sor_ws2/install/bme_ros2_navigation_py/share/bme_ros2_navigation_py/hook/ament_prefix_path.ps1'
[4.742s] INFO:colcon.colcon_core.shell:Creating environment descriptor '/home/siddharth/sor_ws2/install/bme_ros2_navigation_py/share/bme_ros2_navigation_py/hook/ament_prefix_path.dsv'
[4.747s] INFO:colcon.colcon_core.shell:Creating environment hook '/home/siddharth/sor_ws2/install/bme_ros2_navigation_py/share/bme_ros2_navigation_py/hook/ament_prefix_path.sh'
[4.749s] INFO:colcon.colcon_core.shell:Skip shell extension 'powershell' for command environment: Not usable outside of PowerShell
[4.749s] DEBUG:colcon.colcon_core.shell:Skip shell extension 'dsv' for command environment
[4.751s] INFO:colcon.colcon_ros.task.ament_python.build:Building ROS package in '/home/siddharth/sor_ws2/Session5/mogi_trajectory_server' with build type 'ament_python'
[4.752s] Level 1:colcon.colcon_core.shell:create_environment_hook('mogi_trajectory_server', 'ament_prefix_path')
[4.752s] INFO:colcon.colcon_core.shell:Creating environment hook '/home/siddharth/sor_ws2/install/mogi_trajectory_server/share/mogi_trajectory_server/hook/ament_prefix_path.ps1'
[4.781s] INFO:colcon.colcon_core.shell:Creating environment descriptor '/home/siddharth/sor_ws2/install/mogi_trajectory_server/share/mogi_trajectory_server/hook/ament_prefix_path.dsv'
[4.783s] INFO:colcon.colcon_core.shell:Creating environment hook '/home/siddharth/sor_ws2/install/mogi_trajectory_server/share/mogi_trajectory_server/hook/ament_prefix_path.sh'
[4.785s] INFO:colcon.colcon_core.shell:Skip shell extension 'powershell' for command environment: Not usable outside of PowerShell
[4.786s] DEBUG:colcon.colcon_core.shell:Skip shell extension 'dsv' for command environment
[4.844s] DEBUG:colcon.colcon_core.event_handler.log_command:Invoking command in '/home/siddharth/sor_ws2/build/bme_ros2_navigation': DEBUGINFOD_URLS=https://debuginfod.ubuntu.com /usr/bin/cmake --build /home/siddharth/sor_ws2/build/bme_ros2_navigation -- -j8 -l8
[5.770s] INFO:colcon.colcon_core.task.python.build:Building Python package in '/home/siddharth/sor_ws2/Session5/bme_ros2_navigation_py'
[5.771s] INFO:colcon.colcon_core.shell:Skip shell extension 'powershell' for command environment: Not usable outside of PowerShell
[5.771s] DEBUG:colcon.colcon_core.shell:Skip shell extension 'dsv' for command environment
[6.146s] INFO:colcon.colcon_core.task.python.build:Building Python package in '/home/siddharth/sor_ws2/Session5/mogi_trajectory_server'
[6.147s] INFO:colcon.colcon_core.shell:Skip shell extension 'powershell' for command environment: Not usable outside of PowerShell
[6.147s] DEBUG:colcon.colcon_core.shell:Skip shell extension 'dsv' for command environment
[6.188s] DEBUG:colcon.colcon_core.event_handler.log_command:Invoked command in '/home/siddharth/sor_ws2/build/bme_ros2_navigation' returned '0': DEBUGINFOD_URLS=https://debuginfod.ubuntu.com /usr/bin/cmake --build /home/siddharth/sor_ws2/build/bme_ros2_navigation -- -j8 -l8
[6.216s] DEBUG:colcon.colcon_core.event_handler.log_command:Invoking command in '/home/siddharth/sor_ws2/build/bme_ros2_navigation': DEBUGINFOD_URLS=https://debuginfod.ubuntu.com /usr/bin/cmake --install /home/siddharth/sor_ws2/build/bme_ros2_navigation
[6.266s] Level 1:colcon.colcon_core.environment:create_environment_scripts_only(bme_ros2_navigation)
[6.268s] DEBUG:colcon.colcon_core.event_handler.log_command:Invoked command in '/home/siddharth/sor_ws2/build/bme_ros2_navigation' returned '0': DEBUGINFOD_URLS=https://debuginfod.ubuntu.com /usr/bin/cmake --install /home/siddharth/sor_ws2/build/bme_ros2_navigation
[6.302s] Level 1:colcon.colcon_core.environment:checking '/home/siddharth/sor_ws2/install/bme_ros2_navigation' for CMake module files
[6.304s] Level 1:colcon.colcon_core.environment:checking '/home/siddharth/sor_ws2/install/bme_ros2_navigation' for CMake config files
[6.328s] Level 1:colcon.colcon_core.shell:create_environment_hook('bme_ros2_navigation', 'cmake_prefix_path')
[6.329s] INFO:colcon.colcon_core.shell:Creating environment hook '/home/siddharth/sor_ws2/install/bme_ros2_navigation/share/bme_ros2_navigation/hook/cmake_prefix_path.ps1'
[6.330s] INFO:colcon.colcon_core.shell:Creating environment descriptor '/home/siddharth/sor_ws2/install/bme_ros2_navigation/share/bme_ros2_navigation/hook/cmake_prefix_path.dsv'
[6.331s] INFO:colcon.colcon_core.shell:Creating environment hook '/home/siddharth/sor_ws2/install/bme_ros2_navigation/share/bme_ros2_navigation/hook/cmake_prefix_path.sh'
[6.333s] Level 1:colcon.colcon_core.environment:checking '/home/siddharth/sor_ws2/install/bme_ros2_navigation/bin'
[6.334s] Level 1:colcon.colcon_core.environment:checking '/home/siddharth/sor_ws2/install/bme_ros2_navigation/lib/pkgconfig/bme_ros2_navigation.pc'
[6.334s] Level 1:colcon.colcon_core.environment:checking '/home/siddharth/sor_ws2/install/bme_ros2_navigation/lib/python3.12/site-packages'
[6.335s] Level 1:colcon.colcon_core.environment:checking '/home/siddharth/sor_ws2/install/bme_ros2_navigation/bin'
[6.336s] INFO:colcon.colcon_core.shell:Creating package script '/home/siddharth/sor_ws2/install/bme_ros2_navigation/share/bme_ros2_navigation/package.ps1'
[6.340s] INFO:colcon.colcon_core.shell:Creating package descriptor '/home/siddharth/sor_ws2/install/bme_ros2_navigation/share/bme_ros2_navigation/package.dsv'
[6.342s] INFO:colcon.colcon_core.shell:Creating package script '/home/siddharth/sor_ws2/install/bme_ros2_navigation/share/bme_ros2_navigation/package.sh'
[6.344s] INFO:colcon.colcon_core.shell:Creating package script '/home/siddharth/sor_ws2/install/bme_ros2_navigation/share/bme_ros2_navigation/package.bash'
[6.389s] INFO:colcon.colcon_core.shell:Creating package script '/home/siddharth/sor_ws2/install/bme_ros2_navigation/share/bme_ros2_navigation/package.zsh'
[6.406s] Level 1:colcon.colcon_core.environment:create_file_with_runtime_dependencies(/home/siddharth/sor_ws2/install/bme_ros2_navigation/share/colcon-core/packages/bme_ros2_navigation)
[6.428s] Level 1:colcon.colcon_core.environment:create_environment_scripts_only(bme_ros2_navigation)
[6.429s] Level 1:colcon.colcon_core.environment:checking '/home/siddharth/sor_ws2/install/bme_ros2_navigation' for CMake module files
[6.430s] Level 1:colcon.colcon_core.environment:checking '/home/siddharth/sor_ws2/install/bme_ros2_navigation' for CMake config files
[6.431s] Level 1:colcon.colcon_core.shell:create_environment_hook('bme_ros2_navigation', 'cmake_prefix_path')
[6.432s] INFO:colcon.colcon_core.shell:Creating environment hook '/home/siddharth/sor_ws2/install/bme_ros2_navigation/share/bme_ros2_navigation/hook/cmake_prefix_path.ps1'
[6.433s] INFO:colcon.colcon_core.shell:Creating environment descriptor '/home/siddharth/sor_ws2/install/bme_ros2_navigation/share/bme_ros2_navigation/hook/cmake_prefix_path.dsv'
[6.435s] INFO:colcon.colcon_core.shell:Creating environment hook '/home/siddharth/sor_ws2/install/bme_ros2_navigation/share/bme_ros2_navigation/hook/cmake_prefix_path.sh'
[6.437s] Level 1:colcon.colcon_core.environment:checking '/home/siddharth/sor_ws2/install/bme_ros2_navigation/bin'
[6.437s] Level 1:colcon.colcon_core.environment:checking '/home/siddharth/sor_ws2/install/bme_ros2_navigation/lib/pkgconfig/bme_ros2_navigation.pc'
[6.438s] Level 1:colcon.colcon_core.environment:checking '/home/siddharth/sor_ws2/install/bme_ros2_navigation/lib/python3.12/site-packages'
[6.439s] Level 1:colcon.colcon_core.environment:checking '/home/siddharth/sor_ws2/install/bme_ros2_navigation/bin'
[6.441s] INFO:colcon.colcon_core.shell:Creating package script '/home/siddharth/sor_ws2/install/bme_ros2_navigation/share/bme_ros2_navigation/package.ps1'
[6.452s] INFO:colcon.colcon_core.shell:Creating package descriptor '/home/siddharth/sor_ws2/install/bme_ros2_navigation/share/bme_ros2_navigation/package.dsv'
[6.455s] INFO:colcon.colcon_core.shell:Creating package script '/home/siddharth/sor_ws2/install/bme_ros2_navigation/share/bme_ros2_navigation/package.sh'
[6.458s] INFO:colcon.colcon_core.shell:Creating package script '/home/siddharth/sor_ws2/install/bme_ros2_navigation/share/bme_ros2_navigation/package.bash'
[6.460s] INFO:colcon.colcon_core.shell:Creating package script '/home/siddharth/sor_ws2/install/bme_ros2_navigation/share/bme_ros2_navigation/package.zsh'
[6.463s] Level 1:colcon.colcon_core.environment:create_file_with_runtime_dependencies(/home/siddharth/sor_ws2/install/bme_ros2_navigation/share/colcon-core/packages/bme_ros2_navigation)
[10.470s] DEBUG:colcon.colcon_core.event_handler.log_command:Invoking command in '/home/siddharth/sor_ws2/Session5/bme_ros2_navigation_py': DEBUGINFOD_URLS=https://debuginfod.ubuntu.com PYTHONPATH=/home/siddharth/sor_ws2/build/bme_ros2_navigation_py/prefix_override:/usr/lib/python3/dist-packages/colcon_core/task/python/colcon_distutils_commands:/home/siddharth/sor_ws2/install/bme_ros2_navigation_py/lib/python3.12/site-packages: /usr/bin/python3 -W ignore:setup.py install is deprecated -W ignore:easy_install command is deprecated setup.py egg_info --egg-base ../../build/bme_ros2_navigation_py build --build-base /home/siddharth/sor_ws2/build/bme_ros2_navigation_py/build install --record /home/siddharth/sor_ws2/build/bme_ros2_navigation_py/install.log --single-version-externally-managed install_data
[10.483s] DEBUG:colcon.colcon_core.event_handler.log_command:Invoking command in '/home/siddharth/sor_ws2/Session5/mogi_trajectory_server': DEBUGINFOD_URLS=https://debuginfod.ubuntu.com PYTHONPATH=/home/siddharth/sor_ws2/build/mogi_trajectory_server/prefix_override:/usr/lib/python3/dist-packages/colcon_core/task/python/colcon_distutils_commands:/home/siddharth/sor_ws2/install/mogi_trajectory_server/lib/python3.12/site-packages: /usr/bin/python3 -W ignore:setup.py install is deprecated -W ignore:easy_install command is deprecated setup.py egg_info --egg-base ../../build/mogi_trajectory_server build --build-base /home/siddharth/sor_ws2/build/mogi_trajectory_server/build install --record /home/siddharth/sor_ws2/build/mogi_trajectory_server/install.log --single-version-externally-managed install_data
[11.460s] Level 1:colcon.colcon_core.environment:checking '/home/siddharth/sor_ws2/install/mogi_trajectory_server' for CMake module files
[11.461s] DEBUG:colcon.colcon_core.event_handler.log_command:Invoked command in '/home/siddharth/sor_ws2/Session5/mogi_trajectory_server' returned '0': DEBUGINFOD_URLS=https://debuginfod.ubuntu.com PYTHONPATH=/home/siddharth/sor_ws2/build/mogi_trajectory_server/prefix_override:/usr/lib/python3/dist-packages/colcon_core/task/python/colcon_distutils_commands:/home/siddharth/sor_ws2/install/mogi_trajectory_server/lib/python3.12/site-packages: /usr/bin/python3 -W ignore:setup.py install is deprecated -W ignore:easy_install command is deprecated setup.py egg_info --egg-base ../../build/mogi_trajectory_server build --build-base /home/siddharth/sor_ws2/build/mogi_trajectory_server/build install --record /home/siddharth/sor_ws2/build/mogi_trajectory_server/install.log --single-version-externally-managed install_data
[11.463s] Level 1:colcon.colcon_core.environment:checking '/home/siddharth/sor_ws2/install/mogi_trajectory_server' for CMake config files
[11.467s] Level 1:colcon.colcon_core.environment:checking '/home/siddharth/sor_ws2/install/mogi_trajectory_server/lib'
[11.467s] Level 1:colcon.colcon_core.environment:checking '/home/siddharth/sor_ws2/install/mogi_trajectory_server/bin'
[11.467s] Level 1:colcon.colcon_core.environment:checking '/home/siddharth/sor_ws2/install/mogi_trajectory_server/lib/pkgconfig/mogi_trajectory_server.pc'
[11.468s] Level 1:colcon.colcon_core.environment:checking '/home/siddharth/sor_ws2/install/mogi_trajectory_server/lib/python3.12/site-packages'
[11.469s] Level 1:colcon.colcon_core.shell:create_environment_hook('mogi_trajectory_server', 'pythonpath')
[11.469s] INFO:colcon.colcon_core.shell:Creating environment hook '/home/siddharth/sor_ws2/install/mogi_trajectory_server/share/mogi_trajectory_server/hook/pythonpath.ps1'
[11.471s] INFO:colcon.colcon_core.shell:Creating environment descriptor '/home/siddharth/sor_ws2/install/mogi_trajectory_server/share/mogi_trajectory_server/hook/pythonpath.dsv'
[11.472s] INFO:colcon.colcon_core.shell:Creating environment hook '/home/siddharth/sor_ws2/install/mogi_trajectory_server/share/mogi_trajectory_server/hook/pythonpath.sh'
[11.474s] Level 1:colcon.colcon_core.environment:checking '/home/siddharth/sor_ws2/install/mogi_trajectory_server/bin'
[11.474s] Level 1:colcon.colcon_core.environment:create_environment_scripts_only(mogi_trajectory_server)
[11.475s] INFO:colcon.colcon_core.shell:Creating package script '/home/siddharth/sor_ws2/install/mogi_trajectory_server/share/mogi_trajectory_server/package.ps1'
[11.478s] INFO:colcon.colcon_core.shell:Creating package descriptor '/home/siddharth/sor_ws2/install/mogi_trajectory_server/share/mogi_trajectory_server/package.dsv'
[11.480s] INFO:colcon.colcon_core.shell:Creating package script '/home/siddharth/sor_ws2/install/mogi_trajectory_server/share/mogi_trajectory_server/package.sh'
[11.482s] INFO:colcon.colcon_core.shell:Creating package script '/home/siddharth/sor_ws2/install/mogi_trajectory_server/share/mogi_trajectory_server/package.bash'
[11.483s] INFO:colcon.colcon_core.shell:Creating package script '/home/siddharth/sor_ws2/install/mogi_trajectory_server/share/mogi_trajectory_server/package.zsh'
[11.484s] Level 1:colcon.colcon_core.environment:create_file_with_runtime_dependencies(/home/siddharth/sor_ws2/install/mogi_trajectory_server/share/colcon-core/packages/mogi_trajectory_server)
[11.485s] Level 1:colcon.colcon_core.environment:checking '/home/siddharth/sor_ws2/install/bme_ros2_navigation_py' for CMake module files
[11.488s] Level 1:colcon.colcon_core.environment:checking '/home/siddharth/sor_ws2/install/bme_ros2_navigation_py' for CMake config files
[11.488s] DEBUG:colcon.colcon_core.event_handler.log_command:Invoked command in '/home/siddharth/sor_ws2/Session5/bme_ros2_navigation_py' returned '0': DEBUGINFOD_URLS=https://debuginfod.ubuntu.com PYTHONPATH=/home/siddharth/sor_ws2/build/bme_ros2_navigation_py/prefix_override:/usr/lib/python3/dist-packages/colcon_core/task/python/colcon_distutils_commands:/home/siddharth/sor_ws2/install/bme_ros2_navigation_py/lib/python3.12/site-packages: /usr/bin/python3 -W ignore:setup.py install is deprecated -W ignore:easy_install command is deprecated setup.py egg_info --egg-base ../../build/bme_ros2_navigation_py build --build-base /home/siddharth/sor_ws2/build/bme_ros2_navigation_py/build install --record /home/siddharth/sor_ws2/build/bme_ros2_navigation_py/install.log --single-version-externally-managed install_data
[11.495s] Level 1:colcon.colcon_core.environment:checking '/home/siddharth/sor_ws2/install/bme_ros2_navigation_py/lib'
[11.495s] Level 1:colcon.colcon_core.environment:checking '/home/siddharth/sor_ws2/install/bme_ros2_navigation_py/bin'
[11.495s] Level 1:colcon.colcon_core.environment:checking '/home/siddharth/sor_ws2/install/bme_ros2_navigation_py/lib/pkgconfig/bme_ros2_navigation_py.pc'
[11.496s] Level 1:colcon.colcon_core.environment:checking '/home/siddharth/sor_ws2/install/bme_ros2_navigation_py/lib/python3.12/site-packages'
[11.496s] Level 1:colcon.colcon_core.shell:create_environment_hook('bme_ros2_navigation_py', 'pythonpath')
[11.497s] INFO:colcon.colcon_core.shell:Creating environment hook '/home/siddharth/sor_ws2/install/bme_ros2_navigation_py/share/bme_ros2_navigation_py/hook/pythonpath.ps1'
[11.499s] INFO:colcon.colcon_core.shell:Creating environment descriptor '/home/siddharth/sor_ws2/install/bme_ros2_navigation_py/share/bme_ros2_navigation_py/hook/pythonpath.dsv'
[11.500s] INFO:colcon.colcon_core.shell:Creating environment hook '/home/siddharth/sor_ws2/install/bme_ros2_navigation_py/share/bme_ros2_navigation_py/hook/pythonpath.sh'
[11.502s] Level 1:colcon.colcon_core.environment:checking '/home/siddharth/sor_ws2/install/bme_ros2_navigation_py/bin'
[11.503s] Level 1:colcon.colcon_core.environment:create_environment_scripts_only(bme_ros2_navigation_py)
[11.504s] INFO:colcon.colcon_core.shell:Creating package script '/home/siddharth/sor_ws2/install/bme_ros2_navigation_py/share/bme_ros2_navigation_py/package.ps1'
[11.506s] INFO:colcon.colcon_core.shell:Creating package descriptor '/home/siddharth/sor_ws2/install/bme_ros2_navigation_py/share/bme_ros2_navigation_py/package.dsv'
[11.507s] INFO:colcon.colcon_core.shell:Creating package script '/home/siddharth/sor_ws2/install/bme_ros2_navigation_py/share/bme_ros2_navigation_py/package.sh'
[11.509s] INFO:colcon.colcon_core.shell:Creating package script '/home/siddharth/sor_ws2/install/bme_ros2_navigation_py/share/bme_ros2_navigation_py/package.bash'
[11.510s] INFO:colcon.colcon_core.shell:Creating package script '/home/siddharth/sor_ws2/install/bme_ros2_navigation_py/share/bme_ros2_navigation_py/package.zsh'
[11.511s] Level 1:colcon.colcon_core.environment:create_file_with_runtime_dependencies(/home/siddharth/sor_ws2/install/bme_ros2_navigation_py/share/colcon-core/packages/bme_ros2_navigation_py)
[11.512s] DEBUG:colcon.colcon_parallel_executor.executor.parallel:closing loop
[11.513s] DEBUG:colcon.colcon_parallel_executor.executor.parallel:loop closed
[11.513s] DEBUG:colcon.colcon_parallel_executor.executor.parallel:run_until_complete finished with '0'
[11.513s] DEBUG:colcon.colcon_core.event_reactor:joining thread
[11.628s] INFO:colcon.colcon_core.plugin_system:Skipping extension 'colcon_notification.desktop_notification.terminal_notifier': Not used on non-Darwin systems
[11.628s] INFO:colcon.colcon_core.plugin_system:Skipping extension 'colcon_notification.desktop_notification.win32': Not used on non-Windows systems
[11.628s] INFO:colcon.colcon_notification.desktop_notification:Sending desktop notification using 'notify2'
[11.711s] DEBUG:colcon.colcon_core.event_reactor:joined thread
[11.712s] INFO:colcon.colcon_core.shell:Creating prefix script '/home/siddharth/sor_ws2/install/local_setup.ps1'
[11.723s] INFO:colcon.colcon_core.shell:Creating prefix util module '/home/siddharth/sor_ws2/install/_local_setup_util_ps1.py'
[11.741s] INFO:colcon.colcon_core.shell:Creating prefix chain script '/home/siddharth/sor_ws2/install/setup.ps1'
[11.755s] INFO:colcon.colcon_core.shell:Creating prefix script '/home/siddharth/sor_ws2/install/local_setup.sh'
[11.761s] INFO:colcon.colcon_core.shell:Creating prefix util module '/home/siddharth/sor_ws2/install/_local_setup_util_sh.py'
[11.762s] INFO:colcon.colcon_core.shell:Creating prefix chain script '/home/siddharth/sor_ws2/install/setup.sh'
[11.764s] INFO:colcon.colcon_core.shell:Creating prefix script '/home/siddharth/sor_ws2/install/local_setup.bash'
[11.818s] INFO:colcon.colcon_core.shell:Creating prefix chain script '/home/siddharth/sor_ws2/install/setup.bash'
[11.820s] INFO:colcon.colcon_core.shell:Creating prefix script '/home/siddharth/sor_ws2/install/local_setup.zsh'
[11.821s] INFO:colcon.colcon_core.shell:Creating prefix chain script '/home/siddharth/sor_ws2/install/setup.zsh'
