[0.035s] Invoking command in '/home/siddharth/sor_ws2/build/bme_ros2_navigation': CMAKE_PREFIX_PATH=${CMAKE_PREFIX_PATH}:/home/siddharth/sor_ws/install/trajectory_server:/home/siddharth/sor_ws/install/erc_gazebo_sensors_py:/home/siddharth/sor_ws2/install/mogi_trajectory_server:/home/siddharth/sor_ws2/install/bme_ros2_navigation_py:/home/siddharth/sor_ws1/install/bme_ros2_simple_arm_py:/opt/ros/jazzy DEBUGINFOD_URLS=https://debuginfod.ubuntu.com /usr/bin/cmake --build /home/siddharth/sor_ws2/build/bme_ros2_navigation -- -j8 -l8
[0.668s] Invoked command in '/home/siddharth/sor_ws2/build/bme_ros2_navigation' returned '0': CMAKE_PREFIX_PATH=${CMAKE_PREFIX_PATH}:/home/siddharth/sor_ws/install/trajectory_server:/home/siddharth/sor_ws/install/erc_gazebo_sensors_py:/home/siddharth/sor_ws2/install/mogi_trajectory_server:/home/siddharth/sor_ws2/install/bme_ros2_navigation_py:/home/siddharth/sor_ws1/install/bme_ros2_simple_arm_py:/opt/ros/jazzy DEBUGINFOD_URLS=https://debuginfod.ubuntu.com /usr/bin/cmake --build /home/siddharth/sor_ws2/build/bme_ros2_navigation -- -j8 -l8
[0.694s] Invoking command in '/home/siddharth/sor_ws2/build/bme_ros2_navigation': CMAKE_PREFIX_PATH=${CMAKE_PREFIX_PATH}:/home/siddharth/sor_ws/install/trajectory_server:/home/siddharth/sor_ws/install/erc_gazebo_sensors_py:/home/siddharth/sor_ws2/install/mogi_trajectory_server:/home/siddharth/sor_ws2/install/bme_ros2_navigation_py:/home/siddharth/sor_ws1/install/bme_ros2_simple_arm_py:/opt/ros/jazzy DEBUGINFOD_URLS=https://debuginfod.ubuntu.com /usr/bin/cmake --install /home/siddharth/sor_ws2/build/bme_ros2_navigation
[0.706s] -- Install configuration: ""
[0.706s] -- Up-to-date: /home/siddharth/sor_ws2/install/bme_ros2_navigation/share/bme_ros2_navigation/launch
[0.707s] -- Installing: /home/siddharth/sor_ws2/install/bme_ros2_navigation/share/bme_ros2_navigation/launch/navigation_with_slam.launch.py
[0.707s] -- Up-to-date: /home/siddharth/sor_ws2/install/bme_ros2_navigation/share/bme_ros2_navigation/launch/localization_slam_toolbox.launch.py
[0.707s] -- Up-to-date: /home/siddharth/sor_ws2/install/bme_ros2_navigation/share/bme_ros2_navigation/launch/navigation.launch.py
[0.707s] -- Up-to-date: /home/siddharth/sor_ws2/install/bme_ros2_navigation/share/bme_ros2_navigation/launch/check_urdf.launch.py
[0.707s] -- Up-to-date: /home/siddharth/sor_ws2/install/bme_ros2_navigation/share/bme_ros2_navigation/launch/world.launch.py
[0.708s] -- Up-to-date: /home/siddharth/sor_ws2/install/bme_ros2_navigation/share/bme_ros2_navigation/launch/spawn_robot.launch.py
[0.708s] -- Up-to-date: /home/siddharth/sor_ws2/install/bme_ros2_navigation/share/bme_ros2_navigation/launch/mapping.launch.py
[0.708s] -- Up-to-date: /home/siddharth/sor_ws2/install/bme_ros2_navigation/share/bme_ros2_navigation/launch/localization.launch.py
[0.709s] -- Up-to-date: /home/siddharth/sor_ws2/install/bme_ros2_navigation/share/bme_ros2_navigation/worlds
[0.709s] -- Up-to-date: /home/siddharth/sor_ws2/install/bme_ros2_navigation/share/bme_ros2_navigation/worlds/home.sdf
[0.709s] -- Up-to-date: /home/siddharth/sor_ws2/install/bme_ros2_navigation/share/bme_ros2_navigation/worlds/empty.sdf
[0.709s] -- Up-to-date: /home/siddharth/sor_ws2/install/bme_ros2_navigation/share/bme_ros2_navigation/rviz
[0.709s] -- Up-to-date: /home/siddharth/sor_ws2/install/bme_ros2_navigation/share/bme_ros2_navigation/rviz/mapping.rviz
[0.709s] -- Up-to-date: /home/siddharth/sor_ws2/install/bme_ros2_navigation/share/bme_ros2_navigation/rviz/navigation.rviz
[0.710s] -- Up-to-date: /home/siddharth/sor_ws2/install/bme_ros2_navigation/share/bme_ros2_navigation/rviz/localization.rviz
[0.710s] -- Up-to-date: /home/siddharth/sor_ws2/install/bme_ros2_navigation/share/bme_ros2_navigation/rviz/rviz.rviz
[0.710s] -- Up-to-date: /home/siddharth/sor_ws2/install/bme_ros2_navigation/share/bme_ros2_navigation/rviz/urdf.rviz
[0.710s] -- Up-to-date: /home/siddharth/sor_ws2/install/bme_ros2_navigation/share/bme_ros2_navigation/urdf
[0.710s] -- Up-to-date: /home/siddharth/sor_ws2/install/bme_ros2_navigation/share/bme_ros2_navigation/urdf/mogi_bot.gazebo
[0.711s] -- Up-to-date: /home/siddharth/sor_ws2/install/bme_ros2_navigation/share/bme_ros2_navigation/urdf/mogi_bot.urdf
[0.711s] -- Up-to-date: /home/siddharth/sor_ws2/install/bme_ros2_navigation/share/bme_ros2_navigation/urdf/materials.xacro
[0.711s] -- Up-to-date: /home/siddharth/sor_ws2/install/bme_ros2_navigation/share/bme_ros2_navigation/meshes
[0.711s] -- Up-to-date: /home/siddharth/sor_ws2/install/bme_ros2_navigation/share/bme_ros2_navigation/meshes/lidar.dae
[0.712s] -- Up-to-date: /home/siddharth/sor_ws2/install/bme_ros2_navigation/share/bme_ros2_navigation/meshes/mogi_bot.dae
[0.712s] -- Up-to-date: /home/siddharth/sor_ws2/install/bme_ros2_navigation/share/bme_ros2_navigation/meshes/wheel.dae
[0.712s] -- Up-to-date: /home/siddharth/sor_ws2/install/bme_ros2_navigation/share/bme_ros2_navigation/config
[0.712s] -- Up-to-date: /home/siddharth/sor_ws2/install/bme_ros2_navigation/share/bme_ros2_navigation/config/slam_toolbox_localization.yaml
[0.712s] -- Up-to-date: /home/siddharth/sor_ws2/install/bme_ros2_navigation/share/bme_ros2_navigation/config/slam_toolbox_mapping.yaml
[0.712s] -- Up-to-date: /home/siddharth/sor_ws2/install/bme_ros2_navigation/share/bme_ros2_navigation/config/amcl_localization.yaml
[0.713s] -- Up-to-date: /home/siddharth/sor_ws2/install/bme_ros2_navigation/share/bme_ros2_navigation/config/navigation.yaml
[0.713s] -- Up-to-date: /home/siddharth/sor_ws2/install/bme_ros2_navigation/share/bme_ros2_navigation/config/waypoints.yaml
[0.713s] -- Up-to-date: /home/siddharth/sor_ws2/install/bme_ros2_navigation/share/bme_ros2_navigation/config/gz_bridge.yaml
[0.713s] -- Up-to-date: /home/siddharth/sor_ws2/install/bme_ros2_navigation/share/bme_ros2_navigation/config/ekf.yaml
[0.713s] -- Up-to-date: /home/siddharth/sor_ws2/install/bme_ros2_navigation/share/bme_ros2_navigation/maps
[0.714s] -- Up-to-date: /home/siddharth/sor_ws2/install/bme_ros2_navigation/share/bme_ros2_navigation/maps/my_map.yaml
[0.714s] -- Up-to-date: /home/siddharth/sor_ws2/install/bme_ros2_navigation/share/bme_ros2_navigation/maps/my_map.pgm
[0.714s] -- Up-to-date: /home/siddharth/sor_ws2/install/bme_ros2_navigation/share/bme_ros2_navigation/maps/serialized.posegraph
[0.714s] -- Up-to-date: /home/siddharth/sor_ws2/install/bme_ros2_navigation/share/bme_ros2_navigation/maps/serialized.data
[0.714s] -- Up-to-date: /home/siddharth/sor_ws2/install/bme_ros2_navigation/share/ament_index/resource_index/package_run_dependencies/bme_ros2_navigation
[0.714s] -- Up-to-date: /home/siddharth/sor_ws2/install/bme_ros2_navigation/share/ament_index/resource_index/parent_prefix_path/bme_ros2_navigation
[0.715s] -- Up-to-date: /home/siddharth/sor_ws2/install/bme_ros2_navigation/share/bme_ros2_navigation/environment/ament_prefix_path.sh
[0.715s] -- Up-to-date: /home/siddharth/sor_ws2/install/bme_ros2_navigation/share/bme_ros2_navigation/environment/ament_prefix_path.dsv
[0.715s] -- Up-to-date: /home/siddharth/sor_ws2/install/bme_ros2_navigation/share/bme_ros2_navigation/environment/path.sh
[0.715s] -- Up-to-date: /home/siddharth/sor_ws2/install/bme_ros2_navigation/share/bme_ros2_navigation/environment/path.dsv
[0.715s] -- Up-to-date: /home/siddharth/sor_ws2/install/bme_ros2_navigation/share/bme_ros2_navigation/local_setup.bash
[0.715s] -- Up-to-date: /home/siddharth/sor_ws2/install/bme_ros2_navigation/share/bme_ros2_navigation/local_setup.sh
[0.716s] -- Up-to-date: /home/siddharth/sor_ws2/install/bme_ros2_navigation/share/bme_ros2_navigation/local_setup.zsh
[0.716s] -- Up-to-date: /home/siddharth/sor_ws2/install/bme_ros2_navigation/share/bme_ros2_navigation/local_setup.dsv
[0.716s] -- Installing: /home/siddharth/sor_ws2/install/bme_ros2_navigation/share/bme_ros2_navigation/package.dsv
[0.716s] -- Up-to-date: /home/siddharth/sor_ws2/install/bme_ros2_navigation/share/ament_index/resource_index/packages/bme_ros2_navigation
[0.716s] -- Up-to-date: /home/siddharth/sor_ws2/install/bme_ros2_navigation/share/bme_ros2_navigation/cmake/bme_ros2_navigationConfig.cmake
[0.716s] -- Up-to-date: /home/siddharth/sor_ws2/install/bme_ros2_navigation/share/bme_ros2_navigation/cmake/bme_ros2_navigationConfig-version.cmake
[0.717s] -- Up-to-date: /home/siddharth/sor_ws2/install/bme_ros2_navigation/share/bme_ros2_navigation/package.xml
[0.718s] Invoked command in '/home/siddharth/sor_ws2/build/bme_ros2_navigation' returned '0': CMAKE_PREFIX_PATH=${CMAKE_PREFIX_PATH}:/home/siddharth/sor_ws/install/trajectory_server:/home/siddharth/sor_ws/install/erc_gazebo_sensors_py:/home/siddharth/sor_ws2/install/mogi_trajectory_server:/home/siddharth/sor_ws2/install/bme_ros2_navigation_py:/home/siddharth/sor_ws1/install/bme_ros2_simple_arm_py:/opt/ros/jazzy DEBUGINFOD_URLS=https://debuginfod.ubuntu.com /usr/bin/cmake --install /home/siddharth/sor_ws2/build/bme_ros2_navigation
