[1.300s] Invoking command in '/home/siddharth/sor_ws1/Session5/bme_ros2_simple_arm_py': DEBUGINFOD_URLS=https://debuginfod.ubuntu.com PYTHONPATH=/home/siddharth/sor_ws1/build/bme_ros2_simple_arm_py/prefix_override:/usr/lib/python3/dist-packages/colcon_core/task/python/colcon_distutils_commands:/home/siddharth/sor_ws1/install/bme_ros2_simple_arm_py/lib/python3.12/site-packages:${PYTHONPATH} /usr/bin/python3 -W ignore:setup.py install is deprecated -W ignore:easy_install command is deprecated setup.py egg_info --egg-base ../../build/bme_ros2_simple_arm_py build --build-base /home/siddharth/sor_ws1/build/bme_ros2_simple_arm_py/build install --record /home/siddharth/sor_ws1/build/bme_ros2_simple_arm_py/install.log --single-version-externally-managed install_data
[1.670s] running egg_info
[1.670s] creating ../../build/bme_ros2_simple_arm_py/bme_ros2_simple_arm_py.egg-info
[1.698s] writing ../../build/bme_ros2_simple_arm_py/bme_ros2_simple_arm_py.egg-info/PKG-INFO
[1.699s] writing dependency_links to ../../build/bme_ros2_simple_arm_py/bme_ros2_simple_arm_py.egg-info/dependency_links.txt
[1.699s] writing requirements to ../../build/bme_ros2_simple_arm_py/bme_ros2_simple_arm_py.egg-info/requires.txt
[1.699s] writing top-level names to ../../build/bme_ros2_simple_arm_py/bme_ros2_simple_arm_py.egg-info/top_level.txt
[1.699s] writing manifest file '../../build/bme_ros2_simple_arm_py/bme_ros2_simple_arm_py.egg-info/SOURCES.txt'
[1.756s] reading manifest file '../../build/bme_ros2_simple_arm_py/bme_ros2_simple_arm_py.egg-info/SOURCES.txt'
[1.757s] writing manifest file '../../build/bme_ros2_simple_arm_py/bme_ros2_simple_arm_py.egg-info/SOURCES.txt'
[1.757s] running build
[1.757s] running build_py
[1.758s] creating /home/siddharth/sor_ws1/build/bme_ros2_simple_arm_py/build
[1.758s] creating /home/siddharth/sor_ws1/build/bme_ros2_simple_arm_py/build/lib
[1.758s] creating /home/siddharth/sor_ws1/build/bme_ros2_simple_arm_py/build/lib/bme_ros2_simple_arm_py
[1.758s] copying bme_ros2_simple_arm_py/__init__.py -> /home/siddharth/sor_ws1/build/bme_ros2_simple_arm_py/build/lib/bme_ros2_simple_arm_py
[1.758s] copying bme_ros2_simple_arm_py/test_inverse_kinematics.py -> /home/siddharth/sor_ws1/build/bme_ros2_simple_arm_py/build/lib/bme_ros2_simple_arm_py
[1.759s] running install
[1.765s] running install_lib
[1.795s] creating /home/siddharth/sor_ws1/install/bme_ros2_simple_arm_py/lib/python3.12/site-packages/bme_ros2_simple_arm_py
[1.796s] copying /home/siddharth/sor_ws1/build/bme_ros2_simple_arm_py/build/lib/bme_ros2_simple_arm_py/__init__.py -> /home/siddharth/sor_ws1/install/bme_ros2_simple_arm_py/lib/python3.12/site-packages/bme_ros2_simple_arm_py
[1.796s] copying /home/siddharth/sor_ws1/build/bme_ros2_simple_arm_py/build/lib/bme_ros2_simple_arm_py/test_inverse_kinematics.py -> /home/siddharth/sor_ws1/install/bme_ros2_simple_arm_py/lib/python3.12/site-packages/bme_ros2_simple_arm_py
[1.796s] byte-compiling /home/siddharth/sor_ws1/install/bme_ros2_simple_arm_py/lib/python3.12/site-packages/bme_ros2_simple_arm_py/__init__.py to __init__.cpython-312.pyc
[1.796s] byte-compiling /home/siddharth/sor_ws1/install/bme_ros2_simple_arm_py/lib/python3.12/site-packages/bme_ros2_simple_arm_py/test_inverse_kinematics.py to test_inverse_kinematics.cpython-312.pyc
[1.797s] running install_data
[1.797s] creating /home/siddharth/sor_ws1/install/bme_ros2_simple_arm_py/share/ament_index
[1.797s] creating /home/siddharth/sor_ws1/install/bme_ros2_simple_arm_py/share/ament_index/resource_index
[1.798s] creating /home/siddharth/sor_ws1/install/bme_ros2_simple_arm_py/share/ament_index/resource_index/packages
[1.798s] copying resource/bme_ros2_simple_arm_py -> /home/siddharth/sor_ws1/install/bme_ros2_simple_arm_py/share/ament_index/resource_index/packages
[1.798s] copying package.xml -> /home/siddharth/sor_ws1/install/bme_ros2_simple_arm_py/share/bme_ros2_simple_arm_py
[1.798s] running install_egg_info
[1.827s] Copying ../../build/bme_ros2_simple_arm_py/bme_ros2_simple_arm_py.egg-info to /home/siddharth/sor_ws1/install/bme_ros2_simple_arm_py/lib/python3.12/site-packages/bme_ros2_simple_arm_py-0.0.0-py3.12.egg-info
[1.828s] running install_scripts
[2.009s] writing list of installed files to '/home/siddharth/sor_ws1/build/bme_ros2_simple_arm_py/install.log'
[2.055s] Invoked command in '/home/siddharth/sor_ws1/Session5/bme_ros2_simple_arm_py' returned '0': DEBUGINFOD_URLS=https://debuginfod.ubuntu.com PYTHONPATH=/home/siddharth/sor_ws1/build/bme_ros2_simple_arm_py/prefix_override:/usr/lib/python3/dist-packages/colcon_core/task/python/colcon_distutils_commands:/home/siddharth/sor_ws1/install/bme_ros2_simple_arm_py/lib/python3.12/site-packages:${PYTHONPATH} /usr/bin/python3 -W ignore:setup.py install is deprecated -W ignore:easy_install command is deprecated setup.py egg_info --egg-base ../../build/bme_ros2_simple_arm_py build --build-base /home/siddharth/sor_ws1/build/bme_ros2_simple_arm_py/build install --record /home/siddharth/sor_ws1/build/bme_ros2_simple_arm_py/install.log --single-version-externally-managed install_data
