[0.028s] Invoking command in '/home/siddharth/sor_ws1/build/bme_ros2_simple_arm': CMAKE_PREFIX_PATH=${CMAKE_PREFIX_PATH}:/home/siddharth/sor_ws/install/trajectory_server:/home/siddharth/sor_ws/install/erc_gazebo_sensors_py:/home/siddharth/sor_ws2/install/mogi_trajectory_server:/home/siddharth/sor_ws2/install/bme_ros2_navigation_py:/home/siddharth/sor_ws1/install/bme_ros2_simple_arm_py:/opt/ros/jazzy DEBUGINFOD_URLS=https://debuginfod.ubuntu.com /usr/bin/cmake /home/siddharth/sor_ws1/Session5/bme_ros2_simple_arm -DCMAKE_INSTALL_PREFIX=/home/siddharth/sor_ws1/install/bme_ros2_simple_arm
[0.102s] -- The C compiler identification is GNU 13.3.0
[0.180s] -- The CXX compiler identification is GNU 13.3.0
[0.213s] -- Detecting C compiler ABI info
[0.335s] -- Detecting C compiler ABI info - done
[0.346s] -- Check for working C compiler: /usr/bin/cc - skipped
[0.347s] -- Detecting C compile features
[0.347s] -- Detecting C compile features - done
[0.360s] -- Detecting CXX compiler ABI info
[0.511s] -- Detecting CXX compiler ABI info - done
[0.531s] -- Check for working CXX compiler: /usr/bin/c++ - skipped
[0.531s] -- Detecting CXX compile features
[0.532s] -- Detecting CXX compile features - done
[0.543s] -- Found ament_cmake: 2.5.6 (/opt/ros/jazzy/share/ament_cmake/cmake)
[0.777s] -- Found Python3: /usr/bin/python3 (found version "3.12.3") found components: Interpreter 
[0.973s] -- Found ament_lint_auto: 0.17.5 (/opt/ros/jazzy/share/ament_lint_auto/cmake)
[1.147s] -- Added test 'flake8' to check Python code syntax and style conventions
[1.147s] -- Configured 'flake8' exclude dirs and/or files: 
[1.149s] -- Added test 'lint_cmake' to check CMake code style
[1.150s] -- Added test 'pep257' to check Python code against some of the docstring style conventions in PEP 257
[1.154s] -- Added test 'xmllint' to check XML markup files
[1.156s] -- Configuring done (1.1s)
[1.161s] -- Generating done (0.0s)
[1.163s] -- Build files have been written to: /home/siddharth/sor_ws1/build/bme_ros2_simple_arm
[1.171s] Invoked command in '/home/siddharth/sor_ws1/build/bme_ros2_simple_arm' returned '0': CMAKE_PREFIX_PATH=${CMAKE_PREFIX_PATH}:/home/siddharth/sor_ws/install/trajectory_server:/home/siddharth/sor_ws/install/erc_gazebo_sensors_py:/home/siddharth/sor_ws2/install/mogi_trajectory_server:/home/siddharth/sor_ws2/install/bme_ros2_navigation_py:/home/siddharth/sor_ws1/install/bme_ros2_simple_arm_py:/opt/ros/jazzy DEBUGINFOD_URLS=https://debuginfod.ubuntu.com /usr/bin/cmake /home/siddharth/sor_ws1/Session5/bme_ros2_simple_arm -DCMAKE_INSTALL_PREFIX=/home/siddharth/sor_ws1/install/bme_ros2_simple_arm
[1.174s] Invoking command in '/home/siddharth/sor_ws1/build/bme_ros2_simple_arm': CMAKE_PREFIX_PATH=${CMAKE_PREFIX_PATH}:/home/siddharth/sor_ws/install/trajectory_server:/home/siddharth/sor_ws/install/erc_gazebo_sensors_py:/home/siddharth/sor_ws2/install/mogi_trajectory_server:/home/siddharth/sor_ws2/install/bme_ros2_navigation_py:/home/siddharth/sor_ws1/install/bme_ros2_simple_arm_py:/opt/ros/jazzy DEBUGINFOD_URLS=https://debuginfod.ubuntu.com /usr/bin/cmake --build /home/siddharth/sor_ws1/build/bme_ros2_simple_arm -- -j8 -l8
[1.242s] Invoked command in '/home/siddharth/sor_ws1/build/bme_ros2_simple_arm' returned '0': CMAKE_PREFIX_PATH=${CMAKE_PREFIX_PATH}:/home/siddharth/sor_ws/install/trajectory_server:/home/siddharth/sor_ws/install/erc_gazebo_sensors_py:/home/siddharth/sor_ws2/install/mogi_trajectory_server:/home/siddharth/sor_ws2/install/bme_ros2_navigation_py:/home/siddharth/sor_ws1/install/bme_ros2_simple_arm_py:/opt/ros/jazzy DEBUGINFOD_URLS=https://debuginfod.ubuntu.com /usr/bin/cmake --build /home/siddharth/sor_ws1/build/bme_ros2_simple_arm -- -j8 -l8
[1.258s] Invoking command in '/home/siddharth/sor_ws1/build/bme_ros2_simple_arm': CMAKE_PREFIX_PATH=${CMAKE_PREFIX_PATH}:/home/siddharth/sor_ws/install/trajectory_server:/home/siddharth/sor_ws/install/erc_gazebo_sensors_py:/home/siddharth/sor_ws2/install/mogi_trajectory_server:/home/siddharth/sor_ws2/install/bme_ros2_navigation_py:/home/siddharth/sor_ws1/install/bme_ros2_simple_arm_py:/opt/ros/jazzy DEBUGINFOD_URLS=https://debuginfod.ubuntu.com /usr/bin/cmake --install /home/siddharth/sor_ws1/build/bme_ros2_simple_arm
[1.270s] -- Install configuration: ""
[1.271s] -- Installing: /home/siddharth/sor_ws1/install/bme_ros2_simple_arm/share/bme_ros2_simple_arm/config
[1.271s] -- Installing: /home/siddharth/sor_ws1/install/bme_ros2_simple_arm/share/bme_ros2_simple_arm/config/controller_position.yaml
[1.272s] -- Installing: /home/siddharth/sor_ws1/install/bme_ros2_simple_arm/share/bme_ros2_simple_arm/config/gz_bridge.yaml
[1.272s] -- Installing: /home/siddharth/sor_ws1/install/bme_ros2_simple_arm/share/bme_ros2_simple_arm/launch
[1.273s] -- Installing: /home/siddharth/sor_ws1/install/bme_ros2_simple_arm/share/bme_ros2_simple_arm/launch/check_urdf.launch.py
[1.273s] -- Installing: /home/siddharth/sor_ws1/install/bme_ros2_simple_arm/share/bme_ros2_simple_arm/launch/world.launch.py
[1.273s] -- Installing: /home/siddharth/sor_ws1/install/bme_ros2_simple_arm/share/bme_ros2_simple_arm/launch/spawn_robot.launch.py
[1.273s] -- Installing: /home/siddharth/sor_ws1/install/bme_ros2_simple_arm/share/bme_ros2_simple_arm/worlds
[1.274s] -- Installing: /home/siddharth/sor_ws1/install/bme_ros2_simple_arm/share/bme_ros2_simple_arm/worlds/world.sdf
[1.274s] -- Installing: /home/siddharth/sor_ws1/install/bme_ros2_simple_arm/share/bme_ros2_simple_arm/worlds/empty.sdf
[1.274s] -- Installing: /home/siddharth/sor_ws1/install/bme_ros2_simple_arm/share/bme_ros2_simple_arm/rviz
[1.274s] -- Installing: /home/siddharth/sor_ws1/install/bme_ros2_simple_arm/share/bme_ros2_simple_arm/rviz/rviz.rviz
[1.275s] -- Installing: /home/siddharth/sor_ws1/install/bme_ros2_simple_arm/share/bme_ros2_simple_arm/rviz/urdf.rviz
[1.275s] -- Installing: /home/siddharth/sor_ws1/install/bme_ros2_simple_arm/share/bme_ros2_simple_arm/urdf
[1.275s] -- Installing: /home/siddharth/sor_ws1/install/bme_ros2_simple_arm/share/bme_ros2_simple_arm/urdf/mogi_arm.xacro
[1.275s] -- Installing: /home/siddharth/sor_ws1/install/bme_ros2_simple_arm/share/bme_ros2_simple_arm/urdf/materials.xacro
[1.276s] -- Installing: /home/siddharth/sor_ws1/install/bme_ros2_simple_arm/share/bme_ros2_simple_arm/meshes
[1.276s] -- Installing: /home/siddharth/sor_ws1/install/bme_ros2_simple_arm/share/bme_ros2_simple_arm/meshes/forearm.STL
[1.276s] -- Installing: /home/siddharth/sor_ws1/install/bme_ros2_simple_arm/share/bme_ros2_simple_arm/meshes/forearm.blend
[1.276s] -- Installing: /home/siddharth/sor_ws1/install/bme_ros2_simple_arm/share/bme_ros2_simple_arm/meshes/upper_arm.STL
[1.277s] -- Installing: /home/siddharth/sor_ws1/install/bme_ros2_simple_arm/share/bme_ros2_simple_arm/meshes/wrist.STEP
[1.277s] -- Installing: /home/siddharth/sor_ws1/install/bme_ros2_simple_arm/share/bme_ros2_simple_arm/meshes/shoulder.STL
[1.277s] -- Installing: /home/siddharth/sor_ws1/install/bme_ros2_simple_arm/share/bme_ros2_simple_arm/meshes/forearm.STEP
[1.277s] -- Installing: /home/siddharth/sor_ws1/install/bme_ros2_simple_arm/share/bme_ros2_simple_arm/meshes/shoulder.blend
[1.278s] -- Installing: /home/siddharth/sor_ws1/install/bme_ros2_simple_arm/share/bme_ros2_simple_arm/meshes/wrist.SLDPRT
[1.278s] -- Installing: /home/siddharth/sor_ws1/install/bme_ros2_simple_arm/share/bme_ros2_simple_arm/meshes/forearm.SLDPRT
[1.278s] -- Installing: /home/siddharth/sor_ws1/install/bme_ros2_simple_arm/share/bme_ros2_simple_arm/meshes/wrist.dae
[1.278s] -- Installing: /home/siddharth/sor_ws1/install/bme_ros2_simple_arm/share/bme_ros2_simple_arm/meshes/shoulder.SLDPRT
[1.278s] -- Installing: /home/siddharth/sor_ws1/install/bme_ros2_simple_arm/share/bme_ros2_simple_arm/meshes/forearm.dae
[1.279s] -- Installing: /home/siddharth/sor_ws1/install/bme_ros2_simple_arm/share/bme_ros2_simple_arm/meshes/upper_arm.blend
[1.279s] -- Installing: /home/siddharth/sor_ws1/install/bme_ros2_simple_arm/share/bme_ros2_simple_arm/meshes/upper_arm.dae
[1.279s] -- Installing: /home/siddharth/sor_ws1/install/bme_ros2_simple_arm/share/bme_ros2_simple_arm/meshes/wrist.blend
[1.279s] -- Installing: /home/siddharth/sor_ws1/install/bme_ros2_simple_arm/share/bme_ros2_simple_arm/meshes/wrist.STL
[1.280s] -- Installing: /home/siddharth/sor_ws1/install/bme_ros2_simple_arm/share/bme_ros2_simple_arm/meshes/upper_arm.STEP
[1.280s] -- Installing: /home/siddharth/sor_ws1/install/bme_ros2_simple_arm/share/bme_ros2_simple_arm/meshes/upper_arm.SLDPRT
[1.280s] -- Installing: /home/siddharth/sor_ws1/install/bme_ros2_simple_arm/share/bme_ros2_simple_arm/meshes/shoulder.dae
[1.281s] -- Installing: /home/siddharth/sor_ws1/install/bme_ros2_simple_arm/share/bme_ros2_simple_arm/meshes/shoulder.STEP
[1.281s] -- Installing: /home/siddharth/sor_ws1/install/bme_ros2_simple_arm/share/ament_index/resource_index/package_run_dependencies/bme_ros2_simple_arm
[1.281s] -- Installing: /home/siddharth/sor_ws1/install/bme_ros2_simple_arm/share/ament_index/resource_index/parent_prefix_path/bme_ros2_simple_arm
[1.282s] -- Installing: /home/siddharth/sor_ws1/install/bme_ros2_simple_arm/share/bme_ros2_simple_arm/environment/ament_prefix_path.sh
[1.282s] -- Installing: /home/siddharth/sor_ws1/install/bme_ros2_simple_arm/share/bme_ros2_simple_arm/environment/ament_prefix_path.dsv
[1.282s] -- Installing: /home/siddharth/sor_ws1/install/bme_ros2_simple_arm/share/bme_ros2_simple_arm/environment/path.sh
[1.283s] -- Installing: /home/siddharth/sor_ws1/install/bme_ros2_simple_arm/share/bme_ros2_simple_arm/environment/path.dsv
[1.283s] -- Installing: /home/siddharth/sor_ws1/install/bme_ros2_simple_arm/share/bme_ros2_simple_arm/local_setup.bash
[1.283s] -- Installing: /home/siddharth/sor_ws1/install/bme_ros2_simple_arm/share/bme_ros2_simple_arm/local_setup.sh
[1.283s] -- Installing: /home/siddharth/sor_ws1/install/bme_ros2_simple_arm/share/bme_ros2_simple_arm/local_setup.zsh
[1.283s] -- Installing: /home/siddharth/sor_ws1/install/bme_ros2_simple_arm/share/bme_ros2_simple_arm/local_setup.dsv
[1.284s] -- Installing: /home/siddharth/sor_ws1/install/bme_ros2_simple_arm/share/bme_ros2_simple_arm/package.dsv
[1.284s] -- Installing: /home/siddharth/sor_ws1/install/bme_ros2_simple_arm/share/ament_index/resource_index/packages/bme_ros2_simple_arm
[1.284s] -- Installing: /home/siddharth/sor_ws1/install/bme_ros2_simple_arm/share/bme_ros2_simple_arm/cmake/bme_ros2_simple_armConfig.cmake
[1.284s] -- Installing: /home/siddharth/sor_ws1/install/bme_ros2_simple_arm/share/bme_ros2_simple_arm/cmake/bme_ros2_simple_armConfig-version.cmake
[1.284s] -- Installing: /home/siddharth/sor_ws1/install/bme_ros2_simple_arm/share/bme_ros2_simple_arm/package.xml
[1.286s] Invoked command in '/home/siddharth/sor_ws1/build/bme_ros2_simple_arm' returned '0': CMAKE_PREFIX_PATH=${CMAKE_PREFIX_PATH}:/home/siddharth/sor_ws/install/trajectory_server:/home/siddharth/sor_ws/install/erc_gazebo_sensors_py:/home/siddharth/sor_ws2/install/mogi_trajectory_server:/home/siddharth/sor_ws2/install/bme_ros2_navigation_py:/home/siddharth/sor_ws1/install/bme_ros2_simple_arm_py:/opt/ros/jazzy DEBUGINFOD_URLS=https://debuginfod.ubuntu.com /usr/bin/cmake --install /home/siddharth/sor_ws1/build/bme_ros2_simple_arm
