-- Install configuration: ""
-- Up-to-date: /home/siddharth/sor_ws2/install/bme_ros2_navigation/share/bme_ros2_navigation/launch
-- Up-to-date: /home/siddharth/sor_ws2/install/bme_ros2_navigation/share/bme_ros2_navigation/launch/localization_slam_toolbox.launch.py
-- Up-to-date: /home/siddharth/sor_ws2/install/bme_ros2_navigation/share/bme_ros2_navigation/launch/navigation.launch.py
-- Up-to-date: /home/siddharth/sor_ws2/install/bme_ros2_navigation/share/bme_ros2_navigation/launch/check_urdf.launch.py
-- Up-to-date: /home/siddharth/sor_ws2/install/bme_ros2_navigation/share/bme_ros2_navigation/launch/world.launch.py
-- Up-to-date: /home/siddharth/sor_ws2/install/bme_ros2_navigation/share/bme_ros2_navigation/launch/spawn_robot.launch.py
-- Up-to-date: /home/siddharth/sor_ws2/install/bme_ros2_navigation/share/bme_ros2_navigation/launch/mapping.launch.py
-- Up-to-date: /home/siddharth/sor_ws2/install/bme_ros2_navigation/share/bme_ros2_navigation/launch/localization.launch.py
-- Up-to-date: /home/siddharth/sor_ws2/install/bme_ros2_navigation/share/bme_ros2_navigation/worlds
-- Up-to-date: /home/siddharth/sor_ws2/install/bme_ros2_navigation/share/bme_ros2_navigation/worlds/home.sdf
-- Up-to-date: /home/siddharth/sor_ws2/install/bme_ros2_navigation/share/bme_ros2_navigation/worlds/empty.sdf
-- Up-to-date: /home/siddharth/sor_ws2/install/bme_ros2_navigation/share/bme_ros2_navigation/rviz
-- Up-to-date: /home/siddharth/sor_ws2/install/bme_ros2_navigation/share/bme_ros2_navigation/rviz/mapping.rviz
-- Up-to-date: /home/siddharth/sor_ws2/install/bme_ros2_navigation/share/bme_ros2_navigation/rviz/navigation.rviz
-- Up-to-date: /home/siddharth/sor_ws2/install/bme_ros2_navigation/share/bme_ros2_navigation/rviz/localization.rviz
-- Up-to-date: /home/siddharth/sor_ws2/install/bme_ros2_navigation/share/bme_ros2_navigation/rviz/rviz.rviz
-- Up-to-date: /home/siddharth/sor_ws2/install/bme_ros2_navigation/share/bme_ros2_navigation/rviz/urdf.rviz
-- Up-to-date: /home/siddharth/sor_ws2/install/bme_ros2_navigation/share/bme_ros2_navigation/urdf
-- Up-to-date: /home/siddharth/sor_ws2/install/bme_ros2_navigation/share/bme_ros2_navigation/urdf/mogi_bot.gazebo
-- Up-to-date: /home/siddharth/sor_ws2/install/bme_ros2_navigation/share/bme_ros2_navigation/urdf/mogi_bot.urdf
-- Up-to-date: /home/siddharth/sor_ws2/install/bme_ros2_navigation/share/bme_ros2_navigation/urdf/materials.xacro
-- Up-to-date: /home/siddharth/sor_ws2/install/bme_ros2_navigation/share/bme_ros2_navigation/meshes
-- Up-to-date: /home/siddharth/sor_ws2/install/bme_ros2_navigation/share/bme_ros2_navigation/meshes/lidar.dae
-- Up-to-date: /home/siddharth/sor_ws2/install/bme_ros2_navigation/share/bme_ros2_navigation/meshes/mogi_bot.dae
-- Up-to-date: /home/siddharth/sor_ws2/install/bme_ros2_navigation/share/bme_ros2_navigation/meshes/wheel.dae
-- Up-to-date: /home/siddharth/sor_ws2/install/bme_ros2_navigation/share/bme_ros2_navigation/config
-- Up-to-date: /home/siddharth/sor_ws2/install/bme_ros2_navigation/share/bme_ros2_navigation/config/slam_toolbox_localization.yaml
-- Up-to-date: /home/siddharth/sor_ws2/install/bme_ros2_navigation/share/bme_ros2_navigation/config/slam_toolbox_mapping.yaml
-- Up-to-date: /home/siddharth/sor_ws2/install/bme_ros2_navigation/share/bme_ros2_navigation/config/amcl_localization.yaml
-- Up-to-date: /home/siddharth/sor_ws2/install/bme_ros2_navigation/share/bme_ros2_navigation/config/navigation.yaml
-- Up-to-date: /home/siddharth/sor_ws2/install/bme_ros2_navigation/share/bme_ros2_navigation/config/waypoints.yaml
-- Up-to-date: /home/siddharth/sor_ws2/install/bme_ros2_navigation/share/bme_ros2_navigation/config/gz_bridge.yaml
-- Up-to-date: /home/siddharth/sor_ws2/install/bme_ros2_navigation/share/bme_ros2_navigation/config/ekf.yaml
-- Up-to-date: /home/siddharth/sor_ws2/install/bme_ros2_navigation/share/bme_ros2_navigation/maps
-- Up-to-date: /home/siddharth/sor_ws2/install/bme_ros2_navigation/share/bme_ros2_navigation/maps/my_map.yaml
-- Up-to-date: /home/siddharth/sor_ws2/install/bme_ros2_navigation/share/bme_ros2_navigation/maps/my_map.pgm
-- Up-to-date: /home/siddharth/sor_ws2/install/bme_ros2_navigation/share/bme_ros2_navigation/maps/serialized.posegraph
-- Up-to-date: /home/siddharth/sor_ws2/install/bme_ros2_navigation/share/bme_ros2_navigation/maps/serialized.data
-- Up-to-date: /home/siddharth/sor_ws2/install/bme_ros2_navigation/share/ament_index/resource_index/package_run_dependencies/bme_ros2_navigation
-- Up-to-date: /home/siddharth/sor_ws2/install/bme_ros2_navigation/share/ament_index/resource_index/parent_prefix_path/bme_ros2_navigation
-- Up-to-date: /home/siddharth/sor_ws2/install/bme_ros2_navigation/share/bme_ros2_navigation/environment/ament_prefix_path.sh
-- Up-to-date: /home/siddharth/sor_ws2/install/bme_ros2_navigation/share/bme_ros2_navigation/environment/ament_prefix_path.dsv
-- Up-to-date: /home/siddharth/sor_ws2/install/bme_ros2_navigation/share/bme_ros2_navigation/environment/path.sh
-- Up-to-date: /home/siddharth/sor_ws2/install/bme_ros2_navigation/share/bme_ros2_navigation/environment/path.dsv
-- Up-to-date: /home/siddharth/sor_ws2/install/bme_ros2_navigation/share/bme_ros2_navigation/local_setup.bash
-- Up-to-date: /home/siddharth/sor_ws2/install/bme_ros2_navigation/share/bme_ros2_navigation/local_setup.sh
-- Up-to-date: /home/siddharth/sor_ws2/install/bme_ros2_navigation/share/bme_ros2_navigation/local_setup.zsh
-- Up-to-date: /home/siddharth/sor_ws2/install/bme_ros2_navigation/share/bme_ros2_navigation/local_setup.dsv
-- Installing: /home/siddharth/sor_ws2/install/bme_ros2_navigation/share/bme_ros2_navigation/package.dsv
-- Up-to-date: /home/siddharth/sor_ws2/install/bme_ros2_navigation/share/ament_index/resource_index/packages/bme_ros2_navigation
-- Up-to-date: /home/siddharth/sor_ws2/install/bme_ros2_navigation/share/bme_ros2_navigation/cmake/bme_ros2_navigationConfig.cmake
-- Up-to-date: /home/siddharth/sor_ws2/install/bme_ros2_navigation/share/bme_ros2_navigation/cmake/bme_ros2_navigationConfig-version.cmake
-- Up-to-date: /home/siddharth/sor_ws2/install/bme_ros2_navigation/share/bme_ros2_navigation/package.xml
