running egg_info
writing ../../build/custom_ik_arm/custom_ik_arm.egg-info/PKG-INFO
writing dependency_links to ../../build/custom_ik_arm/custom_ik_arm.egg-info/dependency_links.txt
writing entry points to ../../build/custom_ik_arm/custom_ik_arm.egg-info/entry_points.txt
writing requirements to ../../build/custom_ik_arm/custom_ik_arm.egg-info/requires.txt
writing top-level names to ../../build/custom_ik_arm/custom_ik_arm.egg-info/top_level.txt
reading manifest file '../../build/custom_ik_arm/custom_ik_arm.egg-info/SOURCES.txt'
writing manifest file '../../build/custom_ik_arm/custom_ik_arm.egg-info/SOURCES.txt'
running build
running build_py
copying custom_ik_arm/trajectory_publisher.py -> /home/siddharth/sor_ws1/build/custom_ik_arm/build/lib/custom_ik_arm
running install
running install_lib
copying /home/siddharth/sor_ws1/build/custom_ik_arm/build/lib/custom_ik_arm/trajectory_publisher.py -> /home/siddharth/sor_ws1/install/custom_ik_arm/lib/python3.12/site-packages/custom_ik_arm
byte-compiling /home/siddharth/sor_ws1/install/custom_ik_arm/lib/python3.12/site-packages/custom_ik_arm/trajectory_publisher.py to trajectory_publisher.cpython-312.pyc
running install_data
running install_egg_info
removing '/home/siddharth/sor_ws1/install/custom_ik_arm/lib/python3.12/site-packages/custom_ik_arm-0.0.0-py3.12.egg-info' (and everything under it)
Copying ../../build/custom_ik_arm/custom_ik_arm.egg-info to /home/siddharth/sor_ws1/install/custom_ik_arm/lib/python3.12/site-packages/custom_ik_arm-0.0.0-py3.12.egg-info
running install_scripts
Installing ik_trajectory script to /home/siddharth/sor_ws1/install/custom_ik_arm/lib/custom_ik_arm
Installing trajectory_publisher script to /home/siddharth/sor_ws1/install/custom_ik_arm/lib/custom_ik_arm
writing list of installed files to '/home/siddharth/sor_ws1/build/custom_ik_arm/install.log'
