[0.041s] Invoking command in '/home/siddharth/sor_ws1/build/bme_ros2_simple_arm': CMAKE_PREFIX_PATH=${CMAKE_PREFIX_PATH}:/home/siddharth/sor_ws1/install/custom_ik_arm:/home/siddharth/sor_ws1/Session5/install/custom_ik_arm:/home/siddharth/sor_ws/install/trajectory_server:/home/siddharth/sor_ws/install/erc_gazebo_sensors_py:/home/siddharth/sor_ws2/install/nav2_patrol:/home/siddharth/sor_ws2/install/mogi_trajectory_server:/home/siddharth/sor_ws2/install/bme_ros2_navigation_py:/home/siddharth/sor_ws1/install/bme_ros2_simple_arm_py:/opt/ros/jazzy DEBUGINFOD_URLS=https://debuginfod.ubuntu.com /usr/bin/cmake --build /home/siddharth/sor_ws1/build/bme_ros2_simple_arm -- -j8 -l8
[0.397s] Invoked command in '/home/siddharth/sor_ws1/build/bme_ros2_simple_arm' returned '0': CMAKE_PREFIX_PATH=${CMAKE_PREFIX_PATH}:/home/siddharth/sor_ws1/install/custom_ik_arm:/home/siddharth/sor_ws1/Session5/install/custom_ik_arm:/home/siddharth/sor_ws/install/trajectory_server:/home/siddharth/sor_ws/install/erc_gazebo_sensors_py:/home/siddharth/sor_ws2/install/nav2_patrol:/home/siddharth/sor_ws2/install/mogi_trajectory_server:/home/siddharth/sor_ws2/install/bme_ros2_navigation_py:/home/siddharth/sor_ws1/install/bme_ros2_simple_arm_py:/opt/ros/jazzy DEBUGINFOD_URLS=https://debuginfod.ubuntu.com /usr/bin/cmake --build /home/siddharth/sor_ws1/build/bme_ros2_simple_arm -- -j8 -l8
[0.424s] Invoking command in '/home/siddharth/sor_ws1/build/bme_ros2_simple_arm': CMAKE_PREFIX_PATH=${CMAKE_PREFIX_PATH}:/home/siddharth/sor_ws1/install/custom_ik_arm:/home/siddharth/sor_ws1/Session5/install/custom_ik_arm:/home/siddharth/sor_ws/install/trajectory_server:/home/siddharth/sor_ws/install/erc_gazebo_sensors_py:/home/siddharth/sor_ws2/install/nav2_patrol:/home/siddharth/sor_ws2/install/mogi_trajectory_server:/home/siddharth/sor_ws2/install/bme_ros2_navigation_py:/home/siddharth/sor_ws1/install/bme_ros2_simple_arm_py:/opt/ros/jazzy DEBUGINFOD_URLS=https://debuginfod.ubuntu.com /usr/bin/cmake --install /home/siddharth/sor_ws1/build/bme_ros2_simple_arm
[0.769s] -- Install configuration: ""
[0.770s] -- Up-to-date: /home/siddharth/sor_ws1/install/bme_ros2_simple_arm/share/bme_ros2_simple_arm/config
[0.770s] -- Up-to-date: /home/siddharth/sor_ws1/install/bme_ros2_simple_arm/share/bme_ros2_simple_arm/config/controller_position.yaml
[0.772s] -- Up-to-date: /home/siddharth/sor_ws1/install/bme_ros2_simple_arm/share/bme_ros2_simple_arm/config/gz_bridge.yaml
[0.773s] -- Up-to-date: /home/siddharth/sor_ws1/install/bme_ros2_simple_arm/share/bme_ros2_simple_arm/launch
[0.773s] -- Up-to-date: /home/siddharth/sor_ws1/install/bme_ros2_simple_arm/share/bme_ros2_simple_arm/launch/check_urdf.launch.py
[0.774s] -- Up-to-date: /home/siddharth/sor_ws1/install/bme_ros2_simple_arm/share/bme_ros2_simple_arm/launch/world.launch.py
[0.774s] -- Up-to-date: /home/siddharth/sor_ws1/install/bme_ros2_simple_arm/share/bme_ros2_simple_arm/launch/spawn_robot.launch.py
[0.775s] -- Up-to-date: /home/siddharth/sor_ws1/install/bme_ros2_simple_arm/share/bme_ros2_simple_arm/worlds
[0.776s] -- Up-to-date: /home/siddharth/sor_ws1/install/bme_ros2_simple_arm/share/bme_ros2_simple_arm/worlds/world.sdf
[0.777s] -- Up-to-date: /home/siddharth/sor_ws1/install/bme_ros2_simple_arm/share/bme_ros2_simple_arm/worlds/empty.sdf
[0.777s] -- Up-to-date: /home/siddharth/sor_ws1/install/bme_ros2_simple_arm/share/bme_ros2_simple_arm/rviz
[0.778s] -- Up-to-date: /home/siddharth/sor_ws1/install/bme_ros2_simple_arm/share/bme_ros2_simple_arm/rviz/rviz.rviz
[0.778s] -- Up-to-date: /home/siddharth/sor_ws1/install/bme_ros2_simple_arm/share/bme_ros2_simple_arm/rviz/urdf.rviz
[0.779s] -- Up-to-date: /home/siddharth/sor_ws1/install/bme_ros2_simple_arm/share/bme_ros2_simple_arm/urdf
[0.780s] -- Up-to-date: /home/siddharth/sor_ws1/install/bme_ros2_simple_arm/share/bme_ros2_simple_arm/urdf/mogi_arm.xacro
[0.781s] -- Up-to-date: /home/siddharth/sor_ws1/install/bme_ros2_simple_arm/share/bme_ros2_simple_arm/urdf/mogi_arm.gazebo
[0.781s] -- Up-to-date: /home/siddharth/sor_ws1/install/bme_ros2_simple_arm/share/bme_ros2_simple_arm/urdf/materials.xacro
[0.781s] -- Up-to-date: /home/siddharth/sor_ws1/install/bme_ros2_simple_arm/share/bme_ros2_simple_arm/meshes
[0.782s] -- Up-to-date: /home/siddharth/sor_ws1/install/bme_ros2_simple_arm/share/bme_ros2_simple_arm/meshes/forearm.STL
[0.782s] -- Up-to-date: /home/siddharth/sor_ws1/install/bme_ros2_simple_arm/share/bme_ros2_simple_arm/meshes/forearm.blend
[0.783s] -- Up-to-date: /home/siddharth/sor_ws1/install/bme_ros2_simple_arm/share/bme_ros2_simple_arm/meshes/upper_arm.STL
[0.783s] -- Up-to-date: /home/siddharth/sor_ws1/install/bme_ros2_simple_arm/share/bme_ros2_simple_arm/meshes/wrist.STEP
[0.784s] -- Up-to-date: /home/siddharth/sor_ws1/install/bme_ros2_simple_arm/share/bme_ros2_simple_arm/meshes/shoulder.STL
[0.785s] -- Up-to-date: /home/siddharth/sor_ws1/install/bme_ros2_simple_arm/share/bme_ros2_simple_arm/meshes/forearm.STEP
[0.785s] -- Up-to-date: /home/siddharth/sor_ws1/install/bme_ros2_simple_arm/share/bme_ros2_simple_arm/meshes/shoulder.blend
[0.786s] -- Up-to-date: /home/siddharth/sor_ws1/install/bme_ros2_simple_arm/share/bme_ros2_simple_arm/meshes/wrist.SLDPRT
[0.787s] -- Up-to-date: /home/siddharth/sor_ws1/install/bme_ros2_simple_arm/share/bme_ros2_simple_arm/meshes/forearm.SLDPRT
[0.788s] -- Up-to-date: /home/siddharth/sor_ws1/install/bme_ros2_simple_arm/share/bme_ros2_simple_arm/meshes/wrist.dae
[0.788s] -- Up-to-date: /home/siddharth/sor_ws1/install/bme_ros2_simple_arm/share/bme_ros2_simple_arm/meshes/shoulder.SLDPRT
[0.788s] -- Up-to-date: /home/siddharth/sor_ws1/install/bme_ros2_simple_arm/share/bme_ros2_simple_arm/meshes/forearm.dae
[0.789s] -- Up-to-date: /home/siddharth/sor_ws1/install/bme_ros2_simple_arm/share/bme_ros2_simple_arm/meshes/upper_arm.blend
[0.789s] -- Up-to-date: /home/siddharth/sor_ws1/install/bme_ros2_simple_arm/share/bme_ros2_simple_arm/meshes/upper_arm.dae
[0.789s] -- Up-to-date: /home/siddharth/sor_ws1/install/bme_ros2_simple_arm/share/bme_ros2_simple_arm/meshes/wrist.blend
[0.790s] -- Up-to-date: /home/siddharth/sor_ws1/install/bme_ros2_simple_arm/share/bme_ros2_simple_arm/meshes/wrist.STL
[0.790s] -- Up-to-date: /home/siddharth/sor_ws1/install/bme_ros2_simple_arm/share/bme_ros2_simple_arm/meshes/upper_arm.STEP
[0.790s] -- Up-to-date: /home/siddharth/sor_ws1/install/bme_ros2_simple_arm/share/bme_ros2_simple_arm/meshes/upper_arm.SLDPRT
[0.790s] -- Up-to-date: /home/siddharth/sor_ws1/install/bme_ros2_simple_arm/share/bme_ros2_simple_arm/meshes/shoulder.dae
[0.791s] -- Up-to-date: /home/siddharth/sor_ws1/install/bme_ros2_simple_arm/share/bme_ros2_simple_arm/meshes/shoulder.STEP
[0.791s] -- Up-to-date: /home/siddharth/sor_ws1/install/bme_ros2_simple_arm/share/ament_index/resource_index/package_run_dependencies/bme_ros2_simple_arm
[0.792s] -- Up-to-date: /home/siddharth/sor_ws1/install/bme_ros2_simple_arm/share/ament_index/resource_index/parent_prefix_path/bme_ros2_simple_arm
[0.792s] -- Up-to-date: /home/siddharth/sor_ws1/install/bme_ros2_simple_arm/share/bme_ros2_simple_arm/environment/ament_prefix_path.sh
[0.793s] -- Up-to-date: /home/siddharth/sor_ws1/install/bme_ros2_simple_arm/share/bme_ros2_simple_arm/environment/ament_prefix_path.dsv
[0.793s] -- Up-to-date: /home/siddharth/sor_ws1/install/bme_ros2_simple_arm/share/bme_ros2_simple_arm/environment/path.sh
[0.794s] -- Up-to-date: /home/siddharth/sor_ws1/install/bme_ros2_simple_arm/share/bme_ros2_simple_arm/environment/path.dsv
[0.794s] -- Up-to-date: /home/siddharth/sor_ws1/install/bme_ros2_simple_arm/share/bme_ros2_simple_arm/local_setup.bash
[0.795s] -- Up-to-date: /home/siddharth/sor_ws1/install/bme_ros2_simple_arm/share/bme_ros2_simple_arm/local_setup.sh
[0.797s] -- Up-to-date: /home/siddharth/sor_ws1/install/bme_ros2_simple_arm/share/bme_ros2_simple_arm/local_setup.zsh
[0.798s] -- Up-to-date: /home/siddharth/sor_ws1/install/bme_ros2_simple_arm/share/bme_ros2_simple_arm/local_setup.dsv
[0.798s] -- Installing: /home/siddharth/sor_ws1/install/bme_ros2_simple_arm/share/bme_ros2_simple_arm/package.dsv
[0.799s] -- Up-to-date: /home/siddharth/sor_ws1/install/bme_ros2_simple_arm/share/ament_index/resource_index/packages/bme_ros2_simple_arm
[0.800s] -- Up-to-date: /home/siddharth/sor_ws1/install/bme_ros2_simple_arm/share/bme_ros2_simple_arm/cmake/bme_ros2_simple_armConfig.cmake
[0.800s] -- Up-to-date: /home/siddharth/sor_ws1/install/bme_ros2_simple_arm/share/bme_ros2_simple_arm/cmake/bme_ros2_simple_armConfig-version.cmake
[0.802s] -- Up-to-date: /home/siddharth/sor_ws1/install/bme_ros2_simple_arm/share/bme_ros2_simple_arm/package.xml
[0.803s] Invoked command in '/home/siddharth/sor_ws1/build/bme_ros2_simple_arm' returned '0': CMAKE_PREFIX_PATH=${CMAKE_PREFIX_PATH}:/home/siddharth/sor_ws1/install/custom_ik_arm:/home/siddharth/sor_ws1/Session5/install/custom_ik_arm:/home/siddharth/sor_ws/install/trajectory_server:/home/siddharth/sor_ws/install/erc_gazebo_sensors_py:/home/siddharth/sor_ws2/install/nav2_patrol:/home/siddharth/sor_ws2/install/mogi_trajectory_server:/home/siddharth/sor_ws2/install/bme_ros2_navigation_py:/home/siddharth/sor_ws1/install/bme_ros2_simple_arm_py:/opt/ros/jazzy DEBUGINFOD_URLS=https://debuginfod.ubuntu.com /usr/bin/cmake --install /home/siddharth/sor_ws1/build/bme_ros2_simple_arm
