[1.885s] Invoking command in '/home/siddharth/sor_ws2/Session5/src/nav2_patrol': DEBUGINFOD_URLS=https://debuginfod.ubuntu.com PYTHONPATH=/home/siddharth/sor_ws2/build/nav2_patrol/prefix_override:/usr/lib/python3/dist-packages/colcon_core/task/python/colcon_distutils_commands:/home/siddharth/sor_ws2/install/nav2_patrol/lib/python3.12/site-packages:${PYTHONPATH} /usr/bin/python3 -W ignore:setup.py install is deprecated -W ignore:easy_install command is deprecated setup.py egg_info --egg-base ../../../build/nav2_patrol build --build-base /home/siddharth/sor_ws2/build/nav2_patrol/build install --record /home/siddharth/sor_ws2/build/nav2_patrol/install.log --single-version-externally-managed
[2.263s] running egg_info
[2.298s] writing ../../../build/nav2_patrol/nav2_patrol.egg-info/PKG-INFO
[2.298s] writing dependency_links to ../../../build/nav2_patrol/nav2_patrol.egg-info/dependency_links.txt
[2.299s] writing entry points to ../../../build/nav2_patrol/nav2_patrol.egg-info/entry_points.txt
[2.299s] writing requirements to ../../../build/nav2_patrol/nav2_patrol.egg-info/requires.txt
[2.299s] writing top-level names to ../../../build/nav2_patrol/nav2_patrol.egg-info/top_level.txt
[2.368s] reading manifest file '../../../build/nav2_patrol/nav2_patrol.egg-info/SOURCES.txt'
[2.369s] writing manifest file '../../../build/nav2_patrol/nav2_patrol.egg-info/SOURCES.txt'
[2.369s] running build
[2.370s] running build_py
[2.370s] running install
[2.379s] running install_lib
[2.414s] running install_egg_info
[2.450s] removing '/home/siddharth/sor_ws2/install/nav2_patrol/lib/python3.12/site-packages/nav2_patrol-0.0.0-py3.12.egg-info' (and everything under it)
[2.450s] Copying ../../../build/nav2_patrol/nav2_patrol.egg-info to /home/siddharth/sor_ws2/install/nav2_patrol/lib/python3.12/site-packages/nav2_patrol-0.0.0-py3.12.egg-info
[2.451s] running install_scripts
[2.678s] Installing patrol_node script to /home/siddharth/sor_ws2/install/nav2_patrol/lib/nav2_patrol
[2.678s] writing list of installed files to '/home/siddharth/sor_ws2/build/nav2_patrol/install.log'
[2.738s] Invoked command in '/home/siddharth/sor_ws2/Session5/src/nav2_patrol' returned '0': DEBUGINFOD_URLS=https://debuginfod.ubuntu.com PYTHONPATH=/home/siddharth/sor_ws2/build/nav2_patrol/prefix_override:/usr/lib/python3/dist-packages/colcon_core/task/python/colcon_distutils_commands:/home/siddharth/sor_ws2/install/nav2_patrol/lib/python3.12/site-packages:${PYTHONPATH} /usr/bin/python3 -W ignore:setup.py install is deprecated -W ignore:easy_install command is deprecated setup.py egg_info --egg-base ../../../build/nav2_patrol build --build-base /home/siddharth/sor_ws2/build/nav2_patrol/build install --record /home/siddharth/sor_ws2/build/nav2_patrol/install.log --single-version-externally-managed
