[0.147s] DEBUG:colcon:Command line arguments: ['/usr/bin/colcon', 'build']
[0.147s] DEBUG:colcon:Parsed command line arguments: Namespace(log_base=None, log_level=None, verb_name='build', build_base='build', install_base='install', merge_install=False, symlink_install=False, test_result_base=None, continue_on_error=False, executor='parallel', parallel_workers=8, event_handlers=None, ignore_user_meta=False, metas=['./colcon.meta'], base_paths=['.'], packages_ignore=None, packages_ignore_regex=None, paths=None, packages_up_to=None, packages_up_to_regex=None, packages_above=None, packages_above_and_dependencies=None, packages_above_depth=None, packages_select_by_dep=None, packages_skip_by_dep=None, packages_skip_up_to=None, packages_select_build_failed=False, packages_skip_build_finished=False, packages_select_test_failures=False, packages_skip_test_passed=False, packages_select=None, packages_skip=None, packages_select_regex=None, packages_skip_regex=None, packages_start=None, packages_end=None, allow_overriding=[], cmake_args=None, cmake_target=None, cmake_target_skip_unavailable=False, cmake_clean_cache=False, cmake_clean_first=False, cmake_force_configure=False, ament_cmake_args=None, catkin_cmake_args=None, catkin_skip_building_tests=False, mixin_files=None, mixin=None, verb_parser=<colcon_mixin.mixin.mixin_argument.MixinArgumentDecorator object at 0x78a6c508fc50>, verb_extension=<colcon_core.verb.build.BuildVerb object at 0x78a6c581f440>, main=<bound method BuildVerb.main of <colcon_core.verb.build.BuildVerb object at 0x78a6c581f440>>, mixin_verb=('build',))
[0.198s] Level 1:colcon.colcon_core.package_discovery:discover_packages(colcon_meta) check parameters
[0.198s] Level 1:colcon.colcon_core.package_discovery:discover_packages(recursive) check parameters
[0.198s] Level 1:colcon.colcon_core.package_discovery:discover_packages(ignore) check parameters
[0.198s] Level 1:colcon.colcon_core.package_discovery:discover_packages(path) check parameters
[0.198s] Level 1:colcon.colcon_core.package_discovery:discover_packages(colcon_meta) discover
[0.198s] Level 1:colcon.colcon_core.package_discovery:discover_packages(recursive) discover
[0.198s] INFO:colcon.colcon_core.package_discovery:Crawling recursively for packages in '/home/siddharth/sor_ws1'
[0.198s] Level 1:colcon.colcon_core.package_identification:_identify(.) by extensions ['ignore', 'ignore_ament_install']
[0.199s] Level 1:colcon.colcon_core.package_identification:_identify(.) by extension 'ignore'
[0.199s] Level 1:colcon.colcon_core.package_identification:_identify(.) by extension 'ignore_ament_install'
[0.199s] Level 1:colcon.colcon_core.package_identification:_identify(.) by extensions ['colcon_pkg']
[0.199s] Level 1:colcon.colcon_core.package_identification:_identify(.) by extension 'colcon_pkg'
[0.199s] Level 1:colcon.colcon_core.package_identification:_identify(.) by extensions ['colcon_meta']
[0.199s] Level 1:colcon.colcon_core.package_identification:_identify(.) by extension 'colcon_meta'
[0.199s] Level 1:colcon.colcon_core.package_identification:_identify(.) by extensions ['ros']
[0.199s] Level 1:colcon.colcon_core.package_identification:_identify(.) by extension 'ros'
[0.232s] Level 1:colcon.colcon_core.package_identification:_identify(.) by extensions ['cmake', 'python']
[0.232s] Level 1:colcon.colcon_core.package_identification:_identify(.) by extension 'cmake'
[0.232s] Level 1:colcon.colcon_core.package_identification:_identify(.) by extension 'python'
[0.232s] Level 1:colcon.colcon_core.package_identification:_identify(.) by extensions ['python_setup_py']
[0.232s] Level 1:colcon.colcon_core.package_identification:_identify(.) by extension 'python_setup_py'
[0.232s] Level 1:colcon.colcon_core.package_identification:_identify(Session5) by extensions ['ignore', 'ignore_ament_install']
[0.232s] Level 1:colcon.colcon_core.package_identification:_identify(Session5) by extension 'ignore'
[0.232s] Level 1:colcon.colcon_core.package_identification:_identify(Session5) by extension 'ignore_ament_install'
[0.233s] Level 1:colcon.colcon_core.package_identification:_identify(Session5) by extensions ['colcon_pkg']
[0.233s] Level 1:colcon.colcon_core.package_identification:_identify(Session5) by extension 'colcon_pkg'
[0.233s] Level 1:colcon.colcon_core.package_identification:_identify(Session5) by extensions ['colcon_meta']
[0.233s] Level 1:colcon.colcon_core.package_identification:_identify(Session5) by extension 'colcon_meta'
[0.233s] Level 1:colcon.colcon_core.package_identification:_identify(Session5) by extensions ['ros']
[0.233s] Level 1:colcon.colcon_core.package_identification:_identify(Session5) by extension 'ros'
[0.233s] Level 1:colcon.colcon_core.package_identification:_identify(Session5) by extensions ['cmake', 'python']
[0.233s] Level 1:colcon.colcon_core.package_identification:_identify(Session5) by extension 'cmake'
[0.233s] Level 1:colcon.colcon_core.package_identification:_identify(Session5) by extension 'python'
[0.233s] Level 1:colcon.colcon_core.package_identification:_identify(Session5) by extensions ['python_setup_py']
[0.233s] Level 1:colcon.colcon_core.package_identification:_identify(Session5) by extension 'python_setup_py'
[0.233s] Level 1:colcon.colcon_core.package_identification:_identify(Session5/bme_ros2_simple_arm) by extensions ['ignore', 'ignore_ament_install']
[0.233s] Level 1:colcon.colcon_core.package_identification:_identify(Session5/bme_ros2_simple_arm) by extension 'ignore'
[0.233s] Level 1:colcon.colcon_core.package_identification:_identify(Session5/bme_ros2_simple_arm) by extension 'ignore_ament_install'
[0.233s] Level 1:colcon.colcon_core.package_identification:_identify(Session5/bme_ros2_simple_arm) by extensions ['colcon_pkg']
[0.233s] Level 1:colcon.colcon_core.package_identification:_identify(Session5/bme_ros2_simple_arm) by extension 'colcon_pkg'
[0.234s] Level 1:colcon.colcon_core.package_identification:_identify(Session5/bme_ros2_simple_arm) by extensions ['colcon_meta']
[0.234s] Level 1:colcon.colcon_core.package_identification:_identify(Session5/bme_ros2_simple_arm) by extension 'colcon_meta'
[0.234s] Level 1:colcon.colcon_core.package_identification:_identify(Session5/bme_ros2_simple_arm) by extensions ['ros']
[0.234s] Level 1:colcon.colcon_core.package_identification:_identify(Session5/bme_ros2_simple_arm) by extension 'ros'
[0.237s] DEBUG:colcon.colcon_core.package_identification:Package 'Session5/bme_ros2_simple_arm' with type 'ros.ament_cmake' and name 'bme_ros2_simple_arm'
[0.237s] Level 1:colcon.colcon_core.package_identification:_identify(Session5/bme_ros2_simple_arm_moveit_config) by extensions ['ignore', 'ignore_ament_install']
[0.237s] Level 1:colcon.colcon_core.package_identification:_identify(Session5/bme_ros2_simple_arm_moveit_config) by extension 'ignore'
[0.237s] Level 1:colcon.colcon_core.package_identification:_identify(Session5/bme_ros2_simple_arm_moveit_config) by extension 'ignore_ament_install'
[0.237s] Level 1:colcon.colcon_core.package_identification:_identify(Session5/bme_ros2_simple_arm_moveit_config) by extensions ['colcon_pkg']
[0.237s] Level 1:colcon.colcon_core.package_identification:_identify(Session5/bme_ros2_simple_arm_moveit_config) by extension 'colcon_pkg'
[0.237s] Level 1:colcon.colcon_core.package_identification:_identify(Session5/bme_ros2_simple_arm_moveit_config) by extensions ['colcon_meta']
[0.237s] Level 1:colcon.colcon_core.package_identification:_identify(Session5/bme_ros2_simple_arm_moveit_config) by extension 'colcon_meta'
[0.237s] Level 1:colcon.colcon_core.package_identification:_identify(Session5/bme_ros2_simple_arm_moveit_config) by extensions ['ros']
[0.237s] Level 1:colcon.colcon_core.package_identification:_identify(Session5/bme_ros2_simple_arm_moveit_config) by extension 'ros'
[0.238s] DEBUG:colcon.colcon_core.package_identification:Package 'Session5/bme_ros2_simple_arm_moveit_config' with type 'ros.ament_cmake' and name 'bme_ros2_simple_arm_moveit_config'
[0.238s] Level 1:colcon.colcon_core.package_identification:_identify(Session5/bme_ros2_simple_arm_py) by extensions ['ignore', 'ignore_ament_install']
[0.238s] Level 1:colcon.colcon_core.package_identification:_identify(Session5/bme_ros2_simple_arm_py) by extension 'ignore'
[0.238s] Level 1:colcon.colcon_core.package_identification:_identify(Session5/bme_ros2_simple_arm_py) by extension 'ignore_ament_install'
[0.239s] Level 1:colcon.colcon_core.package_identification:_identify(Session5/bme_ros2_simple_arm_py) by extensions ['colcon_pkg']
[0.239s] Level 1:colcon.colcon_core.package_identification:_identify(Session5/bme_ros2_simple_arm_py) by extension 'colcon_pkg'
[0.239s] Level 1:colcon.colcon_core.package_identification:_identify(Session5/bme_ros2_simple_arm_py) by extensions ['colcon_meta']
[0.239s] Level 1:colcon.colcon_core.package_identification:_identify(Session5/bme_ros2_simple_arm_py) by extension 'colcon_meta'
[0.239s] Level 1:colcon.colcon_core.package_identification:_identify(Session5/bme_ros2_simple_arm_py) by extensions ['ros']
[0.239s] Level 1:colcon.colcon_core.package_identification:_identify(Session5/bme_ros2_simple_arm_py) by extension 'ros'
[0.239s] DEBUG:colcon.colcon_core.package_identification:Package 'Session5/bme_ros2_simple_arm_py' with type 'ros.ament_python' and name 'bme_ros2_simple_arm_py'
[0.239s] Level 1:colcon.colcon_core.package_identification:_identify(build) by extensions ['ignore', 'ignore_ament_install']
[0.240s] Level 1:colcon.colcon_core.package_identification:_identify(build) by extension 'ignore'
[0.240s] Level 1:colcon.colcon_core.package_identification:_identify(build) ignored
[0.240s] Level 1:colcon.colcon_core.package_identification:_identify(install) by extensions ['ignore', 'ignore_ament_install']
[0.240s] Level 1:colcon.colcon_core.package_identification:_identify(install) by extension 'ignore'
[0.240s] Level 1:colcon.colcon_core.package_identification:_identify(install) ignored
[0.240s] Level 1:colcon.colcon_core.package_identification:_identify(log) by extensions ['ignore', 'ignore_ament_install']
[0.240s] Level 1:colcon.colcon_core.package_identification:_identify(log) by extension 'ignore'
[0.240s] Level 1:colcon.colcon_core.package_identification:_identify(log) ignored
[0.240s] Level 1:colcon.colcon_core.package_discovery:discover_packages(recursive) using defaults
[0.240s] Level 1:colcon.colcon_core.package_discovery:discover_packages(ignore) discover
[0.240s] Level 1:colcon.colcon_core.package_discovery:discover_packages(ignore) using defaults
[0.240s] Level 1:colcon.colcon_core.package_discovery:discover_packages(path) discover
[0.240s] Level 1:colcon.colcon_core.package_discovery:discover_packages(path) using defaults
[0.263s] Level 1:colcon.colcon_core.package_discovery:discover_packages(prefix_path) check parameters
[0.263s] Level 1:colcon.colcon_core.package_discovery:discover_packages(prefix_path) discover
[0.267s] DEBUG:colcon.colcon_installed_package_information.package_discovery:Found 3 installed packages in /home/siddharth/sor_ws1/install
[0.267s] DEBUG:colcon.colcon_installed_package_information.package_discovery:Found 2 installed packages in /home/siddharth/ros2_ws/install
[0.268s] DEBUG:colcon.colcon_installed_package_information.package_discovery:Found 3 installed packages in /home/siddharth/sor_ws2/install
[0.268s] DEBUG:colcon.colcon_installed_package_information.package_discovery:Found 3 installed packages in /home/siddharth/sor_ws/install
[0.272s] DEBUG:colcon.colcon_installed_package_information.package_discovery:Found 446 installed packages in /opt/ros/jazzy
[0.273s] Level 1:colcon.colcon_core.package_discovery:discover_packages(prefix_path) using defaults
[0.355s] Level 5:colcon.colcon_core.verb:set package 'bme_ros2_simple_arm' build argument 'cmake_args' from command line to 'None'
[0.355s] Level 5:colcon.colcon_core.verb:set package 'bme_ros2_simple_arm' build argument 'cmake_target' from command line to 'None'
[0.355s] Level 5:colcon.colcon_core.verb:set package 'bme_ros2_simple_arm' build argument 'cmake_target_skip_unavailable' from command line to 'False'
[0.355s] Level 5:colcon.colcon_core.verb:set package 'bme_ros2_simple_arm' build argument 'cmake_clean_cache' from command line to 'False'
[0.355s] Level 5:colcon.colcon_core.verb:set package 'bme_ros2_simple_arm' build argument 'cmake_clean_first' from command line to 'False'
[0.355s] Level 5:colcon.colcon_core.verb:set package 'bme_ros2_simple_arm' build argument 'cmake_force_configure' from command line to 'False'
[0.355s] Level 5:colcon.colcon_core.verb:set package 'bme_ros2_simple_arm' build argument 'ament_cmake_args' from command line to 'None'
[0.355s] Level 5:colcon.colcon_core.verb:set package 'bme_ros2_simple_arm' build argument 'catkin_cmake_args' from command line to 'None'
[0.355s] Level 5:colcon.colcon_core.verb:set package 'bme_ros2_simple_arm' build argument 'catkin_skip_building_tests' from command line to 'False'
[0.355s] DEBUG:colcon.colcon_core.verb:Building package 'bme_ros2_simple_arm' with the following arguments: {'ament_cmake_args': None, 'build_base': '/home/siddharth/sor_ws1/build/bme_ros2_simple_arm', 'catkin_cmake_args': None, 'catkin_skip_building_tests': False, 'cmake_args': None, 'cmake_clean_cache': False, 'cmake_clean_first': False, 'cmake_force_configure': False, 'cmake_target': None, 'cmake_target_skip_unavailable': False, 'install_base': '/home/siddharth/sor_ws1/install/bme_ros2_simple_arm', 'merge_install': False, 'path': '/home/siddharth/sor_ws1/Session5/bme_ros2_simple_arm', 'symlink_install': False, 'test_result_base': None}
[0.356s] Level 5:colcon.colcon_core.verb:set package 'bme_ros2_simple_arm_py' build argument 'cmake_args' from command line to 'None'
[0.356s] Level 5:colcon.colcon_core.verb:set package 'bme_ros2_simple_arm_py' build argument 'cmake_target' from command line to 'None'
[0.356s] Level 5:colcon.colcon_core.verb:set package 'bme_ros2_simple_arm_py' build argument 'cmake_target_skip_unavailable' from command line to 'False'
[0.356s] Level 5:colcon.colcon_core.verb:set package 'bme_ros2_simple_arm_py' build argument 'cmake_clean_cache' from command line to 'False'
[0.356s] Level 5:colcon.colcon_core.verb:set package 'bme_ros2_simple_arm_py' build argument 'cmake_clean_first' from command line to 'False'
[0.356s] Level 5:colcon.colcon_core.verb:set package 'bme_ros2_simple_arm_py' build argument 'cmake_force_configure' from command line to 'False'
[0.356s] Level 5:colcon.colcon_core.verb:set package 'bme_ros2_simple_arm_py' build argument 'ament_cmake_args' from command line to 'None'
[0.356s] Level 5:colcon.colcon_core.verb:set package 'bme_ros2_simple_arm_py' build argument 'catkin_cmake_args' from command line to 'None'
[0.356s] Level 5:colcon.colcon_core.verb:set package 'bme_ros2_simple_arm_py' build argument 'catkin_skip_building_tests' from command line to 'False'
[0.356s] DEBUG:colcon.colcon_core.verb:Building package 'bme_ros2_simple_arm_py' with the following arguments: {'ament_cmake_args': None, 'build_base': '/home/siddharth/sor_ws1/build/bme_ros2_simple_arm_py', 'catkin_cmake_args': None, 'catkin_skip_building_tests': False, 'cmake_args': None, 'cmake_clean_cache': False, 'cmake_clean_first': False, 'cmake_force_configure': False, 'cmake_target': None, 'cmake_target_skip_unavailable': False, 'install_base': '/home/siddharth/sor_ws1/install/bme_ros2_simple_arm_py', 'merge_install': False, 'path': '/home/siddharth/sor_ws1/Session5/bme_ros2_simple_arm_py', 'symlink_install': False, 'test_result_base': None}
[0.356s] Level 5:colcon.colcon_core.verb:set package 'bme_ros2_simple_arm_moveit_config' build argument 'cmake_args' from command line to 'None'
[0.356s] Level 5:colcon.colcon_core.verb:set package 'bme_ros2_simple_arm_moveit_config' build argument 'cmake_target' from command line to 'None'
[0.356s] Level 5:colcon.colcon_core.verb:set package 'bme_ros2_simple_arm_moveit_config' build argument 'cmake_target_skip_unavailable' from command line to 'False'
[0.356s] Level 5:colcon.colcon_core.verb:set package 'bme_ros2_simple_arm_moveit_config' build argument 'cmake_clean_cache' from command line to 'False'
[0.356s] Level 5:colcon.colcon_core.verb:set package 'bme_ros2_simple_arm_moveit_config' build argument 'cmake_clean_first' from command line to 'False'
[0.356s] Level 5:colcon.colcon_core.verb:set package 'bme_ros2_simple_arm_moveit_config' build argument 'cmake_force_configure' from command line to 'False'
[0.356s] Level 5:colcon.colcon_core.verb:set package 'bme_ros2_simple_arm_moveit_config' build argument 'ament_cmake_args' from command line to 'None'
[0.356s] Level 5:colcon.colcon_core.verb:set package 'bme_ros2_simple_arm_moveit_config' build argument 'catkin_cmake_args' from command line to 'None'
[0.356s] Level 5:colcon.colcon_core.verb:set package 'bme_ros2_simple_arm_moveit_config' build argument 'catkin_skip_building_tests' from command line to 'False'
[0.356s] DEBUG:colcon.colcon_core.verb:Building package 'bme_ros2_simple_arm_moveit_config' with the following arguments: {'ament_cmake_args': None, 'build_base': '/home/siddharth/sor_ws1/build/bme_ros2_simple_arm_moveit_config', 'catkin_cmake_args': None, 'catkin_skip_building_tests': False, 'cmake_args': None, 'cmake_clean_cache': False, 'cmake_clean_first': False, 'cmake_force_configure': False, 'cmake_target': None, 'cmake_target_skip_unavailable': False, 'install_base': '/home/siddharth/sor_ws1/install/bme_ros2_simple_arm_moveit_config', 'merge_install': False, 'path': '/home/siddharth/sor_ws1/Session5/bme_ros2_simple_arm_moveit_config', 'symlink_install': False, 'test_result_base': None}
[0.357s] INFO:colcon.colcon_core.executor:Executing jobs using 'parallel' executor
[0.358s] DEBUG:colcon.colcon_parallel_executor.executor.parallel:run_until_complete
[0.358s] INFO:colcon.colcon_ros.task.ament_cmake.build:Building ROS package in '/home/siddharth/sor_ws1/Session5/bme_ros2_simple_arm' with build type 'ament_cmake'
[0.358s] INFO:colcon.colcon_cmake.task.cmake.build:Building CMake package in '/home/siddharth/sor_ws1/Session5/bme_ros2_simple_arm'
[0.361s] INFO:colcon.colcon_core.plugin_system:Skipping extension 'colcon_core.shell.bat': Not used on non-Windows systems
[0.361s] INFO:colcon.colcon_core.shell:Skip shell extension 'powershell' for command environment: Not usable outside of PowerShell
[0.362s] DEBUG:colcon.colcon_core.shell:Skip shell extension 'dsv' for command environment
[0.369s] INFO:colcon.colcon_ros.task.ament_python.build:Building ROS package in '/home/siddharth/sor_ws1/Session5/bme_ros2_simple_arm_py' with build type 'ament_python'
[0.370s] Level 1:colcon.colcon_core.shell:create_environment_hook('bme_ros2_simple_arm_py', 'ament_prefix_path')
[0.370s] INFO:colcon.colcon_core.shell:Creating environment hook '/home/siddharth/sor_ws1/install/bme_ros2_simple_arm_py/share/bme_ros2_simple_arm_py/hook/ament_prefix_path.ps1'
[0.371s] INFO:colcon.colcon_core.shell:Creating environment descriptor '/home/siddharth/sor_ws1/install/bme_ros2_simple_arm_py/share/bme_ros2_simple_arm_py/hook/ament_prefix_path.dsv'
[0.371s] INFO:colcon.colcon_core.shell:Creating environment hook '/home/siddharth/sor_ws1/install/bme_ros2_simple_arm_py/share/bme_ros2_simple_arm_py/hook/ament_prefix_path.sh'
[0.372s] INFO:colcon.colcon_core.shell:Skip shell extension 'powershell' for command environment: Not usable outside of PowerShell
[0.372s] DEBUG:colcon.colcon_core.shell:Skip shell extension 'dsv' for command environment
[0.386s] DEBUG:colcon.colcon_core.event_handler.log_command:Invoking command in '/home/siddharth/sor_ws1/build/bme_ros2_simple_arm': CMAKE_PREFIX_PATH=${CMAKE_PREFIX_PATH}:/home/siddharth/sor_ws/install/trajectory_server:/home/siddharth/sor_ws/install/erc_gazebo_sensors_py:/home/siddharth/sor_ws2/install/mogi_trajectory_server:/home/siddharth/sor_ws2/install/bme_ros2_navigation_py:/home/siddharth/sor_ws1/install/bme_ros2_simple_arm_py:/opt/ros/jazzy DEBUGINFOD_URLS=https://debuginfod.ubuntu.com /usr/bin/cmake --build /home/siddharth/sor_ws1/build/bme_ros2_simple_arm -- -j8 -l8
[0.676s] INFO:colcon.colcon_core.task.python.build:Building Python package in '/home/siddharth/sor_ws1/Session5/bme_ros2_simple_arm_py'
[0.677s] INFO:colcon.colcon_core.shell:Skip shell extension 'powershell' for command environment: Not usable outside of PowerShell
[0.677s] DEBUG:colcon.colcon_core.shell:Skip shell extension 'dsv' for command environment
[0.686s] DEBUG:colcon.colcon_core.event_handler.log_command:Invoked command in '/home/siddharth/sor_ws1/build/bme_ros2_simple_arm' returned '0': CMAKE_PREFIX_PATH=${CMAKE_PREFIX_PATH}:/home/siddharth/sor_ws/install/trajectory_server:/home/siddharth/sor_ws/install/erc_gazebo_sensors_py:/home/siddharth/sor_ws2/install/mogi_trajectory_server:/home/siddharth/sor_ws2/install/bme_ros2_navigation_py:/home/siddharth/sor_ws1/install/bme_ros2_simple_arm_py:/opt/ros/jazzy DEBUGINFOD_URLS=https://debuginfod.ubuntu.com /usr/bin/cmake --build /home/siddharth/sor_ws1/build/bme_ros2_simple_arm -- -j8 -l8
[0.700s] DEBUG:colcon.colcon_core.event_handler.log_command:Invoking command in '/home/siddharth/sor_ws1/build/bme_ros2_simple_arm': CMAKE_PREFIX_PATH=${CMAKE_PREFIX_PATH}:/home/siddharth/sor_ws/install/trajectory_server:/home/siddharth/sor_ws/install/erc_gazebo_sensors_py:/home/siddharth/sor_ws2/install/mogi_trajectory_server:/home/siddharth/sor_ws2/install/bme_ros2_navigation_py:/home/siddharth/sor_ws1/install/bme_ros2_simple_arm_py:/opt/ros/jazzy DEBUGINFOD_URLS=https://debuginfod.ubuntu.com /usr/bin/cmake --install /home/siddharth/sor_ws1/build/bme_ros2_simple_arm
[0.718s] Level 1:colcon.colcon_core.environment:create_environment_scripts_only(bme_ros2_simple_arm)
[0.719s] DEBUG:colcon.colcon_core.event_handler.log_command:Invoked command in '/home/siddharth/sor_ws1/build/bme_ros2_simple_arm' returned '0': CMAKE_PREFIX_PATH=${CMAKE_PREFIX_PATH}:/home/siddharth/sor_ws/install/trajectory_server:/home/siddharth/sor_ws/install/erc_gazebo_sensors_py:/home/siddharth/sor_ws2/install/mogi_trajectory_server:/home/siddharth/sor_ws2/install/bme_ros2_navigation_py:/home/siddharth/sor_ws1/install/bme_ros2_simple_arm_py:/opt/ros/jazzy DEBUGINFOD_URLS=https://debuginfod.ubuntu.com /usr/bin/cmake --install /home/siddharth/sor_ws1/build/bme_ros2_simple_arm
[0.721s] Level 1:colcon.colcon_core.environment:checking '/home/siddharth/sor_ws1/install/bme_ros2_simple_arm' for CMake module files
[0.722s] Level 1:colcon.colcon_core.environment:checking '/home/siddharth/sor_ws1/install/bme_ros2_simple_arm' for CMake config files
[0.722s] Level 1:colcon.colcon_core.shell:create_environment_hook('bme_ros2_simple_arm', 'cmake_prefix_path')
[0.723s] INFO:colcon.colcon_core.shell:Creating environment hook '/home/siddharth/sor_ws1/install/bme_ros2_simple_arm/share/bme_ros2_simple_arm/hook/cmake_prefix_path.ps1'
[0.723s] INFO:colcon.colcon_core.shell:Creating environment descriptor '/home/siddharth/sor_ws1/install/bme_ros2_simple_arm/share/bme_ros2_simple_arm/hook/cmake_prefix_path.dsv'
[0.724s] INFO:colcon.colcon_core.shell:Creating environment hook '/home/siddharth/sor_ws1/install/bme_ros2_simple_arm/share/bme_ros2_simple_arm/hook/cmake_prefix_path.sh'
[0.724s] Level 1:colcon.colcon_core.environment:checking '/home/siddharth/sor_ws1/install/bme_ros2_simple_arm/bin'
[0.724s] Level 1:colcon.colcon_core.environment:checking '/home/siddharth/sor_ws1/install/bme_ros2_simple_arm/lib/pkgconfig/bme_ros2_simple_arm.pc'
[0.725s] Level 1:colcon.colcon_core.environment:checking '/home/siddharth/sor_ws1/install/bme_ros2_simple_arm/lib/python3.12/site-packages'
[0.725s] Level 1:colcon.colcon_core.environment:checking '/home/siddharth/sor_ws1/install/bme_ros2_simple_arm/bin'
[0.725s] INFO:colcon.colcon_core.shell:Creating package script '/home/siddharth/sor_ws1/install/bme_ros2_simple_arm/share/bme_ros2_simple_arm/package.ps1'
[0.727s] INFO:colcon.colcon_core.shell:Creating package descriptor '/home/siddharth/sor_ws1/install/bme_ros2_simple_arm/share/bme_ros2_simple_arm/package.dsv'
[0.727s] INFO:colcon.colcon_core.shell:Creating package script '/home/siddharth/sor_ws1/install/bme_ros2_simple_arm/share/bme_ros2_simple_arm/package.sh'
[0.728s] INFO:colcon.colcon_core.shell:Creating package script '/home/siddharth/sor_ws1/install/bme_ros2_simple_arm/share/bme_ros2_simple_arm/package.bash'
[0.729s] INFO:colcon.colcon_core.shell:Creating package script '/home/siddharth/sor_ws1/install/bme_ros2_simple_arm/share/bme_ros2_simple_arm/package.zsh'
[0.729s] Level 1:colcon.colcon_core.environment:create_file_with_runtime_dependencies(/home/siddharth/sor_ws1/install/bme_ros2_simple_arm/share/colcon-core/packages/bme_ros2_simple_arm)
[0.730s] Level 1:colcon.colcon_core.environment:create_environment_scripts_only(bme_ros2_simple_arm)
[0.730s] Level 1:colcon.colcon_core.environment:checking '/home/siddharth/sor_ws1/install/bme_ros2_simple_arm' for CMake module files
[0.731s] Level 1:colcon.colcon_core.environment:checking '/home/siddharth/sor_ws1/install/bme_ros2_simple_arm' for CMake config files
[0.731s] Level 1:colcon.colcon_core.shell:create_environment_hook('bme_ros2_simple_arm', 'cmake_prefix_path')
[0.731s] INFO:colcon.colcon_core.shell:Creating environment hook '/home/siddharth/sor_ws1/install/bme_ros2_simple_arm/share/bme_ros2_simple_arm/hook/cmake_prefix_path.ps1'
[0.732s] INFO:colcon.colcon_core.shell:Creating environment descriptor '/home/siddharth/sor_ws1/install/bme_ros2_simple_arm/share/bme_ros2_simple_arm/hook/cmake_prefix_path.dsv'
[0.732s] INFO:colcon.colcon_core.shell:Creating environment hook '/home/siddharth/sor_ws1/install/bme_ros2_simple_arm/share/bme_ros2_simple_arm/hook/cmake_prefix_path.sh'
[0.733s] Level 1:colcon.colcon_core.environment:checking '/home/siddharth/sor_ws1/install/bme_ros2_simple_arm/bin'
[0.733s] Level 1:colcon.colcon_core.environment:checking '/home/siddharth/sor_ws1/install/bme_ros2_simple_arm/lib/pkgconfig/bme_ros2_simple_arm.pc'
[0.733s] Level 1:colcon.colcon_core.environment:checking '/home/siddharth/sor_ws1/install/bme_ros2_simple_arm/lib/python3.12/site-packages'
[0.733s] Level 1:colcon.colcon_core.environment:checking '/home/siddharth/sor_ws1/install/bme_ros2_simple_arm/bin'
[0.734s] INFO:colcon.colcon_core.shell:Creating package script '/home/siddharth/sor_ws1/install/bme_ros2_simple_arm/share/bme_ros2_simple_arm/package.ps1'
[0.734s] INFO:colcon.colcon_core.shell:Creating package descriptor '/home/siddharth/sor_ws1/install/bme_ros2_simple_arm/share/bme_ros2_simple_arm/package.dsv'
[0.735s] INFO:colcon.colcon_core.shell:Creating package script '/home/siddharth/sor_ws1/install/bme_ros2_simple_arm/share/bme_ros2_simple_arm/package.sh'
[0.735s] INFO:colcon.colcon_core.shell:Creating package script '/home/siddharth/sor_ws1/install/bme_ros2_simple_arm/share/bme_ros2_simple_arm/package.bash'
[0.736s] INFO:colcon.colcon_core.shell:Creating package script '/home/siddharth/sor_ws1/install/bme_ros2_simple_arm/share/bme_ros2_simple_arm/package.zsh'
[0.736s] Level 1:colcon.colcon_core.environment:create_file_with_runtime_dependencies(/home/siddharth/sor_ws1/install/bme_ros2_simple_arm/share/colcon-core/packages/bme_ros2_simple_arm)
[0.737s] INFO:colcon.colcon_ros.task.ament_cmake.build:Building ROS package in '/home/siddharth/sor_ws1/Session5/bme_ros2_simple_arm_moveit_config' with build type 'ament_cmake'
[0.737s] INFO:colcon.colcon_cmake.task.cmake.build:Building CMake package in '/home/siddharth/sor_ws1/Session5/bme_ros2_simple_arm_moveit_config'
[0.737s] INFO:colcon.colcon_core.shell:Skip shell extension 'powershell' for command environment: Not usable outside of PowerShell
[0.737s] DEBUG:colcon.colcon_core.shell:Skip shell extension 'dsv' for command environment
[0.752s] DEBUG:colcon.colcon_core.event_handler.log_command:Invoking command in '/home/siddharth/sor_ws1/build/bme_ros2_simple_arm_moveit_config': CMAKE_PREFIX_PATH=/home/siddharth/sor_ws1/install/bme_ros2_simple_arm:/home/siddharth/sor_ws1/install/bme_ros2_simple_arm_moveit_config:/home/siddharth/sor_ws/install/erc_gazebo_sensors:/home/siddharth/sor_ws2/install/bme_ros2_navigation:/home/siddharth/ros2_ws/install/bme_gazebo_basics:/opt/ros/jazzy/opt/gz_sim_vendor:/opt/ros/jazzy/opt/gz_sensors_vendor:/opt/ros/jazzy/opt/gz_physics_vendor:/opt/ros/jazzy/opt/sdformat_vendor:/opt/ros/jazzy/opt/gz_gui_vendor:/opt/ros/jazzy/opt/gz_transport_vendor:/opt/ros/jazzy/opt/gz_rendering_vendor:/opt/ros/jazzy/opt/gz_plugin_vendor:/opt/ros/jazzy/opt/gz_fuel_tools_vendor:/opt/ros/jazzy/opt/gz_msgs_vendor:/opt/ros/jazzy/opt/gz_common_vendor:/opt/ros/jazzy/opt/gz_math_vendor:/opt/ros/jazzy/opt/gz_utils_vendor:/opt/ros/jazzy/opt/gz_tools_vendor:/opt/ros/jazzy/opt/gz_ogre_next_vendor:/opt/ros/jazzy/opt/gz_dartsim_vendor:/opt/ros/jazzy/opt/gz_cmake_vendor:/home/siddharth/sor_ws/install/trajectory_server:/home/siddharth/sor_ws/install/erc_gazebo_sensors_py:/home/siddharth/sor_ws2/install/mogi_trajectory_server:/home/siddharth/sor_ws2/install/bme_ros2_navigation_py:/home/siddharth/sor_ws1/install/bme_ros2_simple_arm_py:/opt/ros/jazzy DEBUGINFOD_URLS=https://debuginfod.ubuntu.com /usr/bin/cmake --build /home/siddharth/sor_ws1/build/bme_ros2_simple_arm_moveit_config -- -j8 -l8
[0.805s] DEBUG:colcon.colcon_core.event_handler.log_command:Invoked command in '/home/siddharth/sor_ws1/build/bme_ros2_simple_arm_moveit_config' returned '0': CMAKE_PREFIX_PATH=/home/siddharth/sor_ws1/install/bme_ros2_simple_arm:/home/siddharth/sor_ws1/install/bme_ros2_simple_arm_moveit_config:/home/siddharth/sor_ws/install/erc_gazebo_sensors:/home/siddharth/sor_ws2/install/bme_ros2_navigation:/home/siddharth/ros2_ws/install/bme_gazebo_basics:/opt/ros/jazzy/opt/gz_sim_vendor:/opt/ros/jazzy/opt/gz_sensors_vendor:/opt/ros/jazzy/opt/gz_physics_vendor:/opt/ros/jazzy/opt/sdformat_vendor:/opt/ros/jazzy/opt/gz_gui_vendor:/opt/ros/jazzy/opt/gz_transport_vendor:/opt/ros/jazzy/opt/gz_rendering_vendor:/opt/ros/jazzy/opt/gz_plugin_vendor:/opt/ros/jazzy/opt/gz_fuel_tools_vendor:/opt/ros/jazzy/opt/gz_msgs_vendor:/opt/ros/jazzy/opt/gz_common_vendor:/opt/ros/jazzy/opt/gz_math_vendor:/opt/ros/jazzy/opt/gz_utils_vendor:/opt/ros/jazzy/opt/gz_tools_vendor:/opt/ros/jazzy/opt/gz_ogre_next_vendor:/opt/ros/jazzy/opt/gz_dartsim_vendor:/opt/ros/jazzy/opt/gz_cmake_vendor:/home/siddharth/sor_ws/install/trajectory_server:/home/siddharth/sor_ws/install/erc_gazebo_sensors_py:/home/siddharth/sor_ws2/install/mogi_trajectory_server:/home/siddharth/sor_ws2/install/bme_ros2_navigation_py:/home/siddharth/sor_ws1/install/bme_ros2_simple_arm_py:/opt/ros/jazzy DEBUGINFOD_URLS=https://debuginfod.ubuntu.com /usr/bin/cmake --build /home/siddharth/sor_ws1/build/bme_ros2_simple_arm_moveit_config -- -j8 -l8
[0.808s] DEBUG:colcon.colcon_core.event_handler.log_command:Invoking command in '/home/siddharth/sor_ws1/build/bme_ros2_simple_arm_moveit_config': CMAKE_PREFIX_PATH=/home/siddharth/sor_ws1/install/bme_ros2_simple_arm:/home/siddharth/sor_ws1/install/bme_ros2_simple_arm_moveit_config:/home/siddharth/sor_ws/install/erc_gazebo_sensors:/home/siddharth/sor_ws2/install/bme_ros2_navigation:/home/siddharth/ros2_ws/install/bme_gazebo_basics:/opt/ros/jazzy/opt/gz_sim_vendor:/opt/ros/jazzy/opt/gz_sensors_vendor:/opt/ros/jazzy/opt/gz_physics_vendor:/opt/ros/jazzy/opt/sdformat_vendor:/opt/ros/jazzy/opt/gz_gui_vendor:/opt/ros/jazzy/opt/gz_transport_vendor:/opt/ros/jazzy/opt/gz_rendering_vendor:/opt/ros/jazzy/opt/gz_plugin_vendor:/opt/ros/jazzy/opt/gz_fuel_tools_vendor:/opt/ros/jazzy/opt/gz_msgs_vendor:/opt/ros/jazzy/opt/gz_common_vendor:/opt/ros/jazzy/opt/gz_math_vendor:/opt/ros/jazzy/opt/gz_utils_vendor:/opt/ros/jazzy/opt/gz_tools_vendor:/opt/ros/jazzy/opt/gz_ogre_next_vendor:/opt/ros/jazzy/opt/gz_dartsim_vendor:/opt/ros/jazzy/opt/gz_cmake_vendor:/home/siddharth/sor_ws/install/trajectory_server:/home/siddharth/sor_ws/install/erc_gazebo_sensors_py:/home/siddharth/sor_ws2/install/mogi_trajectory_server:/home/siddharth/sor_ws2/install/bme_ros2_navigation_py:/home/siddharth/sor_ws1/install/bme_ros2_simple_arm_py:/opt/ros/jazzy DEBUGINFOD_URLS=https://debuginfod.ubuntu.com /usr/bin/cmake --install /home/siddharth/sor_ws1/build/bme_ros2_simple_arm_moveit_config
[0.828s] Level 1:colcon.colcon_core.environment:create_environment_scripts_only(bme_ros2_simple_arm_moveit_config)
[0.829s] DEBUG:colcon.colcon_core.event_handler.log_command:Invoked command in '/home/siddharth/sor_ws1/build/bme_ros2_simple_arm_moveit_config' returned '0': CMAKE_PREFIX_PATH=/home/siddharth/sor_ws1/install/bme_ros2_simple_arm:/home/siddharth/sor_ws1/install/bme_ros2_simple_arm_moveit_config:/home/siddharth/sor_ws/install/erc_gazebo_sensors:/home/siddharth/sor_ws2/install/bme_ros2_navigation:/home/siddharth/ros2_ws/install/bme_gazebo_basics:/opt/ros/jazzy/opt/gz_sim_vendor:/opt/ros/jazzy/opt/gz_sensors_vendor:/opt/ros/jazzy/opt/gz_physics_vendor:/opt/ros/jazzy/opt/sdformat_vendor:/opt/ros/jazzy/opt/gz_gui_vendor:/opt/ros/jazzy/opt/gz_transport_vendor:/opt/ros/jazzy/opt/gz_rendering_vendor:/opt/ros/jazzy/opt/gz_plugin_vendor:/opt/ros/jazzy/opt/gz_fuel_tools_vendor:/opt/ros/jazzy/opt/gz_msgs_vendor:/opt/ros/jazzy/opt/gz_common_vendor:/opt/ros/jazzy/opt/gz_math_vendor:/opt/ros/jazzy/opt/gz_utils_vendor:/opt/ros/jazzy/opt/gz_tools_vendor:/opt/ros/jazzy/opt/gz_ogre_next_vendor:/opt/ros/jazzy/opt/gz_dartsim_vendor:/opt/ros/jazzy/opt/gz_cmake_vendor:/home/siddharth/sor_ws/install/trajectory_server:/home/siddharth/sor_ws/install/erc_gazebo_sensors_py:/home/siddharth/sor_ws2/install/mogi_trajectory_server:/home/siddharth/sor_ws2/install/bme_ros2_navigation_py:/home/siddharth/sor_ws1/install/bme_ros2_simple_arm_py:/opt/ros/jazzy DEBUGINFOD_URLS=https://debuginfod.ubuntu.com /usr/bin/cmake --install /home/siddharth/sor_ws1/build/bme_ros2_simple_arm_moveit_config
[0.830s] Level 1:colcon.colcon_core.environment:checking '/home/siddharth/sor_ws1/install/bme_ros2_simple_arm_moveit_config' for CMake module files
[0.832s] Level 1:colcon.colcon_core.environment:checking '/home/siddharth/sor_ws1/install/bme_ros2_simple_arm_moveit_config' for CMake config files
[0.833s] Level 1:colcon.colcon_core.shell:create_environment_hook('bme_ros2_simple_arm_moveit_config', 'cmake_prefix_path')
[0.833s] INFO:colcon.colcon_core.shell:Creating environment hook '/home/siddharth/sor_ws1/install/bme_ros2_simple_arm_moveit_config/share/bme_ros2_simple_arm_moveit_config/hook/cmake_prefix_path.ps1'
[0.834s] INFO:colcon.colcon_core.shell:Creating environment descriptor '/home/siddharth/sor_ws1/install/bme_ros2_simple_arm_moveit_config/share/bme_ros2_simple_arm_moveit_config/hook/cmake_prefix_path.dsv'
[0.835s] INFO:colcon.colcon_core.shell:Creating environment hook '/home/siddharth/sor_ws1/install/bme_ros2_simple_arm_moveit_config/share/bme_ros2_simple_arm_moveit_config/hook/cmake_prefix_path.sh'
[0.837s] Level 1:colcon.colcon_core.environment:checking '/home/siddharth/sor_ws1/install/bme_ros2_simple_arm_moveit_config/bin'
[0.837s] Level 1:colcon.colcon_core.environment:checking '/home/siddharth/sor_ws1/install/bme_ros2_simple_arm_moveit_config/lib/pkgconfig/bme_ros2_simple_arm_moveit_config.pc'
[0.838s] Level 1:colcon.colcon_core.environment:checking '/home/siddharth/sor_ws1/install/bme_ros2_simple_arm_moveit_config/lib/python3.12/site-packages'
[0.839s] Level 1:colcon.colcon_core.environment:checking '/home/siddharth/sor_ws1/install/bme_ros2_simple_arm_moveit_config/bin'
[0.839s] INFO:colcon.colcon_core.shell:Creating package script '/home/siddharth/sor_ws1/install/bme_ros2_simple_arm_moveit_config/share/bme_ros2_simple_arm_moveit_config/package.ps1'
[0.841s] INFO:colcon.colcon_core.shell:Creating package descriptor '/home/siddharth/sor_ws1/install/bme_ros2_simple_arm_moveit_config/share/bme_ros2_simple_arm_moveit_config/package.dsv'
[0.842s] INFO:colcon.colcon_core.shell:Creating package script '/home/siddharth/sor_ws1/install/bme_ros2_simple_arm_moveit_config/share/bme_ros2_simple_arm_moveit_config/package.sh'
[0.843s] INFO:colcon.colcon_core.shell:Creating package script '/home/siddharth/sor_ws1/install/bme_ros2_simple_arm_moveit_config/share/bme_ros2_simple_arm_moveit_config/package.bash'
[0.844s] INFO:colcon.colcon_core.shell:Creating package script '/home/siddharth/sor_ws1/install/bme_ros2_simple_arm_moveit_config/share/bme_ros2_simple_arm_moveit_config/package.zsh'
[0.845s] Level 1:colcon.colcon_core.environment:create_file_with_runtime_dependencies(/home/siddharth/sor_ws1/install/bme_ros2_simple_arm_moveit_config/share/colcon-core/packages/bme_ros2_simple_arm_moveit_config)
[0.846s] Level 1:colcon.colcon_core.environment:create_environment_scripts_only(bme_ros2_simple_arm_moveit_config)
[0.846s] Level 1:colcon.colcon_core.environment:checking '/home/siddharth/sor_ws1/install/bme_ros2_simple_arm_moveit_config' for CMake module files
[0.848s] Level 1:colcon.colcon_core.environment:checking '/home/siddharth/sor_ws1/install/bme_ros2_simple_arm_moveit_config' for CMake config files
[0.849s] Level 1:colcon.colcon_core.shell:create_environment_hook('bme_ros2_simple_arm_moveit_config', 'cmake_prefix_path')
[0.849s] INFO:colcon.colcon_core.shell:Creating environment hook '/home/siddharth/sor_ws1/install/bme_ros2_simple_arm_moveit_config/share/bme_ros2_simple_arm_moveit_config/hook/cmake_prefix_path.ps1'
[0.850s] INFO:colcon.colcon_core.shell:Creating environment descriptor '/home/siddharth/sor_ws1/install/bme_ros2_simple_arm_moveit_config/share/bme_ros2_simple_arm_moveit_config/hook/cmake_prefix_path.dsv'
[0.851s] INFO:colcon.colcon_core.shell:Creating environment hook '/home/siddharth/sor_ws1/install/bme_ros2_simple_arm_moveit_config/share/bme_ros2_simple_arm_moveit_config/hook/cmake_prefix_path.sh'
[0.852s] Level 1:colcon.colcon_core.environment:checking '/home/siddharth/sor_ws1/install/bme_ros2_simple_arm_moveit_config/bin'
[0.853s] Level 1:colcon.colcon_core.environment:checking '/home/siddharth/sor_ws1/install/bme_ros2_simple_arm_moveit_config/lib/pkgconfig/bme_ros2_simple_arm_moveit_config.pc'
[0.853s] Level 1:colcon.colcon_core.environment:checking '/home/siddharth/sor_ws1/install/bme_ros2_simple_arm_moveit_config/lib/python3.12/site-packages'
[0.854s] Level 1:colcon.colcon_core.environment:checking '/home/siddharth/sor_ws1/install/bme_ros2_simple_arm_moveit_config/bin'
[0.855s] INFO:colcon.colcon_core.shell:Creating package script '/home/siddharth/sor_ws1/install/bme_ros2_simple_arm_moveit_config/share/bme_ros2_simple_arm_moveit_config/package.ps1'
[0.856s] INFO:colcon.colcon_core.shell:Creating package descriptor '/home/siddharth/sor_ws1/install/bme_ros2_simple_arm_moveit_config/share/bme_ros2_simple_arm_moveit_config/package.dsv'
[0.857s] INFO:colcon.colcon_core.shell:Creating package script '/home/siddharth/sor_ws1/install/bme_ros2_simple_arm_moveit_config/share/bme_ros2_simple_arm_moveit_config/package.sh'
[0.859s] INFO:colcon.colcon_core.shell:Creating package script '/home/siddharth/sor_ws1/install/bme_ros2_simple_arm_moveit_config/share/bme_ros2_simple_arm_moveit_config/package.bash'
[0.860s] INFO:colcon.colcon_core.shell:Creating package script '/home/siddharth/sor_ws1/install/bme_ros2_simple_arm_moveit_config/share/bme_ros2_simple_arm_moveit_config/package.zsh'
[0.861s] Level 1:colcon.colcon_core.environment:create_file_with_runtime_dependencies(/home/siddharth/sor_ws1/install/bme_ros2_simple_arm_moveit_config/share/colcon-core/packages/bme_ros2_simple_arm_moveit_config)
[1.583s] DEBUG:colcon.colcon_core.event_handler.log_command:Invoking command in '/home/siddharth/sor_ws1/Session5/bme_ros2_simple_arm_py': DEBUGINFOD_URLS=https://debuginfod.ubuntu.com PYTHONPATH=/home/siddharth/sor_ws1/build/bme_ros2_simple_arm_py/prefix_override:/usr/lib/python3/dist-packages/colcon_core/task/python/colcon_distutils_commands:/home/siddharth/sor_ws1/install/bme_ros2_simple_arm_py/lib/python3.12/site-packages:${PYTHONPATH} /usr/bin/python3 -W ignore:setup.py install is deprecated -W ignore:easy_install command is deprecated setup.py egg_info --egg-base ../../build/bme_ros2_simple_arm_py build --build-base /home/siddharth/sor_ws1/build/bme_ros2_simple_arm_py/build install --record /home/siddharth/sor_ws1/build/bme_ros2_simple_arm_py/install.log --single-version-externally-managed install_data
[2.432s] Level 1:colcon.colcon_core.environment:checking '/home/siddharth/sor_ws1/install/bme_ros2_simple_arm_py' for CMake module files
[2.434s] DEBUG:colcon.colcon_core.event_handler.log_command:Invoked command in '/home/siddharth/sor_ws1/Session5/bme_ros2_simple_arm_py' returned '0': DEBUGINFOD_URLS=https://debuginfod.ubuntu.com PYTHONPATH=/home/siddharth/sor_ws1/build/bme_ros2_simple_arm_py/prefix_override:/usr/lib/python3/dist-packages/colcon_core/task/python/colcon_distutils_commands:/home/siddharth/sor_ws1/install/bme_ros2_simple_arm_py/lib/python3.12/site-packages:${PYTHONPATH} /usr/bin/python3 -W ignore:setup.py install is deprecated -W ignore:easy_install command is deprecated setup.py egg_info --egg-base ../../build/bme_ros2_simple_arm_py build --build-base /home/siddharth/sor_ws1/build/bme_ros2_simple_arm_py/build install --record /home/siddharth/sor_ws1/build/bme_ros2_simple_arm_py/install.log --single-version-externally-managed install_data
[2.434s] Level 1:colcon.colcon_core.environment:checking '/home/siddharth/sor_ws1/install/bme_ros2_simple_arm_py' for CMake config files
[2.436s] Level 1:colcon.colcon_core.environment:checking '/home/siddharth/sor_ws1/install/bme_ros2_simple_arm_py/lib'
[2.436s] Level 1:colcon.colcon_core.environment:checking '/home/siddharth/sor_ws1/install/bme_ros2_simple_arm_py/bin'
[2.436s] Level 1:colcon.colcon_core.environment:checking '/home/siddharth/sor_ws1/install/bme_ros2_simple_arm_py/lib/pkgconfig/bme_ros2_simple_arm_py.pc'
[2.437s] Level 1:colcon.colcon_core.environment:checking '/home/siddharth/sor_ws1/install/bme_ros2_simple_arm_py/lib/python3.12/site-packages'
[2.437s] Level 1:colcon.colcon_core.shell:create_environment_hook('bme_ros2_simple_arm_py', 'pythonpath')
[2.438s] INFO:colcon.colcon_core.shell:Creating environment hook '/home/siddharth/sor_ws1/install/bme_ros2_simple_arm_py/share/bme_ros2_simple_arm_py/hook/pythonpath.ps1'
[2.439s] INFO:colcon.colcon_core.shell:Creating environment descriptor '/home/siddharth/sor_ws1/install/bme_ros2_simple_arm_py/share/bme_ros2_simple_arm_py/hook/pythonpath.dsv'
[2.439s] INFO:colcon.colcon_core.shell:Creating environment hook '/home/siddharth/sor_ws1/install/bme_ros2_simple_arm_py/share/bme_ros2_simple_arm_py/hook/pythonpath.sh'
[2.441s] Level 1:colcon.colcon_core.environment:checking '/home/siddharth/sor_ws1/install/bme_ros2_simple_arm_py/bin'
[2.441s] Level 1:colcon.colcon_core.environment:create_environment_scripts_only(bme_ros2_simple_arm_py)
[2.442s] INFO:colcon.colcon_core.shell:Creating package script '/home/siddharth/sor_ws1/install/bme_ros2_simple_arm_py/share/bme_ros2_simple_arm_py/package.ps1'
[2.443s] INFO:colcon.colcon_core.shell:Creating package descriptor '/home/siddharth/sor_ws1/install/bme_ros2_simple_arm_py/share/bme_ros2_simple_arm_py/package.dsv'
[2.444s] INFO:colcon.colcon_core.shell:Creating package script '/home/siddharth/sor_ws1/install/bme_ros2_simple_arm_py/share/bme_ros2_simple_arm_py/package.sh'
[2.445s] INFO:colcon.colcon_core.shell:Creating package script '/home/siddharth/sor_ws1/install/bme_ros2_simple_arm_py/share/bme_ros2_simple_arm_py/package.bash'
[2.446s] INFO:colcon.colcon_core.shell:Creating package script '/home/siddharth/sor_ws1/install/bme_ros2_simple_arm_py/share/bme_ros2_simple_arm_py/package.zsh'
[2.447s] Level 1:colcon.colcon_core.environment:create_file_with_runtime_dependencies(/home/siddharth/sor_ws1/install/bme_ros2_simple_arm_py/share/colcon-core/packages/bme_ros2_simple_arm_py)
[2.447s] DEBUG:colcon.colcon_parallel_executor.executor.parallel:closing loop
[2.448s] DEBUG:colcon.colcon_parallel_executor.executor.parallel:loop closed
[2.448s] DEBUG:colcon.colcon_parallel_executor.executor.parallel:run_until_complete finished with '0'
[2.449s] DEBUG:colcon.colcon_core.event_reactor:joining thread
[2.485s] INFO:colcon.colcon_core.plugin_system:Skipping extension 'colcon_notification.desktop_notification.terminal_notifier': Not used on non-Darwin systems
[2.485s] INFO:colcon.colcon_core.plugin_system:Skipping extension 'colcon_notification.desktop_notification.win32': Not used on non-Windows systems
[2.485s] INFO:colcon.colcon_notification.desktop_notification:Sending desktop notification using 'notify2'
[2.512s] DEBUG:colcon.colcon_core.event_reactor:joined thread
[2.513s] INFO:colcon.colcon_core.shell:Creating prefix script '/home/siddharth/sor_ws1/install/local_setup.ps1'
[2.514s] INFO:colcon.colcon_core.shell:Creating prefix util module '/home/siddharth/sor_ws1/install/_local_setup_util_ps1.py'
[2.515s] INFO:colcon.colcon_core.shell:Creating prefix chain script '/home/siddharth/sor_ws1/install/setup.ps1'
[2.517s] INFO:colcon.colcon_core.shell:Creating prefix script '/home/siddharth/sor_ws1/install/local_setup.sh'
[2.518s] INFO:colcon.colcon_core.shell:Creating prefix util module '/home/siddharth/sor_ws1/install/_local_setup_util_sh.py'
[2.519s] INFO:colcon.colcon_core.shell:Creating prefix chain script '/home/siddharth/sor_ws1/install/setup.sh'
[2.521s] INFO:colcon.colcon_core.shell:Creating prefix script '/home/siddharth/sor_ws1/install/local_setup.bash'
[2.521s] INFO:colcon.colcon_core.shell:Creating prefix chain script '/home/siddharth/sor_ws1/install/setup.bash'
[2.523s] INFO:colcon.colcon_core.shell:Creating prefix script '/home/siddharth/sor_ws1/install/local_setup.zsh'
[2.523s] INFO:colcon.colcon_core.shell:Creating prefix chain script '/home/siddharth/sor_ws1/install/setup.zsh'
