[0.064s] Invoking command in '/home/siddharth/sor_ws1/build/bme_ros2_simple_arm_moveit_config': AMENT_PREFIX_PATH=/home/siddharth/sor_ws1/install/bme_ros2_simple_arm:${AMENT_PREFIX_PATH} CMAKE_PREFIX_PATH=/home/siddharth/sor_ws1/install/bme_ros2_simple_arm:/home/siddharth/ros2_ws/install/bme_gazebo_basics:/opt/ros/jazzy/opt/gz_sim_vendor:/opt/ros/jazzy/opt/gz_sensors_vendor:/opt/ros/jazzy/opt/gz_physics_vendor:/opt/ros/jazzy/opt/sdformat_vendor:/opt/ros/jazzy/opt/gz_gui_vendor:/opt/ros/jazzy/opt/gz_transport_vendor:/opt/ros/jazzy/opt/gz_rendering_vendor:/opt/ros/jazzy/opt/gz_plugin_vendor:/opt/ros/jazzy/opt/gz_fuel_tools_vendor:/opt/ros/jazzy/opt/gz_msgs_vendor:/opt/ros/jazzy/opt/gz_common_vendor:/opt/ros/jazzy/opt/gz_math_vendor:/opt/ros/jazzy/opt/gz_utils_vendor:/opt/ros/jazzy/opt/gz_tools_vendor:/opt/ros/jazzy/opt/gz_ogre_next_vendor:/opt/ros/jazzy/opt/gz_dartsim_vendor:/opt/ros/jazzy/opt/gz_cmake_vendor:/opt/ros/jazzy DEBUGINFOD_URLS=https://debuginfod.ubuntu.com /usr/bin/cmake --build /home/siddharth/sor_ws1/build/bme_ros2_simple_arm_moveit_config -- -j8 -l8
[0.185s] Invoked command in '/home/siddharth/sor_ws1/build/bme_ros2_simple_arm_moveit_config' returned '0': AMENT_PREFIX_PATH=/home/siddharth/sor_ws1/install/bme_ros2_simple_arm:${AMENT_PREFIX_PATH} CMAKE_PREFIX_PATH=/home/siddharth/sor_ws1/install/bme_ros2_simple_arm:/home/siddharth/ros2_ws/install/bme_gazebo_basics:/opt/ros/jazzy/opt/gz_sim_vendor:/opt/ros/jazzy/opt/gz_sensors_vendor:/opt/ros/jazzy/opt/gz_physics_vendor:/opt/ros/jazzy/opt/sdformat_vendor:/opt/ros/jazzy/opt/gz_gui_vendor:/opt/ros/jazzy/opt/gz_transport_vendor:/opt/ros/jazzy/opt/gz_rendering_vendor:/opt/ros/jazzy/opt/gz_plugin_vendor:/opt/ros/jazzy/opt/gz_fuel_tools_vendor:/opt/ros/jazzy/opt/gz_msgs_vendor:/opt/ros/jazzy/opt/gz_common_vendor:/opt/ros/jazzy/opt/gz_math_vendor:/opt/ros/jazzy/opt/gz_utils_vendor:/opt/ros/jazzy/opt/gz_tools_vendor:/opt/ros/jazzy/opt/gz_ogre_next_vendor:/opt/ros/jazzy/opt/gz_dartsim_vendor:/opt/ros/jazzy/opt/gz_cmake_vendor:/opt/ros/jazzy DEBUGINFOD_URLS=https://debuginfod.ubuntu.com /usr/bin/cmake --build /home/siddharth/sor_ws1/build/bme_ros2_simple_arm_moveit_config -- -j8 -l8
[0.188s] Invoking command in '/home/siddharth/sor_ws1/build/bme_ros2_simple_arm_moveit_config': AMENT_PREFIX_PATH=/home/siddharth/sor_ws1/install/bme_ros2_simple_arm:${AMENT_PREFIX_PATH} CMAKE_PREFIX_PATH=/home/siddharth/sor_ws1/install/bme_ros2_simple_arm:/home/siddharth/ros2_ws/install/bme_gazebo_basics:/opt/ros/jazzy/opt/gz_sim_vendor:/opt/ros/jazzy/opt/gz_sensors_vendor:/opt/ros/jazzy/opt/gz_physics_vendor:/opt/ros/jazzy/opt/sdformat_vendor:/opt/ros/jazzy/opt/gz_gui_vendor:/opt/ros/jazzy/opt/gz_transport_vendor:/opt/ros/jazzy/opt/gz_rendering_vendor:/opt/ros/jazzy/opt/gz_plugin_vendor:/opt/ros/jazzy/opt/gz_fuel_tools_vendor:/opt/ros/jazzy/opt/gz_msgs_vendor:/opt/ros/jazzy/opt/gz_common_vendor:/opt/ros/jazzy/opt/gz_math_vendor:/opt/ros/jazzy/opt/gz_utils_vendor:/opt/ros/jazzy/opt/gz_tools_vendor:/opt/ros/jazzy/opt/gz_ogre_next_vendor:/opt/ros/jazzy/opt/gz_dartsim_vendor:/opt/ros/jazzy/opt/gz_cmake_vendor:/opt/ros/jazzy DEBUGINFOD_URLS=https://debuginfod.ubuntu.com /usr/bin/cmake --install /home/siddharth/sor_ws1/build/bme_ros2_simple_arm_moveit_config
[0.209s] -- Install configuration: ""
[0.210s] -- Up-to-date: /home/siddharth/sor_ws1/install/bme_ros2_simple_arm_moveit_config/share/ament_index/resource_index/package_run_dependencies/bme_ros2_simple_arm_moveit_config
[0.210s] -- Up-to-date: /home/siddharth/sor_ws1/install/bme_ros2_simple_arm_moveit_config/share/ament_index/resource_index/parent_prefix_path/bme_ros2_simple_arm_moveit_config
[0.210s] -- Up-to-date: /home/siddharth/sor_ws1/install/bme_ros2_simple_arm_moveit_config/share/bme_ros2_simple_arm_moveit_config/environment/ament_prefix_path.sh
[0.211s] -- Up-to-date: /home/siddharth/sor_ws1/install/bme_ros2_simple_arm_moveit_config/share/bme_ros2_simple_arm_moveit_config/environment/ament_prefix_path.dsv
[0.211s] -- Up-to-date: /home/siddharth/sor_ws1/install/bme_ros2_simple_arm_moveit_config/share/bme_ros2_simple_arm_moveit_config/environment/path.sh
[0.211s] -- Up-to-date: /home/siddharth/sor_ws1/install/bme_ros2_simple_arm_moveit_config/share/bme_ros2_simple_arm_moveit_config/environment/path.dsv
[0.212s] -- Up-to-date: /home/siddharth/sor_ws1/install/bme_ros2_simple_arm_moveit_config/share/bme_ros2_simple_arm_moveit_config/local_setup.bash
[0.212s] -- Up-to-date: /home/siddharth/sor_ws1/install/bme_ros2_simple_arm_moveit_config/share/bme_ros2_simple_arm_moveit_config/local_setup.sh
[0.212s] -- Up-to-date: /home/siddharth/sor_ws1/install/bme_ros2_simple_arm_moveit_config/share/bme_ros2_simple_arm_moveit_config/local_setup.zsh
[0.212s] -- Up-to-date: /home/siddharth/sor_ws1/install/bme_ros2_simple_arm_moveit_config/share/bme_ros2_simple_arm_moveit_config/local_setup.dsv
[0.213s] -- Installing: /home/siddharth/sor_ws1/install/bme_ros2_simple_arm_moveit_config/share/bme_ros2_simple_arm_moveit_config/package.dsv
[0.213s] -- Up-to-date: /home/siddharth/sor_ws1/install/bme_ros2_simple_arm_moveit_config/share/ament_index/resource_index/packages/bme_ros2_simple_arm_moveit_config
[0.213s] -- Up-to-date: /home/siddharth/sor_ws1/install/bme_ros2_simple_arm_moveit_config/share/bme_ros2_simple_arm_moveit_config/cmake/bme_ros2_simple_arm_moveit_configConfig.cmake
[0.213s] -- Up-to-date: /home/siddharth/sor_ws1/install/bme_ros2_simple_arm_moveit_config/share/bme_ros2_simple_arm_moveit_config/cmake/bme_ros2_simple_arm_moveit_configConfig-version.cmake
[0.213s] -- Up-to-date: /home/siddharth/sor_ws1/install/bme_ros2_simple_arm_moveit_config/share/bme_ros2_simple_arm_moveit_config/package.xml
[0.213s] -- Up-to-date: /home/siddharth/sor_ws1/install/bme_ros2_simple_arm_moveit_config/share/bme_ros2_simple_arm_moveit_config/launch
[0.214s] -- Up-to-date: /home/siddharth/sor_ws1/install/bme_ros2_simple_arm_moveit_config/share/bme_ros2_simple_arm_moveit_config/launch/move_group.launch.py
[0.214s] -- Up-to-date: /home/siddharth/sor_ws1/install/bme_ros2_simple_arm_moveit_config/share/bme_ros2_simple_arm_moveit_config/launch/rsp.launch.py
[0.214s] -- Up-to-date: /home/siddharth/sor_ws1/install/bme_ros2_simple_arm_moveit_config/share/bme_ros2_simple_arm_moveit_config/launch/spawn_controllers.launch.py
[0.214s] -- Up-to-date: /home/siddharth/sor_ws1/install/bme_ros2_simple_arm_moveit_config/share/bme_ros2_simple_arm_moveit_config/launch/setup_assistant.launch.py
[0.216s] -- Up-to-date: /home/siddharth/sor_ws1/install/bme_ros2_simple_arm_moveit_config/share/bme_ros2_simple_arm_moveit_config/launch/demo.launch.py
[0.216s] -- Up-to-date: /home/siddharth/sor_ws1/install/bme_ros2_simple_arm_moveit_config/share/bme_ros2_simple_arm_moveit_config/launch/static_virtual_joint_tfs.launch.py
[0.217s] -- Up-to-date: /home/siddharth/sor_ws1/install/bme_ros2_simple_arm_moveit_config/share/bme_ros2_simple_arm_moveit_config/launch/warehouse_db.launch.py
[0.217s] -- Up-to-date: /home/siddharth/sor_ws1/install/bme_ros2_simple_arm_moveit_config/share/bme_ros2_simple_arm_moveit_config/launch/moveit_rviz.launch.py
[0.218s] -- Up-to-date: /home/siddharth/sor_ws1/install/bme_ros2_simple_arm_moveit_config/share/bme_ros2_simple_arm_moveit_config/config
[0.218s] -- Up-to-date: /home/siddharth/sor_ws1/install/bme_ros2_simple_arm_moveit_config/share/bme_ros2_simple_arm_moveit_config/config/ros2_controllers.yaml
[0.218s] -- Up-to-date: /home/siddharth/sor_ws1/install/bme_ros2_simple_arm_moveit_config/share/bme_ros2_simple_arm_moveit_config/config/pilz_cartesian_limits.yaml
[0.219s] -- Up-to-date: /home/siddharth/sor_ws1/install/bme_ros2_simple_arm_moveit_config/share/bme_ros2_simple_arm_moveit_config/config/moveit_controllers.yaml
[0.219s] -- Up-to-date: /home/siddharth/sor_ws1/install/bme_ros2_simple_arm_moveit_config/share/bme_ros2_simple_arm_moveit_config/config/moveit.rviz
[0.220s] -- Up-to-date: /home/siddharth/sor_ws1/install/bme_ros2_simple_arm_moveit_config/share/bme_ros2_simple_arm_moveit_config/config/kinematics.yaml
[0.220s] -- Up-to-date: /home/siddharth/sor_ws1/install/bme_ros2_simple_arm_moveit_config/share/bme_ros2_simple_arm_moveit_config/config/mogi_arm.srdf
[0.220s] -- Up-to-date: /home/siddharth/sor_ws1/install/bme_ros2_simple_arm_moveit_config/share/bme_ros2_simple_arm_moveit_config/config/joint_limits.yaml
[0.222s] -- Up-to-date: /home/siddharth/sor_ws1/install/bme_ros2_simple_arm_moveit_config/share/bme_ros2_simple_arm_moveit_config/.setup_assistant
[0.222s] Invoked command in '/home/siddharth/sor_ws1/build/bme_ros2_simple_arm_moveit_config' returned '0': AMENT_PREFIX_PATH=/home/siddharth/sor_ws1/install/bme_ros2_simple_arm:${AMENT_PREFIX_PATH} CMAKE_PREFIX_PATH=/home/siddharth/sor_ws1/install/bme_ros2_simple_arm:/home/siddharth/ros2_ws/install/bme_gazebo_basics:/opt/ros/jazzy/opt/gz_sim_vendor:/opt/ros/jazzy/opt/gz_sensors_vendor:/opt/ros/jazzy/opt/gz_physics_vendor:/opt/ros/jazzy/opt/sdformat_vendor:/opt/ros/jazzy/opt/gz_gui_vendor:/opt/ros/jazzy/opt/gz_transport_vendor:/opt/ros/jazzy/opt/gz_rendering_vendor:/opt/ros/jazzy/opt/gz_plugin_vendor:/opt/ros/jazzy/opt/gz_fuel_tools_vendor:/opt/ros/jazzy/opt/gz_msgs_vendor:/opt/ros/jazzy/opt/gz_common_vendor:/opt/ros/jazzy/opt/gz_math_vendor:/opt/ros/jazzy/opt/gz_utils_vendor:/opt/ros/jazzy/opt/gz_tools_vendor:/opt/ros/jazzy/opt/gz_ogre_next_vendor:/opt/ros/jazzy/opt/gz_dartsim_vendor:/opt/ros/jazzy/opt/gz_cmake_vendor:/opt/ros/jazzy DEBUGINFOD_URLS=https://debuginfod.ubuntu.com /usr/bin/cmake --install /home/siddharth/sor_ws1/build/bme_ros2_simple_arm_moveit_config
